ARM GAS  C:\Users\xiaofei\AppData\Local\Temp\ccKJz8Ma.s 			page 1


   1              		.syntax unified
   2              		.cpu cortex-m7
   3              		.eabi_attribute 28, 1
   4              		.fpu fpv5-d16
   5              		.eabi_attribute 20, 1
   6              		.eabi_attribute 21, 1
   7              		.eabi_attribute 23, 3
   8              		.eabi_attribute 24, 1
   9              		.eabi_attribute 25, 1
  10              		.eabi_attribute 26, 1
  11              		.eabi_attribute 30, 1
  12              		.eabi_attribute 34, 1
  13              		.eabi_attribute 18, 4
  14              		.thumb
  15              		.syntax unified
  16              		.file	"cmsis_os.c"
  17              		.section	.text.makeFreeRtosPriority,"ax",%progbits
  18              		.align	2
  19              		.thumb
  20              		.thumb_func
  22              	makeFreeRtosPriority:
  23              		@ args = 0, pretend = 0, frame = 0
  24              		@ frame_needed = 0, uses_anonymous_args = 0
  25              		@ link register save eliminated.
  26 0000 8428     		cmp	r0, #132
  27 0002 01D0     		beq	.L3
  28 0004 0330     		adds	r0, r0, #3
  29 0006 7047     		bx	lr
  30              	.L3:
  31 0008 0020     		movs	r0, #0
  32 000a 7047     		bx	lr
  34              		.section	.text.makeCmsisPriority,"ax",%progbits
  35              		.align	2
  36              		.thumb
  37              		.thumb_func
  39              	makeCmsisPriority:
  40              		@ args = 0, pretend = 0, frame = 0
  41              		@ frame_needed = 0, uses_anonymous_args = 0
  42              		@ link register save eliminated.
  43 0000 0628     		cmp	r0, #6
  44 0002 02D8     		bhi	.L6
  45 0004 0338     		subs	r0, r0, #3
  46 0006 00B2     		sxth	r0, r0
  47 0008 7047     		bx	lr
  48              	.L6:
  49 000a 8420     		movs	r0, #132
  50 000c 7047     		bx	lr
  52 000e 00BF     		.section	.text.inHandlerMode,"ax",%progbits
  53              		.align	2
  54              		.thumb
  55              		.thumb_func
  57              	inHandlerMode:
  58              		@ args = 0, pretend = 0, frame = 0
  59              		@ frame_needed = 0, uses_anonymous_args = 0
  60              		@ link register save eliminated.
  61              		.syntax unified
  62              	@ 209 "Drivers/CMSIS/Include/cmsis_gcc.h" 1
ARM GAS  C:\Users\xiaofei\AppData\Local\Temp\ccKJz8Ma.s 			page 2


  63 0000 EFF30580 		MRS r0, ipsr
  64              	@ 0 "" 2
  65              		.thumb
  66              		.syntax unified
  67 0004 0030     		adds	r0, r0, #0
  68 0006 18BF     		it	ne
  69 0008 0120     		movne	r0, #1
  70 000a 7047     		bx	lr
  72              		.section	.text.osKernelStart,"ax",%progbits
  73              		.align	2
  74              		.global	osKernelStart
  75              		.thumb
  76              		.thumb_func
  78              	osKernelStart:
  79              		@ args = 0, pretend = 0, frame = 0
  80              		@ frame_needed = 0, uses_anonymous_args = 0
  81 0000 08B5     		push	{r3, lr}
  82 0002 FFF7FEFF 		bl	vTaskStartScheduler
  83 0006 0020     		movs	r0, #0
  84 0008 08BD     		pop	{r3, pc}
  86 000a 00BF     		.section	.text.osKernelRunning,"ax",%progbits
  87              		.align	2
  88              		.global	osKernelRunning
  89              		.thumb
  90              		.thumb_func
  92              	osKernelRunning:
  93              		@ args = 0, pretend = 0, frame = 0
  94              		@ frame_needed = 0, uses_anonymous_args = 0
  95 0000 08B5     		push	{r3, lr}
  96 0002 FFF7FEFF 		bl	xTaskGetSchedulerState
  97 0006 0128     		cmp	r0, #1
  98 0008 01D1     		bne	.L12
  99 000a 0020     		movs	r0, #0
 100 000c 08BD     		pop	{r3, pc}
 101              	.L12:
 102 000e 0120     		movs	r0, #1
 103 0010 08BD     		pop	{r3, pc}
 105 0012 00BF     		.section	.text.osKernelSysTick,"ax",%progbits
 106              		.align	2
 107              		.global	osKernelSysTick
 108              		.thumb
 109              		.thumb_func
 111              	osKernelSysTick:
 112              		@ args = 0, pretend = 0, frame = 0
 113              		@ frame_needed = 0, uses_anonymous_args = 0
 114 0000 08B5     		push	{r3, lr}
 115 0002 FFF7FEFF 		bl	inHandlerMode
 116 0006 10B1     		cbz	r0, .L15
 117 0008 FFF7FEFF 		bl	xTaskGetTickCountFromISR
 118 000c 08BD     		pop	{r3, pc}
 119              	.L15:
 120 000e FFF7FEFF 		bl	xTaskGetTickCount
 121 0012 08BD     		pop	{r3, pc}
 123              		.section	.text.osThreadCreate,"ax",%progbits
 124              		.align	2
 125              		.global	osThreadCreate
 126              		.thumb
ARM GAS  C:\Users\xiaofei\AppData\Local\Temp\ccKJz8Ma.s 			page 3


 127              		.thumb_func
 129              	osThreadCreate:
 130              		@ args = 0, pretend = 0, frame = 8
 131              		@ frame_needed = 0, uses_anonymous_args = 0
 132 0000 2DE9F043 		push	{r4, r5, r6, r7, r8, r9, lr}
 133 0004 87B0     		sub	sp, sp, #28
 134 0006 0446     		mov	r4, r0
 135 0008 0F46     		mov	r7, r1
 136 000a 4569     		ldr	r5, [r0, #20]
 137 000c A5B1     		cbz	r5, .L19
 138 000e 8669     		ldr	r6, [r0, #24]
 139 0010 96B1     		cbz	r6, .L19
 140 0012 D0F80480 		ldr	r8, [r0, #4]
 141 0016 D0F80090 		ldr	r9, [r0]
 142 001a B0F90800 		ldrsh	r0, [r0, #8]
 143 001e FFF7FEFF 		bl	makeFreeRtosPriority
 144 0022 2269     		ldr	r2, [r4, #16]
 145 0024 0296     		str	r6, [sp, #8]
 146 0026 0195     		str	r5, [sp, #4]
 147 0028 0090     		str	r0, [sp]
 148 002a 3B46     		mov	r3, r7
 149 002c 4946     		mov	r1, r9
 150 002e 4046     		mov	r0, r8
 151 0030 FFF7FEFF 		bl	xTaskCreateStatic
 152 0034 0590     		str	r0, [sp, #20]
 153 0036 13E0     		b	.L20
 154              	.L19:
 155 0038 6568     		ldr	r5, [r4, #4]
 156 003a 2668     		ldr	r6, [r4]
 157 003c D4F81080 		ldr	r8, [r4, #16]
 158 0040 B4F90800 		ldrsh	r0, [r4, #8]
 159 0044 FFF7FEFF 		bl	makeFreeRtosPriority
 160 0048 05AB     		add	r3, sp, #20
 161 004a 0193     		str	r3, [sp, #4]
 162 004c 0090     		str	r0, [sp]
 163 004e 3B46     		mov	r3, r7
 164 0050 1FFA88F2 		uxth	r2, r8
 165 0054 3146     		mov	r1, r6
 166 0056 2846     		mov	r0, r5
 167 0058 FFF7FEFF 		bl	xTaskCreate
 168 005c 0128     		cmp	r0, #1
 169 005e 01D1     		bne	.L22
 170              	.L20:
 171 0060 0598     		ldr	r0, [sp, #20]
 172 0062 00E0     		b	.L21
 173              	.L22:
 174 0064 0020     		movs	r0, #0
 175              	.L21:
 176 0066 07B0     		add	sp, sp, #28
 177              		@ sp needed
 178 0068 BDE8F083 		pop	{r4, r5, r6, r7, r8, r9, pc}
 180              		.section	.text.osThreadGetId,"ax",%progbits
 181              		.align	2
 182              		.global	osThreadGetId
 183              		.thumb
 184              		.thumb_func
 186              	osThreadGetId:
ARM GAS  C:\Users\xiaofei\AppData\Local\Temp\ccKJz8Ma.s 			page 4


 187              		@ args = 0, pretend = 0, frame = 0
 188              		@ frame_needed = 0, uses_anonymous_args = 0
 189 0000 08B5     		push	{r3, lr}
 190 0002 FFF7FEFF 		bl	xTaskGetCurrentTaskHandle
 191 0006 08BD     		pop	{r3, pc}
 193              		.section	.text.osThreadTerminate,"ax",%progbits
 194              		.align	2
 195              		.global	osThreadTerminate
 196              		.thumb
 197              		.thumb_func
 199              	osThreadTerminate:
 200              		@ args = 0, pretend = 0, frame = 0
 201              		@ frame_needed = 0, uses_anonymous_args = 0
 202 0000 08B5     		push	{r3, lr}
 203 0002 FFF7FEFF 		bl	vTaskDelete
 204 0006 0020     		movs	r0, #0
 205 0008 08BD     		pop	{r3, pc}
 207 000a 00BF     		.section	.text.osThreadYield,"ax",%progbits
 208              		.align	2
 209              		.global	osThreadYield
 210              		.thumb
 211              		.thumb_func
 213              	osThreadYield:
 214              		@ args = 0, pretend = 0, frame = 0
 215              		@ frame_needed = 0, uses_anonymous_args = 0
 216              		@ link register save eliminated.
 217 0000 4FF08052 		mov	r2, #268435456
 218 0004 034B     		ldr	r3, .L29
 219 0006 1A60     		str	r2, [r3]
 220              		.syntax unified
 221              	@ 272 "Middlewares/Third_Party/FreeRTOS/Source/CMSIS_RTOS/cmsis_os.c" 1
 222 0008 BFF34F8F 		dsb
 223              	@ 0 "" 2
 224              	@ 272 "Middlewares/Third_Party/FreeRTOS/Source/CMSIS_RTOS/cmsis_os.c" 1
 225 000c BFF36F8F 		isb
 226              	@ 0 "" 2
 227              		.thumb
 228              		.syntax unified
 229 0010 0020     		movs	r0, #0
 230 0012 7047     		bx	lr
 231              	.L30:
 232              		.align	2
 233              	.L29:
 234 0014 04ED00E0 		.word	-536810236
 236              		.section	.text.osThreadSetPriority,"ax",%progbits
 237              		.align	2
 238              		.global	osThreadSetPriority
 239              		.thumb
 240              		.thumb_func
 242              	osThreadSetPriority:
 243              		@ args = 0, pretend = 0, frame = 0
 244              		@ frame_needed = 0, uses_anonymous_args = 0
 245 0000 10B5     		push	{r4, lr}
 246 0002 0446     		mov	r4, r0
 247 0004 0846     		mov	r0, r1
 248 0006 FFF7FEFF 		bl	makeFreeRtosPriority
 249 000a 0146     		mov	r1, r0
ARM GAS  C:\Users\xiaofei\AppData\Local\Temp\ccKJz8Ma.s 			page 5


 250 000c 2046     		mov	r0, r4
 251 000e FFF7FEFF 		bl	vTaskPrioritySet
 252 0012 0020     		movs	r0, #0
 253 0014 10BD     		pop	{r4, pc}
 255 0016 00BF     		.section	.text.osThreadGetPriority,"ax",%progbits
 256              		.align	2
 257              		.global	osThreadGetPriority
 258              		.thumb
 259              		.thumb_func
 261              	osThreadGetPriority:
 262              		@ args = 0, pretend = 0, frame = 0
 263              		@ frame_needed = 0, uses_anonymous_args = 0
 264 0000 10B5     		push	{r4, lr}
 265 0002 0446     		mov	r4, r0
 266 0004 FFF7FEFF 		bl	inHandlerMode
 267 0008 28B1     		cbz	r0, .L34
 268 000a 2046     		mov	r0, r4
 269 000c FFF7FEFF 		bl	uxTaskPriorityGetFromISR
 270 0010 FFF7FEFF 		bl	makeCmsisPriority
 271 0014 10BD     		pop	{r4, pc}
 272              	.L34:
 273 0016 2046     		mov	r0, r4
 274 0018 FFF7FEFF 		bl	uxTaskPriorityGet
 275 001c FFF7FEFF 		bl	makeCmsisPriority
 276 0020 10BD     		pop	{r4, pc}
 278 0022 00BF     		.section	.text.osDelay,"ax",%progbits
 279              		.align	2
 280              		.global	osDelay
 281              		.thumb
 282              		.thumb_func
 284              	osDelay:
 285              		@ args = 0, pretend = 0, frame = 0
 286              		@ frame_needed = 0, uses_anonymous_args = 0
 287 0000 08B5     		push	{r3, lr}
 288 0002 08B9     		cbnz	r0, .L39
 289 0004 0120     		movs	r0, #1
 290 0006 FFE7     		b	.L38
 291              	.L39:
 292              	.L38:
 293 0008 FFF7FEFF 		bl	vTaskDelay
 294 000c 0020     		movs	r0, #0
 295 000e 08BD     		pop	{r3, pc}
 297              		.section	.text.osTimerCreate,"ax",%progbits
 298              		.align	2
 299              		.global	osTimerCreate
 300              		.thumb
 301              		.thumb_func
 303              	osTimerCreate:
 304              		@ args = 0, pretend = 0, frame = 0
 305              		@ frame_needed = 0, uses_anonymous_args = 0
 306              		@ link register save eliminated.
 307 0000 0020     		movs	r0, #0
 308 0002 7047     		bx	lr
 310              		.section	.text.osTimerStart,"ax",%progbits
 311              		.align	2
 312              		.global	osTimerStart
 313              		.thumb
ARM GAS  C:\Users\xiaofei\AppData\Local\Temp\ccKJz8Ma.s 			page 6


 314              		.thumb_func
 316              	osTimerStart:
 317              		@ args = 0, pretend = 0, frame = 0
 318              		@ frame_needed = 0, uses_anonymous_args = 0
 319              		@ link register save eliminated.
 320 0000 FF20     		movs	r0, #255
 321 0002 7047     		bx	lr
 323              		.section	.text.osTimerStop,"ax",%progbits
 324              		.align	2
 325              		.global	osTimerStop
 326              		.thumb
 327              		.thumb_func
 329              	osTimerStop:
 330              		@ args = 0, pretend = 0, frame = 0
 331              		@ frame_needed = 0, uses_anonymous_args = 0
 332              		@ link register save eliminated.
 333 0000 FF20     		movs	r0, #255
 334 0002 7047     		bx	lr
 336              		.section	.text.osTimerDelete,"ax",%progbits
 337              		.align	2
 338              		.global	osTimerDelete
 339              		.thumb
 340              		.thumb_func
 342              	osTimerDelete:
 343              		@ args = 0, pretend = 0, frame = 0
 344              		@ frame_needed = 0, uses_anonymous_args = 0
 345              		@ link register save eliminated.
 346 0000 FF20     		movs	r0, #255
 347 0002 7047     		bx	lr
 349              		.section	.text.osSignalSet,"ax",%progbits
 350              		.align	2
 351              		.global	osSignalSet
 352              		.thumb
 353              		.thumb_func
 355              	osSignalSet:
 356              		@ args = 0, pretend = 0, frame = 8
 357              		@ frame_needed = 0, uses_anonymous_args = 0
 358 0000 30B5     		push	{r4, r5, lr}
 359 0002 85B0     		sub	sp, sp, #20
 360 0004 0446     		mov	r4, r0
 361 0006 0D46     		mov	r5, r1
 362 0008 0023     		movs	r3, #0
 363 000a 0393     		str	r3, [sp, #12]
 364 000c 0293     		str	r3, [sp, #8]
 365 000e FFF7FEFF 		bl	inHandlerMode
 366 0012 A0B1     		cbz	r0, .L46
 367 0014 03AB     		add	r3, sp, #12
 368 0016 0093     		str	r3, [sp]
 369 0018 02AB     		add	r3, sp, #8
 370 001a 0122     		movs	r2, #1
 371 001c 2946     		mov	r1, r5
 372 001e 2046     		mov	r0, r4
 373 0020 FFF7FEFF 		bl	xTaskGenericNotifyFromISR
 374 0024 0128     		cmp	r0, #1
 375 0026 14D1     		bne	.L49
 376 0028 039B     		ldr	r3, [sp, #12]
 377 002a 83B1     		cbz	r3, .L48
ARM GAS  C:\Users\xiaofei\AppData\Local\Temp\ccKJz8Ma.s 			page 7


 378 002c 4FF08052 		mov	r2, #268435456
 379 0030 0B4B     		ldr	r3, .L52
 380 0032 1A60     		str	r2, [r3]
 381              		.syntax unified
 382              	@ 513 "Middlewares/Third_Party/FreeRTOS/Source/CMSIS_RTOS/cmsis_os.c" 1
 383 0034 BFF34F8F 		dsb
 384              	@ 0 "" 2
 385              	@ 513 "Middlewares/Third_Party/FreeRTOS/Source/CMSIS_RTOS/cmsis_os.c" 1
 386 0038 BFF36F8F 		isb
 387              	@ 0 "" 2
 388              		.thumb
 389              		.syntax unified
 390 003c 07E0     		b	.L48
 391              	.L46:
 392 003e 02AB     		add	r3, sp, #8
 393 0040 0122     		movs	r2, #1
 394 0042 2946     		mov	r1, r5
 395 0044 2046     		mov	r0, r4
 396 0046 FFF7FEFF 		bl	xTaskGenericNotify
 397 004a 0128     		cmp	r0, #1
 398 004c 04D1     		bne	.L50
 399              	.L48:
 400 004e 0298     		ldr	r0, [sp, #8]
 401 0050 04E0     		b	.L47
 402              	.L49:
 403 0052 4FF00040 		mov	r0, #-2147483648
 404 0056 01E0     		b	.L47
 405              	.L50:
 406 0058 4FF00040 		mov	r0, #-2147483648
 407              	.L47:
 408 005c 05B0     		add	sp, sp, #20
 409              		@ sp needed
 410 005e 30BD     		pop	{r4, r5, pc}
 411              	.L53:
 412              		.align	2
 413              	.L52:
 414 0060 04ED00E0 		.word	-536810236
 416              		.section	.text.osSignalWait,"ax",%progbits
 417              		.align	2
 418              		.global	osSignalWait
 419              		.thumb
 420              		.thumb_func
 422              	osSignalWait:
 423              		@ args = 0, pretend = 0, frame = 16
 424              		@ frame_needed = 0, uses_anonymous_args = 0
 425 0000 70B5     		push	{r4, r5, r6, lr}
 426 0002 84B0     		sub	sp, sp, #16
 427 0004 0446     		mov	r4, r0
 428 0006 0E46     		mov	r6, r1
 429 0008 1546     		mov	r5, r2
 430 000a 0023     		movs	r3, #0
 431 000c 0293     		str	r3, [sp, #8]
 432 000e B2F1FF3F 		cmp	r2, #-1
 433 0012 02D0     		beq	.L55
 434 0014 0AB1     		cbz	r2, .L55
 435 0016 02B9     		cbnz	r2, .L55
 436 0018 0125     		movs	r5, #1
ARM GAS  C:\Users\xiaofei\AppData\Local\Temp\ccKJz8Ma.s 			page 8


 437              	.L55:
 438 001a FFF7FEFF 		bl	inHandlerMode
 439 001e 10B1     		cbz	r0, .L56
 440 0020 8223     		movs	r3, #130
 441 0022 0193     		str	r3, [sp, #4]
 442 0024 16E0     		b	.L57
 443              	.L56:
 444 0026 2B46     		mov	r3, r5
 445 0028 02AA     		add	r2, sp, #8
 446 002a 3146     		mov	r1, r6
 447 002c 0020     		movs	r0, #0
 448 002e FFF7FEFF 		bl	xTaskNotifyWait
 449 0032 0128     		cmp	r0, #1
 450 0034 06D0     		beq	.L58
 451 0036 15B9     		cbnz	r5, .L59
 452 0038 0023     		movs	r3, #0
 453 003a 0193     		str	r3, [sp, #4]
 454 003c 0AE0     		b	.L57
 455              	.L59:
 456 003e 4023     		movs	r3, #64
 457 0040 0193     		str	r3, [sp, #4]
 458 0042 07E0     		b	.L57
 459              	.L58:
 460 0044 029B     		ldr	r3, [sp, #8]
 461 0046 002B     		cmp	r3, #0
 462 0048 02DA     		bge	.L60
 463 004a 8623     		movs	r3, #134
 464 004c 0193     		str	r3, [sp, #4]
 465 004e 01E0     		b	.L57
 466              	.L60:
 467 0050 0823     		movs	r3, #8
 468 0052 0193     		str	r3, [sp, #4]
 469              	.L57:
 470 0054 04AB     		add	r3, sp, #16
 471 0056 13E90700 		ldmdb	r3, {r0, r1, r2}
 472 005a 84E80700 		stmia	r4, {r0, r1, r2}
 473 005e 2046     		mov	r0, r4
 474 0060 04B0     		add	sp, sp, #16
 475              		@ sp needed
 476 0062 70BD     		pop	{r4, r5, r6, pc}
 478              		.section	.text.osMutexCreate,"ax",%progbits
 479              		.align	2
 480              		.global	osMutexCreate
 481              		.thumb
 482              		.thumb_func
 484              	osMutexCreate:
 485              		@ args = 0, pretend = 0, frame = 0
 486              		@ frame_needed = 0, uses_anonymous_args = 0
 487 0000 08B5     		push	{r3, lr}
 488 0002 4168     		ldr	r1, [r0, #4]
 489 0004 19B1     		cbz	r1, .L64
 490 0006 0120     		movs	r0, #1
 491 0008 FFF7FEFF 		bl	xQueueCreateMutexStatic
 492 000c 08BD     		pop	{r3, pc}
 493              	.L64:
 494 000e 0120     		movs	r0, #1
 495 0010 FFF7FEFF 		bl	xQueueCreateMutex
ARM GAS  C:\Users\xiaofei\AppData\Local\Temp\ccKJz8Ma.s 			page 9


 496 0014 08BD     		pop	{r3, pc}
 498 0016 00BF     		.section	.text.osMutexWait,"ax",%progbits
 499              		.align	2
 500              		.global	osMutexWait
 501              		.thumb
 502              		.thumb_func
 504              	osMutexWait:
 505              		@ args = 0, pretend = 0, frame = 8
 506              		@ frame_needed = 0, uses_anonymous_args = 0
 507 0000 30B5     		push	{r4, r5, lr}
 508 0002 83B0     		sub	sp, sp, #12
 509 0004 0023     		movs	r3, #0
 510 0006 0193     		str	r3, [sp, #4]
 511 0008 28B3     		cbz	r0, .L71
 512 000a 0C46     		mov	r4, r1
 513 000c 0546     		mov	r5, r0
 514 000e B1F1FF3F 		cmp	r1, #-1
 515 0012 02D0     		beq	.L69
 516 0014 09B1     		cbz	r1, .L69
 517 0016 01B9     		cbnz	r1, .L69
 518 0018 0124     		movs	r4, #1
 519              	.L69:
 520 001a FFF7FEFF 		bl	inHandlerMode
 521 001e 90B1     		cbz	r0, .L70
 522 0020 01AA     		add	r2, sp, #4
 523 0022 0021     		movs	r1, #0
 524 0024 2846     		mov	r0, r5
 525 0026 FFF7FEFF 		bl	xQueueReceiveFromISR
 526 002a 0128     		cmp	r0, #1
 527 002c 15D1     		bne	.L73
 528 002e 019B     		ldr	r3, [sp, #4]
 529 0030 ABB1     		cbz	r3, .L74
 530 0032 4FF08052 		mov	r2, #268435456
 531 0036 0C4B     		ldr	r3, .L77
 532 0038 1A60     		str	r2, [r3]
 533              		.syntax unified
 534              	@ 651 "Middlewares/Third_Party/FreeRTOS/Source/CMSIS_RTOS/cmsis_os.c" 1
 535 003a BFF34F8F 		dsb
 536              	@ 0 "" 2
 537              	@ 651 "Middlewares/Third_Party/FreeRTOS/Source/CMSIS_RTOS/cmsis_os.c" 1
 538 003e BFF36F8F 		isb
 539              	@ 0 "" 2
 540              		.thumb
 541              		.syntax unified
 542 0042 0020     		movs	r0, #0
 543 0044 0EE0     		b	.L68
 544              	.L70:
 545 0046 2146     		mov	r1, r4
 546 0048 2846     		mov	r0, r5
 547 004a FFF7FEFF 		bl	xQueueSemaphoreTake
 548 004e 0128     		cmp	r0, #1
 549 0050 07D0     		beq	.L75
 550 0052 FF20     		movs	r0, #255
 551 0054 06E0     		b	.L68
 552              	.L71:
 553 0056 8020     		movs	r0, #128
 554 0058 04E0     		b	.L68
ARM GAS  C:\Users\xiaofei\AppData\Local\Temp\ccKJz8Ma.s 			page 10


 555              	.L73:
 556 005a FF20     		movs	r0, #255
 557 005c 02E0     		b	.L68
 558              	.L74:
 559 005e 0020     		movs	r0, #0
 560 0060 00E0     		b	.L68
 561              	.L75:
 562 0062 0020     		movs	r0, #0
 563              	.L68:
 564 0064 03B0     		add	sp, sp, #12
 565              		@ sp needed
 566 0066 30BD     		pop	{r4, r5, pc}
 567              	.L78:
 568              		.align	2
 569              	.L77:
 570 0068 04ED00E0 		.word	-536810236
 572              		.section	.text.osMutexRelease,"ax",%progbits
 573              		.align	2
 574              		.global	osMutexRelease
 575              		.thumb
 576              		.thumb_func
 578              	osMutexRelease:
 579              		@ args = 0, pretend = 0, frame = 8
 580              		@ frame_needed = 0, uses_anonymous_args = 0
 581 0000 10B5     		push	{r4, lr}
 582 0002 82B0     		sub	sp, sp, #8
 583 0004 0446     		mov	r4, r0
 584 0006 0023     		movs	r3, #0
 585 0008 0193     		str	r3, [sp, #4]
 586 000a FFF7FEFF 		bl	inHandlerMode
 587 000e 88B1     		cbz	r0, .L80
 588 0010 01A9     		add	r1, sp, #4
 589 0012 2046     		mov	r0, r4
 590 0014 FFF7FEFF 		bl	xQueueGiveFromISR
 591 0018 0128     		cmp	r0, #1
 592 001a 15D1     		bne	.L82
 593 001c 019B     		ldr	r3, [sp, #4]
 594 001e ABB1     		cbz	r3, .L83
 595 0020 4FF08052 		mov	r2, #268435456
 596 0024 0C4B     		ldr	r3, .L86
 597 0026 1A60     		str	r2, [r3]
 598              		.syntax unified
 599              	@ 675 "Middlewares/Third_Party/FreeRTOS/Source/CMSIS_RTOS/cmsis_os.c" 1
 600 0028 BFF34F8F 		dsb
 601              	@ 0 "" 2
 602              	@ 675 "Middlewares/Third_Party/FreeRTOS/Source/CMSIS_RTOS/cmsis_os.c" 1
 603 002c BFF36F8F 		isb
 604              	@ 0 "" 2
 605              		.thumb
 606              		.syntax unified
 607 0030 0020     		movs	r0, #0
 608 0032 0EE0     		b	.L81
 609              	.L80:
 610 0034 0023     		movs	r3, #0
 611 0036 1A46     		mov	r2, r3
 612 0038 1946     		mov	r1, r3
 613 003a 2046     		mov	r0, r4
ARM GAS  C:\Users\xiaofei\AppData\Local\Temp\ccKJz8Ma.s 			page 11


 614 003c FFF7FEFF 		bl	xQueueGenericSend
 615 0040 0128     		cmp	r0, #1
 616 0042 05D1     		bne	.L84
 617 0044 0020     		movs	r0, #0
 618 0046 04E0     		b	.L81
 619              	.L82:
 620 0048 FF20     		movs	r0, #255
 621 004a 02E0     		b	.L81
 622              	.L83:
 623 004c 0020     		movs	r0, #0
 624 004e 00E0     		b	.L81
 625              	.L84:
 626 0050 FF20     		movs	r0, #255
 627              	.L81:
 628 0052 02B0     		add	sp, sp, #8
 629              		@ sp needed
 630 0054 10BD     		pop	{r4, pc}
 631              	.L87:
 632 0056 00BF     		.align	2
 633              	.L86:
 634 0058 04ED00E0 		.word	-536810236
 636              		.section	.text.osMutexDelete,"ax",%progbits
 637              		.align	2
 638              		.global	osMutexDelete
 639              		.thumb
 640              		.thumb_func
 642              	osMutexDelete:
 643              		@ args = 0, pretend = 0, frame = 0
 644              		@ frame_needed = 0, uses_anonymous_args = 0
 645 0000 10B5     		push	{r4, lr}
 646 0002 0446     		mov	r4, r0
 647 0004 FFF7FEFF 		bl	inHandlerMode
 648 0008 20B9     		cbnz	r0, .L90
 649 000a 2046     		mov	r0, r4
 650 000c FFF7FEFF 		bl	vQueueDelete
 651 0010 0020     		movs	r0, #0
 652 0012 10BD     		pop	{r4, pc}
 653              	.L90:
 654 0014 8220     		movs	r0, #130
 655 0016 10BD     		pop	{r4, pc}
 657              		.section	.text.osSemaphoreCreate,"ax",%progbits
 658              		.align	2
 659              		.global	osSemaphoreCreate
 660              		.thumb
 661              		.thumb_func
 663              	osSemaphoreCreate:
 664              		@ args = 0, pretend = 0, frame = 0
 665              		@ frame_needed = 0, uses_anonymous_args = 0
 666 0000 10B5     		push	{r4, lr}
 667 0002 82B0     		sub	sp, sp, #8
 668 0004 4368     		ldr	r3, [r0, #4]
 669 0006 4BB1     		cbz	r3, .L93
 670 0008 0129     		cmp	r1, #1
 671 000a 17D1     		bne	.L95
 672 000c 0322     		movs	r2, #3
 673 000e 0092     		str	r2, [sp]
 674 0010 0022     		movs	r2, #0
ARM GAS  C:\Users\xiaofei\AppData\Local\Temp\ccKJz8Ma.s 			page 12


 675 0012 1146     		mov	r1, r2
 676 0014 0120     		movs	r0, #1
 677 0016 FFF7FEFF 		bl	xQueueGenericCreateStatic
 678 001a 13E0     		b	.L94
 679              	.L93:
 680 001c 0129     		cmp	r1, #1
 681 001e 0FD1     		bne	.L96
 682 0020 0322     		movs	r2, #3
 683 0022 0021     		movs	r1, #0
 684 0024 0120     		movs	r0, #1
 685 0026 FFF7FEFF 		bl	xQueueGenericCreate
 686 002a 0446     		mov	r4, r0
 687 002c 50B1     		cbz	r0, .L97
 688 002e 0023     		movs	r3, #0
 689 0030 1A46     		mov	r2, r3
 690 0032 1946     		mov	r1, r3
 691 0034 FFF7FEFF 		bl	xQueueGenericSend
 692 0038 2046     		mov	r0, r4
 693 003a 03E0     		b	.L94
 694              	.L95:
 695 003c 0020     		movs	r0, #0
 696 003e 01E0     		b	.L94
 697              	.L96:
 698 0040 0020     		movs	r0, #0
 699 0042 FFE7     		b	.L94
 700              	.L97:
 701              	.L94:
 702 0044 02B0     		add	sp, sp, #8
 703              		@ sp needed
 704 0046 10BD     		pop	{r4, pc}
 706              		.section	.text.osSemaphoreWait,"ax",%progbits
 707              		.align	2
 708              		.global	osSemaphoreWait
 709              		.thumb
 710              		.thumb_func
 712              	osSemaphoreWait:
 713              		@ args = 0, pretend = 0, frame = 8
 714              		@ frame_needed = 0, uses_anonymous_args = 0
 715 0000 30B5     		push	{r4, r5, lr}
 716 0002 83B0     		sub	sp, sp, #12
 717 0004 0023     		movs	r3, #0
 718 0006 0193     		str	r3, [sp, #4]
 719 0008 28B3     		cbz	r0, .L103
 720 000a 0C46     		mov	r4, r1
 721 000c 0546     		mov	r5, r0
 722 000e B1F1FF3F 		cmp	r1, #-1
 723 0012 02D0     		beq	.L101
 724 0014 09B1     		cbz	r1, .L101
 725 0016 01B9     		cbnz	r1, .L101
 726 0018 0124     		movs	r4, #1
 727              	.L101:
 728 001a FFF7FEFF 		bl	inHandlerMode
 729 001e 90B1     		cbz	r0, .L102
 730 0020 01AA     		add	r2, sp, #4
 731 0022 0021     		movs	r1, #0
 732 0024 2846     		mov	r0, r5
 733 0026 FFF7FEFF 		bl	xQueueReceiveFromISR
ARM GAS  C:\Users\xiaofei\AppData\Local\Temp\ccKJz8Ma.s 			page 13


 734 002a 0128     		cmp	r0, #1
 735 002c 15D1     		bne	.L105
 736 002e 0198     		ldr	r0, [sp, #4]
 737 0030 B0B1     		cbz	r0, .L100
 738 0032 4FF08052 		mov	r2, #268435456
 739 0036 0B4B     		ldr	r3, .L108
 740 0038 1A60     		str	r2, [r3]
 741              		.syntax unified
 742              	@ 804 "Middlewares/Third_Party/FreeRTOS/Source/CMSIS_RTOS/cmsis_os.c" 1
 743 003a BFF34F8F 		dsb
 744              	@ 0 "" 2
 745              	@ 804 "Middlewares/Third_Party/FreeRTOS/Source/CMSIS_RTOS/cmsis_os.c" 1
 746 003e BFF36F8F 		isb
 747              	@ 0 "" 2
 748              		.thumb
 749              		.syntax unified
 750 0042 0020     		movs	r0, #0
 751 0044 0CE0     		b	.L100
 752              	.L102:
 753 0046 2146     		mov	r1, r4
 754 0048 2846     		mov	r0, r5
 755 004a FFF7FEFF 		bl	xQueueSemaphoreTake
 756 004e 0128     		cmp	r0, #1
 757 0050 05D0     		beq	.L106
 758 0052 FF20     		movs	r0, #255
 759 0054 04E0     		b	.L100
 760              	.L103:
 761 0056 8020     		movs	r0, #128
 762 0058 02E0     		b	.L100
 763              	.L105:
 764 005a FF20     		movs	r0, #255
 765 005c 00E0     		b	.L100
 766              	.L106:
 767 005e 0020     		movs	r0, #0
 768              	.L100:
 769 0060 03B0     		add	sp, sp, #12
 770              		@ sp needed
 771 0062 30BD     		pop	{r4, r5, pc}
 772              	.L109:
 773              		.align	2
 774              	.L108:
 775 0064 04ED00E0 		.word	-536810236
 777              		.section	.text.osSemaphoreRelease,"ax",%progbits
 778              		.align	2
 779              		.global	osSemaphoreRelease
 780              		.thumb
 781              		.thumb_func
 783              	osSemaphoreRelease:
 784              		@ args = 0, pretend = 0, frame = 8
 785              		@ frame_needed = 0, uses_anonymous_args = 0
 786 0000 10B5     		push	{r4, lr}
 787 0002 82B0     		sub	sp, sp, #8
 788 0004 0446     		mov	r4, r0
 789 0006 0023     		movs	r3, #0
 790 0008 0193     		str	r3, [sp, #4]
 791 000a FFF7FEFF 		bl	inHandlerMode
 792 000e 88B1     		cbz	r0, .L111
ARM GAS  C:\Users\xiaofei\AppData\Local\Temp\ccKJz8Ma.s 			page 14


 793 0010 01A9     		add	r1, sp, #4
 794 0012 2046     		mov	r0, r4
 795 0014 FFF7FEFF 		bl	xQueueGiveFromISR
 796 0018 0128     		cmp	r0, #1
 797 001a 15D1     		bne	.L113
 798 001c 019B     		ldr	r3, [sp, #4]
 799 001e ABB1     		cbz	r3, .L114
 800 0020 4FF08052 		mov	r2, #268435456
 801 0024 0C4B     		ldr	r3, .L117
 802 0026 1A60     		str	r2, [r3]
 803              		.syntax unified
 804              	@ 829 "Middlewares/Third_Party/FreeRTOS/Source/CMSIS_RTOS/cmsis_os.c" 1
 805 0028 BFF34F8F 		dsb
 806              	@ 0 "" 2
 807              	@ 829 "Middlewares/Third_Party/FreeRTOS/Source/CMSIS_RTOS/cmsis_os.c" 1
 808 002c BFF36F8F 		isb
 809              	@ 0 "" 2
 810              		.thumb
 811              		.syntax unified
 812 0030 0020     		movs	r0, #0
 813 0032 0EE0     		b	.L112
 814              	.L111:
 815 0034 0023     		movs	r3, #0
 816 0036 1A46     		mov	r2, r3
 817 0038 1946     		mov	r1, r3
 818 003a 2046     		mov	r0, r4
 819 003c FFF7FEFF 		bl	xQueueGenericSend
 820 0040 0128     		cmp	r0, #1
 821 0042 05D1     		bne	.L115
 822 0044 0020     		movs	r0, #0
 823 0046 04E0     		b	.L112
 824              	.L113:
 825 0048 FF20     		movs	r0, #255
 826 004a 02E0     		b	.L112
 827              	.L114:
 828 004c 0020     		movs	r0, #0
 829 004e 00E0     		b	.L112
 830              	.L115:
 831 0050 FF20     		movs	r0, #255
 832              	.L112:
 833 0052 02B0     		add	sp, sp, #8
 834              		@ sp needed
 835 0054 10BD     		pop	{r4, pc}
 836              	.L118:
 837 0056 00BF     		.align	2
 838              	.L117:
 839 0058 04ED00E0 		.word	-536810236
 841              		.section	.text.osSemaphoreDelete,"ax",%progbits
 842              		.align	2
 843              		.global	osSemaphoreDelete
 844              		.thumb
 845              		.thumb_func
 847              	osSemaphoreDelete:
 848              		@ args = 0, pretend = 0, frame = 0
 849              		@ frame_needed = 0, uses_anonymous_args = 0
 850 0000 10B5     		push	{r4, lr}
 851 0002 0446     		mov	r4, r0
ARM GAS  C:\Users\xiaofei\AppData\Local\Temp\ccKJz8Ma.s 			page 15


 852 0004 FFF7FEFF 		bl	inHandlerMode
 853 0008 20B9     		cbnz	r0, .L121
 854 000a 2046     		mov	r0, r4
 855 000c FFF7FEFF 		bl	vQueueDelete
 856 0010 0020     		movs	r0, #0
 857 0012 10BD     		pop	{r4, pc}
 858              	.L121:
 859 0014 8220     		movs	r0, #130
 860 0016 10BD     		pop	{r4, pc}
 862              		.section	.text.osPoolCreate,"ax",%progbits
 863              		.align	2
 864              		.global	osPoolCreate
 865              		.thumb
 866              		.thumb_func
 868              	osPoolCreate:
 869              		@ args = 0, pretend = 0, frame = 0
 870              		@ frame_needed = 0, uses_anonymous_args = 0
 871 0000 70B5     		push	{r4, r5, r6, lr}
 872 0002 0546     		mov	r5, r0
 873 0004 4668     		ldr	r6, [r0, #4]
 874 0006 1420     		movs	r0, #20
 875 0008 FFF7FEFF 		bl	pvPortMalloc
 876 000c 0446     		mov	r4, r0
 877 000e 50B3     		cbz	r0, .L124
 878 0010 0336     		adds	r6, r6, #3
 879 0012 26F00306 		bic	r6, r6, #3
 880 0016 2B68     		ldr	r3, [r5]
 881 0018 8360     		str	r3, [r0, #8]
 882 001a C660     		str	r6, [r0, #12]
 883 001c 0023     		movs	r3, #0
 884 001e 0361     		str	r3, [r0, #16]
 885 0020 2868     		ldr	r0, [r5]
 886 0022 FFF7FEFF 		bl	pvPortMalloc
 887 0026 6060     		str	r0, [r4, #4]
 888 0028 C8B1     		cbz	r0, .L125
 889 002a 2868     		ldr	r0, [r5]
 890 002c 00FB06F0 		mul	r0, r0, r6
 891 0030 FFF7FEFF 		bl	pvPortMalloc
 892 0034 2060     		str	r0, [r4]
 893 0036 28B9     		cbnz	r0, .L129
 894 0038 09E0     		b	.L130
 895              	.L128:
 896 003a 6268     		ldr	r2, [r4, #4]
 897 003c 0021     		movs	r1, #0
 898 003e D154     		strb	r1, [r2, r3]
 899 0040 0133     		adds	r3, r3, #1
 900 0042 00E0     		b	.L126
 901              	.L129:
 902 0044 0023     		movs	r3, #0
 903              	.L126:
 904 0046 2A68     		ldr	r2, [r5]
 905 0048 9342     		cmp	r3, r2
 906 004a F6D3     		bcc	.L128
 907 004c 0BE0     		b	.L124
 908              	.L130:
 909 004e 6068     		ldr	r0, [r4, #4]
 910 0050 FFF7FEFF 		bl	vPortFree
ARM GAS  C:\Users\xiaofei\AppData\Local\Temp\ccKJz8Ma.s 			page 16


 911 0054 2046     		mov	r0, r4
 912 0056 FFF7FEFF 		bl	vPortFree
 913 005a 0024     		movs	r4, #0
 914 005c 03E0     		b	.L124
 915              	.L125:
 916 005e 2046     		mov	r0, r4
 917 0060 FFF7FEFF 		bl	vPortFree
 918 0064 0024     		movs	r4, #0
 919              	.L124:
 920 0066 2046     		mov	r0, r4
 921 0068 70BD     		pop	{r4, r5, r6, pc}
 923 006a 00BF     		.section	.text.osPoolAlloc,"ax",%progbits
 924              		.align	2
 925              		.global	osPoolAlloc
 926              		.thumb
 927              		.thumb_func
 929              	osPoolAlloc:
 930              		@ args = 0, pretend = 0, frame = 0
 931              		@ frame_needed = 0, uses_anonymous_args = 0
 932 0000 70B5     		push	{r4, r5, r6, lr}
 933 0002 0446     		mov	r4, r0
 934 0004 FFF7FEFF 		bl	inHandlerMode
 935 0008 50B1     		cbz	r0, .L133
 936              		.syntax unified
 937              	@ 211 "Middlewares/Third_Party/FreeRTOS/Source/portable/GCC/ARM_CM4F/portmacro.h" 1
 938 000a EFF31185 			mrs r5, basepri											
 939 000e 4FF05003 		mov r3, #80												
 940 0012 83F31188 		msr basepri, r3											
 941 0016 BFF36F8F 		isb														
 942 001a BFF34F8F 		dsb														
 943              	
 944              	@ 0 "" 2
 945              		.thumb
 946              		.syntax unified
 947 001e 02E0     		b	.L134
 948              	.L133:
 949 0020 FFF7FEFF 		bl	vPortEnterCritical
 950 0024 0025     		movs	r5, #0
 951              	.L134:
 952 0026 0020     		movs	r0, #0
 953 0028 12E0     		b	.L135
 954              	.L138:
 955 002a 2369     		ldr	r3, [r4, #16]
 956 002c 0344     		add	r3, r3, r0
 957 002e B3FBF1F2 		udiv	r2, r3, r1
 958 0032 01FB1233 		mls	r3, r1, r2, r3
 959 0036 6268     		ldr	r2, [r4, #4]
 960 0038 D118     		adds	r1, r2, r3
 961 003a D25C     		ldrb	r2, [r2, r3]	@ zero_extendqisi2
 962 003c 3AB9     		cbnz	r2, .L136
 963 003e 0122     		movs	r2, #1
 964 0040 0A70     		strb	r2, [r1]
 965 0042 2668     		ldr	r6, [r4]
 966 0044 E268     		ldr	r2, [r4, #12]
 967 0046 02FB0366 		mla	r6, r2, r3, r6
 968 004a 2361     		str	r3, [r4, #16]
 969 004c 04E0     		b	.L137
ARM GAS  C:\Users\xiaofei\AppData\Local\Temp\ccKJz8Ma.s 			page 17


 970              	.L136:
 971 004e 0130     		adds	r0, r0, #1
 972              	.L135:
 973 0050 A168     		ldr	r1, [r4, #8]
 974 0052 8842     		cmp	r0, r1
 975 0054 E9D3     		bcc	.L138
 976 0056 0026     		movs	r6, #0
 977              	.L137:
 978 0058 FFF7FEFF 		bl	inHandlerMode
 979 005c 10B1     		cbz	r0, .L139
 980              		.syntax unified
 981              	@ 229 "Middlewares/Third_Party/FreeRTOS/Source/portable/GCC/ARM_CM4F/portmacro.h" 1
 982 005e 85F31188 			msr basepri, r5	
 983              	@ 0 "" 2
 984              		.thumb
 985              		.syntax unified
 986 0062 01E0     		b	.L140
 987              	.L139:
 988 0064 FFF7FEFF 		bl	vPortExitCritical
 989              	.L140:
 990 0068 3046     		mov	r0, r6
 991 006a 70BD     		pop	{r4, r5, r6, pc}
 993              		.section	.text.osPoolCAlloc,"ax",%progbits
 994              		.align	2
 995              		.global	osPoolCAlloc
 996              		.thumb
 997              		.thumb_func
 999              	osPoolCAlloc:
 1000              		@ args = 0, pretend = 0, frame = 0
 1001              		@ frame_needed = 0, uses_anonymous_args = 0
 1002 0000 08B5     		push	{r3, lr}
 1003 0002 FFF7FEFF 		bl	osPoolAlloc
 1004 0006 0346     		mov	r3, r0
 1005 0008 08B1     		cbz	r0, .L143
 1006 000a 0022     		movs	r2, #0
 1007 000c 0260     		str	r2, [r0]	@ unaligned
 1008              	.L143:
 1009 000e 1846     		mov	r0, r3
 1010 0010 08BD     		pop	{r3, pc}
 1012 0012 00BF     		.section	.text.osPoolFree,"ax",%progbits
 1013              		.align	2
 1014              		.global	osPoolFree
 1015              		.thumb
 1016              		.thumb_func
 1018              	osPoolFree:
 1019              		@ args = 0, pretend = 0, frame = 0
 1020              		@ frame_needed = 0, uses_anonymous_args = 0
 1021              		@ link register save eliminated.
 1022 0000 0346     		mov	r3, r0
 1023 0002 98B1     		cbz	r0, .L147
 1024 0004 A1B1     		cbz	r1, .L148
 1025 0006 0268     		ldr	r2, [r0]
 1026 0008 9142     		cmp	r1, r2
 1027 000a 13D3     		bcc	.L149
 1028 000c 891A     		subs	r1, r1, r2
 1029 000e C068     		ldr	r0, [r0, #12]
 1030 0010 B1FBF0F2 		udiv	r2, r1, r0
ARM GAS  C:\Users\xiaofei\AppData\Local\Temp\ccKJz8Ma.s 			page 18


 1031 0014 00FB1212 		mls	r2, r0, r2, r1
 1032 0018 72B9     		cbnz	r2, .L150
 1033 001a B1FBF0F1 		udiv	r1, r1, r0
 1034 001e 9A68     		ldr	r2, [r3, #8]
 1035 0020 9142     		cmp	r1, r2
 1036 0022 0BD2     		bcs	.L151
 1037 0024 5B68     		ldr	r3, [r3, #4]
 1038 0026 0020     		movs	r0, #0
 1039 0028 5854     		strb	r0, [r3, r1]
 1040 002a 7047     		bx	lr
 1041              	.L147:
 1042 002c 8020     		movs	r0, #128
 1043 002e 7047     		bx	lr
 1044              	.L148:
 1045 0030 8020     		movs	r0, #128
 1046 0032 7047     		bx	lr
 1047              	.L149:
 1048 0034 8020     		movs	r0, #128
 1049 0036 7047     		bx	lr
 1050              	.L150:
 1051 0038 8020     		movs	r0, #128
 1052 003a 7047     		bx	lr
 1053              	.L151:
 1054 003c 8020     		movs	r0, #128
 1055 003e 7047     		bx	lr
 1057              		.section	.text.osMessageCreate,"ax",%progbits
 1058              		.align	2
 1059              		.global	osMessageCreate
 1060              		.thumb
 1061              		.thumb_func
 1063              	osMessageCreate:
 1064              		@ args = 0, pretend = 0, frame = 0
 1065              		@ frame_needed = 0, uses_anonymous_args = 0
 1066 0000 10B5     		push	{r4, lr}
 1067 0002 82B0     		sub	sp, sp, #8
 1068 0004 8268     		ldr	r2, [r0, #8]
 1069 0006 42B1     		cbz	r2, .L153
 1070 0008 C368     		ldr	r3, [r0, #12]
 1071 000a 33B1     		cbz	r3, .L153
 1072 000c 4168     		ldr	r1, [r0, #4]
 1073 000e 0068     		ldr	r0, [r0]
 1074 0010 0024     		movs	r4, #0
 1075 0012 0094     		str	r4, [sp]
 1076 0014 FFF7FEFF 		bl	xQueueGenericCreateStatic
 1077 0018 04E0     		b	.L154
 1078              	.L153:
 1079 001a 0022     		movs	r2, #0
 1080 001c 4168     		ldr	r1, [r0, #4]
 1081 001e 0068     		ldr	r0, [r0]
 1082 0020 FFF7FEFF 		bl	xQueueGenericCreate
 1083              	.L154:
 1084 0024 02B0     		add	sp, sp, #8
 1085              		@ sp needed
 1086 0026 10BD     		pop	{r4, pc}
 1088              		.section	.text.osMessagePut,"ax",%progbits
 1089              		.align	2
 1090              		.global	osMessagePut
ARM GAS  C:\Users\xiaofei\AppData\Local\Temp\ccKJz8Ma.s 			page 19


 1091              		.thumb
 1092              		.thumb_func
 1094              	osMessagePut:
 1095              		@ args = 0, pretend = 0, frame = 16
 1096              		@ frame_needed = 0, uses_anonymous_args = 0
 1097 0000 30B5     		push	{r4, r5, lr}
 1098 0002 85B0     		sub	sp, sp, #20
 1099 0004 0446     		mov	r4, r0
 1100 0006 0191     		str	r1, [sp, #4]
 1101 0008 0023     		movs	r3, #0
 1102 000a 0393     		str	r3, [sp, #12]
 1103 000c 1546     		mov	r5, r2
 1104 000e 02B9     		cbnz	r2, .L157
 1105 0010 0125     		movs	r5, #1
 1106              	.L157:
 1107 0012 FFF7FEFF 		bl	inHandlerMode
 1108 0016 98B1     		cbz	r0, .L158
 1109 0018 0023     		movs	r3, #0
 1110 001a 03AA     		add	r2, sp, #12
 1111 001c 01A9     		add	r1, sp, #4
 1112 001e 2046     		mov	r0, r4
 1113 0020 FFF7FEFF 		bl	xQueueGenericSendFromISR
 1114 0024 0128     		cmp	r0, #1
 1115 0026 15D1     		bne	.L161
 1116 0028 039B     		ldr	r3, [sp, #12]
 1117 002a ABB1     		cbz	r3, .L162
 1118 002c 4FF08052 		mov	r2, #268435456
 1119 0030 0C4B     		ldr	r3, .L165
 1120 0032 1A60     		str	r2, [r3]
 1121              		.syntax unified
 1122              	@ 1081 "Middlewares/Third_Party/FreeRTOS/Source/CMSIS_RTOS/cmsis_os.c" 1
 1123 0034 BFF34F8F 		dsb
 1124              	@ 0 "" 2
 1125              	@ 1081 "Middlewares/Third_Party/FreeRTOS/Source/CMSIS_RTOS/cmsis_os.c" 1
 1126 0038 BFF36F8F 		isb
 1127              	@ 0 "" 2
 1128              		.thumb
 1129              		.syntax unified
 1130 003c 0020     		movs	r0, #0
 1131 003e 0EE0     		b	.L159
 1132              	.L158:
 1133 0040 0023     		movs	r3, #0
 1134 0042 2A46     		mov	r2, r5
 1135 0044 01A9     		add	r1, sp, #4
 1136 0046 2046     		mov	r0, r4
 1137 0048 FFF7FEFF 		bl	xQueueGenericSend
 1138 004c 0128     		cmp	r0, #1
 1139 004e 05D0     		beq	.L163
 1140 0050 FF20     		movs	r0, #255
 1141 0052 04E0     		b	.L159
 1142              	.L161:
 1143 0054 FF20     		movs	r0, #255
 1144 0056 02E0     		b	.L159
 1145              	.L162:
 1146 0058 0020     		movs	r0, #0
 1147 005a 00E0     		b	.L159
 1148              	.L163:
ARM GAS  C:\Users\xiaofei\AppData\Local\Temp\ccKJz8Ma.s 			page 20


 1149 005c 0020     		movs	r0, #0
 1150              	.L159:
 1151 005e 05B0     		add	sp, sp, #20
 1152              		@ sp needed
 1153 0060 30BD     		pop	{r4, r5, pc}
 1154              	.L166:
 1155 0062 00BF     		.align	2
 1156              	.L165:
 1157 0064 04ED00E0 		.word	-536810236
 1159              		.section	.text.osMessageGet,"ax",%progbits
 1160              		.align	2
 1161              		.global	osMessageGet
 1162              		.thumb
 1163              		.thumb_func
 1165              	osMessageGet:
 1166              		@ args = 0, pretend = 0, frame = 16
 1167              		@ frame_needed = 0, uses_anonymous_args = 0
 1168 0000 70B5     		push	{r4, r5, r6, lr}
 1169 0002 84B0     		sub	sp, sp, #16
 1170 0004 0446     		mov	r4, r0
 1171 0006 0291     		str	r1, [sp, #8]
 1172 0008 0023     		movs	r3, #0
 1173 000a 0193     		str	r3, [sp, #4]
 1174 000c 41B9     		cbnz	r1, .L168
 1175 000e 04AB     		add	r3, sp, #16
 1176 0010 8022     		movs	r2, #128
 1177 0012 43F8102D 		str	r2, [r3, #-16]!
 1178 0016 93E80700 		ldmia	r3, {r0, r1, r2}
 1179 001a 84E80700 		stmia	r4, {r0, r1, r2}
 1180 001e 36E0     		b	.L167
 1181              	.L168:
 1182 0020 0D46     		mov	r5, r1
 1183 0022 1646     		mov	r6, r2
 1184 0024 0023     		movs	r3, #0
 1185 0026 0393     		str	r3, [sp, #12]
 1186 0028 B2F1FF3F 		cmp	r2, #-1
 1187 002c 02D0     		beq	.L170
 1188 002e 0AB1     		cbz	r2, .L170
 1189 0030 02B9     		cbnz	r2, .L170
 1190 0032 0126     		movs	r6, #1
 1191              	.L170:
 1192 0034 FFF7FEFF 		bl	inHandlerMode
 1193 0038 B0B1     		cbz	r0, .L171
 1194 003a 03AA     		add	r2, sp, #12
 1195 003c 01A9     		add	r1, sp, #4
 1196 003e 2846     		mov	r0, r5
 1197 0040 FFF7FEFF 		bl	xQueueReceiveFromISR
 1198 0044 0128     		cmp	r0, #1
 1199 0046 02D1     		bne	.L172
 1200 0048 1023     		movs	r3, #16
 1201 004a 0093     		str	r3, [sp]
 1202 004c 01E0     		b	.L173
 1203              	.L172:
 1204 004e 0023     		movs	r3, #0
 1205 0050 0093     		str	r3, [sp]
 1206              	.L173:
 1207 0052 039B     		ldr	r3, [sp, #12]
ARM GAS  C:\Users\xiaofei\AppData\Local\Temp\ccKJz8Ma.s 			page 21


 1208 0054 BBB1     		cbz	r3, .L174
 1209 0056 4FF08052 		mov	r2, #268435456
 1210 005a 0E4B     		ldr	r3, .L180
 1211 005c 1A60     		str	r2, [r3]
 1212              		.syntax unified
 1213              	@ 1134 "Middlewares/Third_Party/FreeRTOS/Source/CMSIS_RTOS/cmsis_os.c" 1
 1214 005e BFF34F8F 		dsb
 1215              	@ 0 "" 2
 1216              	@ 1134 "Middlewares/Third_Party/FreeRTOS/Source/CMSIS_RTOS/cmsis_os.c" 1
 1217 0062 BFF36F8F 		isb
 1218              	@ 0 "" 2
 1219              		.thumb
 1220              		.syntax unified
 1221 0066 0EE0     		b	.L174
 1222              	.L171:
 1223 0068 3246     		mov	r2, r6
 1224 006a 01A9     		add	r1, sp, #4
 1225 006c 2846     		mov	r0, r5
 1226 006e FFF7FEFF 		bl	xQueueReceive
 1227 0072 0128     		cmp	r0, #1
 1228 0074 02D1     		bne	.L175
 1229 0076 1023     		movs	r3, #16
 1230 0078 0093     		str	r3, [sp]
 1231 007a 04E0     		b	.L174
 1232              	.L175:
 1233 007c 0EB9     		cbnz	r6, .L178
 1234 007e 0023     		movs	r3, #0
 1235 0080 00E0     		b	.L176
 1236              	.L178:
 1237 0082 4023     		movs	r3, #64
 1238              	.L176:
 1239 0084 0093     		str	r3, [sp]
 1240              	.L174:
 1241 0086 9DE80700 		ldmia	sp, {r0, r1, r2}
 1242 008a 84E80700 		stmia	r4, {r0, r1, r2}
 1243              	.L167:
 1244 008e 2046     		mov	r0, r4
 1245 0090 04B0     		add	sp, sp, #16
 1246              		@ sp needed
 1247 0092 70BD     		pop	{r4, r5, r6, pc}
 1248              	.L181:
 1249              		.align	2
 1250              	.L180:
 1251 0094 04ED00E0 		.word	-536810236
 1253              		.section	.text.osMailCreate,"ax",%progbits
 1254              		.align	2
 1255              		.global	osMailCreate
 1256              		.thumb
 1257              		.thumb_func
 1259              	osMailCreate:
 1260              		@ args = 0, pretend = 0, frame = 16
 1261              		@ frame_needed = 0, uses_anonymous_args = 0
 1262 0000 30B5     		push	{r4, r5, lr}
 1263 0002 85B0     		sub	sp, sp, #20
 1264 0004 0446     		mov	r4, r0
 1265 0006 0368     		ldr	r3, [r0]
 1266 0008 0193     		str	r3, [sp, #4]
ARM GAS  C:\Users\xiaofei\AppData\Local\Temp\ccKJz8Ma.s 			page 22


 1267 000a 4368     		ldr	r3, [r0, #4]
 1268 000c 0293     		str	r3, [sp, #8]
 1269 000e 0023     		movs	r3, #0
 1270 0010 0393     		str	r3, [sp, #12]
 1271 0012 8568     		ldr	r5, [r0, #8]
 1272 0014 0C20     		movs	r0, #12
 1273 0016 FFF7FEFF 		bl	pvPortMalloc
 1274 001a 2860     		str	r0, [r5]
 1275 001c A368     		ldr	r3, [r4, #8]
 1276 001e 1868     		ldr	r0, [r3]
 1277 0020 E0B1     		cbz	r0, .L183
 1278 0022 0460     		str	r4, [r0]
 1279 0024 A368     		ldr	r3, [r4, #8]
 1280 0026 1D68     		ldr	r5, [r3]
 1281 0028 0022     		movs	r2, #0
 1282 002a 0421     		movs	r1, #4
 1283 002c 2068     		ldr	r0, [r4]
 1284 002e FFF7FEFF 		bl	xQueueGenericCreate
 1285 0032 6860     		str	r0, [r5, #4]
 1286 0034 A368     		ldr	r3, [r4, #8]
 1287 0036 1D68     		ldr	r5, [r3]
 1288 0038 6B68     		ldr	r3, [r5, #4]
 1289 003a 23B9     		cbnz	r3, .L184
 1290 003c 2846     		mov	r0, r5
 1291 003e FFF7FEFF 		bl	vPortFree
 1292 0042 0020     		movs	r0, #0
 1293 0044 0AE0     		b	.L183
 1294              	.L184:
 1295 0046 01A8     		add	r0, sp, #4
 1296 0048 FFF7FEFF 		bl	osPoolCreate
 1297 004c A860     		str	r0, [r5, #8]
 1298 004e A368     		ldr	r3, [r4, #8]
 1299 0050 1868     		ldr	r0, [r3]
 1300 0052 8368     		ldr	r3, [r0, #8]
 1301 0054 13B9     		cbnz	r3, .L183
 1302 0056 FFF7FEFF 		bl	vPortFree
 1303 005a 0020     		movs	r0, #0
 1304              	.L183:
 1305 005c 05B0     		add	sp, sp, #20
 1306              		@ sp needed
 1307 005e 30BD     		pop	{r4, r5, pc}
 1309              		.section	.text.osMailAlloc,"ax",%progbits
 1310              		.align	2
 1311              		.global	osMailAlloc
 1312              		.thumb
 1313              		.thumb_func
 1315              	osMailAlloc:
 1316              		@ args = 0, pretend = 0, frame = 0
 1317              		@ frame_needed = 0, uses_anonymous_args = 0
 1318 0000 20B1     		cbz	r0, .L188
 1319 0002 08B5     		push	{r3, lr}
 1320 0004 8068     		ldr	r0, [r0, #8]
 1321 0006 FFF7FEFF 		bl	osPoolAlloc
 1322 000a 08BD     		pop	{r3, pc}
 1323              	.L188:
 1324 000c 0020     		movs	r0, #0
 1325 000e 7047     		bx	lr
ARM GAS  C:\Users\xiaofei\AppData\Local\Temp\ccKJz8Ma.s 			page 23


 1327              		.section	.text.osMailCAlloc,"ax",%progbits
 1328              		.align	2
 1329              		.global	osMailCAlloc
 1330              		.thumb
 1331              		.thumb_func
 1333              	osMailCAlloc:
 1334              		@ args = 0, pretend = 0, frame = 0
 1335              		@ frame_needed = 0, uses_anonymous_args = 0
 1336 0000 10B5     		push	{r4, lr}
 1337 0002 0446     		mov	r4, r0
 1338 0004 FFF7FEFF 		bl	osMailAlloc
 1339 0008 0146     		mov	r1, r0
 1340 000a 20B9     		cbnz	r0, .L195
 1341 000c 08E0     		b	.L193
 1342              	.L194:
 1343 000e 0022     		movs	r2, #0
 1344 0010 CA54     		strb	r2, [r1, r3]
 1345 0012 0133     		adds	r3, r3, #1
 1346 0014 00E0     		b	.L192
 1347              	.L195:
 1348 0016 0023     		movs	r3, #0
 1349              	.L192:
 1350 0018 2268     		ldr	r2, [r4]
 1351 001a 5268     		ldr	r2, [r2, #4]
 1352 001c 9342     		cmp	r3, r2
 1353 001e F6D3     		bcc	.L194
 1354              	.L193:
 1355 0020 0846     		mov	r0, r1
 1356 0022 10BD     		pop	{r4, pc}
 1358              		.section	.text.osMailPut,"ax",%progbits
 1359              		.align	2
 1360              		.global	osMailPut
 1361              		.thumb
 1362              		.thumb_func
 1364              	osMailPut:
 1365              		@ args = 0, pretend = 0, frame = 16
 1366              		@ frame_needed = 0, uses_anonymous_args = 0
 1367 0000 10B5     		push	{r4, lr}
 1368 0002 84B0     		sub	sp, sp, #16
 1369 0004 0191     		str	r1, [sp, #4]
 1370 0006 18B3     		cbz	r0, .L200
 1371 0008 0446     		mov	r4, r0
 1372 000a 0023     		movs	r3, #0
 1373 000c 0393     		str	r3, [sp, #12]
 1374 000e FFF7FEFF 		bl	inHandlerMode
 1375 0012 98B1     		cbz	r0, .L199
 1376 0014 0023     		movs	r3, #0
 1377 0016 03AA     		add	r2, sp, #12
 1378 0018 01A9     		add	r1, sp, #4
 1379 001a 6068     		ldr	r0, [r4, #4]
 1380 001c FFF7FEFF 		bl	xQueueGenericSendFromISR
 1381 0020 0128     		cmp	r0, #1
 1382 0022 17D1     		bne	.L201
 1383 0024 039B     		ldr	r3, [sp, #12]
 1384 0026 BBB1     		cbz	r3, .L202
 1385 0028 4FF08052 		mov	r2, #268435456
 1386 002c 0D4B     		ldr	r3, .L205
ARM GAS  C:\Users\xiaofei\AppData\Local\Temp\ccKJz8Ma.s 			page 24


 1387 002e 1A60     		str	r2, [r3]
 1388              		.syntax unified
 1389              	@ 1272 "Middlewares/Third_Party/FreeRTOS/Source/CMSIS_RTOS/cmsis_os.c" 1
 1390 0030 BFF34F8F 		dsb
 1391              	@ 0 "" 2
 1392              	@ 1272 "Middlewares/Third_Party/FreeRTOS/Source/CMSIS_RTOS/cmsis_os.c" 1
 1393 0034 BFF36F8F 		isb
 1394              	@ 0 "" 2
 1395              		.thumb
 1396              		.syntax unified
 1397 0038 0020     		movs	r0, #0
 1398 003a 10E0     		b	.L198
 1399              	.L199:
 1400 003c 0023     		movs	r3, #0
 1401 003e 1A46     		mov	r2, r3
 1402 0040 01A9     		add	r1, sp, #4
 1403 0042 6068     		ldr	r0, [r4, #4]
 1404 0044 FFF7FEFF 		bl	xQueueGenericSend
 1405 0048 0128     		cmp	r0, #1
 1406 004a 07D0     		beq	.L203
 1407 004c FF20     		movs	r0, #255
 1408 004e 06E0     		b	.L198
 1409              	.L200:
 1410 0050 8020     		movs	r0, #128
 1411 0052 04E0     		b	.L198
 1412              	.L201:
 1413 0054 FF20     		movs	r0, #255
 1414 0056 02E0     		b	.L198
 1415              	.L202:
 1416 0058 0020     		movs	r0, #0
 1417 005a 00E0     		b	.L198
 1418              	.L203:
 1419 005c 0020     		movs	r0, #0
 1420              	.L198:
 1421 005e 04B0     		add	sp, sp, #16
 1422              		@ sp needed
 1423 0060 10BD     		pop	{r4, pc}
 1424              	.L206:
 1425 0062 00BF     		.align	2
 1426              	.L205:
 1427 0064 04ED00E0 		.word	-536810236
 1429              		.section	.text.osMailGet,"ax",%progbits
 1430              		.align	2
 1431              		.global	osMailGet
 1432              		.thumb
 1433              		.thumb_func
 1435              	osMailGet:
 1436              		@ args = 0, pretend = 0, frame = 16
 1437              		@ frame_needed = 0, uses_anonymous_args = 0
 1438 0000 70B5     		push	{r4, r5, r6, lr}
 1439 0002 84B0     		sub	sp, sp, #16
 1440 0004 0446     		mov	r4, r0
 1441 0006 0291     		str	r1, [sp, #8]
 1442 0008 41B9     		cbnz	r1, .L208
 1443 000a 04AB     		add	r3, sp, #16
 1444 000c 8022     		movs	r2, #128
 1445 000e 43F8102D 		str	r2, [r3, #-16]!
ARM GAS  C:\Users\xiaofei\AppData\Local\Temp\ccKJz8Ma.s 			page 25


 1446 0012 93E80700 		ldmia	r3, {r0, r1, r2}
 1447 0016 84E80700 		stmia	r4, {r0, r1, r2}
 1448 001a 36E0     		b	.L207
 1449              	.L208:
 1450 001c 0D46     		mov	r5, r1
 1451 001e 1646     		mov	r6, r2
 1452 0020 0023     		movs	r3, #0
 1453 0022 0393     		str	r3, [sp, #12]
 1454 0024 B2F1FF3F 		cmp	r2, #-1
 1455 0028 02D0     		beq	.L210
 1456 002a 0AB1     		cbz	r2, .L210
 1457 002c 02B9     		cbnz	r2, .L210
 1458 002e 0126     		movs	r6, #1
 1459              	.L210:
 1460 0030 FFF7FEFF 		bl	inHandlerMode
 1461 0034 B0B1     		cbz	r0, .L211
 1462 0036 03AA     		add	r2, sp, #12
 1463 0038 01A9     		add	r1, sp, #4
 1464 003a 6868     		ldr	r0, [r5, #4]
 1465 003c FFF7FEFF 		bl	xQueueReceiveFromISR
 1466 0040 0128     		cmp	r0, #1
 1467 0042 02D1     		bne	.L212
 1468 0044 2023     		movs	r3, #32
 1469 0046 0093     		str	r3, [sp]
 1470 0048 01E0     		b	.L213
 1471              	.L212:
 1472 004a 0023     		movs	r3, #0
 1473 004c 0093     		str	r3, [sp]
 1474              	.L213:
 1475 004e 039B     		ldr	r3, [sp, #12]
 1476 0050 BBB1     		cbz	r3, .L214
 1477 0052 4FF08052 		mov	r2, #268435456
 1478 0056 0E4B     		ldr	r3, .L220
 1479 0058 1A60     		str	r2, [r3]
 1480              		.syntax unified
 1481              	@ 1324 "Middlewares/Third_Party/FreeRTOS/Source/CMSIS_RTOS/cmsis_os.c" 1
 1482 005a BFF34F8F 		dsb
 1483              	@ 0 "" 2
 1484              	@ 1324 "Middlewares/Third_Party/FreeRTOS/Source/CMSIS_RTOS/cmsis_os.c" 1
 1485 005e BFF36F8F 		isb
 1486              	@ 0 "" 2
 1487              		.thumb
 1488              		.syntax unified
 1489 0062 0EE0     		b	.L214
 1490              	.L211:
 1491 0064 3246     		mov	r2, r6
 1492 0066 01A9     		add	r1, sp, #4
 1493 0068 6868     		ldr	r0, [r5, #4]
 1494 006a FFF7FEFF 		bl	xQueueReceive
 1495 006e 0128     		cmp	r0, #1
 1496 0070 02D1     		bne	.L215
 1497 0072 2023     		movs	r3, #32
 1498 0074 0093     		str	r3, [sp]
 1499 0076 04E0     		b	.L214
 1500              	.L215:
 1501 0078 0EB9     		cbnz	r6, .L218
 1502 007a 0023     		movs	r3, #0
ARM GAS  C:\Users\xiaofei\AppData\Local\Temp\ccKJz8Ma.s 			page 26


 1503 007c 00E0     		b	.L216
 1504              	.L218:
 1505 007e 4023     		movs	r3, #64
 1506              	.L216:
 1507 0080 0093     		str	r3, [sp]
 1508              	.L214:
 1509 0082 9DE80700 		ldmia	sp, {r0, r1, r2}
 1510 0086 84E80700 		stmia	r4, {r0, r1, r2}
 1511              	.L207:
 1512 008a 2046     		mov	r0, r4
 1513 008c 04B0     		add	sp, sp, #16
 1514              		@ sp needed
 1515 008e 70BD     		pop	{r4, r5, r6, pc}
 1516              	.L221:
 1517              		.align	2
 1518              	.L220:
 1519 0090 04ED00E0 		.word	-536810236
 1521              		.section	.text.osMailFree,"ax",%progbits
 1522              		.align	2
 1523              		.global	osMailFree
 1524              		.thumb
 1525              		.thumb_func
 1527              	osMailFree:
 1528              		@ args = 0, pretend = 0, frame = 0
 1529              		@ frame_needed = 0, uses_anonymous_args = 0
 1530 0000 20B1     		cbz	r0, .L224
 1531 0002 08B5     		push	{r3, lr}
 1532 0004 8068     		ldr	r0, [r0, #8]
 1533 0006 FFF7FEFF 		bl	osPoolFree
 1534 000a 08BD     		pop	{r3, pc}
 1535              	.L224:
 1536 000c 8020     		movs	r0, #128
 1537 000e 7047     		bx	lr
 1539              		.section	.text.osSystickHandler,"ax",%progbits
 1540              		.align	2
 1541              		.global	osSystickHandler
 1542              		.thumb
 1543              		.thumb_func
 1545              	osSystickHandler:
 1546              		@ args = 0, pretend = 0, frame = 0
 1547              		@ frame_needed = 0, uses_anonymous_args = 0
 1548 0000 08B5     		push	{r3, lr}
 1549 0002 FFF7FEFF 		bl	xTaskGetSchedulerState
 1550 0006 0128     		cmp	r0, #1
 1551 0008 01D0     		beq	.L227
 1552 000a FFF7FEFF 		bl	SysTick_Handler
 1553              	.L227:
 1554 000e 08BD     		pop	{r3, pc}
 1556              		.section	.text.osThreadSuspend,"ax",%progbits
 1557              		.align	2
 1558              		.global	osThreadSuspend
 1559              		.thumb
 1560              		.thumb_func
 1562              	osThreadSuspend:
 1563              		@ args = 0, pretend = 0, frame = 0
 1564              		@ frame_needed = 0, uses_anonymous_args = 0
 1565 0000 08B5     		push	{r3, lr}
ARM GAS  C:\Users\xiaofei\AppData\Local\Temp\ccKJz8Ma.s 			page 27


 1566 0002 FFF7FEFF 		bl	vTaskSuspend
 1567 0006 0020     		movs	r0, #0
 1568 0008 08BD     		pop	{r3, pc}
 1570 000a 00BF     		.section	.text.osThreadResume,"ax",%progbits
 1571              		.align	2
 1572              		.global	osThreadResume
 1573              		.thumb
 1574              		.thumb_func
 1576              	osThreadResume:
 1577              		@ args = 0, pretend = 0, frame = 0
 1578              		@ frame_needed = 0, uses_anonymous_args = 0
 1579 0000 10B5     		push	{r4, lr}
 1580 0002 0446     		mov	r4, r0
 1581 0004 FFF7FEFF 		bl	inHandlerMode
 1582 0008 68B1     		cbz	r0, .L233
 1583 000a 2046     		mov	r0, r4
 1584 000c FFF7FEFF 		bl	xTaskResumeFromISR
 1585 0010 0128     		cmp	r0, #1
 1586 0012 0BD1     		bne	.L234
 1587 0014 4FF08052 		mov	r2, #268435456
 1588 0018 054B     		ldr	r3, .L236
 1589 001a 1A60     		str	r2, [r3]
 1590              		.syntax unified
 1591              	@ 1455 "Middlewares/Third_Party/FreeRTOS/Source/CMSIS_RTOS/cmsis_os.c" 1
 1592 001c BFF34F8F 		dsb
 1593              	@ 0 "" 2
 1594              	@ 1455 "Middlewares/Third_Party/FreeRTOS/Source/CMSIS_RTOS/cmsis_os.c" 1
 1595 0020 BFF36F8F 		isb
 1596              	@ 0 "" 2
 1597              		.thumb
 1598              		.syntax unified
 1599 0024 02E0     		b	.L234
 1600              	.L233:
 1601 0026 2046     		mov	r0, r4
 1602 0028 FFF7FEFF 		bl	vTaskResume
 1603              	.L234:
 1604 002c 0020     		movs	r0, #0
 1605 002e 10BD     		pop	{r4, pc}
 1606              	.L237:
 1607              		.align	2
 1608              	.L236:
 1609 0030 04ED00E0 		.word	-536810236
 1611              		.section	.text.osThreadSuspendAll,"ax",%progbits
 1612              		.align	2
 1613              		.global	osThreadSuspendAll
 1614              		.thumb
 1615              		.thumb_func
 1617              	osThreadSuspendAll:
 1618              		@ args = 0, pretend = 0, frame = 0
 1619              		@ frame_needed = 0, uses_anonymous_args = 0
 1620 0000 08B5     		push	{r3, lr}
 1621 0002 FFF7FEFF 		bl	vTaskSuspendAll
 1622 0006 0020     		movs	r0, #0
 1623 0008 08BD     		pop	{r3, pc}
 1625 000a 00BF     		.section	.text.osThreadResumeAll,"ax",%progbits
 1626              		.align	2
 1627              		.global	osThreadResumeAll
ARM GAS  C:\Users\xiaofei\AppData\Local\Temp\ccKJz8Ma.s 			page 28


 1628              		.thumb
 1629              		.thumb_func
 1631              	osThreadResumeAll:
 1632              		@ args = 0, pretend = 0, frame = 0
 1633              		@ frame_needed = 0, uses_anonymous_args = 0
 1634 0000 08B5     		push	{r3, lr}
 1635 0002 FFF7FEFF 		bl	xTaskResumeAll
 1636 0006 0128     		cmp	r0, #1
 1637 0008 01D1     		bne	.L242
 1638 000a 0020     		movs	r0, #0
 1639 000c 08BD     		pop	{r3, pc}
 1640              	.L242:
 1641 000e FF20     		movs	r0, #255
 1642 0010 08BD     		pop	{r3, pc}
 1644 0012 00BF     		.section	.text.osDelayUntil,"ax",%progbits
 1645              		.align	2
 1646              		.global	osDelayUntil
 1647              		.thumb
 1648              		.thumb_func
 1650              	osDelayUntil:
 1651              		@ args = 0, pretend = 0, frame = 0
 1652              		@ frame_needed = 0, uses_anonymous_args = 0
 1653              		@ link register save eliminated.
 1654 0000 8120     		movs	r0, #129
 1655 0002 7047     		bx	lr
 1657              		.section	.text.osAbortDelay,"ax",%progbits
 1658              		.align	2
 1659              		.global	osAbortDelay
 1660              		.thumb
 1661              		.thumb_func
 1663              	osAbortDelay:
 1664              		@ args = 0, pretend = 0, frame = 0
 1665              		@ frame_needed = 0, uses_anonymous_args = 0
 1666              		@ link register save eliminated.
 1667 0000 8120     		movs	r0, #129
 1668 0002 7047     		bx	lr
 1670              		.section	.text.osThreadList,"ax",%progbits
 1671              		.align	2
 1672              		.global	osThreadList
 1673              		.thumb
 1674              		.thumb_func
 1676              	osThreadList:
 1677              		@ args = 0, pretend = 0, frame = 0
 1678              		@ frame_needed = 0, uses_anonymous_args = 0
 1679              		@ link register save eliminated.
 1680 0000 0020     		movs	r0, #0
 1681 0002 7047     		bx	lr
 1683              		.section	.text.osMessagePeek,"ax",%progbits
 1684              		.align	2
 1685              		.global	osMessagePeek
 1686              		.thumb
 1687              		.thumb_func
 1689              	osMessagePeek:
 1690              		@ args = 0, pretend = 0, frame = 16
 1691              		@ frame_needed = 0, uses_anonymous_args = 0
 1692 0000 30B5     		push	{r4, r5, lr}
 1693 0002 85B0     		sub	sp, sp, #20
ARM GAS  C:\Users\xiaofei\AppData\Local\Temp\ccKJz8Ma.s 			page 29


 1694 0004 0446     		mov	r4, r0
 1695 0006 0391     		str	r1, [sp, #12]
 1696 0008 41B9     		cbnz	r1, .L248
 1697 000a 04AB     		add	r3, sp, #16
 1698 000c 8022     		movs	r2, #128
 1699 000e 43F80C2D 		str	r2, [r3, #-12]!
 1700 0012 93E80700 		ldmia	r3, {r0, r1, r2}
 1701 0016 84E80700 		stmia	r4, {r0, r1, r2}
 1702 001a 1AE0     		b	.L247
 1703              	.L248:
 1704 001c 0846     		mov	r0, r1
 1705 001e 1546     		mov	r5, r2
 1706 0020 B2F1FF3F 		cmp	r2, #-1
 1707 0024 02D0     		beq	.L250
 1708 0026 0AB1     		cbz	r2, .L250
 1709 0028 02B9     		cbnz	r2, .L250
 1710 002a 0125     		movs	r5, #1
 1711              	.L250:
 1712 002c 2A46     		mov	r2, r5
 1713 002e 02A9     		add	r1, sp, #8
 1714 0030 FFF7FEFF 		bl	xQueuePeek
 1715 0034 0128     		cmp	r0, #1
 1716 0036 02D1     		bne	.L251
 1717 0038 1023     		movs	r3, #16
 1718 003a 0193     		str	r3, [sp, #4]
 1719 003c 04E0     		b	.L252
 1720              	.L251:
 1721 003e 0DB9     		cbnz	r5, .L255
 1722 0040 0023     		movs	r3, #0
 1723 0042 00E0     		b	.L253
 1724              	.L255:
 1725 0044 4023     		movs	r3, #64
 1726              	.L253:
 1727 0046 0193     		str	r3, [sp, #4]
 1728              	.L252:
 1729 0048 04AB     		add	r3, sp, #16
 1730 004a 13E90700 		ldmdb	r3, {r0, r1, r2}
 1731 004e 84E80700 		stmia	r4, {r0, r1, r2}
 1732              	.L247:
 1733 0052 2046     		mov	r0, r4
 1734 0054 05B0     		add	sp, sp, #20
 1735              		@ sp needed
 1736 0056 30BD     		pop	{r4, r5, pc}
 1738              		.section	.text.osMessageWaiting,"ax",%progbits
 1739              		.align	2
 1740              		.global	osMessageWaiting
 1741              		.thumb
 1742              		.thumb_func
 1744              	osMessageWaiting:
 1745              		@ args = 0, pretend = 0, frame = 0
 1746              		@ frame_needed = 0, uses_anonymous_args = 0
 1747 0000 10B5     		push	{r4, lr}
 1748 0002 0446     		mov	r4, r0
 1749 0004 FFF7FEFF 		bl	inHandlerMode
 1750 0008 18B1     		cbz	r0, .L258
 1751 000a 2046     		mov	r0, r4
 1752 000c FFF7FEFF 		bl	uxQueueMessagesWaitingFromISR
ARM GAS  C:\Users\xiaofei\AppData\Local\Temp\ccKJz8Ma.s 			page 30


 1753 0010 10BD     		pop	{r4, pc}
 1754              	.L258:
 1755 0012 2046     		mov	r0, r4
 1756 0014 FFF7FEFF 		bl	uxQueueMessagesWaiting
 1757 0018 10BD     		pop	{r4, pc}
 1759 001a 00BF     		.section	.text.osMessageAvailableSpace,"ax",%progbits
 1760              		.align	2
 1761              		.global	osMessageAvailableSpace
 1762              		.thumb
 1763              		.thumb_func
 1765              	osMessageAvailableSpace:
 1766              		@ args = 0, pretend = 0, frame = 0
 1767              		@ frame_needed = 0, uses_anonymous_args = 0
 1768 0000 08B5     		push	{r3, lr}
 1769 0002 FFF7FEFF 		bl	uxQueueSpacesAvailable
 1770 0006 08BD     		pop	{r3, pc}
 1772              		.section	.text.osMessageDelete,"ax",%progbits
 1773              		.align	2
 1774              		.global	osMessageDelete
 1775              		.thumb
 1776              		.thumb_func
 1778              	osMessageDelete:
 1779              		@ args = 0, pretend = 0, frame = 0
 1780              		@ frame_needed = 0, uses_anonymous_args = 0
 1781 0000 10B5     		push	{r4, lr}
 1782 0002 0446     		mov	r4, r0
 1783 0004 FFF7FEFF 		bl	inHandlerMode
 1784 0008 20B9     		cbnz	r0, .L265
 1785 000a 2046     		mov	r0, r4
 1786 000c FFF7FEFF 		bl	vQueueDelete
 1787 0010 0020     		movs	r0, #0
 1788 0012 10BD     		pop	{r4, pc}
 1789              	.L265:
 1790 0014 8220     		movs	r0, #130
 1791 0016 10BD     		pop	{r4, pc}
 1793              		.section	.text.osRecursiveMutexCreate,"ax",%progbits
 1794              		.align	2
 1795              		.global	osRecursiveMutexCreate
 1796              		.thumb
 1797              		.thumb_func
 1799              	osRecursiveMutexCreate:
 1800              		@ args = 0, pretend = 0, frame = 0
 1801              		@ frame_needed = 0, uses_anonymous_args = 0
 1802              		@ link register save eliminated.
 1803 0000 0020     		movs	r0, #0
 1804 0002 7047     		bx	lr
 1806              		.section	.text.osRecursiveMutexRelease,"ax",%progbits
 1807              		.align	2
 1808              		.global	osRecursiveMutexRelease
 1809              		.thumb
 1810              		.thumb_func
 1812              	osRecursiveMutexRelease:
 1813              		@ args = 0, pretend = 0, frame = 0
 1814              		@ frame_needed = 0, uses_anonymous_args = 0
 1815              		@ link register save eliminated.
 1816 0000 8120     		movs	r0, #129
 1817 0002 7047     		bx	lr
ARM GAS  C:\Users\xiaofei\AppData\Local\Temp\ccKJz8Ma.s 			page 31


 1819              		.section	.text.osRecursiveMutexWait,"ax",%progbits
 1820              		.align	2
 1821              		.global	osRecursiveMutexWait
 1822              		.thumb
 1823              		.thumb_func
 1825              	osRecursiveMutexWait:
 1826              		@ args = 0, pretend = 0, frame = 0
 1827              		@ frame_needed = 0, uses_anonymous_args = 0
 1828              		@ link register save eliminated.
 1829 0000 8120     		movs	r0, #129
 1830 0002 7047     		bx	lr
 1832              		.section	.text.osSemaphoreGetCount,"ax",%progbits
 1833              		.align	2
 1834              		.global	osSemaphoreGetCount
 1835              		.thumb
 1836              		.thumb_func
 1838              	osSemaphoreGetCount:
 1839              		@ args = 0, pretend = 0, frame = 0
 1840              		@ frame_needed = 0, uses_anonymous_args = 0
 1841 0000 08B5     		push	{r3, lr}
 1842 0002 FFF7FEFF 		bl	uxQueueMessagesWaiting
 1843 0006 08BD     		pop	{r3, pc}
 1845              		.ident	"GCC: (GNU Tools for ARM Embedded Processors) 5.4.1 20160919 (release) [ARM/embedded-5-bran
ARM GAS  C:\Users\xiaofei\AppData\Local\Temp\ccKJz8Ma.s 			page 32


DEFINED SYMBOLS
                            *ABS*:00000000 cmsis_os.c
C:\Users\xiaofei\AppData\Local\Temp\ccKJz8Ma.s:18     .text.makeFreeRtosPriority:00000000 $t
C:\Users\xiaofei\AppData\Local\Temp\ccKJz8Ma.s:22     .text.makeFreeRtosPriority:00000000 makeFreeRtosPriority
C:\Users\xiaofei\AppData\Local\Temp\ccKJz8Ma.s:35     .text.makeCmsisPriority:00000000 $t
C:\Users\xiaofei\AppData\Local\Temp\ccKJz8Ma.s:39     .text.makeCmsisPriority:00000000 makeCmsisPriority
C:\Users\xiaofei\AppData\Local\Temp\ccKJz8Ma.s:53     .text.inHandlerMode:00000000 $t
C:\Users\xiaofei\AppData\Local\Temp\ccKJz8Ma.s:57     .text.inHandlerMode:00000000 inHandlerMode
C:\Users\xiaofei\AppData\Local\Temp\ccKJz8Ma.s:73     .text.osKernelStart:00000000 $t
C:\Users\xiaofei\AppData\Local\Temp\ccKJz8Ma.s:78     .text.osKernelStart:00000000 osKernelStart
C:\Users\xiaofei\AppData\Local\Temp\ccKJz8Ma.s:87     .text.osKernelRunning:00000000 $t
C:\Users\xiaofei\AppData\Local\Temp\ccKJz8Ma.s:92     .text.osKernelRunning:00000000 osKernelRunning
C:\Users\xiaofei\AppData\Local\Temp\ccKJz8Ma.s:106    .text.osKernelSysTick:00000000 $t
C:\Users\xiaofei\AppData\Local\Temp\ccKJz8Ma.s:111    .text.osKernelSysTick:00000000 osKernelSysTick
C:\Users\xiaofei\AppData\Local\Temp\ccKJz8Ma.s:124    .text.osThreadCreate:00000000 $t
C:\Users\xiaofei\AppData\Local\Temp\ccKJz8Ma.s:129    .text.osThreadCreate:00000000 osThreadCreate
C:\Users\xiaofei\AppData\Local\Temp\ccKJz8Ma.s:181    .text.osThreadGetId:00000000 $t
C:\Users\xiaofei\AppData\Local\Temp\ccKJz8Ma.s:186    .text.osThreadGetId:00000000 osThreadGetId
C:\Users\xiaofei\AppData\Local\Temp\ccKJz8Ma.s:194    .text.osThreadTerminate:00000000 $t
C:\Users\xiaofei\AppData\Local\Temp\ccKJz8Ma.s:199    .text.osThreadTerminate:00000000 osThreadTerminate
C:\Users\xiaofei\AppData\Local\Temp\ccKJz8Ma.s:208    .text.osThreadYield:00000000 $t
C:\Users\xiaofei\AppData\Local\Temp\ccKJz8Ma.s:213    .text.osThreadYield:00000000 osThreadYield
C:\Users\xiaofei\AppData\Local\Temp\ccKJz8Ma.s:234    .text.osThreadYield:00000014 $d
C:\Users\xiaofei\AppData\Local\Temp\ccKJz8Ma.s:237    .text.osThreadSetPriority:00000000 $t
C:\Users\xiaofei\AppData\Local\Temp\ccKJz8Ma.s:242    .text.osThreadSetPriority:00000000 osThreadSetPriority
C:\Users\xiaofei\AppData\Local\Temp\ccKJz8Ma.s:256    .text.osThreadGetPriority:00000000 $t
C:\Users\xiaofei\AppData\Local\Temp\ccKJz8Ma.s:261    .text.osThreadGetPriority:00000000 osThreadGetPriority
C:\Users\xiaofei\AppData\Local\Temp\ccKJz8Ma.s:279    .text.osDelay:00000000 $t
C:\Users\xiaofei\AppData\Local\Temp\ccKJz8Ma.s:284    .text.osDelay:00000000 osDelay
C:\Users\xiaofei\AppData\Local\Temp\ccKJz8Ma.s:298    .text.osTimerCreate:00000000 $t
C:\Users\xiaofei\AppData\Local\Temp\ccKJz8Ma.s:303    .text.osTimerCreate:00000000 osTimerCreate
C:\Users\xiaofei\AppData\Local\Temp\ccKJz8Ma.s:311    .text.osTimerStart:00000000 $t
C:\Users\xiaofei\AppData\Local\Temp\ccKJz8Ma.s:316    .text.osTimerStart:00000000 osTimerStart
C:\Users\xiaofei\AppData\Local\Temp\ccKJz8Ma.s:324    .text.osTimerStop:00000000 $t
C:\Users\xiaofei\AppData\Local\Temp\ccKJz8Ma.s:329    .text.osTimerStop:00000000 osTimerStop
C:\Users\xiaofei\AppData\Local\Temp\ccKJz8Ma.s:337    .text.osTimerDelete:00000000 $t
C:\Users\xiaofei\AppData\Local\Temp\ccKJz8Ma.s:342    .text.osTimerDelete:00000000 osTimerDelete
C:\Users\xiaofei\AppData\Local\Temp\ccKJz8Ma.s:350    .text.osSignalSet:00000000 $t
C:\Users\xiaofei\AppData\Local\Temp\ccKJz8Ma.s:355    .text.osSignalSet:00000000 osSignalSet
C:\Users\xiaofei\AppData\Local\Temp\ccKJz8Ma.s:414    .text.osSignalSet:00000060 $d
C:\Users\xiaofei\AppData\Local\Temp\ccKJz8Ma.s:417    .text.osSignalWait:00000000 $t
C:\Users\xiaofei\AppData\Local\Temp\ccKJz8Ma.s:422    .text.osSignalWait:00000000 osSignalWait
C:\Users\xiaofei\AppData\Local\Temp\ccKJz8Ma.s:479    .text.osMutexCreate:00000000 $t
C:\Users\xiaofei\AppData\Local\Temp\ccKJz8Ma.s:484    .text.osMutexCreate:00000000 osMutexCreate
C:\Users\xiaofei\AppData\Local\Temp\ccKJz8Ma.s:499    .text.osMutexWait:00000000 $t
C:\Users\xiaofei\AppData\Local\Temp\ccKJz8Ma.s:504    .text.osMutexWait:00000000 osMutexWait
C:\Users\xiaofei\AppData\Local\Temp\ccKJz8Ma.s:570    .text.osMutexWait:00000068 $d
C:\Users\xiaofei\AppData\Local\Temp\ccKJz8Ma.s:573    .text.osMutexRelease:00000000 $t
C:\Users\xiaofei\AppData\Local\Temp\ccKJz8Ma.s:578    .text.osMutexRelease:00000000 osMutexRelease
C:\Users\xiaofei\AppData\Local\Temp\ccKJz8Ma.s:634    .text.osMutexRelease:00000058 $d
C:\Users\xiaofei\AppData\Local\Temp\ccKJz8Ma.s:637    .text.osMutexDelete:00000000 $t
C:\Users\xiaofei\AppData\Local\Temp\ccKJz8Ma.s:642    .text.osMutexDelete:00000000 osMutexDelete
C:\Users\xiaofei\AppData\Local\Temp\ccKJz8Ma.s:658    .text.osSemaphoreCreate:00000000 $t
C:\Users\xiaofei\AppData\Local\Temp\ccKJz8Ma.s:663    .text.osSemaphoreCreate:00000000 osSemaphoreCreate
C:\Users\xiaofei\AppData\Local\Temp\ccKJz8Ma.s:707    .text.osSemaphoreWait:00000000 $t
C:\Users\xiaofei\AppData\Local\Temp\ccKJz8Ma.s:712    .text.osSemaphoreWait:00000000 osSemaphoreWait
C:\Users\xiaofei\AppData\Local\Temp\ccKJz8Ma.s:775    .text.osSemaphoreWait:00000064 $d
ARM GAS  C:\Users\xiaofei\AppData\Local\Temp\ccKJz8Ma.s 			page 33


C:\Users\xiaofei\AppData\Local\Temp\ccKJz8Ma.s:778    .text.osSemaphoreRelease:00000000 $t
C:\Users\xiaofei\AppData\Local\Temp\ccKJz8Ma.s:783    .text.osSemaphoreRelease:00000000 osSemaphoreRelease
C:\Users\xiaofei\AppData\Local\Temp\ccKJz8Ma.s:839    .text.osSemaphoreRelease:00000058 $d
C:\Users\xiaofei\AppData\Local\Temp\ccKJz8Ma.s:842    .text.osSemaphoreDelete:00000000 $t
C:\Users\xiaofei\AppData\Local\Temp\ccKJz8Ma.s:847    .text.osSemaphoreDelete:00000000 osSemaphoreDelete
C:\Users\xiaofei\AppData\Local\Temp\ccKJz8Ma.s:863    .text.osPoolCreate:00000000 $t
C:\Users\xiaofei\AppData\Local\Temp\ccKJz8Ma.s:868    .text.osPoolCreate:00000000 osPoolCreate
C:\Users\xiaofei\AppData\Local\Temp\ccKJz8Ma.s:924    .text.osPoolAlloc:00000000 $t
C:\Users\xiaofei\AppData\Local\Temp\ccKJz8Ma.s:929    .text.osPoolAlloc:00000000 osPoolAlloc
C:\Users\xiaofei\AppData\Local\Temp\ccKJz8Ma.s:994    .text.osPoolCAlloc:00000000 $t
C:\Users\xiaofei\AppData\Local\Temp\ccKJz8Ma.s:999    .text.osPoolCAlloc:00000000 osPoolCAlloc
C:\Users\xiaofei\AppData\Local\Temp\ccKJz8Ma.s:1013   .text.osPoolFree:00000000 $t
C:\Users\xiaofei\AppData\Local\Temp\ccKJz8Ma.s:1018   .text.osPoolFree:00000000 osPoolFree
C:\Users\xiaofei\AppData\Local\Temp\ccKJz8Ma.s:1058   .text.osMessageCreate:00000000 $t
C:\Users\xiaofei\AppData\Local\Temp\ccKJz8Ma.s:1063   .text.osMessageCreate:00000000 osMessageCreate
C:\Users\xiaofei\AppData\Local\Temp\ccKJz8Ma.s:1089   .text.osMessagePut:00000000 $t
C:\Users\xiaofei\AppData\Local\Temp\ccKJz8Ma.s:1094   .text.osMessagePut:00000000 osMessagePut
C:\Users\xiaofei\AppData\Local\Temp\ccKJz8Ma.s:1157   .text.osMessagePut:00000064 $d
C:\Users\xiaofei\AppData\Local\Temp\ccKJz8Ma.s:1160   .text.osMessageGet:00000000 $t
C:\Users\xiaofei\AppData\Local\Temp\ccKJz8Ma.s:1165   .text.osMessageGet:00000000 osMessageGet
C:\Users\xiaofei\AppData\Local\Temp\ccKJz8Ma.s:1251   .text.osMessageGet:00000094 $d
C:\Users\xiaofei\AppData\Local\Temp\ccKJz8Ma.s:1254   .text.osMailCreate:00000000 $t
C:\Users\xiaofei\AppData\Local\Temp\ccKJz8Ma.s:1259   .text.osMailCreate:00000000 osMailCreate
C:\Users\xiaofei\AppData\Local\Temp\ccKJz8Ma.s:1310   .text.osMailAlloc:00000000 $t
C:\Users\xiaofei\AppData\Local\Temp\ccKJz8Ma.s:1315   .text.osMailAlloc:00000000 osMailAlloc
C:\Users\xiaofei\AppData\Local\Temp\ccKJz8Ma.s:1328   .text.osMailCAlloc:00000000 $t
C:\Users\xiaofei\AppData\Local\Temp\ccKJz8Ma.s:1333   .text.osMailCAlloc:00000000 osMailCAlloc
C:\Users\xiaofei\AppData\Local\Temp\ccKJz8Ma.s:1359   .text.osMailPut:00000000 $t
C:\Users\xiaofei\AppData\Local\Temp\ccKJz8Ma.s:1364   .text.osMailPut:00000000 osMailPut
C:\Users\xiaofei\AppData\Local\Temp\ccKJz8Ma.s:1427   .text.osMailPut:00000064 $d
C:\Users\xiaofei\AppData\Local\Temp\ccKJz8Ma.s:1430   .text.osMailGet:00000000 $t
C:\Users\xiaofei\AppData\Local\Temp\ccKJz8Ma.s:1435   .text.osMailGet:00000000 osMailGet
C:\Users\xiaofei\AppData\Local\Temp\ccKJz8Ma.s:1519   .text.osMailGet:00000090 $d
C:\Users\xiaofei\AppData\Local\Temp\ccKJz8Ma.s:1522   .text.osMailFree:00000000 $t
C:\Users\xiaofei\AppData\Local\Temp\ccKJz8Ma.s:1527   .text.osMailFree:00000000 osMailFree
C:\Users\xiaofei\AppData\Local\Temp\ccKJz8Ma.s:1540   .text.osSystickHandler:00000000 $t
C:\Users\xiaofei\AppData\Local\Temp\ccKJz8Ma.s:1545   .text.osSystickHandler:00000000 osSystickHandler
C:\Users\xiaofei\AppData\Local\Temp\ccKJz8Ma.s:1557   .text.osThreadSuspend:00000000 $t
C:\Users\xiaofei\AppData\Local\Temp\ccKJz8Ma.s:1562   .text.osThreadSuspend:00000000 osThreadSuspend
C:\Users\xiaofei\AppData\Local\Temp\ccKJz8Ma.s:1571   .text.osThreadResume:00000000 $t
C:\Users\xiaofei\AppData\Local\Temp\ccKJz8Ma.s:1576   .text.osThreadResume:00000000 osThreadResume
C:\Users\xiaofei\AppData\Local\Temp\ccKJz8Ma.s:1609   .text.osThreadResume:00000030 $d
C:\Users\xiaofei\AppData\Local\Temp\ccKJz8Ma.s:1612   .text.osThreadSuspendAll:00000000 $t
C:\Users\xiaofei\AppData\Local\Temp\ccKJz8Ma.s:1617   .text.osThreadSuspendAll:00000000 osThreadSuspendAll
C:\Users\xiaofei\AppData\Local\Temp\ccKJz8Ma.s:1626   .text.osThreadResumeAll:00000000 $t
C:\Users\xiaofei\AppData\Local\Temp\ccKJz8Ma.s:1631   .text.osThreadResumeAll:00000000 osThreadResumeAll
C:\Users\xiaofei\AppData\Local\Temp\ccKJz8Ma.s:1645   .text.osDelayUntil:00000000 $t
C:\Users\xiaofei\AppData\Local\Temp\ccKJz8Ma.s:1650   .text.osDelayUntil:00000000 osDelayUntil
C:\Users\xiaofei\AppData\Local\Temp\ccKJz8Ma.s:1658   .text.osAbortDelay:00000000 $t
C:\Users\xiaofei\AppData\Local\Temp\ccKJz8Ma.s:1663   .text.osAbortDelay:00000000 osAbortDelay
C:\Users\xiaofei\AppData\Local\Temp\ccKJz8Ma.s:1671   .text.osThreadList:00000000 $t
C:\Users\xiaofei\AppData\Local\Temp\ccKJz8Ma.s:1676   .text.osThreadList:00000000 osThreadList
C:\Users\xiaofei\AppData\Local\Temp\ccKJz8Ma.s:1684   .text.osMessagePeek:00000000 $t
C:\Users\xiaofei\AppData\Local\Temp\ccKJz8Ma.s:1689   .text.osMessagePeek:00000000 osMessagePeek
C:\Users\xiaofei\AppData\Local\Temp\ccKJz8Ma.s:1739   .text.osMessageWaiting:00000000 $t
C:\Users\xiaofei\AppData\Local\Temp\ccKJz8Ma.s:1744   .text.osMessageWaiting:00000000 osMessageWaiting
C:\Users\xiaofei\AppData\Local\Temp\ccKJz8Ma.s:1760   .text.osMessageAvailableSpace:00000000 $t
ARM GAS  C:\Users\xiaofei\AppData\Local\Temp\ccKJz8Ma.s 			page 34


C:\Users\xiaofei\AppData\Local\Temp\ccKJz8Ma.s:1765   .text.osMessageAvailableSpace:00000000 osMessageAvailableSpace
C:\Users\xiaofei\AppData\Local\Temp\ccKJz8Ma.s:1773   .text.osMessageDelete:00000000 $t
C:\Users\xiaofei\AppData\Local\Temp\ccKJz8Ma.s:1778   .text.osMessageDelete:00000000 osMessageDelete
C:\Users\xiaofei\AppData\Local\Temp\ccKJz8Ma.s:1794   .text.osRecursiveMutexCreate:00000000 $t
C:\Users\xiaofei\AppData\Local\Temp\ccKJz8Ma.s:1799   .text.osRecursiveMutexCreate:00000000 osRecursiveMutexCreate
C:\Users\xiaofei\AppData\Local\Temp\ccKJz8Ma.s:1807   .text.osRecursiveMutexRelease:00000000 $t
C:\Users\xiaofei\AppData\Local\Temp\ccKJz8Ma.s:1812   .text.osRecursiveMutexRelease:00000000 osRecursiveMutexRelease
C:\Users\xiaofei\AppData\Local\Temp\ccKJz8Ma.s:1820   .text.osRecursiveMutexWait:00000000 $t
C:\Users\xiaofei\AppData\Local\Temp\ccKJz8Ma.s:1825   .text.osRecursiveMutexWait:00000000 osRecursiveMutexWait
C:\Users\xiaofei\AppData\Local\Temp\ccKJz8Ma.s:1833   .text.osSemaphoreGetCount:00000000 $t
C:\Users\xiaofei\AppData\Local\Temp\ccKJz8Ma.s:1838   .text.osSemaphoreGetCount:00000000 osSemaphoreGetCount

UNDEFINED SYMBOLS
vTaskStartScheduler
xTaskGetSchedulerState
xTaskGetTickCountFromISR
xTaskGetTickCount
xTaskCreateStatic
xTaskCreate
xTaskGetCurrentTaskHandle
vTaskDelete
vTaskPrioritySet
uxTaskPriorityGetFromISR
uxTaskPriorityGet
vTaskDelay
xTaskGenericNotifyFromISR
xTaskGenericNotify
xTaskNotifyWait
xQueueCreateMutexStatic
xQueueCreateMutex
xQueueReceiveFromISR
xQueueSemaphoreTake
xQueueGiveFromISR
xQueueGenericSend
vQueueDelete
xQueueGenericCreateStatic
xQueueGenericCreate
pvPortMalloc
vPortFree
vPortEnterCritical
vPortExitCritical
xQueueGenericSendFromISR
xQueueReceive
SysTick_Handler
vTaskSuspend
xTaskResumeFromISR
vTaskResume
vTaskSuspendAll
xTaskResumeAll
xQueuePeek
uxQueueMessagesWaitingFromISR
uxQueueMessagesWaiting
uxQueueSpacesAvailable
