ARM GAS  C:\Users\xiaofei\AppData\Local\Temp\ccewDkHH.s 			page 1


   1              		.syntax unified
   2              		.cpu cortex-m7
   3              		.eabi_attribute 28, 1
   4              		.fpu fpv5-d16
   5              		.eabi_attribute 20, 1
   6              		.eabi_attribute 21, 1
   7              		.eabi_attribute 23, 3
   8              		.eabi_attribute 24, 1
   9              		.eabi_attribute 25, 1
  10              		.eabi_attribute 26, 1
  11              		.eabi_attribute 30, 1
  12              		.eabi_attribute 34, 1
  13              		.eabi_attribute 18, 4
  14              		.thumb
  15              		.syntax unified
  16              		.file	"gpio.c"
  17              		.text
  18              	.Ltext0:
  19              		.cfi_sections	.debug_frame
  20              		.section	.text.MX_GPIO_Init,"ax",%progbits
  21              		.align	2
  22              		.global	MX_GPIO_Init
  23              		.thumb
  24              		.thumb_func
  26              	MX_GPIO_Init:
  27              	.LFB141:
  28              		.file 1 "Core/Src/gpio.c"
   1:Core/Src/gpio.c **** /**
   2:Core/Src/gpio.c ****   ******************************************************************************
   3:Core/Src/gpio.c ****   * @file    gpio.c
   4:Core/Src/gpio.c ****   * @brief   This file provides code for the configuration
   5:Core/Src/gpio.c ****   *          of all used GPIO pins.
   6:Core/Src/gpio.c ****   ******************************************************************************
   7:Core/Src/gpio.c ****   * @attention
   8:Core/Src/gpio.c ****   *
   9:Core/Src/gpio.c ****   * <h2><center>&copy; Copyright (c) 2021 STMicroelectronics.
  10:Core/Src/gpio.c ****   * All rights reserved.</center></h2>
  11:Core/Src/gpio.c ****   *
  12:Core/Src/gpio.c ****   * This software component is licensed by ST under Ultimate Liberty license
  13:Core/Src/gpio.c ****   * SLA0044, the "License"; You may not use this file except in compliance with
  14:Core/Src/gpio.c ****   * the License. You may obtain a copy of the License at:
  15:Core/Src/gpio.c ****   *                             www.st.com/SLA0044
  16:Core/Src/gpio.c ****   *
  17:Core/Src/gpio.c ****   ******************************************************************************
  18:Core/Src/gpio.c ****   */
  19:Core/Src/gpio.c **** 
  20:Core/Src/gpio.c **** /* Includes ------------------------------------------------------------------*/
  21:Core/Src/gpio.c **** #include "gpio.h"
  22:Core/Src/gpio.c **** 
  23:Core/Src/gpio.c **** /* USER CODE BEGIN 0 */
  24:Core/Src/gpio.c **** 
  25:Core/Src/gpio.c **** /* USER CODE END 0 */
  26:Core/Src/gpio.c **** 
  27:Core/Src/gpio.c **** /*----------------------------------------------------------------------------*/
  28:Core/Src/gpio.c **** /* Configure GPIO                                                             */
  29:Core/Src/gpio.c **** /*----------------------------------------------------------------------------*/
  30:Core/Src/gpio.c **** /* USER CODE BEGIN 1 */
ARM GAS  C:\Users\xiaofei\AppData\Local\Temp\ccewDkHH.s 			page 2


  31:Core/Src/gpio.c **** 
  32:Core/Src/gpio.c **** /* USER CODE END 1 */
  33:Core/Src/gpio.c **** 
  34:Core/Src/gpio.c **** /** Configure pins
  35:Core/Src/gpio.c ****      PH0-OSC_IN (PH0)   ------> RCC_OSC_IN
  36:Core/Src/gpio.c ****      PH1-OSC_OUT (PH1)   ------> RCC_OSC_OUT
  37:Core/Src/gpio.c ****      PA13 (JTMS/SWDIO)   ------> DEBUG_JTMS-SWDIO
  38:Core/Src/gpio.c ****      PA14 (JTCK/SWCLK)   ------> DEBUG_JTCK-SWCLK
  39:Core/Src/gpio.c **** */
  40:Core/Src/gpio.c **** void MX_GPIO_Init(void)
  41:Core/Src/gpio.c **** {
  29              		.loc 1 41 0
  30              		.cfi_startproc
  31              		@ args = 0, pretend = 0, frame = 40
  32              		@ frame_needed = 0, uses_anonymous_args = 0
  33 0000 30B5     		push	{r4, r5, lr}
  34              	.LCFI0:
  35              		.cfi_def_cfa_offset 12
  36              		.cfi_offset 4, -12
  37              		.cfi_offset 5, -8
  38              		.cfi_offset 14, -4
  39 0002 8BB0     		sub	sp, sp, #44
  40              	.LCFI1:
  41              		.cfi_def_cfa_offset 56
  42:Core/Src/gpio.c **** 
  43:Core/Src/gpio.c ****   GPIO_InitTypeDef GPIO_InitStruct = {0};
  42              		.loc 1 43 0
  43 0004 0024     		movs	r4, #0
  44 0006 0594     		str	r4, [sp, #20]
  45 0008 0694     		str	r4, [sp, #24]
  46 000a 0794     		str	r4, [sp, #28]
  47 000c 0894     		str	r4, [sp, #32]
  48 000e 0994     		str	r4, [sp, #36]
  49              	.LBB2:
  44:Core/Src/gpio.c **** 
  45:Core/Src/gpio.c ****   /* GPIO Ports Clock Enable */
  46:Core/Src/gpio.c ****   __HAL_RCC_GPIOC_CLK_ENABLE();
  50              		.loc 1 46 0
  51 0010 224B     		ldr	r3, .L3
  52 0012 D3F8E020 		ldr	r2, [r3, #224]
  53 0016 42F00402 		orr	r2, r2, #4
  54 001a C3F8E020 		str	r2, [r3, #224]
  55 001e D3F8E020 		ldr	r2, [r3, #224]
  56 0022 02F00402 		and	r2, r2, #4
  57 0026 0192     		str	r2, [sp, #4]
  58 0028 019A     		ldr	r2, [sp, #4]
  59              	.LBE2:
  60              	.LBB3:
  47:Core/Src/gpio.c ****   __HAL_RCC_GPIOH_CLK_ENABLE();
  61              		.loc 1 47 0
  62 002a D3F8E020 		ldr	r2, [r3, #224]
  63 002e 42F08002 		orr	r2, r2, #128
  64 0032 C3F8E020 		str	r2, [r3, #224]
  65 0036 D3F8E020 		ldr	r2, [r3, #224]
  66 003a 02F08002 		and	r2, r2, #128
  67 003e 0292     		str	r2, [sp, #8]
  68 0040 029A     		ldr	r2, [sp, #8]
ARM GAS  C:\Users\xiaofei\AppData\Local\Temp\ccewDkHH.s 			page 3


  69              	.LBE3:
  70              	.LBB4:
  48:Core/Src/gpio.c ****   __HAL_RCC_GPIOB_CLK_ENABLE();
  71              		.loc 1 48 0
  72 0042 D3F8E020 		ldr	r2, [r3, #224]
  73 0046 42F00202 		orr	r2, r2, #2
  74 004a C3F8E020 		str	r2, [r3, #224]
  75 004e D3F8E020 		ldr	r2, [r3, #224]
  76 0052 02F00202 		and	r2, r2, #2
  77 0056 0392     		str	r2, [sp, #12]
  78 0058 039A     		ldr	r2, [sp, #12]
  79              	.LBE4:
  80              	.LBB5:
  49:Core/Src/gpio.c ****   __HAL_RCC_GPIOA_CLK_ENABLE();
  81              		.loc 1 49 0
  82 005a D3F8E020 		ldr	r2, [r3, #224]
  83 005e 42F00102 		orr	r2, r2, #1
  84 0062 C3F8E020 		str	r2, [r3, #224]
  85 0066 D3F8E030 		ldr	r3, [r3, #224]
  86 006a 03F00103 		and	r3, r3, #1
  87 006e 0493     		str	r3, [sp, #16]
  88 0070 049B     		ldr	r3, [sp, #16]
  89              	.LBE5:
  50:Core/Src/gpio.c **** 
  51:Core/Src/gpio.c ****   /*Configure GPIO pin Output Level */
  52:Core/Src/gpio.c ****   HAL_GPIO_WritePin(GPIOC, GPIO_PIN_13, GPIO_PIN_RESET);
  90              		.loc 1 52 0
  91 0072 0B4D     		ldr	r5, .L3+4
  92 0074 2246     		mov	r2, r4
  93 0076 4FF40051 		mov	r1, #8192
  94 007a 2846     		mov	r0, r5
  95 007c FFF7FEFF 		bl	HAL_GPIO_WritePin
  96              	.LVL0:
  53:Core/Src/gpio.c **** 
  54:Core/Src/gpio.c ****   /*Configure GPIO pin : PC13 */
  55:Core/Src/gpio.c ****   GPIO_InitStruct.Pin = GPIO_PIN_13;
  97              		.loc 1 55 0
  98 0080 4FF40053 		mov	r3, #8192
  99 0084 0593     		str	r3, [sp, #20]
  56:Core/Src/gpio.c ****   GPIO_InitStruct.Mode = GPIO_MODE_OUTPUT_PP;
 100              		.loc 1 56 0
 101 0086 0123     		movs	r3, #1
 102 0088 0693     		str	r3, [sp, #24]
  57:Core/Src/gpio.c ****   GPIO_InitStruct.Pull = GPIO_NOPULL;
 103              		.loc 1 57 0
 104 008a 0794     		str	r4, [sp, #28]
  58:Core/Src/gpio.c ****   GPIO_InitStruct.Speed = GPIO_SPEED_FREQ_LOW;
 105              		.loc 1 58 0
 106 008c 0894     		str	r4, [sp, #32]
  59:Core/Src/gpio.c ****   HAL_GPIO_Init(GPIOC, &GPIO_InitStruct);
 107              		.loc 1 59 0
 108 008e 05A9     		add	r1, sp, #20
 109 0090 2846     		mov	r0, r5
 110 0092 FFF7FEFF 		bl	HAL_GPIO_Init
 111              	.LVL1:
  60:Core/Src/gpio.c **** 
  61:Core/Src/gpio.c **** }
ARM GAS  C:\Users\xiaofei\AppData\Local\Temp\ccewDkHH.s 			page 4


 112              		.loc 1 61 0
 113 0096 0BB0     		add	sp, sp, #44
 114              	.LCFI2:
 115              		.cfi_def_cfa_offset 12
 116              		@ sp needed
 117 0098 30BD     		pop	{r4, r5, pc}
 118              	.L4:
 119 009a 00BF     		.align	2
 120              	.L3:
 121 009c 00440258 		.word	1476543488
 122 00a0 00080258 		.word	1476528128
 123              		.cfi_endproc
 124              	.LFE141:
 126              		.text
 127              	.Letext0:
 128              		.file 2 "d:\\program files (x86)\\gnu tools arm embedded\\5.4 2016q3\\arm-none-eabi\\include\\mach
 129              		.file 3 "d:\\program files (x86)\\gnu tools arm embedded\\5.4 2016q3\\arm-none-eabi\\include\\sys\
 130              		.file 4 "Drivers/CMSIS/Device/ST/STM32H7xx/Include/stm32h750xx.h"
 131              		.file 5 "Drivers/STM32H7xx_HAL_Driver/Inc/stm32h7xx_hal_gpio.h"
 132              		.file 6 "Drivers/CMSIS/Include/core_cm7.h"
ARM GAS  C:\Users\xiaofei\AppData\Local\Temp\ccewDkHH.s 			page 5


DEFINED SYMBOLS
                            *ABS*:00000000 gpio.c
C:\Users\xiaofei\AppData\Local\Temp\ccewDkHH.s:21     .text.MX_GPIO_Init:00000000 $t
C:\Users\xiaofei\AppData\Local\Temp\ccewDkHH.s:26     .text.MX_GPIO_Init:00000000 MX_GPIO_Init
C:\Users\xiaofei\AppData\Local\Temp\ccewDkHH.s:121    .text.MX_GPIO_Init:0000009c $d
                     .debug_frame:00000010 $d

UNDEFINED SYMBOLS
HAL_GPIO_WritePin
HAL_GPIO_Init
