ARM GAS  C:\Users\xiaofei\AppData\Local\Temp\ccMOzmPC.s 			page 1


   1              		.syntax unified
   2              		.cpu cortex-m7
   3              		.eabi_attribute 28, 1
   4              		.fpu fpv5-d16
   5              		.eabi_attribute 20, 1
   6              		.eabi_attribute 21, 1
   7              		.eabi_attribute 23, 3
   8              		.eabi_attribute 24, 1
   9              		.eabi_attribute 25, 1
  10              		.eabi_attribute 26, 1
  11              		.eabi_attribute 30, 1
  12              		.eabi_attribute 34, 1
  13              		.eabi_attribute 18, 4
  14              		.thumb
  15              		.syntax unified
  16              		.file	"port.c"
  17              		.section	.text.prvTaskExitError,"ax",%progbits
  18              		.align	2
  19              		.thumb
  20              		.thumb_func
  22              	prvTaskExitError:
  23              		@ args = 0, pretend = 0, frame = 8
  24              		@ frame_needed = 0, uses_anonymous_args = 0
  25              		@ link register save eliminated.
  26 0000 82B0     		sub	sp, sp, #8
  27 0002 0023     		movs	r3, #0
  28 0004 0193     		str	r3, [sp, #4]
  29 0006 0D4B     		ldr	r3, .L6
  30 0008 1B68     		ldr	r3, [r3]
  31 000a B3F1FF3F 		cmp	r3, #-1
  32 000e 08D0     		beq	.L2
  33              		.syntax unified
  34              	@ 195 "Middlewares/Third_Party/FreeRTOS/Source/portable/GCC/ARM_CM4F/portmacro.h" 1
  35 0010 4FF05003 			mov r3, #80												
  36 0014 83F31188 		msr basepri, r3											
  37 0018 BFF36F8F 		isb														
  38 001c BFF34F8F 		dsb														
  39              	
  40              	@ 0 "" 2
  41              		.thumb
  42              		.syntax unified
  43              	.L3:
  44 0020 FEE7     		b	.L3
  45              	.L2:
  46              		.syntax unified
  47              	@ 195 "Middlewares/Third_Party/FreeRTOS/Source/portable/GCC/ARM_CM4F/portmacro.h" 1
  48 0022 4FF05003 			mov r3, #80												
  49 0026 83F31188 		msr basepri, r3											
  50 002a BFF36F8F 		isb														
  51 002e BFF34F8F 		dsb														
  52              	
  53              	@ 0 "" 2
  54              		.thumb
  55              		.syntax unified
  56              	.L4:
  57 0032 019B     		ldr	r3, [sp, #4]
  58 0034 002B     		cmp	r3, #0
ARM GAS  C:\Users\xiaofei\AppData\Local\Temp\ccMOzmPC.s 			page 2


  59 0036 FCD0     		beq	.L4
  60 0038 02B0     		add	sp, sp, #8
  61              		@ sp needed
  62 003a 7047     		bx	lr
  63              	.L7:
  64              		.align	2
  65              	.L6:
  66 003c 00000000 		.word	.LANCHOR0
  68              		.section	.text.prvPortStartFirstTask,"ax",%progbits
  69              		.align	2
  70              		.thumb
  71              		.thumb_func
  73              	prvPortStartFirstTask:
  74              		@ Naked Function: prologue and epilogue provided by programmer.
  75              		@ args = 0, pretend = 0, frame = 0
  76              		@ frame_needed = 0, uses_anonymous_args = 0
  77              		.syntax unified
  78              	@ 267 "Middlewares/Third_Party/FreeRTOS/Source/portable/GCC/ARM_CM4F/port.c" 1
  79 0000 0848     		 ldr r0, =0xE000ED08 	
  80 0002 0068     	 ldr r0, [r0] 			
  81 0004 0068     	 ldr r0, [r0] 			
  82 0006 80F30888 	 msr msp, r0			
  83 000a 4FF00000 	 mov r0, #0			
  84 000e 80F31488 	 msr control, r0		
  85 0012 62B6     	 cpsie i				
  86 0014 61B6     	 cpsie f				
  87 0016 BFF34F8F 	 dsb					
  88 001a BFF36F8F 	 isb					
  89 001e 00DF     	 svc 0					
  90 0020 00BF     	 nop					
  91              	
  92              	@ 0 "" 2
  93              		.thumb
  94              		.syntax unified
  96 0022 0000     		.section	.text.vPortEnableVFP,"ax",%progbits
  97              		.align	2
  98              		.thumb
  99              		.thumb_func
 101              	vPortEnableVFP:
 102              		@ Naked Function: prologue and epilogue provided by programmer.
 103              		@ args = 0, pretend = 0, frame = 0
 104              		@ frame_needed = 0, uses_anonymous_args = 0
 105              		.syntax unified
 106              	@ 703 "Middlewares/Third_Party/FreeRTOS/Source/portable/GCC/ARM_CM4F/port.c" 1
 107 0000 DFF80C00 			ldr.w r0, =0xE000ED88		
 108 0004 0168     		ldr r1, [r0]				
 109              									
 110 0006 41F47001 		orr r1, r1, #( 0xf << 20 )	
 111 000a 0160     		str r1, [r0]				
 112 000c 7047     		bx r14						
 113              	@ 0 "" 2
 114              		.thumb
 115              		.syntax unified
 117 000e 0000     		.section	.text.pxPortInitialiseStack,"ax",%progbits
 118              		.align	2
 119              		.global	pxPortInitialiseStack
 120              		.thumb
ARM GAS  C:\Users\xiaofei\AppData\Local\Temp\ccMOzmPC.s 			page 3


 121              		.thumb_func
 123              	pxPortInitialiseStack:
 124              		@ args = 0, pretend = 0, frame = 0
 125              		@ frame_needed = 0, uses_anonymous_args = 0
 126              		@ link register save eliminated.
 127 0000 4FF08073 		mov	r3, #16777216
 128 0004 40F8043C 		str	r3, [r0, #-4]
 129 0008 21F00101 		bic	r1, r1, #1
 130 000c 40F8081C 		str	r1, [r0, #-8]
 131 0010 054B     		ldr	r3, .L11
 132 0012 40F80C3C 		str	r3, [r0, #-12]
 133 0016 40F8202C 		str	r2, [r0, #-32]
 134 001a 6FF00203 		mvn	r3, #2
 135 001e 40F8243C 		str	r3, [r0, #-36]
 136 0022 4438     		subs	r0, r0, #68
 137 0024 7047     		bx	lr
 138              	.L12:
 139 0026 00BF     		.align	2
 140              	.L11:
 141 0028 00000000 		.word	prvTaskExitError
 143              		.section	.text.SVC_Handler,"ax",%progbits
 144              		.align	2
 145              		.global	SVC_Handler
 146              		.thumb
 147              		.thumb_func
 149              	SVC_Handler:
 150              		@ Naked Function: prologue and epilogue provided by programmer.
 151              		@ args = 0, pretend = 0, frame = 0
 152              		@ frame_needed = 0, uses_anonymous_args = 0
 153              		.syntax unified
 154              	@ 244 "Middlewares/Third_Party/FreeRTOS/Source/portable/GCC/ARM_CM4F/port.c" 1
 155 0000 074B     			ldr	r3, pxCurrentTCBConst2		
 156 0002 1968     		ldr r1, [r3]					
 157 0004 0868     		ldr r0, [r1]					
 158 0006 B0E8F04F 		ldmia r0!, {r4-r11, r14}		
 159 000a 80F30988 		msr psp, r0						
 160 000e BFF36F8F 		isb								
 161 0012 4FF00000 		mov r0, #0 						
 162 0016 80F31188 		msr	basepri, r0					
 163 001a 7047     		bx r14							
 164              										
 165 001c AFF30080 		.align 4						
 166 0020 00000000 	pxCurrentTCBConst2: .word pxCurrentTCB				
 167              	
 168              	@ 0 "" 2
 169              		.thumb
 170              		.syntax unified
 172              		.section	.text.vPortEndScheduler,"ax",%progbits
 173              		.align	2
 174              		.global	vPortEndScheduler
 175              		.thumb
 176              		.thumb_func
 178              	vPortEndScheduler:
 179              		@ args = 0, pretend = 0, frame = 0
 180              		@ frame_needed = 0, uses_anonymous_args = 0
 181              		@ link register save eliminated.
 182 0000 074B     		ldr	r3, .L17
ARM GAS  C:\Users\xiaofei\AppData\Local\Temp\ccMOzmPC.s 			page 4


 183 0002 1B68     		ldr	r3, [r3]
 184 0004 B3F57A7F 		cmp	r3, #1000
 185 0008 08D0     		beq	.L14
 186              		.syntax unified
 187              	@ 195 "Middlewares/Third_Party/FreeRTOS/Source/portable/GCC/ARM_CM4F/portmacro.h" 1
 188 000a 4FF05003 			mov r3, #80												
 189 000e 83F31188 		msr basepri, r3											
 190 0012 BFF36F8F 		isb														
 191 0016 BFF34F8F 		dsb														
 192              	
 193              	@ 0 "" 2
 194              		.thumb
 195              		.syntax unified
 196              	.L16:
 197 001a FEE7     		b	.L16
 198              	.L14:
 199 001c 7047     		bx	lr
 200              	.L18:
 201 001e 00BF     		.align	2
 202              	.L17:
 203 0020 00000000 		.word	.LANCHOR0
 205              		.section	.text.vPortEnterCritical,"ax",%progbits
 206              		.align	2
 207              		.global	vPortEnterCritical
 208              		.thumb
 209              		.thumb_func
 211              	vPortEnterCritical:
 212              		@ args = 0, pretend = 0, frame = 0
 213              		@ frame_needed = 0, uses_anonymous_args = 0
 214              		@ link register save eliminated.
 215              		.syntax unified
 216              	@ 195 "Middlewares/Third_Party/FreeRTOS/Source/portable/GCC/ARM_CM4F/portmacro.h" 1
 217 0000 4FF05003 			mov r3, #80												
 218 0004 83F31188 		msr basepri, r3											
 219 0008 BFF36F8F 		isb														
 220 000c BFF34F8F 		dsb														
 221              	
 222              	@ 0 "" 2
 223              		.thumb
 224              		.syntax unified
 225 0010 0A4A     		ldr	r2, .L22
 226 0012 1368     		ldr	r3, [r2]
 227 0014 0133     		adds	r3, r3, #1
 228 0016 1360     		str	r3, [r2]
 229 0018 012B     		cmp	r3, #1
 230 001a 0DD1     		bne	.L19
 231 001c 084B     		ldr	r3, .L22+4
 232 001e 1B68     		ldr	r3, [r3]
 233 0020 13F0FF0F 		tst	r3, #255
 234 0024 08D0     		beq	.L19
 235              		.syntax unified
 236              	@ 195 "Middlewares/Third_Party/FreeRTOS/Source/portable/GCC/ARM_CM4F/portmacro.h" 1
 237 0026 4FF05003 			mov r3, #80												
 238 002a 83F31188 		msr basepri, r3											
 239 002e BFF36F8F 		isb														
 240 0032 BFF34F8F 		dsb														
 241              	
ARM GAS  C:\Users\xiaofei\AppData\Local\Temp\ccMOzmPC.s 			page 5


 242              	@ 0 "" 2
 243              		.thumb
 244              		.syntax unified
 245              	.L21:
 246 0036 FEE7     		b	.L21
 247              	.L19:
 248 0038 7047     		bx	lr
 249              	.L23:
 250 003a 00BF     		.align	2
 251              	.L22:
 252 003c 00000000 		.word	.LANCHOR0
 253 0040 04ED00E0 		.word	-536810236
 255              		.section	.text.vPortExitCritical,"ax",%progbits
 256              		.align	2
 257              		.global	vPortExitCritical
 258              		.thumb
 259              		.thumb_func
 261              	vPortExitCritical:
 262              		@ args = 0, pretend = 0, frame = 0
 263              		@ frame_needed = 0, uses_anonymous_args = 0
 264              		@ link register save eliminated.
 265 0000 094B     		ldr	r3, .L28
 266 0002 1B68     		ldr	r3, [r3]
 267 0004 43B9     		cbnz	r3, .L25
 268              		.syntax unified
 269              	@ 195 "Middlewares/Third_Party/FreeRTOS/Source/portable/GCC/ARM_CM4F/portmacro.h" 1
 270 0006 4FF05003 			mov r3, #80												
 271 000a 83F31188 		msr basepri, r3											
 272 000e BFF36F8F 		isb														
 273 0012 BFF34F8F 		dsb														
 274              	
 275              	@ 0 "" 2
 276              		.thumb
 277              		.syntax unified
 278              	.L26:
 279 0016 FEE7     		b	.L26
 280              	.L25:
 281 0018 013B     		subs	r3, r3, #1
 282 001a 034A     		ldr	r2, .L28
 283 001c 1360     		str	r3, [r2]
 284 001e 0BB9     		cbnz	r3, .L24
 285              		.syntax unified
 286              	@ 229 "Middlewares/Third_Party/FreeRTOS/Source/portable/GCC/ARM_CM4F/portmacro.h" 1
 287 0020 83F31188 			msr basepri, r3	
 288              	@ 0 "" 2
 289              		.thumb
 290              		.syntax unified
 291              	.L24:
 292 0024 7047     		bx	lr
 293              	.L29:
 294 0026 00BF     		.align	2
 295              	.L28:
 296 0028 00000000 		.word	.LANCHOR0
 298              		.section	.text.PendSV_Handler,"ax",%progbits
 299              		.align	2
 300              		.global	PendSV_Handler
 301              		.thumb
ARM GAS  C:\Users\xiaofei\AppData\Local\Temp\ccMOzmPC.s 			page 6


 302              		.thumb_func
 304              	PendSV_Handler:
 305              		@ Naked Function: prologue and epilogue provided by programmer.
 306              		@ args = 0, pretend = 0, frame = 0
 307              		@ frame_needed = 0, uses_anonymous_args = 0
 308              		.syntax unified
 309              	@ 435 "Middlewares/Third_Party/FreeRTOS/Source/portable/GCC/ARM_CM4F/port.c" 1
 310 0000 EFF30980 			mrs r0, psp							
 311 0004 BFF36F8F 		isb									
 312              											
 313 0008 154B     		ldr	r3, pxCurrentTCBConst			
 314 000a 1A68     		ldr	r2, [r3]						
 315              											
 316 000c 1EF0100F 		tst r14, #0x10						
 317 0010 08BF     		it eq								
 318 0012 20ED108A 		vstmdbeq r0!, {s16-s31}				
 319              											
 320 0016 20E9F04F 		stmdb r0!, {r4-r11, r14}			
 321 001a 1060     		str r0, [r2]						
 322              											
 323 001c 2DE90900 		stmdb sp!, {r0, r3}					
 324 0020 4FF05000 		mov r0, #80 							
 325 0024 80F31188 		msr basepri, r0						
 326 0028 BFF34F8F 		dsb									
 327 002c BFF36F8F 		isb									
 328 0030 FFF7FEFF 		bl vTaskSwitchContext				
 329 0034 4FF00000 		mov r0, #0							
 330 0038 80F31188 		msr basepri, r0						
 331 003c 09BC     		ldmia sp!, {r0, r3}					
 332              											
 333 003e 1968     		ldr r1, [r3]						
 334 0040 0868     		ldr r0, [r1]						
 335              											
 336 0042 B0E8F04F 		ldmia r0!, {r4-r11, r14}			
 337              											
 338 0046 1EF0100F 		tst r14, #0x10						
 339 004a 08BF     		it eq								
 340 004c B0EC108A 		vldmiaeq r0!, {s16-s31}				
 341              											
 342 0050 80F30988 		msr psp, r0							
 343 0054 BFF36F8F 		isb									
 344              											
 345              											
 346 0058 7047     		bx r14								
 347              											
 348 005a 00BFAFF3 		.align 4							
 348      0080
 349 0060 00000000 	pxCurrentTCBConst: .word pxCurrentTCB	
 350              	
 351              	@ 0 "" 2
 352              		.thumb
 353              		.syntax unified
 355              		.section	.text.SysTick_Handler,"ax",%progbits
 356              		.align	2
 357              		.global	SysTick_Handler
 358              		.thumb
 359              		.thumb_func
ARM GAS  C:\Users\xiaofei\AppData\Local\Temp\ccMOzmPC.s 			page 7


 361              	SysTick_Handler:
 362              		@ args = 0, pretend = 0, frame = 0
 363              		@ frame_needed = 0, uses_anonymous_args = 0
 364 0000 08B5     		push	{r3, lr}
 365              		.syntax unified
 366              	@ 195 "Middlewares/Third_Party/FreeRTOS/Source/portable/GCC/ARM_CM4F/portmacro.h" 1
 367 0002 4FF05003 			mov r3, #80												
 368 0006 83F31188 		msr basepri, r3											
 369 000a BFF36F8F 		isb														
 370 000e BFF34F8F 		dsb														
 371              	
 372              	@ 0 "" 2
 373              		.thumb
 374              		.syntax unified
 375 0012 FFF7FEFF 		bl	xTaskIncrementTick
 376 0016 18B1     		cbz	r0, .L32
 377 0018 4FF08052 		mov	r2, #268435456
 378 001c 024B     		ldr	r3, .L34
 379 001e 1A60     		str	r2, [r3]
 380              	.L32:
 381 0020 0023     		movs	r3, #0
 382              		.syntax unified
 383              	@ 229 "Middlewares/Third_Party/FreeRTOS/Source/portable/GCC/ARM_CM4F/portmacro.h" 1
 384 0022 83F31188 			msr basepri, r3	
 385              	@ 0 "" 2
 386              		.thumb
 387              		.syntax unified
 388 0026 08BD     		pop	{r3, pc}
 389              	.L35:
 390              		.align	2
 391              	.L34:
 392 0028 04ED00E0 		.word	-536810236
 394              		.section	.text.vPortSetupTimerInterrupt,"ax",%progbits
 395              		.align	2
 396              		.weak	vPortSetupTimerInterrupt
 397              		.thumb
 398              		.thumb_func
 400              	vPortSetupTimerInterrupt:
 401              		@ args = 0, pretend = 0, frame = 0
 402              		@ frame_needed = 0, uses_anonymous_args = 0
 403              		@ link register save eliminated.
 404 0000 084A     		ldr	r2, .L37
 405 0002 0023     		movs	r3, #0
 406 0004 1360     		str	r3, [r2]
 407 0006 0849     		ldr	r1, .L37+4
 408 0008 0B60     		str	r3, [r1]
 409 000a 084B     		ldr	r3, .L37+8
 410 000c 1B68     		ldr	r3, [r3]
 411 000e 0849     		ldr	r1, .L37+12
 412 0010 A1FB0313 		umull	r1, r3, r1, r3
 413 0014 9B09     		lsrs	r3, r3, #6
 414 0016 013B     		subs	r3, r3, #1
 415 0018 0649     		ldr	r1, .L37+16
 416 001a 0B60     		str	r3, [r1]
 417 001c 0723     		movs	r3, #7
 418 001e 1360     		str	r3, [r2]
 419 0020 7047     		bx	lr
ARM GAS  C:\Users\xiaofei\AppData\Local\Temp\ccMOzmPC.s 			page 8


 420              	.L38:
 421 0022 00BF     		.align	2
 422              	.L37:
 423 0024 10E000E0 		.word	-536813552
 424 0028 18E000E0 		.word	-536813544
 425 002c 00000000 		.word	SystemCoreClock
 426 0030 D34D6210 		.word	274877907
 427 0034 14E000E0 		.word	-536813548
 429              		.section	.text.xPortStartScheduler,"ax",%progbits
 430              		.align	2
 431              		.global	xPortStartScheduler
 432              		.thumb
 433              		.thumb_func
 435              	xPortStartScheduler:
 436              		@ args = 0, pretend = 0, frame = 8
 437              		@ frame_needed = 0, uses_anonymous_args = 0
 438 0000 3A4B     		ldr	r3, .L49
 439 0002 1A68     		ldr	r2, [r3]
 440 0004 3A4B     		ldr	r3, .L49+4
 441 0006 9A42     		cmp	r2, r3
 442 0008 08D1     		bne	.L40
 443              		.syntax unified
 444              	@ 195 "Middlewares/Third_Party/FreeRTOS/Source/portable/GCC/ARM_CM4F/portmacro.h" 1
 445 000a 4FF05003 			mov r3, #80												
 446 000e 83F31188 		msr basepri, r3											
 447 0012 BFF36F8F 		isb														
 448 0016 BFF34F8F 		dsb														
 449              	
 450              	@ 0 "" 2
 451              		.thumb
 452              		.syntax unified
 453              	.L41:
 454 001a FEE7     		b	.L41
 455              	.L40:
 456 001c 334B     		ldr	r3, .L49
 457 001e 1A68     		ldr	r2, [r3]
 458 0020 344B     		ldr	r3, .L49+8
 459 0022 9A42     		cmp	r2, r3
 460 0024 08D1     		bne	.L42
 461              		.syntax unified
 462              	@ 195 "Middlewares/Third_Party/FreeRTOS/Source/portable/GCC/ARM_CM4F/portmacro.h" 1
 463 0026 4FF05003 			mov r3, #80												
 464 002a 83F31188 		msr basepri, r3											
 465 002e BFF36F8F 		isb														
 466 0032 BFF34F8F 		dsb														
 467              	
 468              	@ 0 "" 2
 469              		.thumb
 470              		.syntax unified
 471              	.L43:
 472 0036 FEE7     		b	.L43
 473              	.L42:
 474 0038 10B5     		push	{r4, lr}
 475 003a 82B0     		sub	sp, sp, #8
 476 003c 2E4B     		ldr	r3, .L49+12
 477 003e 1A78     		ldrb	r2, [r3]	@ zero_extendqisi2
 478 0040 D2B2     		uxtb	r2, r2
ARM GAS  C:\Users\xiaofei\AppData\Local\Temp\ccMOzmPC.s 			page 9


 479 0042 0192     		str	r2, [sp, #4]
 480 0044 FF22     		movs	r2, #255
 481 0046 1A70     		strb	r2, [r3]
 482 0048 1B78     		ldrb	r3, [r3]	@ zero_extendqisi2
 483 004a DBB2     		uxtb	r3, r3
 484 004c 8DF80330 		strb	r3, [sp, #3]
 485 0050 9DF80330 		ldrb	r3, [sp, #3]	@ zero_extendqisi2
 486 0054 03F05003 		and	r3, r3, #80
 487 0058 284A     		ldr	r2, .L49+16
 488 005a 1370     		strb	r3, [r2]
 489 005c 0722     		movs	r2, #7
 490 005e 284B     		ldr	r3, .L49+20
 491 0060 1A60     		str	r2, [r3]
 492 0062 09E0     		b	.L44
 493              	.L45:
 494 0064 264A     		ldr	r2, .L49+20
 495 0066 1368     		ldr	r3, [r2]
 496 0068 013B     		subs	r3, r3, #1
 497 006a 1360     		str	r3, [r2]
 498 006c 9DF80330 		ldrb	r3, [sp, #3]	@ zero_extendqisi2
 499 0070 5B00     		lsls	r3, r3, #1
 500 0072 DBB2     		uxtb	r3, r3
 501 0074 8DF80330 		strb	r3, [sp, #3]
 502              	.L44:
 503 0078 9DF80330 		ldrb	r3, [sp, #3]	@ zero_extendqisi2
 504 007c 13F0800F 		tst	r3, #128
 505 0080 F0D1     		bne	.L45
 506 0082 1F4B     		ldr	r3, .L49+20
 507 0084 1B68     		ldr	r3, [r3]
 508 0086 032B     		cmp	r3, #3
 509 0088 08D0     		beq	.L46
 510              		.syntax unified
 511              	@ 195 "Middlewares/Third_Party/FreeRTOS/Source/portable/GCC/ARM_CM4F/portmacro.h" 1
 512 008a 4FF05003 			mov r3, #80												
 513 008e 83F31188 		msr basepri, r3											
 514 0092 BFF36F8F 		isb														
 515 0096 BFF34F8F 		dsb														
 516              	
 517              	@ 0 "" 2
 518              		.thumb
 519              		.syntax unified
 520              	.L47:
 521 009a FEE7     		b	.L47
 522              	.L46:
 523 009c 1B02     		lsls	r3, r3, #8
 524 009e 03F4E063 		and	r3, r3, #1792
 525 00a2 174A     		ldr	r2, .L49+20
 526 00a4 1360     		str	r3, [r2]
 527 00a6 019B     		ldr	r3, [sp, #4]
 528 00a8 DBB2     		uxtb	r3, r3
 529 00aa 134A     		ldr	r2, .L49+12
 530 00ac 1370     		strb	r3, [r2]
 531 00ae 154B     		ldr	r3, .L49+24
 532 00b0 1A68     		ldr	r2, [r3]
 533 00b2 42F47002 		orr	r2, r2, #15728640
 534 00b6 1A60     		str	r2, [r3]
 535 00b8 1A68     		ldr	r2, [r3]
ARM GAS  C:\Users\xiaofei\AppData\Local\Temp\ccMOzmPC.s 			page 10


 536 00ba 42F07042 		orr	r2, r2, #-268435456
 537 00be 1A60     		str	r2, [r3]
 538 00c0 FFF7FEFF 		bl	vPortSetupTimerInterrupt
 539 00c4 0024     		movs	r4, #0
 540 00c6 104B     		ldr	r3, .L49+28
 541 00c8 1C60     		str	r4, [r3]
 542 00ca FFF7FEFF 		bl	vPortEnableVFP
 543 00ce 0F4A     		ldr	r2, .L49+32
 544 00d0 1368     		ldr	r3, [r2]
 545 00d2 43F04043 		orr	r3, r3, #-1073741824
 546 00d6 1360     		str	r3, [r2]
 547 00d8 FFF7FEFF 		bl	prvPortStartFirstTask
 548 00dc FFF7FEFF 		bl	vTaskSwitchContext
 549 00e0 FFF7FEFF 		bl	prvTaskExitError
 550 00e4 2046     		mov	r0, r4
 551 00e6 02B0     		add	sp, sp, #8
 552              		@ sp needed
 553 00e8 10BD     		pop	{r4, pc}
 554              	.L50:
 555 00ea 00BF     		.align	2
 556              	.L49:
 557 00ec 00ED00E0 		.word	-536810240
 558 00f0 71C20F41 		.word	1091551857
 559 00f4 70C20F41 		.word	1091551856
 560 00f8 00E400E0 		.word	-536812544
 561 00fc 00000000 		.word	.LANCHOR1
 562 0100 00000000 		.word	.LANCHOR2
 563 0104 20ED00E0 		.word	-536810208
 564 0108 00000000 		.word	.LANCHOR0
 565 010c 34EF00E0 		.word	-536809676
 567              		.section	.text.vPortValidateInterruptPriority,"ax",%progbits
 568              		.align	2
 569              		.global	vPortValidateInterruptPriority
 570              		.thumb
 571              		.thumb_func
 573              	vPortValidateInterruptPriority:
 574              		@ args = 0, pretend = 0, frame = 0
 575              		@ frame_needed = 0, uses_anonymous_args = 0
 576              		@ link register save eliminated.
 577              		.syntax unified
 578              	@ 723 "Middlewares/Third_Party/FreeRTOS/Source/portable/GCC/ARM_CM4F/port.c" 1
 579 0000 EFF30583 		mrs r3, ipsr
 580              	@ 0 "" 2
 581              		.thumb
 582              		.syntax unified
 583 0004 0F2B     		cmp	r3, #15
 584 0006 0FD9     		bls	.L52
 585 0008 104A     		ldr	r2, .L56
 586 000a 9B5C     		ldrb	r3, [r3, r2]	@ zero_extendqisi2
 587 000c DBB2     		uxtb	r3, r3
 588 000e 104A     		ldr	r2, .L56+4
 589 0010 1278     		ldrb	r2, [r2]	@ zero_extendqisi2
 590 0012 9342     		cmp	r3, r2
 591 0014 08D2     		bcs	.L52
 592              		.syntax unified
 593              	@ 195 "Middlewares/Third_Party/FreeRTOS/Source/portable/GCC/ARM_CM4F/portmacro.h" 1
 594 0016 4FF05003 			mov r3, #80												
ARM GAS  C:\Users\xiaofei\AppData\Local\Temp\ccMOzmPC.s 			page 11


 595 001a 83F31188 		msr basepri, r3											
 596 001e BFF36F8F 		isb														
 597 0022 BFF34F8F 		dsb														
 598              	
 599              	@ 0 "" 2
 600              		.thumb
 601              		.syntax unified
 602              	.L53:
 603 0026 FEE7     		b	.L53
 604              	.L52:
 605 0028 0A4B     		ldr	r3, .L56+8
 606 002a 1B68     		ldr	r3, [r3]
 607 002c 03F4E063 		and	r3, r3, #1792
 608 0030 094A     		ldr	r2, .L56+12
 609 0032 1268     		ldr	r2, [r2]
 610 0034 9342     		cmp	r3, r2
 611 0036 08D9     		bls	.L51
 612              		.syntax unified
 613              	@ 195 "Middlewares/Third_Party/FreeRTOS/Source/portable/GCC/ARM_CM4F/portmacro.h" 1
 614 0038 4FF05003 			mov r3, #80												
 615 003c 83F31188 		msr basepri, r3											
 616 0040 BFF36F8F 		isb														
 617 0044 BFF34F8F 		dsb														
 618              	
 619              	@ 0 "" 2
 620              		.thumb
 621              		.syntax unified
 622              	.L55:
 623 0048 FEE7     		b	.L55
 624              	.L51:
 625 004a 7047     		bx	lr
 626              	.L57:
 627              		.align	2
 628              	.L56:
 629 004c F0E300E0 		.word	-536812560
 630 0050 00000000 		.word	.LANCHOR1
 631 0054 0CED00E0 		.word	-536810228
 632 0058 00000000 		.word	.LANCHOR2
 634              		.section	.bss.ucMaxSysCallPriority,"aw",%nobits
 635              		.set	.LANCHOR1,. + 0
 638              	ucMaxSysCallPriority:
 639 0000 00       		.space	1
 640              		.section	.bss.ulMaxPRIGROUPValue,"aw",%nobits
 641              		.align	2
 642              		.set	.LANCHOR2,. + 0
 645              	ulMaxPRIGROUPValue:
 646 0000 00000000 		.space	4
 647              		.section	.data.uxCriticalNesting,"aw",%progbits
 648              		.align	2
 649              		.set	.LANCHOR0,. + 0
 652              	uxCriticalNesting:
 653 0000 AAAAAAAA 		.word	-1431655766
 654              		.ident	"GCC: (GNU Tools for ARM Embedded Processors) 5.4.1 20160919 (release) [ARM/embedded-5-bran
ARM GAS  C:\Users\xiaofei\AppData\Local\Temp\ccMOzmPC.s 			page 12


DEFINED SYMBOLS
                            *ABS*:00000000 port.c
C:\Users\xiaofei\AppData\Local\Temp\ccMOzmPC.s:18     .text.prvTaskExitError:00000000 $t
C:\Users\xiaofei\AppData\Local\Temp\ccMOzmPC.s:22     .text.prvTaskExitError:00000000 prvTaskExitError
C:\Users\xiaofei\AppData\Local\Temp\ccMOzmPC.s:66     .text.prvTaskExitError:0000003c $d
C:\Users\xiaofei\AppData\Local\Temp\ccMOzmPC.s:69     .text.prvPortStartFirstTask:00000000 $t
C:\Users\xiaofei\AppData\Local\Temp\ccMOzmPC.s:73     .text.prvPortStartFirstTask:00000000 prvPortStartFirstTask
C:\Users\xiaofei\AppData\Local\Temp\ccMOzmPC.s:97     .text.vPortEnableVFP:00000000 $t
C:\Users\xiaofei\AppData\Local\Temp\ccMOzmPC.s:101    .text.vPortEnableVFP:00000000 vPortEnableVFP
C:\Users\xiaofei\AppData\Local\Temp\ccMOzmPC.s:118    .text.pxPortInitialiseStack:00000000 $t
C:\Users\xiaofei\AppData\Local\Temp\ccMOzmPC.s:123    .text.pxPortInitialiseStack:00000000 pxPortInitialiseStack
C:\Users\xiaofei\AppData\Local\Temp\ccMOzmPC.s:141    .text.pxPortInitialiseStack:00000028 $d
C:\Users\xiaofei\AppData\Local\Temp\ccMOzmPC.s:144    .text.SVC_Handler:00000000 $t
C:\Users\xiaofei\AppData\Local\Temp\ccMOzmPC.s:149    .text.SVC_Handler:00000000 SVC_Handler
C:\Users\xiaofei\AppData\Local\Temp\ccMOzmPC.s:166    .text.SVC_Handler:00000020 pxCurrentTCBConst2
C:\Users\xiaofei\AppData\Local\Temp\ccMOzmPC.s:166    .text.SVC_Handler:00000020 $d
C:\Users\xiaofei\AppData\Local\Temp\ccMOzmPC.s:173    .text.vPortEndScheduler:00000000 $t
C:\Users\xiaofei\AppData\Local\Temp\ccMOzmPC.s:178    .text.vPortEndScheduler:00000000 vPortEndScheduler
C:\Users\xiaofei\AppData\Local\Temp\ccMOzmPC.s:203    .text.vPortEndScheduler:00000020 $d
C:\Users\xiaofei\AppData\Local\Temp\ccMOzmPC.s:206    .text.vPortEnterCritical:00000000 $t
C:\Users\xiaofei\AppData\Local\Temp\ccMOzmPC.s:211    .text.vPortEnterCritical:00000000 vPortEnterCritical
C:\Users\xiaofei\AppData\Local\Temp\ccMOzmPC.s:252    .text.vPortEnterCritical:0000003c $d
C:\Users\xiaofei\AppData\Local\Temp\ccMOzmPC.s:256    .text.vPortExitCritical:00000000 $t
C:\Users\xiaofei\AppData\Local\Temp\ccMOzmPC.s:261    .text.vPortExitCritical:00000000 vPortExitCritical
C:\Users\xiaofei\AppData\Local\Temp\ccMOzmPC.s:296    .text.vPortExitCritical:00000028 $d
C:\Users\xiaofei\AppData\Local\Temp\ccMOzmPC.s:299    .text.PendSV_Handler:00000000 $t
C:\Users\xiaofei\AppData\Local\Temp\ccMOzmPC.s:304    .text.PendSV_Handler:00000000 PendSV_Handler
C:\Users\xiaofei\AppData\Local\Temp\ccMOzmPC.s:349    .text.PendSV_Handler:00000060 pxCurrentTCBConst
C:\Users\xiaofei\AppData\Local\Temp\ccMOzmPC.s:349    .text.PendSV_Handler:00000060 $d
C:\Users\xiaofei\AppData\Local\Temp\ccMOzmPC.s:356    .text.SysTick_Handler:00000000 $t
C:\Users\xiaofei\AppData\Local\Temp\ccMOzmPC.s:361    .text.SysTick_Handler:00000000 SysTick_Handler
C:\Users\xiaofei\AppData\Local\Temp\ccMOzmPC.s:392    .text.SysTick_Handler:00000028 $d
C:\Users\xiaofei\AppData\Local\Temp\ccMOzmPC.s:395    .text.vPortSetupTimerInterrupt:00000000 $t
C:\Users\xiaofei\AppData\Local\Temp\ccMOzmPC.s:400    .text.vPortSetupTimerInterrupt:00000000 vPortSetupTimerInterrupt
C:\Users\xiaofei\AppData\Local\Temp\ccMOzmPC.s:423    .text.vPortSetupTimerInterrupt:00000024 $d
C:\Users\xiaofei\AppData\Local\Temp\ccMOzmPC.s:430    .text.xPortStartScheduler:00000000 $t
C:\Users\xiaofei\AppData\Local\Temp\ccMOzmPC.s:435    .text.xPortStartScheduler:00000000 xPortStartScheduler
C:\Users\xiaofei\AppData\Local\Temp\ccMOzmPC.s:557    .text.xPortStartScheduler:000000ec $d
C:\Users\xiaofei\AppData\Local\Temp\ccMOzmPC.s:568    .text.vPortValidateInterruptPriority:00000000 $t
C:\Users\xiaofei\AppData\Local\Temp\ccMOzmPC.s:573    .text.vPortValidateInterruptPriority:00000000 vPortValidateInterruptPriority
C:\Users\xiaofei\AppData\Local\Temp\ccMOzmPC.s:629    .text.vPortValidateInterruptPriority:0000004c $d
C:\Users\xiaofei\AppData\Local\Temp\ccMOzmPC.s:638    .bss.ucMaxSysCallPriority:00000000 ucMaxSysCallPriority
C:\Users\xiaofei\AppData\Local\Temp\ccMOzmPC.s:639    .bss.ucMaxSysCallPriority:00000000 $d
C:\Users\xiaofei\AppData\Local\Temp\ccMOzmPC.s:641    .bss.ulMaxPRIGROUPValue:00000000 $d
C:\Users\xiaofei\AppData\Local\Temp\ccMOzmPC.s:645    .bss.ulMaxPRIGROUPValue:00000000 ulMaxPRIGROUPValue
C:\Users\xiaofei\AppData\Local\Temp\ccMOzmPC.s:648    .data.uxCriticalNesting:00000000 $d
C:\Users\xiaofei\AppData\Local\Temp\ccMOzmPC.s:652    .data.uxCriticalNesting:00000000 uxCriticalNesting
C:\Users\xiaofei\AppData\Local\Temp\ccMOzmPC.s:117    .text.vPortEnableVFP:0000000e $d
C:\Users\xiaofei\AppData\Local\Temp\ccMOzmPC.s:654    .text.vPortEnableVFP:00000010 $d
C:\Users\xiaofei\AppData\Local\Temp\ccMOzmPC.s:96     .text.prvPortStartFirstTask:00000022 $d
C:\Users\xiaofei\AppData\Local\Temp\ccMOzmPC.s:654    .text.prvPortStartFirstTask:00000024 $d

UNDEFINED SYMBOLS
pxCurrentTCB
vTaskSwitchContext
xTaskIncrementTick
SystemCoreClock
ARM GAS  C:\Users\xiaofei\AppData\Local\Temp\ccMOzmPC.s 			page 13


