ARM GAS  C:\Users\xiaofei\AppData\Local\Temp\ccRlz0Kq.s 			page 1


   1              		.syntax unified
   2              		.cpu cortex-m7
   3              		.eabi_attribute 28, 1
   4              		.fpu fpv5-d16
   5              		.eabi_attribute 20, 1
   6              		.eabi_attribute 21, 1
   7              		.eabi_attribute 23, 3
   8              		.eabi_attribute 24, 1
   9              		.eabi_attribute 25, 1
  10              		.eabi_attribute 26, 1
  11              		.eabi_attribute 30, 1
  12              		.eabi_attribute 34, 1
  13              		.eabi_attribute 18, 4
  14              		.thumb
  15              		.syntax unified
  16              		.file	"stm32h7xx_hal_exti.c"
  17              		.section	.text.HAL_EXTI_SetConfigLine,"ax",%progbits
  18              		.align	2
  19              		.global	HAL_EXTI_SetConfigLine
  20              		.thumb
  21              		.thumb_func
  23              	HAL_EXTI_SetConfigLine:
  24              		@ args = 0, pretend = 0, frame = 0
  25              		@ frame_needed = 0, uses_anonymous_args = 0
  26 0000 0029     		cmp	r1, #0
  27 0002 18BF     		it	ne
  28 0004 0028     		cmpne	r0, #0
  29 0006 00F08680 		beq	.L15
  30 000a F0B5     		push	{r4, r5, r6, r7, lr}
  31 000c 0B46     		mov	r3, r1
  32 000e 0968     		ldr	r1, [r1]
  33 0010 0160     		str	r1, [r0]
  34 0012 1968     		ldr	r1, [r3]
  35 0014 C1F30140 		ubfx	r0, r1, #16, #2
  36 0018 01F01F05 		and	r5, r1, #31
  37 001c 0122     		movs	r2, #1
  38 001e AA40     		lsls	r2, r2, r5
  39 0020 11F0007F 		tst	r1, #33554432
  40 0024 35D0     		beq	.L3
  41 0026 4401     		lsls	r4, r0, #5
  42 0028 04F1B04E 		add	lr, r4, #1476395008
  43 002c DEF80060 		ldr	r6, [lr]
  44 0030 9F68     		ldr	r7, [r3, #8]
  45 0032 17F0010F 		tst	r7, #1
  46 0036 01D0     		beq	.L4
  47 0038 1643     		orrs	r6, r6, r2
  48 003a 01E0     		b	.L5
  49              	.L4:
  50 003c 26EA0206 		bic	r6, r6, r2
  51              	.L5:
  52 0040 CEF80060 		str	r6, [lr]
  53 0044 364F     		ldr	r7, .L18
  54 0046 54F807E0 		ldr	lr, [r4, r7]
  55 004a 9E68     		ldr	r6, [r3, #8]
  56 004c 16F0020F 		tst	r6, #2
  57 0050 02D0     		beq	.L6
  58 0052 4EEA0206 		orr	r6, lr, r2
ARM GAS  C:\Users\xiaofei\AppData\Local\Temp\ccRlz0Kq.s 			page 2


  59 0056 01E0     		b	.L7
  60              	.L6:
  61 0058 2EEA0206 		bic	r6, lr, r2
  62              	.L7:
  63 005c E651     		str	r6, [r4, r7]
  64 005e 1C68     		ldr	r4, [r3]
  65 0060 04F0C064 		and	r4, r4, #100663296
  66 0064 B4F1C06F 		cmp	r4, #100663296
  67 0068 13D1     		bne	.L3
  68 006a C5F38104 		ubfx	r4, r5, #2, #2
  69 006e DFF8C8E0 		ldr	lr, .L18+24
  70 0072 0234     		adds	r4, r4, #2
  71 0074 5EF82460 		ldr	r6, [lr, r4, lsl #2]
  72 0078 01F00301 		and	r1, r1, #3
  73 007c 8900     		lsls	r1, r1, #2
  74 007e 0F27     		movs	r7, #15
  75 0080 8F40     		lsls	r7, r7, r1
  76 0082 26EA0707 		bic	r7, r6, r7
  77 0086 DE68     		ldr	r6, [r3, #12]
  78 0088 06FA01F1 		lsl	r1, r6, r1
  79 008c 3943     		orrs	r1, r1, r7
  80 008e 4EF82410 		str	r1, [lr, r4, lsl #2]
  81              	.L3:
  82 0092 0101     		lsls	r1, r0, #4
  83 0094 234E     		ldr	r6, .L18+4
  84 0096 8C59     		ldr	r4, [r1, r6]
  85 0098 5F68     		ldr	r7, [r3, #4]
  86 009a 17F0010F 		tst	r7, #1
  87 009e 01D0     		beq	.L8
  88 00a0 1443     		orrs	r4, r4, r2
  89 00a2 01E0     		b	.L9
  90              	.L8:
  91 00a4 24EA0204 		bic	r4, r4, r2
  92              	.L9:
  93 00a8 8C51     		str	r4, [r1, r6]
  94 00aa 1F4E     		ldr	r6, .L18+8
  95 00ac 8C59     		ldr	r4, [r1, r6]
  96 00ae 5F68     		ldr	r7, [r3, #4]
  97 00b0 17F0020F 		tst	r7, #2
  98 00b4 01D0     		beq	.L10
  99 00b6 1443     		orrs	r4, r4, r2
 100 00b8 01E0     		b	.L11
 101              	.L10:
 102 00ba 24EA0204 		bic	r4, r4, r2
 103              	.L11:
 104 00be 8C51     		str	r4, [r1, r6]
 105 00c0 1968     		ldr	r1, [r3]
 106 00c2 01F44011 		and	r1, r1, #3145728
 107 00c6 B1F5401F 		cmp	r1, #3145728
 108 00ca 26D1     		bne	.L16
 109 00cc 4001     		lsls	r0, r0, #5
 110 00ce 174C     		ldr	r4, .L18+12
 111 00d0 0159     		ldr	r1, [r0, r4]
 112 00d2 1E69     		ldr	r6, [r3, #16]
 113 00d4 26B9     		cbnz	r6, .L12
 114 00d6 21EA0202 		bic	r2, r1, r2
 115 00da 0251     		str	r2, [r0, r4]
ARM GAS  C:\Users\xiaofei\AppData\Local\Temp\ccRlz0Kq.s 			page 3


 116 00dc 0020     		movs	r0, #0
 117 00de F0BD     		pop	{r4, r5, r6, r7, pc}
 118              	.L12:
 119 00e0 1143     		orrs	r1, r1, r2
 120 00e2 0151     		str	r1, [r0, r4]
 121 00e4 0F2D     		cmp	r5, #15
 122 00e6 02D8     		bhi	.L13
 123 00e8 1149     		ldr	r1, .L18+16
 124 00ea 0144     		add	r1, r1, r0
 125 00ec 04E0     		b	.L14
 126              	.L13:
 127 00ee 1149     		ldr	r1, .L18+20
 128 00f0 0144     		add	r1, r1, r0
 129 00f2 103D     		subs	r5, r5, #16
 130 00f4 0122     		movs	r2, #1
 131 00f6 AA40     		lsls	r2, r2, r5
 132              	.L14:
 133 00f8 0868     		ldr	r0, [r1]
 134 00fa 02FB02F2 		mul	r2, r2, r2
 135 00fe 02EB4204 		add	r4, r2, r2, lsl #1
 136 0102 20EA0400 		bic	r0, r0, r4
 137 0106 1B69     		ldr	r3, [r3, #16]
 138 0108 013B     		subs	r3, r3, #1
 139 010a 03FB02F2 		mul	r2, r3, r2
 140 010e 0243     		orrs	r2, r2, r0
 141 0110 0A60     		str	r2, [r1]
 142 0112 0020     		movs	r0, #0
 143 0114 F0BD     		pop	{r4, r5, r6, r7, pc}
 144              	.L15:
 145 0116 0120     		movs	r0, #1
 146 0118 7047     		bx	lr
 147              	.L16:
 148 011a 0020     		movs	r0, #0
 149 011c F0BD     		pop	{r4, r5, r6, r7, pc}
 150              	.L19:
 151 011e 00BF     		.align	2
 152              	.L18:
 153 0120 04000058 		.word	1476395012
 154 0124 80000058 		.word	1476395136
 155 0128 84000058 		.word	1476395140
 156 012c 0C000058 		.word	1476395020
 157 0130 10000058 		.word	1476395024
 158 0134 14000058 		.word	1476395028
 159 0138 00040058 		.word	1476396032
 161              		.section	.text.HAL_EXTI_GetConfigLine,"ax",%progbits
 162              		.align	2
 163              		.global	HAL_EXTI_GetConfigLine
 164              		.thumb
 165              		.thumb_func
 167              	HAL_EXTI_GetConfigLine:
 168              		@ args = 0, pretend = 0, frame = 0
 169              		@ frame_needed = 0, uses_anonymous_args = 0
 170              		@ link register save eliminated.
 171 0000 0029     		cmp	r1, #0
 172 0002 18BF     		it	ne
 173 0004 0028     		cmpne	r0, #0
 174 0006 71D0     		beq	.L34
ARM GAS  C:\Users\xiaofei\AppData\Local\Temp\ccRlz0Kq.s 			page 4


 175 0008 F0B4     		push	{r4, r5, r6, r7}
 176 000a 0B46     		mov	r3, r1
 177 000c 0168     		ldr	r1, [r0]
 178 000e 1960     		str	r1, [r3]
 179 0010 C1F30140 		ubfx	r0, r1, #16, #2
 180 0014 01F01F05 		and	r5, r1, #31
 181 0018 0122     		movs	r2, #1
 182 001a AA40     		lsls	r2, r2, r5
 183 001c 0401     		lsls	r4, r0, #4
 184 001e 354E     		ldr	r6, .L37
 185 0020 A659     		ldr	r6, [r4, r6]
 186 0022 0027     		movs	r7, #0
 187 0024 5F60     		str	r7, [r3, #4]
 188 0026 3242     		tst	r2, r6
 189 0028 01D0     		beq	.L22
 190 002a 0126     		movs	r6, #1
 191 002c 5E60     		str	r6, [r3, #4]
 192              	.L22:
 193 002e 324E     		ldr	r6, .L37+4
 194 0030 A459     		ldr	r4, [r4, r6]
 195 0032 2242     		tst	r2, r4
 196 0034 03D0     		beq	.L23
 197 0036 5C68     		ldr	r4, [r3, #4]
 198 0038 44F00204 		orr	r4, r4, #2
 199 003c 5C60     		str	r4, [r3, #4]
 200              	.L23:
 201 003e 11F0007F 		tst	r1, #33554432
 202 0042 29D0     		beq	.L24
 203 0044 4401     		lsls	r4, r0, #5
 204 0046 04F1B046 		add	r6, r4, #1476395008
 205 004a 3668     		ldr	r6, [r6]
 206 004c 3242     		tst	r2, r6
 207 004e 02D0     		beq	.L25
 208 0050 0126     		movs	r6, #1
 209 0052 9E60     		str	r6, [r3, #8]
 210 0054 01E0     		b	.L26
 211              	.L25:
 212 0056 0026     		movs	r6, #0
 213 0058 9E60     		str	r6, [r3, #8]
 214              	.L26:
 215 005a 284E     		ldr	r6, .L37+8
 216 005c A459     		ldr	r4, [r4, r6]
 217 005e 2242     		tst	r2, r4
 218 0060 03D0     		beq	.L27
 219 0062 9C68     		ldr	r4, [r3, #8]
 220 0064 44F00204 		orr	r4, r4, #2
 221 0068 9C60     		str	r4, [r3, #8]
 222              	.L27:
 223 006a 01F0C061 		and	r1, r1, #100663296
 224 006e B1F1C06F 		cmp	r1, #100663296
 225 0072 0ED1     		bne	.L28
 226 0074 C5F38101 		ubfx	r1, r5, #2, #2
 227 0078 0231     		adds	r1, r1, #2
 228 007a 214C     		ldr	r4, .L37+12
 229 007c 54F82140 		ldr	r4, [r4, r1, lsl #2]
 230 0080 E943     		mvns	r1, r5
 231 0082 01F00301 		and	r1, r1, #3
ARM GAS  C:\Users\xiaofei\AppData\Local\Temp\ccRlz0Kq.s 			page 5


 232 0086 8900     		lsls	r1, r1, #2
 233 0088 04FA01F1 		lsl	r1, r4, r1
 234 008c 090E     		lsrs	r1, r1, #24
 235 008e D960     		str	r1, [r3, #12]
 236 0090 05E0     		b	.L29
 237              	.L28:
 238 0092 0021     		movs	r1, #0
 239 0094 D960     		str	r1, [r3, #12]
 240 0096 02E0     		b	.L29
 241              	.L24:
 242 0098 0021     		movs	r1, #0
 243 009a 9960     		str	r1, [r3, #8]
 244 009c D960     		str	r1, [r3, #12]
 245              	.L29:
 246 009e 1968     		ldr	r1, [r3]
 247 00a0 01F44011 		and	r1, r1, #3145728
 248 00a4 B1F5401F 		cmp	r1, #3145728
 249 00a8 1DD1     		bne	.L30
 250 00aa 4001     		lsls	r0, r0, #5
 251 00ac 1549     		ldr	r1, .L37+16
 252 00ae 4158     		ldr	r1, [r0, r1]
 253 00b0 0D42     		tst	r5, r1
 254 00b2 02D1     		bne	.L31
 255 00b4 0020     		movs	r0, #0
 256 00b6 1861     		str	r0, [r3, #16]
 257 00b8 1AE0     		b	.L21
 258              	.L31:
 259 00ba 0F2D     		cmp	r5, #15
 260 00bc 02D8     		bhi	.L32
 261 00be 1249     		ldr	r1, .L37+20
 262 00c0 0144     		add	r1, r1, r0
 263 00c2 04E0     		b	.L33
 264              	.L32:
 265 00c4 1149     		ldr	r1, .L37+24
 266 00c6 0144     		add	r1, r1, r0
 267 00c8 103D     		subs	r5, r5, #16
 268 00ca 0122     		movs	r2, #1
 269 00cc AA40     		lsls	r2, r2, r5
 270              	.L33:
 271 00ce 0868     		ldr	r0, [r1]
 272 00d0 02FB02F2 		mul	r2, r2, r2
 273 00d4 02EB4201 		add	r1, r2, r2, lsl #1
 274 00d8 0140     		ands	r1, r1, r0
 275 00da B1FBF2F2 		udiv	r2, r1, r2
 276 00de 0132     		adds	r2, r2, #1
 277 00e0 1A61     		str	r2, [r3, #16]
 278 00e2 0020     		movs	r0, #0
 279 00e4 04E0     		b	.L21
 280              	.L30:
 281 00e6 0020     		movs	r0, #0
 282 00e8 1861     		str	r0, [r3, #16]
 283 00ea 01E0     		b	.L21
 284              	.L34:
 285 00ec 0120     		movs	r0, #1
 286 00ee 7047     		bx	lr
 287              	.L21:
 288 00f0 F0BC     		pop	{r4, r5, r6, r7}
ARM GAS  C:\Users\xiaofei\AppData\Local\Temp\ccRlz0Kq.s 			page 6


 289 00f2 7047     		bx	lr
 290              	.L38:
 291              		.align	2
 292              	.L37:
 293 00f4 80000058 		.word	1476395136
 294 00f8 84000058 		.word	1476395140
 295 00fc 04000058 		.word	1476395012
 296 0100 00040058 		.word	1476396032
 297 0104 0C000058 		.word	1476395020
 298 0108 10000058 		.word	1476395024
 299 010c 14000058 		.word	1476395028
 301              		.section	.text.HAL_EXTI_ClearConfigLine,"ax",%progbits
 302              		.align	2
 303              		.global	HAL_EXTI_ClearConfigLine
 304              		.thumb
 305              		.thumb_func
 307              	HAL_EXTI_ClearConfigLine:
 308              		@ args = 0, pretend = 0, frame = 0
 309              		@ frame_needed = 0, uses_anonymous_args = 0
 310 0000 0028     		cmp	r0, #0
 311 0002 62D0     		beq	.L44
 312 0004 F0B5     		push	{r4, r5, r6, r7, lr}
 313 0006 0146     		mov	r1, r0
 314 0008 0668     		ldr	r6, [r0]
 315 000a C6F30140 		ubfx	r0, r6, #16, #2
 316 000e 06F01F07 		and	r7, r6, #31
 317 0012 0123     		movs	r3, #1
 318 0014 BB40     		lsls	r3, r3, r7
 319 0016 0201     		lsls	r2, r0, #4
 320 0018 DFF8C4E0 		ldr	lr, .L47+12
 321 001c 52F80E50 		ldr	r5, [r2, lr]
 322 0020 DC43     		mvns	r4, r3
 323 0022 2540     		ands	r5, r5, r4
 324 0024 42F80E50 		str	r5, [r2, lr]
 325 0028 0EF1040E 		add	lr, lr, #4
 326 002c 52F80E50 		ldr	r5, [r2, lr]
 327 0030 2540     		ands	r5, r5, r4
 328 0032 42F80E50 		str	r5, [r2, lr]
 329 0036 0A68     		ldr	r2, [r1]
 330 0038 12F0007F 		tst	r2, #33554432
 331 003c 26D0     		beq	.L41
 332 003e 4201     		lsls	r2, r0, #5
 333 0040 02F1B04E 		add	lr, r2, #1476395008
 334 0044 DEF80050 		ldr	r5, [lr]
 335 0048 2540     		ands	r5, r5, r4
 336 004a CEF80050 		str	r5, [lr]
 337 004e DFF894E0 		ldr	lr, .L47+16
 338 0052 52F80E50 		ldr	r5, [r2, lr]
 339 0056 2540     		ands	r5, r5, r4
 340 0058 42F80E50 		str	r5, [r2, lr]
 341 005c 0A68     		ldr	r2, [r1]
 342 005e 02F0C062 		and	r2, r2, #100663296
 343 0062 B2F1C06F 		cmp	r2, #100663296
 344 0066 11D1     		bne	.L41
 345 0068 C7F38102 		ubfx	r2, r7, #2, #2
 346 006c 0EF57F7E 		add	lr, lr, #1020
 347 0070 0232     		adds	r2, r2, #2
ARM GAS  C:\Users\xiaofei\AppData\Local\Temp\ccRlz0Kq.s 			page 7


 348 0072 5EF82250 		ldr	r5, [lr, r2, lsl #2]
 349 0076 06F00306 		and	r6, r6, #3
 350 007a B600     		lsls	r6, r6, #2
 351 007c 4FF00F0C 		mov	ip, #15
 352 0080 0CFA06F6 		lsl	r6, ip, r6
 353 0084 25EA0606 		bic	r6, r5, r6
 354 0088 4EF82260 		str	r6, [lr, r2, lsl #2]
 355              	.L41:
 356 008c 0A68     		ldr	r2, [r1]
 357 008e 02F44012 		and	r2, r2, #3145728
 358 0092 B2F5401F 		cmp	r2, #3145728
 359 0096 1AD1     		bne	.L45
 360 0098 4001     		lsls	r0, r0, #5
 361 009a 0E49     		ldr	r1, .L47
 362 009c 4258     		ldr	r2, [r0, r1]
 363 009e 1440     		ands	r4, r4, r2
 364 00a0 4450     		str	r4, [r0, r1]
 365 00a2 0F2F     		cmp	r7, #15
 366 00a4 02D8     		bhi	.L42
 367 00a6 0C4A     		ldr	r2, .L47+4
 368 00a8 0244     		add	r2, r2, r0
 369 00aa 04E0     		b	.L43
 370              	.L42:
 371 00ac 0B4A     		ldr	r2, .L47+8
 372 00ae 0244     		add	r2, r2, r0
 373 00b0 103F     		subs	r7, r7, #16
 374 00b2 0123     		movs	r3, #1
 375 00b4 BB40     		lsls	r3, r3, r7
 376              	.L43:
 377 00b6 1168     		ldr	r1, [r2]
 378 00b8 03FB03F3 		mul	r3, r3, r3
 379 00bc 03EB4303 		add	r3, r3, r3, lsl #1
 380 00c0 21EA0303 		bic	r3, r1, r3
 381 00c4 1360     		str	r3, [r2]
 382 00c6 0020     		movs	r0, #0
 383 00c8 F0BD     		pop	{r4, r5, r6, r7, pc}
 384              	.L44:
 385 00ca 0120     		movs	r0, #1
 386 00cc 7047     		bx	lr
 387              	.L45:
 388 00ce 0020     		movs	r0, #0
 389 00d0 F0BD     		pop	{r4, r5, r6, r7, pc}
 390              	.L48:
 391 00d2 00BF     		.align	2
 392              	.L47:
 393 00d4 0C000058 		.word	1476395020
 394 00d8 10000058 		.word	1476395024
 395 00dc 14000058 		.word	1476395028
 396 00e0 80000058 		.word	1476395136
 397 00e4 04000058 		.word	1476395012
 399              		.section	.text.HAL_EXTI_RegisterCallback,"ax",%progbits
 400              		.align	2
 401              		.global	HAL_EXTI_RegisterCallback
 402              		.thumb
 403              		.thumb_func
 405              	HAL_EXTI_RegisterCallback:
 406              		@ args = 0, pretend = 0, frame = 0
ARM GAS  C:\Users\xiaofei\AppData\Local\Temp\ccRlz0Kq.s 			page 8


 407              		@ frame_needed = 0, uses_anonymous_args = 0
 408              		@ link register save eliminated.
 409 0000 18B1     		cbz	r0, .L52
 410 0002 21B9     		cbnz	r1, .L54
 411 0004 4260     		str	r2, [r0, #4]
 412 0006 0020     		movs	r0, #0
 413 0008 7047     		bx	lr
 414              	.L52:
 415 000a 0120     		movs	r0, #1
 416 000c 7047     		bx	lr
 417              	.L54:
 418 000e 0120     		movs	r0, #1
 419 0010 7047     		bx	lr
 421 0012 00BF     		.section	.text.HAL_EXTI_GetHandle,"ax",%progbits
 422              		.align	2
 423              		.global	HAL_EXTI_GetHandle
 424              		.thumb
 425              		.thumb_func
 427              	HAL_EXTI_GetHandle:
 428              		@ args = 0, pretend = 0, frame = 0
 429              		@ frame_needed = 0, uses_anonymous_args = 0
 430              		@ link register save eliminated.
 431 0000 10B1     		cbz	r0, .L57
 432 0002 0160     		str	r1, [r0]
 433 0004 0020     		movs	r0, #0
 434 0006 7047     		bx	lr
 435              	.L57:
 436 0008 0120     		movs	r0, #1
 437 000a 7047     		bx	lr
 439              		.section	.text.HAL_EXTI_IRQHandler,"ax",%progbits
 440              		.align	2
 441              		.global	HAL_EXTI_IRQHandler
 442              		.thumb
 443              		.thumb_func
 445              	HAL_EXTI_IRQHandler:
 446              		@ args = 0, pretend = 0, frame = 0
 447              		@ frame_needed = 0, uses_anonymous_args = 0
 448 0000 10B5     		push	{r4, lr}
 449 0002 0368     		ldr	r3, [r0]
 450 0004 C3F30142 		ubfx	r2, r3, #16, #2
 451 0008 03F01F03 		and	r3, r3, #31
 452 000c 0121     		movs	r1, #1
 453 000e 01FA03F3 		lsl	r3, r1, r3
 454 0012 1201     		lsls	r2, r2, #4
 455 0014 0449     		ldr	r1, .L61
 456 0016 5458     		ldr	r4, [r2, r1]
 457 0018 2342     		tst	r3, r4
 458 001a 03D0     		beq	.L58
 459 001c 5350     		str	r3, [r2, r1]
 460 001e 4368     		ldr	r3, [r0, #4]
 461 0020 03B1     		cbz	r3, .L58
 462 0022 9847     		blx	r3
 463              	.L58:
 464 0024 10BD     		pop	{r4, pc}
 465              	.L62:
 466 0026 00BF     		.align	2
 467              	.L61:
ARM GAS  C:\Users\xiaofei\AppData\Local\Temp\ccRlz0Kq.s 			page 9


 468 0028 88000058 		.word	1476395144
 470              		.section	.text.HAL_EXTI_GetPending,"ax",%progbits
 471              		.align	2
 472              		.global	HAL_EXTI_GetPending
 473              		.thumb
 474              		.thumb_func
 476              	HAL_EXTI_GetPending:
 477              		@ args = 0, pretend = 0, frame = 0
 478              		@ frame_needed = 0, uses_anonymous_args = 0
 479              		@ link register save eliminated.
 480 0000 0368     		ldr	r3, [r0]
 481 0002 C3F30142 		ubfx	r2, r3, #16, #2
 482 0006 03F01F03 		and	r3, r3, #31
 483 000a 0120     		movs	r0, #1
 484 000c 9840     		lsls	r0, r0, r3
 485 000e 1201     		lsls	r2, r2, #4
 486 0010 0249     		ldr	r1, .L64
 487 0012 5258     		ldr	r2, [r2, r1]
 488 0014 1040     		ands	r0, r0, r2
 489 0016 D840     		lsrs	r0, r0, r3
 490 0018 7047     		bx	lr
 491              	.L65:
 492 001a 00BF     		.align	2
 493              	.L64:
 494 001c 88000058 		.word	1476395144
 496              		.section	.text.HAL_EXTI_ClearPending,"ax",%progbits
 497              		.align	2
 498              		.global	HAL_EXTI_ClearPending
 499              		.thumb
 500              		.thumb_func
 502              	HAL_EXTI_ClearPending:
 503              		@ args = 0, pretend = 0, frame = 0
 504              		@ frame_needed = 0, uses_anonymous_args = 0
 505              		@ link register save eliminated.
 506 0000 0368     		ldr	r3, [r0]
 507 0002 C3F30142 		ubfx	r2, r3, #16, #2
 508 0006 03F01F03 		and	r3, r3, #31
 509 000a 0121     		movs	r1, #1
 510 000c 01FA03F3 		lsl	r3, r1, r3
 511 0010 1201     		lsls	r2, r2, #4
 512 0012 0149     		ldr	r1, .L67
 513 0014 5350     		str	r3, [r2, r1]
 514 0016 7047     		bx	lr
 515              	.L68:
 516              		.align	2
 517              	.L67:
 518 0018 88000058 		.word	1476395144
 520              		.section	.text.HAL_EXTI_GenerateSWI,"ax",%progbits
 521              		.align	2
 522              		.global	HAL_EXTI_GenerateSWI
 523              		.thumb
 524              		.thumb_func
 526              	HAL_EXTI_GenerateSWI:
 527              		@ args = 0, pretend = 0, frame = 0
 528              		@ frame_needed = 0, uses_anonymous_args = 0
 529              		@ link register save eliminated.
 530 0000 0368     		ldr	r3, [r0]
ARM GAS  C:\Users\xiaofei\AppData\Local\Temp\ccRlz0Kq.s 			page 10


 531 0002 C3F30142 		ubfx	r2, r3, #16, #2
 532 0006 03F01F03 		and	r3, r3, #31
 533 000a 0121     		movs	r1, #1
 534 000c 01FA03F3 		lsl	r3, r1, r3
 535 0010 5201     		lsls	r2, r2, #5
 536 0012 0149     		ldr	r1, .L70
 537 0014 5350     		str	r3, [r2, r1]
 538 0016 7047     		bx	lr
 539              	.L71:
 540              		.align	2
 541              	.L70:
 542 0018 08000058 		.word	1476395016
 544              		.ident	"GCC: (GNU Tools for ARM Embedded Processors) 5.4.1 20160919 (release) [ARM/embedded-5-bran
ARM GAS  C:\Users\xiaofei\AppData\Local\Temp\ccRlz0Kq.s 			page 11


DEFINED SYMBOLS
                            *ABS*:00000000 stm32h7xx_hal_exti.c
C:\Users\xiaofei\AppData\Local\Temp\ccRlz0Kq.s:18     .text.HAL_EXTI_SetConfigLine:00000000 $t
C:\Users\xiaofei\AppData\Local\Temp\ccRlz0Kq.s:23     .text.HAL_EXTI_SetConfigLine:00000000 HAL_EXTI_SetConfigLine
C:\Users\xiaofei\AppData\Local\Temp\ccRlz0Kq.s:153    .text.HAL_EXTI_SetConfigLine:00000120 $d
C:\Users\xiaofei\AppData\Local\Temp\ccRlz0Kq.s:162    .text.HAL_EXTI_GetConfigLine:00000000 $t
C:\Users\xiaofei\AppData\Local\Temp\ccRlz0Kq.s:167    .text.HAL_EXTI_GetConfigLine:00000000 HAL_EXTI_GetConfigLine
C:\Users\xiaofei\AppData\Local\Temp\ccRlz0Kq.s:293    .text.HAL_EXTI_GetConfigLine:000000f4 $d
C:\Users\xiaofei\AppData\Local\Temp\ccRlz0Kq.s:302    .text.HAL_EXTI_ClearConfigLine:00000000 $t
C:\Users\xiaofei\AppData\Local\Temp\ccRlz0Kq.s:307    .text.HAL_EXTI_ClearConfigLine:00000000 HAL_EXTI_ClearConfigLine
C:\Users\xiaofei\AppData\Local\Temp\ccRlz0Kq.s:393    .text.HAL_EXTI_ClearConfigLine:000000d4 $d
C:\Users\xiaofei\AppData\Local\Temp\ccRlz0Kq.s:400    .text.HAL_EXTI_RegisterCallback:00000000 $t
C:\Users\xiaofei\AppData\Local\Temp\ccRlz0Kq.s:405    .text.HAL_EXTI_RegisterCallback:00000000 HAL_EXTI_RegisterCallback
C:\Users\xiaofei\AppData\Local\Temp\ccRlz0Kq.s:422    .text.HAL_EXTI_GetHandle:00000000 $t
C:\Users\xiaofei\AppData\Local\Temp\ccRlz0Kq.s:427    .text.HAL_EXTI_GetHandle:00000000 HAL_EXTI_GetHandle
C:\Users\xiaofei\AppData\Local\Temp\ccRlz0Kq.s:440    .text.HAL_EXTI_IRQHandler:00000000 $t
C:\Users\xiaofei\AppData\Local\Temp\ccRlz0Kq.s:445    .text.HAL_EXTI_IRQHandler:00000000 HAL_EXTI_IRQHandler
C:\Users\xiaofei\AppData\Local\Temp\ccRlz0Kq.s:468    .text.HAL_EXTI_IRQHandler:00000028 $d
C:\Users\xiaofei\AppData\Local\Temp\ccRlz0Kq.s:471    .text.HAL_EXTI_GetPending:00000000 $t
C:\Users\xiaofei\AppData\Local\Temp\ccRlz0Kq.s:476    .text.HAL_EXTI_GetPending:00000000 HAL_EXTI_GetPending
C:\Users\xiaofei\AppData\Local\Temp\ccRlz0Kq.s:494    .text.HAL_EXTI_GetPending:0000001c $d
C:\Users\xiaofei\AppData\Local\Temp\ccRlz0Kq.s:497    .text.HAL_EXTI_ClearPending:00000000 $t
C:\Users\xiaofei\AppData\Local\Temp\ccRlz0Kq.s:502    .text.HAL_EXTI_ClearPending:00000000 HAL_EXTI_ClearPending
C:\Users\xiaofei\AppData\Local\Temp\ccRlz0Kq.s:518    .text.HAL_EXTI_ClearPending:00000018 $d
C:\Users\xiaofei\AppData\Local\Temp\ccRlz0Kq.s:521    .text.HAL_EXTI_GenerateSWI:00000000 $t
C:\Users\xiaofei\AppData\Local\Temp\ccRlz0Kq.s:526    .text.HAL_EXTI_GenerateSWI:00000000 HAL_EXTI_GenerateSWI
C:\Users\xiaofei\AppData\Local\Temp\ccRlz0Kq.s:542    .text.HAL_EXTI_GenerateSWI:00000018 $d

NO UNDEFINED SYMBOLS
