ARM GAS  C:\Users\xiaofei\AppData\Local\Temp\cc6HmkJA.s 			page 1


   1              		.syntax unified
   2              		.cpu cortex-m7
   3              		.eabi_attribute 28, 1
   4              		.fpu fpv5-d16
   5              		.eabi_attribute 20, 1
   6              		.eabi_attribute 21, 1
   7              		.eabi_attribute 23, 3
   8              		.eabi_attribute 24, 1
   9              		.eabi_attribute 25, 1
  10              		.eabi_attribute 26, 1
  11              		.eabi_attribute 30, 1
  12              		.eabi_attribute 34, 1
  13              		.eabi_attribute 18, 4
  14              		.thumb
  15              		.syntax unified
  16              		.file	"stm32h7xx_hal_mdma.c"
  17              		.section	.text.MDMA_SetConfig,"ax",%progbits
  18              		.align	2
  19              		.thumb
  20              		.thumb_func
  22              	MDMA_SetConfig:
  23              		@ args = 4, pretend = 0, frame = 0
  24              		@ frame_needed = 0, uses_anonymous_args = 0
  25              		@ link register save eliminated.
  26 0000 70B4     		push	{r4, r5, r6}
  27 0002 0568     		ldr	r5, [r0]
  28 0004 6E69     		ldr	r6, [r5, #20]
  29 0006 1F4C     		ldr	r4, .L7
  30 0008 3440     		ands	r4, r4, r6
  31 000a C3F31003 		ubfx	r3, r3, #0, #17
  32 000e 2343     		orrs	r3, r3, r4
  33 0010 6B61     		str	r3, [r5, #20]
  34 0012 0568     		ldr	r5, [r0]
  35 0014 6B69     		ldr	r3, [r5, #20]
  36 0016 C3F31304 		ubfx	r4, r3, #0, #20
  37 001a 039B     		ldr	r3, [sp, #12]
  38 001c 013B     		subs	r3, r3, #1
  39 001e 44EA0353 		orr	r3, r4, r3, lsl #20
  40 0022 6B61     		str	r3, [r5, #20]
  41 0024 0368     		ldr	r3, [r0]
  42 0026 1F24     		movs	r4, #31
  43 0028 5C60     		str	r4, [r3, #4]
  44 002a 0368     		ldr	r3, [r0]
  45 002c DA61     		str	r2, [r3, #28]
  46 002e 0368     		ldr	r3, [r0]
  47 0030 9961     		str	r1, [r3, #24]
  48 0032 01F07F41 		and	r1, r1, #-16777216
  49 0036 0029     		cmp	r1, #0
  50 0038 18BF     		it	ne
  51 003a B1F1005F 		cmpne	r1, #536870912
  52 003e 05D1     		bne	.L2
  53 0040 0168     		ldr	r1, [r0]
  54 0042 8B6A     		ldr	r3, [r1, #40]
  55 0044 43F48033 		orr	r3, r3, #65536
  56 0048 8B62     		str	r3, [r1, #40]
  57 004a 04E0     		b	.L3
  58              	.L2:
ARM GAS  C:\Users\xiaofei\AppData\Local\Temp\cc6HmkJA.s 			page 2


  59 004c 0168     		ldr	r1, [r0]
  60 004e 8B6A     		ldr	r3, [r1, #40]
  61 0050 23F48033 		bic	r3, r3, #65536
  62 0054 8B62     		str	r3, [r1, #40]
  63              	.L3:
  64 0056 02F07F42 		and	r2, r2, #-16777216
  65 005a 002A     		cmp	r2, #0
  66 005c 18BF     		it	ne
  67 005e B2F1005F 		cmpne	r2, #536870912
  68 0062 05D1     		bne	.L4
  69 0064 0268     		ldr	r2, [r0]
  70 0066 936A     		ldr	r3, [r2, #40]
  71 0068 43F40033 		orr	r3, r3, #131072
  72 006c 9362     		str	r3, [r2, #40]
  73 006e 04E0     		b	.L5
  74              	.L4:
  75 0070 0268     		ldr	r2, [r0]
  76 0072 936A     		ldr	r3, [r2, #40]
  77 0074 23F40033 		bic	r3, r3, #131072
  78 0078 9362     		str	r3, [r2, #40]
  79              	.L5:
  80 007a 0368     		ldr	r3, [r0]
  81 007c C26D     		ldr	r2, [r0, #92]
  82 007e 5A62     		str	r2, [r3, #36]
  83 0080 70BC     		pop	{r4, r5, r6}
  84 0082 7047     		bx	lr
  85              	.L8:
  86              		.align	2
  87              	.L7:
  88 0084 0000FEFF 		.word	-131072
  90              		.section	.text.MDMA_Init,"ax",%progbits
  91              		.align	2
  92              		.thumb
  93              		.thumb_func
  95              	MDMA_Init:
  96              		@ args = 0, pretend = 0, frame = 0
  97              		@ frame_needed = 0, uses_anonymous_args = 0
  98              		@ link register save eliminated.
  99 0000 0268     		ldr	r2, [r0]
 100 0002 C168     		ldr	r1, [r0, #12]
 101 0004 0369     		ldr	r3, [r0, #16]
 102 0006 0B43     		orrs	r3, r3, r1
 103 0008 D360     		str	r3, [r2, #12]
 104 000a 0168     		ldr	r1, [r0]
 105 000c 4269     		ldr	r2, [r0, #20]
 106 000e 8369     		ldr	r3, [r0, #24]
 107 0010 1A43     		orrs	r2, r2, r3
 108 0012 C369     		ldr	r3, [r0, #28]
 109 0014 1A43     		orrs	r2, r2, r3
 110 0016 036A     		ldr	r3, [r0, #32]
 111 0018 1A43     		orrs	r2, r2, r3
 112 001a 436A     		ldr	r3, [r0, #36]
 113 001c 1A43     		orrs	r2, r2, r3
 114 001e C36A     		ldr	r3, [r0, #44]
 115 0020 1A43     		orrs	r2, r2, r3
 116 0022 036B     		ldr	r3, [r0, #48]
 117 0024 1343     		orrs	r3, r3, r2
ARM GAS  C:\Users\xiaofei\AppData\Local\Temp\cc6HmkJA.s 			page 3


 118 0026 826A     		ldr	r2, [r0, #40]
 119 0028 013A     		subs	r2, r2, #1
 120 002a 43EA8243 		orr	r3, r3, r2, lsl #18
 121 002e 8268     		ldr	r2, [r0, #8]
 122 0030 1343     		orrs	r3, r3, r2
 123 0032 0B61     		str	r3, [r1, #16]
 124 0034 4368     		ldr	r3, [r0, #4]
 125 0036 B3F1804F 		cmp	r3, #1073741824
 126 003a 04D1     		bne	.L10
 127 003c 0268     		ldr	r2, [r0]
 128 003e 1369     		ldr	r3, [r2, #16]
 129 0040 43F04043 		orr	r3, r3, #-1073741824
 130 0044 1361     		str	r3, [r2, #16]
 131              	.L10:
 132 0046 0368     		ldr	r3, [r0]
 133 0048 0022     		movs	r2, #0
 134 004a 5A61     		str	r2, [r3, #20]
 135 004c 436B     		ldr	r3, [r0, #52]
 136 004e 9342     		cmp	r3, r2
 137 0050 0ADA     		bge	.L11
 138 0052 0268     		ldr	r2, [r0]
 139 0054 5369     		ldr	r3, [r2, #20]
 140 0056 43F48023 		orr	r3, r3, #262144
 141 005a 5361     		str	r3, [r2, #20]
 142 005c 436B     		ldr	r3, [r0, #52]
 143 005e 5B42     		negs	r3, r3
 144 0060 0268     		ldr	r2, [r0]
 145 0062 9BB2     		uxth	r3, r3
 146 0064 1362     		str	r3, [r2, #32]
 147 0066 02E0     		b	.L12
 148              	.L11:
 149 0068 0268     		ldr	r2, [r0]
 150 006a 9BB2     		uxth	r3, r3
 151 006c 1362     		str	r3, [r2, #32]
 152              	.L12:
 153 006e 826B     		ldr	r2, [r0, #56]
 154 0070 002A     		cmp	r2, #0
 155 0072 0CDA     		bge	.L13
 156 0074 0268     		ldr	r2, [r0]
 157 0076 5369     		ldr	r3, [r2, #20]
 158 0078 43F40023 		orr	r3, r3, #524288
 159 007c 5361     		str	r3, [r2, #20]
 160 007e 836B     		ldr	r3, [r0, #56]
 161 0080 5A42     		negs	r2, r3
 162 0082 0168     		ldr	r1, [r0]
 163 0084 0B6A     		ldr	r3, [r1, #32]
 164 0086 43EA0243 		orr	r3, r3, r2, lsl #16
 165 008a 0B62     		str	r3, [r1, #32]
 166 008c 04E0     		b	.L14
 167              	.L13:
 168 008e 0168     		ldr	r1, [r0]
 169 0090 0B6A     		ldr	r3, [r1, #32]
 170 0092 43EA0243 		orr	r3, r3, r2, lsl #16
 171 0096 0B62     		str	r3, [r1, #32]
 172              	.L14:
 173 0098 4368     		ldr	r3, [r0, #4]
 174 009a B3F1804F 		cmp	r3, #1073741824
ARM GAS  C:\Users\xiaofei\AppData\Local\Temp\cc6HmkJA.s 			page 4


 175 009e 03D0     		beq	.L15
 176 00a0 0268     		ldr	r2, [r0]
 177 00a2 DBB2     		uxtb	r3, r3
 178 00a4 9362     		str	r3, [r2, #40]
 179 00a6 02E0     		b	.L16
 180              	.L15:
 181 00a8 0368     		ldr	r3, [r0]
 182 00aa 0022     		movs	r2, #0
 183 00ac 9A62     		str	r2, [r3, #40]
 184              	.L16:
 185 00ae 0368     		ldr	r3, [r0]
 186 00b0 0022     		movs	r2, #0
 187 00b2 5A62     		str	r2, [r3, #36]
 188 00b4 7047     		bx	lr
 190 00b6 00BF     		.section	.text.HAL_MDMA_Init,"ax",%progbits
 191              		.align	2
 192              		.global	HAL_MDMA_Init
 193              		.thumb
 194              		.thumb_func
 196              	HAL_MDMA_Init:
 197              		@ args = 0, pretend = 0, frame = 0
 198              		@ frame_needed = 0, uses_anonymous_args = 0
 199 0000 38B5     		push	{r3, r4, r5, lr}
 200 0002 0446     		mov	r4, r0
 201 0004 FFF7FEFF 		bl	HAL_GetTick
 202 0008 4CB3     		cbz	r4, .L21
 203 000a 0546     		mov	r5, r0
 204 000c 0023     		movs	r3, #0
 205 000e 84F83C30 		strb	r3, [r4, #60]
 206 0012 0223     		movs	r3, #2
 207 0014 84F83D30 		strb	r3, [r4, #61]
 208 0018 2268     		ldr	r2, [r4]
 209 001a D368     		ldr	r3, [r2, #12]
 210 001c 23F00103 		bic	r3, r3, #1
 211 0020 D360     		str	r3, [r2, #12]
 212 0022 0BE0     		b	.L19
 213              	.L20:
 214 0024 FFF7FEFF 		bl	HAL_GetTick
 215 0028 401B     		subs	r0, r0, r5
 216 002a 0528     		cmp	r0, #5
 217 002c 06D9     		bls	.L19
 218 002e 4023     		movs	r3, #64
 219 0030 A366     		str	r3, [r4, #104]
 220 0032 0323     		movs	r3, #3
 221 0034 84F83D30 		strb	r3, [r4, #61]
 222 0038 0120     		movs	r0, #1
 223 003a 38BD     		pop	{r3, r4, r5, pc}
 224              	.L19:
 225 003c 2368     		ldr	r3, [r4]
 226 003e DB68     		ldr	r3, [r3, #12]
 227 0040 13F0010F 		tst	r3, #1
 228 0044 EED1     		bne	.L20
 229 0046 2046     		mov	r0, r4
 230 0048 FFF7FEFF 		bl	MDMA_Init
 231 004c 0020     		movs	r0, #0
 232 004e E065     		str	r0, [r4, #92]
 233 0050 2066     		str	r0, [r4, #96]
ARM GAS  C:\Users\xiaofei\AppData\Local\Temp\cc6HmkJA.s 			page 5


 234 0052 6066     		str	r0, [r4, #100]
 235 0054 A066     		str	r0, [r4, #104]
 236 0056 0123     		movs	r3, #1
 237 0058 84F83D30 		strb	r3, [r4, #61]
 238 005c 38BD     		pop	{r3, r4, r5, pc}
 239              	.L21:
 240 005e 0120     		movs	r0, #1
 241 0060 38BD     		pop	{r3, r4, r5, pc}
 243 0062 00BF     		.section	.text.HAL_MDMA_DeInit,"ax",%progbits
 244              		.align	2
 245              		.global	HAL_MDMA_DeInit
 246              		.thumb
 247              		.thumb_func
 249              	HAL_MDMA_DeInit:
 250              		@ args = 0, pretend = 0, frame = 0
 251              		@ frame_needed = 0, uses_anonymous_args = 0
 252              		@ link register save eliminated.
 253 0000 0346     		mov	r3, r0
 254 0002 0028     		cmp	r0, #0
 255 0004 25D0     		beq	.L25
 256 0006 0168     		ldr	r1, [r0]
 257 0008 CA68     		ldr	r2, [r1, #12]
 258 000a 22F00102 		bic	r2, r2, #1
 259 000e CA60     		str	r2, [r1, #12]
 260 0010 0268     		ldr	r2, [r0]
 261 0012 0020     		movs	r0, #0
 262 0014 D060     		str	r0, [r2, #12]
 263 0016 1A68     		ldr	r2, [r3]
 264 0018 1061     		str	r0, [r2, #16]
 265 001a 1A68     		ldr	r2, [r3]
 266 001c 5061     		str	r0, [r2, #20]
 267 001e 1A68     		ldr	r2, [r3]
 268 0020 9061     		str	r0, [r2, #24]
 269 0022 1A68     		ldr	r2, [r3]
 270 0024 D061     		str	r0, [r2, #28]
 271 0026 1A68     		ldr	r2, [r3]
 272 0028 1062     		str	r0, [r2, #32]
 273 002a 1A68     		ldr	r2, [r3]
 274 002c 5062     		str	r0, [r2, #36]
 275 002e 1A68     		ldr	r2, [r3]
 276 0030 9062     		str	r0, [r2, #40]
 277 0032 1A68     		ldr	r2, [r3]
 278 0034 1063     		str	r0, [r2, #48]
 279 0036 1A68     		ldr	r2, [r3]
 280 0038 5063     		str	r0, [r2, #52]
 281 003a 1A68     		ldr	r2, [r3]
 282 003c 1F21     		movs	r1, #31
 283 003e 5160     		str	r1, [r2, #4]
 284 0040 D865     		str	r0, [r3, #92]
 285 0042 1866     		str	r0, [r3, #96]
 286 0044 5866     		str	r0, [r3, #100]
 287 0046 9866     		str	r0, [r3, #104]
 288 0048 83F83D00 		strb	r0, [r3, #61]
 289 004c 83F83C00 		strb	r0, [r3, #60]
 290 0050 7047     		bx	lr
 291              	.L25:
 292 0052 0120     		movs	r0, #1
ARM GAS  C:\Users\xiaofei\AppData\Local\Temp\cc6HmkJA.s 			page 6


 293 0054 7047     		bx	lr
 295 0056 00BF     		.section	.text.HAL_MDMA_ConfigPostRequestMask,"ax",%progbits
 296              		.align	2
 297              		.global	HAL_MDMA_ConfigPostRequestMask
 298              		.thumb
 299              		.thumb_func
 301              	HAL_MDMA_ConfigPostRequestMask:
 302              		@ args = 0, pretend = 0, frame = 0
 303              		@ frame_needed = 0, uses_anonymous_args = 0
 304              		@ link register save eliminated.
 305 0000 70B3     		cbz	r0, .L30
 306 0002 0346     		mov	r3, r0
 307 0004 90F83C00 		ldrb	r0, [r0, #60]	@ zero_extendqisi2
 308 0008 0128     		cmp	r0, #1
 309 000a 2BD0     		beq	.L31
 310 000c 0120     		movs	r0, #1
 311 000e 83F83C00 		strb	r0, [r3, #60]
 312 0012 93F83D00 		ldrb	r0, [r3, #61]	@ zero_extendqisi2
 313 0016 C0B2     		uxtb	r0, r0
 314 0018 0128     		cmp	r0, #1
 315 001a 17D1     		bne	.L32
 316 001c 10B4     		push	{r4}
 317 001e 1868     		ldr	r0, [r3]
 318 0020 0469     		ldr	r4, [r0, #16]
 319 0022 14F0804F 		tst	r4, #1073741824
 320 0026 16D1     		bne	.L33
 321 0028 0163     		str	r1, [r0, #48]
 322 002a 1868     		ldr	r0, [r3]
 323 002c 4263     		str	r2, [r0, #52]
 324 002e 31B9     		cbnz	r1, .L29
 325 0030 1968     		ldr	r1, [r3]
 326 0032 0A69     		ldr	r2, [r1, #16]
 327 0034 22F00042 		bic	r2, r2, #-2147483648
 328 0038 0A61     		str	r2, [r1, #16]
 329 003a 0020     		movs	r0, #0
 330 003c 0CE0     		b	.L28
 331              	.L29:
 332 003e 1968     		ldr	r1, [r3]
 333 0040 0A69     		ldr	r2, [r1, #16]
 334 0042 42F00042 		orr	r2, r2, #-2147483648
 335 0046 0A61     		str	r2, [r1, #16]
 336 0048 0020     		movs	r0, #0
 337 004a 05E0     		b	.L28
 338              	.L32:
 339 004c 0120     		movs	r0, #1
 340 004e 0022     		movs	r2, #0
 341 0050 83F83C20 		strb	r2, [r3, #60]
 342 0054 7047     		bx	lr
 343              	.L33:
 344 0056 0120     		movs	r0, #1
 345              	.L28:
 346 0058 0022     		movs	r2, #0
 347 005a 83F83C20 		strb	r2, [r3, #60]
 348 005e 03E0     		b	.L27
 349              	.L30:
 350 0060 0120     		movs	r0, #1
 351 0062 7047     		bx	lr
ARM GAS  C:\Users\xiaofei\AppData\Local\Temp\cc6HmkJA.s 			page 7


 352              	.L31:
 353 0064 0220     		movs	r0, #2
 354 0066 7047     		bx	lr
 355              	.L27:
 356 0068 5DF8044B 		ldr	r4, [sp], #4
 357 006c 7047     		bx	lr
 359 006e 00BF     		.section	.text.HAL_MDMA_RegisterCallback,"ax",%progbits
 360              		.align	2
 361              		.global	HAL_MDMA_RegisterCallback
 362              		.thumb
 363              		.thumb_func
 365              	HAL_MDMA_RegisterCallback:
 366              		@ args = 0, pretend = 0, frame = 0
 367              		@ frame_needed = 0, uses_anonymous_args = 0
 368              		@ link register save eliminated.
 369 0000 0346     		mov	r3, r0
 370 0002 58B3     		cbz	r0, .L46
 371 0004 90F83C00 		ldrb	r0, [r0, #60]	@ zero_extendqisi2
 372 0008 0128     		cmp	r0, #1
 373 000a 29D0     		beq	.L47
 374 000c 0120     		movs	r0, #1
 375 000e 83F83C00 		strb	r0, [r3, #60]
 376 0012 93F83D00 		ldrb	r0, [r3, #61]	@ zero_extendqisi2
 377 0016 C0B2     		uxtb	r0, r0
 378 0018 0128     		cmp	r0, #1
 379 001a 18D1     		bne	.L48
 380 001c 0529     		cmp	r1, #5
 381 001e 18D8     		bhi	.L49
 382 0020 DFE801F0 		tbb	[pc, r1]
 383              	.L40:
 384 0024 03       		.byte	(.L39-.L40)/2
 385 0025 06       		.byte	(.L41-.L40)/2
 386 0026 09       		.byte	(.L42-.L40)/2
 387 0027 0C       		.byte	(.L43-.L40)/2
 388 0028 0F       		.byte	(.L44-.L40)/2
 389 0029 12       		.byte	(.L45-.L40)/2
 390              		.p2align 1
 391              	.L39:
 392 002a 5A64     		str	r2, [r3, #68]
 393 002c 0020     		movs	r0, #0
 394 002e 11E0     		b	.L38
 395              	.L41:
 396 0030 9A64     		str	r2, [r3, #72]
 397 0032 0020     		movs	r0, #0
 398 0034 0EE0     		b	.L38
 399              	.L42:
 400 0036 DA64     		str	r2, [r3, #76]
 401 0038 0020     		movs	r0, #0
 402 003a 0BE0     		b	.L38
 403              	.L43:
 404 003c 1A65     		str	r2, [r3, #80]
 405 003e 0020     		movs	r0, #0
 406 0040 08E0     		b	.L38
 407              	.L44:
 408 0042 5A65     		str	r2, [r3, #84]
 409 0044 0020     		movs	r0, #0
 410 0046 05E0     		b	.L38
ARM GAS  C:\Users\xiaofei\AppData\Local\Temp\cc6HmkJA.s 			page 8


 411              	.L45:
 412 0048 9A65     		str	r2, [r3, #88]
 413 004a 0020     		movs	r0, #0
 414 004c 02E0     		b	.L38
 415              	.L48:
 416 004e 0120     		movs	r0, #1
 417 0050 00E0     		b	.L38
 418              	.L49:
 419 0052 0020     		movs	r0, #0
 420              	.L38:
 421 0054 0022     		movs	r2, #0
 422 0056 83F83C20 		strb	r2, [r3, #60]
 423 005a 7047     		bx	lr
 424              	.L46:
 425 005c 0120     		movs	r0, #1
 426 005e 7047     		bx	lr
 427              	.L47:
 428 0060 0220     		movs	r0, #2
 429 0062 7047     		bx	lr
 431              		.section	.text.HAL_MDMA_UnRegisterCallback,"ax",%progbits
 432              		.align	2
 433              		.global	HAL_MDMA_UnRegisterCallback
 434              		.thumb
 435              		.thumb_func
 437              	HAL_MDMA_UnRegisterCallback:
 438              		@ args = 0, pretend = 0, frame = 0
 439              		@ frame_needed = 0, uses_anonymous_args = 0
 440              		@ link register save eliminated.
 441 0000 0346     		mov	r3, r0
 442 0002 0028     		cmp	r0, #0
 443 0004 34D0     		beq	.L61
 444 0006 90F83C20 		ldrb	r2, [r0, #60]	@ zero_extendqisi2
 445 000a 012A     		cmp	r2, #1
 446 000c 32D0     		beq	.L62
 447 000e 0122     		movs	r2, #1
 448 0010 80F83C20 		strb	r2, [r0, #60]
 449 0014 90F83D20 		ldrb	r2, [r0, #61]	@ zero_extendqisi2
 450 0018 D2B2     		uxtb	r2, r2
 451 001a 012A     		cmp	r2, #1
 452 001c 21D1     		bne	.L63
 453 001e 0629     		cmp	r1, #6
 454 0020 21D8     		bhi	.L64
 455 0022 DFE801F0 		tbb	[pc, r1]
 456              	.L54:
 457 0026 04       		.byte	(.L53-.L54)/2
 458 0027 07       		.byte	(.L55-.L54)/2
 459 0028 0A       		.byte	(.L56-.L54)/2
 460 0029 0D       		.byte	(.L57-.L54)/2
 461 002a 10       		.byte	(.L58-.L54)/2
 462 002b 13       		.byte	(.L59-.L54)/2
 463 002c 16       		.byte	(.L60-.L54)/2
 464 002d 00       		.p2align 1
 465              	.L53:
 466 002e 0020     		movs	r0, #0
 467 0030 5864     		str	r0, [r3, #68]
 468 0032 19E0     		b	.L52
 469              	.L55:
ARM GAS  C:\Users\xiaofei\AppData\Local\Temp\cc6HmkJA.s 			page 9


 470 0034 0020     		movs	r0, #0
 471 0036 9864     		str	r0, [r3, #72]
 472 0038 16E0     		b	.L52
 473              	.L56:
 474 003a 0020     		movs	r0, #0
 475 003c D864     		str	r0, [r3, #76]
 476 003e 13E0     		b	.L52
 477              	.L57:
 478 0040 0020     		movs	r0, #0
 479 0042 1865     		str	r0, [r3, #80]
 480 0044 10E0     		b	.L52
 481              	.L58:
 482 0046 0020     		movs	r0, #0
 483 0048 5865     		str	r0, [r3, #84]
 484 004a 0DE0     		b	.L52
 485              	.L59:
 486 004c 0020     		movs	r0, #0
 487 004e 9865     		str	r0, [r3, #88]
 488 0050 0AE0     		b	.L52
 489              	.L60:
 490 0052 0020     		movs	r0, #0
 491 0054 5864     		str	r0, [r3, #68]
 492 0056 9864     		str	r0, [r3, #72]
 493 0058 D864     		str	r0, [r3, #76]
 494 005a 1865     		str	r0, [r3, #80]
 495 005c 5865     		str	r0, [r3, #84]
 496 005e 9865     		str	r0, [r3, #88]
 497 0060 02E0     		b	.L52
 498              	.L63:
 499 0062 0120     		movs	r0, #1
 500 0064 00E0     		b	.L52
 501              	.L64:
 502 0066 0120     		movs	r0, #1
 503              	.L52:
 504 0068 0022     		movs	r2, #0
 505 006a 83F83C20 		strb	r2, [r3, #60]
 506 006e 7047     		bx	lr
 507              	.L61:
 508 0070 0120     		movs	r0, #1
 509 0072 7047     		bx	lr
 510              	.L62:
 511 0074 0220     		movs	r0, #2
 512 0076 7047     		bx	lr
 514              		.section	.text.HAL_MDMA_LinkedList_CreateNode,"ax",%progbits
 515              		.align	2
 516              		.global	HAL_MDMA_LinkedList_CreateNode
 517              		.thumb
 518              		.thumb_func
 520              	HAL_MDMA_LinkedList_CreateNode:
 521              		@ args = 0, pretend = 0, frame = 0
 522              		@ frame_needed = 0, uses_anonymous_args = 0
 523              		@ link register save eliminated.
 524 0000 0246     		mov	r2, r0
 525 0002 0B46     		mov	r3, r1
 526 0004 0029     		cmp	r1, #0
 527 0006 18BF     		it	ne
 528 0008 0028     		cmpne	r0, #0
ARM GAS  C:\Users\xiaofei\AppData\Local\Temp\cc6HmkJA.s 			page 10


 529 000a 7BD0     		beq	.L76
 530 000c 0021     		movs	r1, #0
 531 000e 4161     		str	r1, [r0, #20]
 532 0010 8161     		str	r1, [r0, #24]
 533 0012 0162     		str	r1, [r0, #32]
 534 0014 4162     		str	r1, [r0, #36]
 535 0016 C161     		str	r1, [r0, #28]
 536 0018 1869     		ldr	r0, [r3, #16]
 537 001a 5969     		ldr	r1, [r3, #20]
 538 001c 0843     		orrs	r0, r0, r1
 539 001e 9969     		ldr	r1, [r3, #24]
 540 0020 0843     		orrs	r0, r0, r1
 541 0022 D969     		ldr	r1, [r3, #28]
 542 0024 0843     		orrs	r0, r0, r1
 543 0026 196A     		ldr	r1, [r3, #32]
 544 0028 0843     		orrs	r0, r0, r1
 545 002a 996A     		ldr	r1, [r3, #40]
 546 002c 0843     		orrs	r0, r0, r1
 547 002e D96A     		ldr	r1, [r3, #44]
 548 0030 0143     		orrs	r1, r1, r0
 549 0032 586A     		ldr	r0, [r3, #36]
 550 0034 0138     		subs	r0, r0, #1
 551 0036 41EA8041 		orr	r1, r1, r0, lsl #18
 552 003a 5868     		ldr	r0, [r3, #4]
 553 003c 0143     		orrs	r1, r1, r0
 554 003e 1160     		str	r1, [r2]
 555 0040 1968     		ldr	r1, [r3]
 556 0042 B1F1804F 		cmp	r1, #1073741824
 557 0046 03D1     		bne	.L67
 558 0048 1168     		ldr	r1, [r2]
 559 004a 41F08041 		orr	r1, r1, #1073741824
 560 004e 1160     		str	r1, [r2]
 561              	.L67:
 562 0050 1968     		ldr	r1, [r3]
 563 0052 B1F1804F 		cmp	r1, #1073741824
 564 0056 01D0     		beq	.L68
 565 0058 996C     		ldr	r1, [r3, #72]
 566 005a 19B1     		cbz	r1, .L69
 567              	.L68:
 568 005c 1168     		ldr	r1, [r2]
 569 005e 41F00041 		orr	r1, r1, #-2147483648
 570 0062 1160     		str	r1, [r2]
 571              	.L69:
 572 0064 596C     		ldr	r1, [r3, #68]
 573 0066 0139     		subs	r1, r1, #1
 574 0068 0905     		lsls	r1, r1, #20
 575 006a 5160     		str	r1, [r2, #4]
 576 006c 196B     		ldr	r1, [r3, #48]
 577 006e 0029     		cmp	r1, #0
 578 0070 08DA     		bge	.L70
 579 0072 5168     		ldr	r1, [r2, #4]
 580 0074 41F48021 		orr	r1, r1, #262144
 581 0078 5160     		str	r1, [r2, #4]
 582 007a 196B     		ldr	r1, [r3, #48]
 583 007c 4942     		negs	r1, r1
 584 007e 89B2     		uxth	r1, r1
 585 0080 1161     		str	r1, [r2, #16]
ARM GAS  C:\Users\xiaofei\AppData\Local\Temp\cc6HmkJA.s 			page 11


 586 0082 01E0     		b	.L71
 587              	.L70:
 588 0084 89B2     		uxth	r1, r1
 589 0086 1161     		str	r1, [r2, #16]
 590              	.L71:
 591 0088 586B     		ldr	r0, [r3, #52]
 592 008a 0028     		cmp	r0, #0
 593 008c 0ADA     		bge	.L72
 594 008e 5168     		ldr	r1, [r2, #4]
 595 0090 41F40021 		orr	r1, r1, #524288
 596 0094 5160     		str	r1, [r2, #4]
 597 0096 596B     		ldr	r1, [r3, #52]
 598 0098 4842     		negs	r0, r1
 599 009a 1169     		ldr	r1, [r2, #16]
 600 009c 41EA0041 		orr	r1, r1, r0, lsl #16
 601 00a0 1161     		str	r1, [r2, #16]
 602 00a2 03E0     		b	.L73
 603              	.L72:
 604 00a4 1169     		ldr	r1, [r2, #16]
 605 00a6 41EA0041 		orr	r1, r1, r0, lsl #16
 606 00aa 1161     		str	r1, [r2, #16]
 607              	.L73:
 608 00ac 5068     		ldr	r0, [r2, #4]
 609 00ae 196C     		ldr	r1, [r3, #64]
 610 00b0 0143     		orrs	r1, r1, r0
 611 00b2 5160     		str	r1, [r2, #4]
 612 00b4 D96B     		ldr	r1, [r3, #60]
 613 00b6 D160     		str	r1, [r2, #12]
 614 00b8 996B     		ldr	r1, [r3, #56]
 615 00ba 9160     		str	r1, [r2, #8]
 616 00bc 1968     		ldr	r1, [r3]
 617 00be B1F1804F 		cmp	r1, #1073741824
 618 00c2 05D0     		beq	.L74
 619 00c4 C9B2     		uxtb	r1, r1
 620 00c6 9161     		str	r1, [r2, #24]
 621 00c8 996C     		ldr	r1, [r3, #72]
 622 00ca 1162     		str	r1, [r2, #32]
 623 00cc D96C     		ldr	r1, [r3, #76]
 624 00ce 5162     		str	r1, [r2, #36]
 625              	.L74:
 626 00d0 996B     		ldr	r1, [r3, #56]
 627 00d2 01F07F41 		and	r1, r1, #-16777216
 628 00d6 0029     		cmp	r1, #0
 629 00d8 18BF     		it	ne
 630 00da B1F1005F 		cmpne	r1, #536870912
 631 00de 03D1     		bne	.L75
 632 00e0 9169     		ldr	r1, [r2, #24]
 633 00e2 41F48031 		orr	r1, r1, #65536
 634 00e6 9161     		str	r1, [r2, #24]
 635              	.L75:
 636 00e8 DB6B     		ldr	r3, [r3, #60]
 637 00ea 03F07F43 		and	r3, r3, #-16777216
 638 00ee 002B     		cmp	r3, #0
 639 00f0 18BF     		it	ne
 640 00f2 B3F1005F 		cmpne	r3, #536870912
 641 00f6 07D1     		bne	.L77
 642 00f8 9369     		ldr	r3, [r2, #24]
ARM GAS  C:\Users\xiaofei\AppData\Local\Temp\cc6HmkJA.s 			page 12


 643 00fa 43F40033 		orr	r3, r3, #131072
 644 00fe 9361     		str	r3, [r2, #24]
 645 0100 0020     		movs	r0, #0
 646 0102 7047     		bx	lr
 647              	.L76:
 648 0104 0120     		movs	r0, #1
 649 0106 7047     		bx	lr
 650              	.L77:
 651 0108 0020     		movs	r0, #0
 652 010a 7047     		bx	lr
 654              		.section	.text.HAL_MDMA_LinkedList_AddNode,"ax",%progbits
 655              		.align	2
 656              		.global	HAL_MDMA_LinkedList_AddNode
 657              		.thumb
 658              		.thumb_func
 660              	HAL_MDMA_LinkedList_AddNode:
 661              		@ args = 0, pretend = 0, frame = 0
 662              		@ frame_needed = 0, uses_anonymous_args = 0
 663              		@ link register save eliminated.
 664 0000 0029     		cmp	r1, #0
 665 0002 18BF     		it	ne
 666 0004 0028     		cmpne	r0, #0
 667 0006 64D0     		beq	.L93
 668 0008 F0B4     		push	{r4, r5, r6, r7}
 669 000a 0346     		mov	r3, r0
 670 000c 0C46     		mov	r4, r1
 671 000e 90F83C10 		ldrb	r1, [r0, #60]	@ zero_extendqisi2
 672 0012 0129     		cmp	r1, #1
 673 0014 5FD0     		beq	.L94
 674 0016 0121     		movs	r1, #1
 675 0018 80F83C10 		strb	r1, [r0, #60]
 676 001c 90F83D10 		ldrb	r1, [r0, #61]	@ zero_extendqisi2
 677 0020 C9B2     		uxtb	r1, r1
 678 0022 0129     		cmp	r1, #1
 679 0024 50D1     		bne	.L80
 680 0026 0221     		movs	r1, #2
 681 0028 80F83D10 		strb	r1, [r0, #61]
 682 002c C76D     		ldr	r7, [r0, #92]
 683 002e 57B9     		cbnz	r7, .L81
 684 0030 002A     		cmp	r2, #0
 685 0032 3FD1     		bne	.L95
 686 0034 0268     		ldr	r2, [r0]
 687 0036 5462     		str	r4, [r2, #36]
 688 0038 C465     		str	r4, [r0, #92]
 689 003a 0020     		movs	r0, #0
 690 003c 6061     		str	r0, [r4, #20]
 691 003e 1C66     		str	r4, [r3, #96]
 692 0040 0122     		movs	r2, #1
 693 0042 5A66     		str	r2, [r3, #100]
 694 0044 39E0     		b	.L82
 695              	.L81:
 696 0046 BC42     		cmp	r4, r7
 697 0048 08D1     		bne	.L96
 698 004a 0120     		movs	r0, #1
 699 004c 35E0     		b	.L82
 700              	.L86:
 701 004e 6E69     		ldr	r6, [r5, #20]
ARM GAS  C:\Users\xiaofei\AppData\Local\Temp\cc6HmkJA.s 			page 13


 702 0050 A642     		cmp	r6, r4
 703 0052 00D1     		bne	.L84
 704 0054 0120     		movs	r0, #1
 705              	.L84:
 706 0056 6D69     		ldr	r5, [r5, #20]
 707 0058 0131     		adds	r1, r1, #1
 708 005a 02E0     		b	.L83
 709              	.L96:
 710 005c 3D46     		mov	r5, r7
 711 005e 0020     		movs	r0, #0
 712 0060 0146     		mov	r1, r0
 713              	.L83:
 714 0062 5E6E     		ldr	r6, [r3, #100]
 715 0064 B142     		cmp	r1, r6
 716 0066 01D2     		bcs	.L85
 717 0068 0028     		cmp	r0, #0
 718 006a F0D0     		beq	.L86
 719              	.L85:
 720 006c 28BB     		cbnz	r0, .L82
 721 006e 196E     		ldr	r1, [r3, #96]
 722 0070 8A42     		cmp	r2, r1
 723 0072 00D0     		beq	.L87
 724 0074 AAB9     		cbnz	r2, .L98
 725              	.L87:
 726 0076 4A69     		ldr	r2, [r1, #20]
 727 0078 6261     		str	r2, [r4, #20]
 728 007a 1A6E     		ldr	r2, [r3, #96]
 729 007c 5461     		str	r4, [r2, #20]
 730 007e 1C66     		str	r4, [r3, #96]
 731 0080 5A6E     		ldr	r2, [r3, #100]
 732 0082 0132     		adds	r2, r2, #1
 733 0084 5A66     		str	r2, [r3, #100]
 734 0086 18E0     		b	.L82
 735              	.L92:
 736 0088 0131     		adds	r1, r1, #1
 737 008a 9742     		cmp	r7, r2
 738 008c 07D1     		bne	.L89
 739 008e 7D69     		ldr	r5, [r7, #20]
 740 0090 6561     		str	r5, [r4, #20]
 741 0092 7C61     		str	r4, [r7, #20]
 742 0094 5D6E     		ldr	r5, [r3, #100]
 743 0096 0135     		adds	r5, r5, #1
 744 0098 5D66     		str	r5, [r3, #100]
 745 009a 0126     		movs	r6, #1
 746 009c 03E0     		b	.L88
 747              	.L89:
 748 009e 7F69     		ldr	r7, [r7, #20]
 749 00a0 01E0     		b	.L88
 750              	.L98:
 751 00a2 0026     		movs	r6, #0
 752 00a4 3146     		mov	r1, r6
 753              	.L88:
 754 00a6 5D6E     		ldr	r5, [r3, #100]
 755 00a8 A942     		cmp	r1, r5
 756 00aa 01D2     		bcs	.L91
 757 00ac 002E     		cmp	r6, #0
 758 00ae EBD0     		beq	.L92
ARM GAS  C:\Users\xiaofei\AppData\Local\Temp\cc6HmkJA.s 			page 14


 759              	.L91:
 760 00b0 16B1     		cbz	r6, .L99
 761 00b2 02E0     		b	.L82
 762              	.L95:
 763 00b4 0120     		movs	r0, #1
 764 00b6 00E0     		b	.L82
 765              	.L99:
 766 00b8 0120     		movs	r0, #1
 767              	.L82:
 768 00ba 0022     		movs	r2, #0
 769 00bc 83F83C20 		strb	r2, [r3, #60]
 770 00c0 0122     		movs	r2, #1
 771 00c2 83F83D20 		strb	r2, [r3, #61]
 772 00c6 07E0     		b	.L79
 773              	.L80:
 774 00c8 0022     		movs	r2, #0
 775 00ca 80F83C20 		strb	r2, [r0, #60]
 776 00ce 0220     		movs	r0, #2
 777 00d0 02E0     		b	.L79
 778              	.L93:
 779 00d2 0120     		movs	r0, #1
 780 00d4 7047     		bx	lr
 781              	.L94:
 782 00d6 0220     		movs	r0, #2
 783              	.L79:
 784 00d8 F0BC     		pop	{r4, r5, r6, r7}
 785 00da 7047     		bx	lr
 787              		.section	.text.HAL_MDMA_LinkedList_RemoveNode,"ax",%progbits
 788              		.align	2
 789              		.global	HAL_MDMA_LinkedList_RemoveNode
 790              		.thumb
 791              		.thumb_func
 793              	HAL_MDMA_LinkedList_RemoveNode:
 794              		@ args = 0, pretend = 0, frame = 0
 795              		@ frame_needed = 0, uses_anonymous_args = 0
 796              		@ link register save eliminated.
 797 0000 0029     		cmp	r1, #0
 798 0002 18BF     		it	ne
 799 0004 0028     		cmpne	r0, #0
 800 0006 64D0     		beq	.L113
 801 0008 30B4     		push	{r4, r5}
 802 000a 0346     		mov	r3, r0
 803 000c 0C46     		mov	r4, r1
 804 000e 90F83C20 		ldrb	r2, [r0, #60]	@ zero_extendqisi2
 805 0012 012A     		cmp	r2, #1
 806 0014 5FD0     		beq	.L114
 807 0016 0122     		movs	r2, #1
 808 0018 80F83C20 		strb	r2, [r0, #60]
 809 001c 90F83D20 		ldrb	r2, [r0, #61]	@ zero_extendqisi2
 810 0020 D2B2     		uxtb	r2, r2
 811 0022 012A     		cmp	r2, #1
 812 0024 50D1     		bne	.L103
 813 0026 0222     		movs	r2, #2
 814 0028 80F83D20 		strb	r2, [r0, #61]
 815 002c C26D     		ldr	r2, [r0, #92]
 816 002e 1046     		mov	r0, r2
 817 0030 002A     		cmp	r2, #0
ARM GAS  C:\Users\xiaofei\AppData\Local\Temp\cc6HmkJA.s 			page 15


 818 0032 3BD0     		beq	.L115
 819 0034 196E     		ldr	r1, [r3, #96]
 820 0036 0029     		cmp	r1, #0
 821 0038 3AD0     		beq	.L116
 822 003a 5D6E     		ldr	r5, [r3, #100]
 823 003c 002D     		cmp	r5, #0
 824 003e 39D0     		beq	.L117
 825 0040 9442     		cmp	r4, r2
 826 0042 29D1     		bne	.L118
 827 0044 8C42     		cmp	r4, r1
 828 0046 06D1     		bne	.L106
 829 0048 0020     		movs	r0, #0
 830 004a D865     		str	r0, [r3, #92]
 831 004c 1866     		str	r0, [r3, #96]
 832 004e 5866     		str	r0, [r3, #100]
 833 0050 1A68     		ldr	r2, [r3]
 834 0052 5062     		str	r0, [r2, #36]
 835 0054 31E0     		b	.L104
 836              	.L106:
 837 0056 4A69     		ldr	r2, [r1, #20]
 838 0058 9042     		cmp	r0, r2
 839 005a 01D1     		bne	.L107
 840 005c 6269     		ldr	r2, [r4, #20]
 841 005e 4A61     		str	r2, [r1, #20]
 842              	.L107:
 843 0060 1A68     		ldr	r2, [r3]
 844 0062 6169     		ldr	r1, [r4, #20]
 845 0064 5162     		str	r1, [r2, #36]
 846 0066 1A68     		ldr	r2, [r3]
 847 0068 526A     		ldr	r2, [r2, #36]
 848 006a DA65     		str	r2, [r3, #92]
 849 006c 5A6E     		ldr	r2, [r3, #100]
 850 006e 013A     		subs	r2, r2, #1
 851 0070 5A66     		str	r2, [r3, #100]
 852 0072 0020     		movs	r0, #0
 853 0074 21E0     		b	.L104
 854              	.L112:
 855 0076 0131     		adds	r1, r1, #1
 856 0078 5069     		ldr	r0, [r2, #20]
 857 007a A042     		cmp	r0, r4
 858 007c 0AD1     		bne	.L108
 859 007e 186E     		ldr	r0, [r3, #96]
 860 0080 8442     		cmp	r4, r0
 861 0082 00D1     		bne	.L109
 862 0084 1A66     		str	r2, [r3, #96]
 863              	.L109:
 864 0086 6069     		ldr	r0, [r4, #20]
 865 0088 5061     		str	r0, [r2, #20]
 866 008a 586E     		ldr	r0, [r3, #100]
 867 008c 0138     		subs	r0, r0, #1
 868 008e 5866     		str	r0, [r3, #100]
 869 0090 0125     		movs	r5, #1
 870 0092 03E0     		b	.L105
 871              	.L108:
 872 0094 5269     		ldr	r2, [r2, #20]
 873 0096 01E0     		b	.L105
 874              	.L118:
ARM GAS  C:\Users\xiaofei\AppData\Local\Temp\cc6HmkJA.s 			page 16


 875 0098 0025     		movs	r5, #0
 876 009a 2946     		mov	r1, r5
 877              	.L105:
 878 009c 586E     		ldr	r0, [r3, #100]
 879 009e 8142     		cmp	r1, r0
 880 00a0 01D2     		bcs	.L111
 881 00a2 002D     		cmp	r5, #0
 882 00a4 E7D0     		beq	.L112
 883              	.L111:
 884 00a6 3DB1     		cbz	r5, .L119
 885 00a8 0020     		movs	r0, #0
 886 00aa 06E0     		b	.L104
 887              	.L115:
 888 00ac 0120     		movs	r0, #1
 889 00ae 04E0     		b	.L104
 890              	.L116:
 891 00b0 0120     		movs	r0, #1
 892 00b2 02E0     		b	.L104
 893              	.L117:
 894 00b4 0120     		movs	r0, #1
 895 00b6 00E0     		b	.L104
 896              	.L119:
 897 00b8 0120     		movs	r0, #1
 898              	.L104:
 899 00ba 0022     		movs	r2, #0
 900 00bc 83F83C20 		strb	r2, [r3, #60]
 901 00c0 0122     		movs	r2, #1
 902 00c2 83F83D20 		strb	r2, [r3, #61]
 903 00c6 07E0     		b	.L102
 904              	.L103:
 905 00c8 0022     		movs	r2, #0
 906 00ca 80F83C20 		strb	r2, [r0, #60]
 907 00ce 0220     		movs	r0, #2
 908 00d0 02E0     		b	.L102
 909              	.L113:
 910 00d2 0120     		movs	r0, #1
 911 00d4 7047     		bx	lr
 912              	.L114:
 913 00d6 0220     		movs	r0, #2
 914              	.L102:
 915 00d8 30BC     		pop	{r4, r5}
 916 00da 7047     		bx	lr
 918              		.section	.text.HAL_MDMA_LinkedList_EnableCircularMode,"ax",%progbits
 919              		.align	2
 920              		.global	HAL_MDMA_LinkedList_EnableCircularMode
 921              		.thumb
 922              		.thumb_func
 924              	HAL_MDMA_LinkedList_EnableCircularMode:
 925              		@ args = 0, pretend = 0, frame = 0
 926              		@ frame_needed = 0, uses_anonymous_args = 0
 927              		@ link register save eliminated.
 928 0000 0346     		mov	r3, r0
 929 0002 28B3     		cbz	r0, .L124
 930 0004 90F83C20 		ldrb	r2, [r0, #60]	@ zero_extendqisi2
 931 0008 012A     		cmp	r2, #1
 932 000a 23D0     		beq	.L125
 933 000c 0122     		movs	r2, #1
ARM GAS  C:\Users\xiaofei\AppData\Local\Temp\cc6HmkJA.s 			page 17


 934 000e 80F83C20 		strb	r2, [r0, #60]
 935 0012 90F83D20 		ldrb	r2, [r0, #61]	@ zero_extendqisi2
 936 0016 D2B2     		uxtb	r2, r2
 937 0018 012A     		cmp	r2, #1
 938 001a 0BD1     		bne	.L126
 939 001c 0222     		movs	r2, #2
 940 001e 80F83D20 		strb	r2, [r0, #61]
 941 0022 C26D     		ldr	r2, [r0, #92]
 942 0024 42B1     		cbz	r2, .L127
 943 0026 016E     		ldr	r1, [r0, #96]
 944 0028 41B1     		cbz	r1, .L128
 945 002a 406E     		ldr	r0, [r0, #100]
 946 002c 40B1     		cbz	r0, .L129
 947 002e 4A61     		str	r2, [r1, #20]
 948 0030 0020     		movs	r0, #0
 949 0032 06E0     		b	.L123
 950              	.L126:
 951 0034 0020     		movs	r0, #0
 952 0036 04E0     		b	.L123
 953              	.L127:
 954 0038 0120     		movs	r0, #1
 955 003a 02E0     		b	.L123
 956              	.L128:
 957 003c 0120     		movs	r0, #1
 958 003e 00E0     		b	.L123
 959              	.L129:
 960 0040 0120     		movs	r0, #1
 961              	.L123:
 962 0042 0022     		movs	r2, #0
 963 0044 83F83C20 		strb	r2, [r3, #60]
 964 0048 0122     		movs	r2, #1
 965 004a 83F83D20 		strb	r2, [r3, #61]
 966 004e 7047     		bx	lr
 967              	.L124:
 968 0050 0120     		movs	r0, #1
 969 0052 7047     		bx	lr
 970              	.L125:
 971 0054 0220     		movs	r0, #2
 972 0056 7047     		bx	lr
 974              		.section	.text.HAL_MDMA_LinkedList_DisableCircularMode,"ax",%progbits
 975              		.align	2
 976              		.global	HAL_MDMA_LinkedList_DisableCircularMode
 977              		.thumb
 978              		.thumb_func
 980              	HAL_MDMA_LinkedList_DisableCircularMode:
 981              		@ args = 0, pretend = 0, frame = 0
 982              		@ frame_needed = 0, uses_anonymous_args = 0
 983              		@ link register save eliminated.
 984 0000 0346     		mov	r3, r0
 985 0002 28B3     		cbz	r0, .L133
 986 0004 90F83C20 		ldrb	r2, [r0, #60]	@ zero_extendqisi2
 987 0008 012A     		cmp	r2, #1
 988 000a 23D0     		beq	.L134
 989 000c 0122     		movs	r2, #1
 990 000e 80F83C20 		strb	r2, [r0, #60]
 991 0012 90F83D20 		ldrb	r2, [r0, #61]	@ zero_extendqisi2
 992 0016 D2B2     		uxtb	r2, r2
ARM GAS  C:\Users\xiaofei\AppData\Local\Temp\cc6HmkJA.s 			page 18


 993 0018 012A     		cmp	r2, #1
 994 001a 0BD1     		bne	.L135
 995 001c 0222     		movs	r2, #2
 996 001e 80F83D20 		strb	r2, [r0, #61]
 997 0022 C26D     		ldr	r2, [r0, #92]
 998 0024 42B1     		cbz	r2, .L136
 999 0026 026E     		ldr	r2, [r0, #96]
 1000 0028 42B1     		cbz	r2, .L137
 1001 002a 416E     		ldr	r1, [r0, #100]
 1002 002c 41B1     		cbz	r1, .L138
 1003 002e 0020     		movs	r0, #0
 1004 0030 5061     		str	r0, [r2, #20]
 1005 0032 06E0     		b	.L132
 1006              	.L135:
 1007 0034 0020     		movs	r0, #0
 1008 0036 04E0     		b	.L132
 1009              	.L136:
 1010 0038 0120     		movs	r0, #1
 1011 003a 02E0     		b	.L132
 1012              	.L137:
 1013 003c 0120     		movs	r0, #1
 1014 003e 00E0     		b	.L132
 1015              	.L138:
 1016 0040 0120     		movs	r0, #1
 1017              	.L132:
 1018 0042 0022     		movs	r2, #0
 1019 0044 83F83C20 		strb	r2, [r3, #60]
 1020 0048 0122     		movs	r2, #1
 1021 004a 83F83D20 		strb	r2, [r3, #61]
 1022 004e 7047     		bx	lr
 1023              	.L133:
 1024 0050 0120     		movs	r0, #1
 1025 0052 7047     		bx	lr
 1026              	.L134:
 1027 0054 0220     		movs	r0, #2
 1028 0056 7047     		bx	lr
 1030              		.section	.text.HAL_MDMA_Start,"ax",%progbits
 1031              		.align	2
 1032              		.global	HAL_MDMA_Start
 1033              		.thumb
 1034              		.thumb_func
 1036              	HAL_MDMA_Start:
 1037              		@ args = 4, pretend = 0, frame = 0
 1038              		@ frame_needed = 0, uses_anonymous_args = 0
 1039 0000 0028     		cmp	r0, #0
 1040 0002 32D0     		beq	.L142
 1041 0004 30B5     		push	{r4, r5, lr}
 1042 0006 83B0     		sub	sp, sp, #12
 1043 0008 0446     		mov	r4, r0
 1044 000a 90F83C00 		ldrb	r0, [r0, #60]	@ zero_extendqisi2
 1045 000e 0128     		cmp	r0, #1
 1046 0010 2DD0     		beq	.L143
 1047 0012 0120     		movs	r0, #1
 1048 0014 84F83C00 		strb	r0, [r4, #60]
 1049 0018 94F83D00 		ldrb	r0, [r4, #61]	@ zero_extendqisi2
 1050 001c C0B2     		uxtb	r0, r0
 1051 001e 0128     		cmp	r0, #1
ARM GAS  C:\Users\xiaofei\AppData\Local\Temp\cc6HmkJA.s 			page 19


 1052 0020 1ED1     		bne	.L141
 1053 0022 0220     		movs	r0, #2
 1054 0024 84F83D00 		strb	r0, [r4, #61]
 1055 0028 0020     		movs	r0, #0
 1056 002a A066     		str	r0, [r4, #104]
 1057 002c 2568     		ldr	r5, [r4]
 1058 002e E868     		ldr	r0, [r5, #12]
 1059 0030 20F00100 		bic	r0, r0, #1
 1060 0034 E860     		str	r0, [r5, #12]
 1061 0036 0698     		ldr	r0, [sp, #24]
 1062 0038 0090     		str	r0, [sp]
 1063 003a 2046     		mov	r0, r4
 1064 003c FFF7FEFF 		bl	MDMA_SetConfig
 1065 0040 2268     		ldr	r2, [r4]
 1066 0042 D368     		ldr	r3, [r2, #12]
 1067 0044 43F00103 		orr	r3, r3, #1
 1068 0048 D360     		str	r3, [r2, #12]
 1069 004a 6368     		ldr	r3, [r4, #4]
 1070 004c B3F1804F 		cmp	r3, #1073741824
 1071 0050 0FD1     		bne	.L144
 1072 0052 2268     		ldr	r2, [r4]
 1073 0054 D368     		ldr	r3, [r2, #12]
 1074 0056 43F48033 		orr	r3, r3, #65536
 1075 005a D360     		str	r3, [r2, #12]
 1076 005c 0020     		movs	r0, #0
 1077 005e 09E0     		b	.L140
 1078              	.L141:
 1079 0060 0023     		movs	r3, #0
 1080 0062 84F83C30 		strb	r3, [r4, #60]
 1081 0066 0220     		movs	r0, #2
 1082 0068 04E0     		b	.L140
 1083              	.L142:
 1084 006a 0120     		movs	r0, #1
 1085 006c 7047     		bx	lr
 1086              	.L143:
 1087 006e 0220     		movs	r0, #2
 1088 0070 00E0     		b	.L140
 1089              	.L144:
 1090 0072 0020     		movs	r0, #0
 1091              	.L140:
 1092 0074 03B0     		add	sp, sp, #12
 1093              		@ sp needed
 1094 0076 30BD     		pop	{r4, r5, pc}
 1096              		.section	.text.HAL_MDMA_Start_IT,"ax",%progbits
 1097              		.align	2
 1098              		.global	HAL_MDMA_Start_IT
 1099              		.thumb
 1100              		.thumb_func
 1102              	HAL_MDMA_Start_IT:
 1103              		@ args = 4, pretend = 0, frame = 0
 1104              		@ frame_needed = 0, uses_anonymous_args = 0
 1105 0000 0028     		cmp	r0, #0
 1106 0002 4CD0     		beq	.L152
 1107 0004 30B5     		push	{r4, r5, lr}
 1108 0006 83B0     		sub	sp, sp, #12
 1109 0008 0446     		mov	r4, r0
 1110 000a 90F83C00 		ldrb	r0, [r0, #60]	@ zero_extendqisi2
ARM GAS  C:\Users\xiaofei\AppData\Local\Temp\cc6HmkJA.s 			page 20


 1111 000e 0128     		cmp	r0, #1
 1112 0010 47D0     		beq	.L153
 1113 0012 0120     		movs	r0, #1
 1114 0014 84F83C00 		strb	r0, [r4, #60]
 1115 0018 94F83D00 		ldrb	r0, [r4, #61]	@ zero_extendqisi2
 1116 001c C0B2     		uxtb	r0, r0
 1117 001e 0128     		cmp	r0, #1
 1118 0020 38D1     		bne	.L148
 1119 0022 0220     		movs	r0, #2
 1120 0024 84F83D00 		strb	r0, [r4, #61]
 1121 0028 0020     		movs	r0, #0
 1122 002a A066     		str	r0, [r4, #104]
 1123 002c 2568     		ldr	r5, [r4]
 1124 002e E868     		ldr	r0, [r5, #12]
 1125 0030 20F00100 		bic	r0, r0, #1
 1126 0034 E860     		str	r0, [r5, #12]
 1127 0036 0698     		ldr	r0, [sp, #24]
 1128 0038 0090     		str	r0, [sp]
 1129 003a 2046     		mov	r0, r4
 1130 003c FFF7FEFF 		bl	MDMA_SetConfig
 1131 0040 2268     		ldr	r2, [r4]
 1132 0042 D368     		ldr	r3, [r2, #12]
 1133 0044 43F00603 		orr	r3, r3, #6
 1134 0048 D360     		str	r3, [r2, #12]
 1135 004a E36C     		ldr	r3, [r4, #76]
 1136 004c 23B1     		cbz	r3, .L149
 1137 004e 2268     		ldr	r2, [r4]
 1138 0050 D368     		ldr	r3, [r2, #12]
 1139 0052 43F01003 		orr	r3, r3, #16
 1140 0056 D360     		str	r3, [r2, #12]
 1141              	.L149:
 1142 0058 236D     		ldr	r3, [r4, #80]
 1143 005a 23B1     		cbz	r3, .L150
 1144 005c 2268     		ldr	r2, [r4]
 1145 005e D368     		ldr	r3, [r2, #12]
 1146 0060 43F00803 		orr	r3, r3, #8
 1147 0064 D360     		str	r3, [r2, #12]
 1148              	.L150:
 1149 0066 A36C     		ldr	r3, [r4, #72]
 1150 0068 23B1     		cbz	r3, .L151
 1151 006a 2268     		ldr	r2, [r4]
 1152 006c D368     		ldr	r3, [r2, #12]
 1153 006e 43F02003 		orr	r3, r3, #32
 1154 0072 D360     		str	r3, [r2, #12]
 1155              	.L151:
 1156 0074 2268     		ldr	r2, [r4]
 1157 0076 D368     		ldr	r3, [r2, #12]
 1158 0078 43F00103 		orr	r3, r3, #1
 1159 007c D360     		str	r3, [r2, #12]
 1160 007e 6368     		ldr	r3, [r4, #4]
 1161 0080 B3F1804F 		cmp	r3, #1073741824
 1162 0084 0FD1     		bne	.L154
 1163 0086 2268     		ldr	r2, [r4]
 1164 0088 D368     		ldr	r3, [r2, #12]
 1165 008a 43F48033 		orr	r3, r3, #65536
 1166 008e D360     		str	r3, [r2, #12]
 1167 0090 0020     		movs	r0, #0
ARM GAS  C:\Users\xiaofei\AppData\Local\Temp\cc6HmkJA.s 			page 21


 1168 0092 09E0     		b	.L147
 1169              	.L148:
 1170 0094 0023     		movs	r3, #0
 1171 0096 84F83C30 		strb	r3, [r4, #60]
 1172 009a 0220     		movs	r0, #2
 1173 009c 04E0     		b	.L147
 1174              	.L152:
 1175 009e 0120     		movs	r0, #1
 1176 00a0 7047     		bx	lr
 1177              	.L153:
 1178 00a2 0220     		movs	r0, #2
 1179 00a4 00E0     		b	.L147
 1180              	.L154:
 1181 00a6 0020     		movs	r0, #0
 1182              	.L147:
 1183 00a8 03B0     		add	sp, sp, #12
 1184              		@ sp needed
 1185 00aa 30BD     		pop	{r4, r5, pc}
 1187              		.section	.text.HAL_MDMA_Abort,"ax",%progbits
 1188              		.align	2
 1189              		.global	HAL_MDMA_Abort
 1190              		.thumb
 1191              		.thumb_func
 1193              	HAL_MDMA_Abort:
 1194              		@ args = 0, pretend = 0, frame = 0
 1195              		@ frame_needed = 0, uses_anonymous_args = 0
 1196 0000 38B5     		push	{r3, r4, r5, lr}
 1197 0002 0446     		mov	r4, r0
 1198 0004 FFF7FEFF 		bl	HAL_GetTick
 1199 0008 002C     		cmp	r4, #0
 1200 000a 36D0     		beq	.L161
 1201 000c 0546     		mov	r5, r0
 1202 000e 94F83D30 		ldrb	r3, [r4, #61]	@ zero_extendqisi2
 1203 0012 DBB2     		uxtb	r3, r3
 1204 0014 022B     		cmp	r3, #2
 1205 0016 06D0     		beq	.L158
 1206 0018 8023     		movs	r3, #128
 1207 001a A366     		str	r3, [r4, #104]
 1208 001c 0023     		movs	r3, #0
 1209 001e 84F83C30 		strb	r3, [r4, #60]
 1210 0022 0120     		movs	r0, #1
 1211 0024 38BD     		pop	{r3, r4, r5, pc}
 1212              	.L158:
 1213 0026 2268     		ldr	r2, [r4]
 1214 0028 D368     		ldr	r3, [r2, #12]
 1215 002a 23F03E03 		bic	r3, r3, #62
 1216 002e D360     		str	r3, [r2, #12]
 1217 0030 2268     		ldr	r2, [r4]
 1218 0032 D368     		ldr	r3, [r2, #12]
 1219 0034 23F00103 		bic	r3, r3, #1
 1220 0038 D360     		str	r3, [r2, #12]
 1221 003a 10E0     		b	.L159
 1222              	.L160:
 1223 003c FFF7FEFF 		bl	HAL_GetTick
 1224 0040 401B     		subs	r0, r0, r5
 1225 0042 0528     		cmp	r0, #5
 1226 0044 0BD9     		bls	.L159
ARM GAS  C:\Users\xiaofei\AppData\Local\Temp\cc6HmkJA.s 			page 22


 1227 0046 A36E     		ldr	r3, [r4, #104]
 1228 0048 43F04003 		orr	r3, r3, #64
 1229 004c A366     		str	r3, [r4, #104]
 1230 004e 0023     		movs	r3, #0
 1231 0050 84F83C30 		strb	r3, [r4, #60]
 1232 0054 0323     		movs	r3, #3
 1233 0056 84F83D30 		strb	r3, [r4, #61]
 1234 005a 0120     		movs	r0, #1
 1235 005c 38BD     		pop	{r3, r4, r5, pc}
 1236              	.L159:
 1237 005e 2368     		ldr	r3, [r4]
 1238 0060 DA68     		ldr	r2, [r3, #12]
 1239 0062 12F0010F 		tst	r2, #1
 1240 0066 E9D1     		bne	.L160
 1241 0068 1F22     		movs	r2, #31
 1242 006a 5A60     		str	r2, [r3, #4]
 1243 006c 0020     		movs	r0, #0
 1244 006e 84F83C00 		strb	r0, [r4, #60]
 1245 0072 0123     		movs	r3, #1
 1246 0074 84F83D30 		strb	r3, [r4, #61]
 1247 0078 38BD     		pop	{r3, r4, r5, pc}
 1248              	.L161:
 1249 007a 0120     		movs	r0, #1
 1250 007c 38BD     		pop	{r3, r4, r5, pc}
 1252 007e 00BF     		.section	.text.HAL_MDMA_Abort_IT,"ax",%progbits
 1253              		.align	2
 1254              		.global	HAL_MDMA_Abort_IT
 1255              		.thumb
 1256              		.thumb_func
 1258              	HAL_MDMA_Abort_IT:
 1259              		@ args = 0, pretend = 0, frame = 0
 1260              		@ frame_needed = 0, uses_anonymous_args = 0
 1261              		@ link register save eliminated.
 1262 0000 90B1     		cbz	r0, .L166
 1263 0002 90F83D30 		ldrb	r3, [r0, #61]	@ zero_extendqisi2
 1264 0006 DBB2     		uxtb	r3, r3
 1265 0008 022B     		cmp	r3, #2
 1266 000a 03D0     		beq	.L165
 1267 000c 8023     		movs	r3, #128
 1268 000e 8366     		str	r3, [r0, #104]
 1269 0010 0120     		movs	r0, #1
 1270 0012 7047     		bx	lr
 1271              	.L165:
 1272 0014 0423     		movs	r3, #4
 1273 0016 80F83D30 		strb	r3, [r0, #61]
 1274 001a 0268     		ldr	r2, [r0]
 1275 001c D368     		ldr	r3, [r2, #12]
 1276 001e 23F00103 		bic	r3, r3, #1
 1277 0022 D360     		str	r3, [r2, #12]
 1278 0024 0020     		movs	r0, #0
 1279 0026 7047     		bx	lr
 1280              	.L166:
 1281 0028 0120     		movs	r0, #1
 1282 002a 7047     		bx	lr
 1284              		.section	.text.HAL_MDMA_PollForTransfer,"ax",%progbits
 1285              		.align	2
 1286              		.global	HAL_MDMA_PollForTransfer
ARM GAS  C:\Users\xiaofei\AppData\Local\Temp\cc6HmkJA.s 			page 23


 1287              		.thumb
 1288              		.thumb_func
 1290              	HAL_MDMA_PollForTransfer:
 1291              		@ args = 0, pretend = 0, frame = 0
 1292              		@ frame_needed = 0, uses_anonymous_args = 0
 1293 0000 0028     		cmp	r0, #0
 1294 0002 00F08F80 		beq	.L185
 1295 0006 2DE9F843 		push	{r3, r4, r5, r6, r7, r8, r9, lr}
 1296 000a 0546     		mov	r5, r0
 1297 000c 90F83D30 		ldrb	r3, [r0, #61]	@ zero_extendqisi2
 1298 0010 DBB2     		uxtb	r3, r3
 1299 0012 022B     		cmp	r3, #2
 1300 0014 04D0     		beq	.L169
 1301 0016 8023     		movs	r3, #128
 1302 0018 8366     		str	r3, [r0, #104]
 1303 001a 0120     		movs	r0, #1
 1304 001c BDE8F883 		pop	{r3, r4, r5, r6, r7, r8, r9, pc}
 1305              	.L169:
 1306 0020 29B1     		cbz	r1, .L186
 1307 0022 0129     		cmp	r1, #1
 1308 0024 05D0     		beq	.L187
 1309 0026 0229     		cmp	r1, #2
 1310 0028 05D1     		bne	.L188
 1311 002a 0827     		movs	r7, #8
 1312 002c 04E0     		b	.L170
 1313              	.L186:
 1314 002e 0227     		movs	r7, #2
 1315 0030 02E0     		b	.L170
 1316              	.L187:
 1317 0032 1027     		movs	r7, #16
 1318 0034 00E0     		b	.L170
 1319              	.L188:
 1320 0036 0427     		movs	r7, #4
 1321              	.L170:
 1322 0038 1646     		mov	r6, r2
 1323 003a 8846     		mov	r8, r1
 1324 003c FFF7FEFF 		bl	HAL_GetTick
 1325 0040 8146     		mov	r9, r0
 1326 0042 46E0     		b	.L179
 1327              	.L181:
 1328 0044 1C68     		ldr	r4, [r3]
 1329 0046 14F0010F 		tst	r4, #1
 1330 004a 2ED0     		beq	.L172
 1331 004c 9B68     		ldr	r3, [r3, #8]
 1332 004e 13F0800F 		tst	r3, #128
 1333 0052 04D1     		bne	.L173
 1334 0054 AA6E     		ldr	r2, [r5, #104]
 1335 0056 42F00102 		orr	r2, r2, #1
 1336 005a AA66     		str	r2, [r5, #104]
 1337 005c 03E0     		b	.L174
 1338              	.L173:
 1339 005e AA6E     		ldr	r2, [r5, #104]
 1340 0060 42F00202 		orr	r2, r2, #2
 1341 0064 AA66     		str	r2, [r5, #104]
 1342              	.L174:
 1343 0066 13F4007F 		tst	r3, #512
 1344 006a 03D0     		beq	.L175
ARM GAS  C:\Users\xiaofei\AppData\Local\Temp\cc6HmkJA.s 			page 24


 1345 006c AA6E     		ldr	r2, [r5, #104]
 1346 006e 42F00402 		orr	r2, r2, #4
 1347 0072 AA66     		str	r2, [r5, #104]
 1348              	.L175:
 1349 0074 13F4807F 		tst	r3, #256
 1350 0078 03D0     		beq	.L176
 1351 007a AA6E     		ldr	r2, [r5, #104]
 1352 007c 42F00802 		orr	r2, r2, #8
 1353 0080 AA66     		str	r2, [r5, #104]
 1354              	.L176:
 1355 0082 13F4806F 		tst	r3, #1024
 1356 0086 03D0     		beq	.L177
 1357 0088 AA6E     		ldr	r2, [r5, #104]
 1358 008a 42F01002 		orr	r2, r2, #16
 1359 008e AA66     		str	r2, [r5, #104]
 1360              	.L177:
 1361 0090 13F4006F 		tst	r3, #2048
 1362 0094 03D0     		beq	.L178
 1363 0096 AB6E     		ldr	r3, [r5, #104]
 1364 0098 43F02003 		orr	r3, r3, #32
 1365 009c AB66     		str	r3, [r5, #104]
 1366              	.L178:
 1367 009e 2846     		mov	r0, r5
 1368 00a0 FFF7FEFF 		bl	HAL_MDMA_Abort
 1369 00a4 0120     		movs	r0, #1
 1370 00a6 BDE8F883 		pop	{r3, r4, r5, r6, r7, r8, r9, pc}
 1371              	.L172:
 1372 00aa B6F1FF3F 		cmp	r6, #-1
 1373 00ae 10D0     		beq	.L179
 1374 00b0 FFF7FEFF 		bl	HAL_GetTick
 1375 00b4 C9EB0000 		rsb	r0, r9, r0
 1376 00b8 8642     		cmp	r6, r0
 1377 00ba 00D3     		bcc	.L180
 1378 00bc 4EB9     		cbnz	r6, .L179
 1379              	.L180:
 1380 00be AB6E     		ldr	r3, [r5, #104]
 1381 00c0 43F04003 		orr	r3, r3, #64
 1382 00c4 AB66     		str	r3, [r5, #104]
 1383 00c6 2846     		mov	r0, r5
 1384 00c8 FFF7FEFF 		bl	HAL_MDMA_Abort
 1385 00cc 0120     		movs	r0, #1
 1386 00ce BDE8F883 		pop	{r3, r4, r5, r6, r7, r8, r9, pc}
 1387              	.L179:
 1388 00d2 2B68     		ldr	r3, [r5]
 1389 00d4 1C68     		ldr	r4, [r3]
 1390 00d6 2742     		tst	r7, r4
 1391 00d8 B4D0     		beq	.L181
 1392 00da B8F1010F 		cmp	r8, #1
 1393 00de 04D1     		bne	.L182
 1394 00e0 1022     		movs	r2, #16
 1395 00e2 5A60     		str	r2, [r3, #4]
 1396 00e4 0020     		movs	r0, #0
 1397 00e6 BDE8F883 		pop	{r3, r4, r5, r6, r7, r8, r9, pc}
 1398              	.L182:
 1399 00ea B8F1020F 		cmp	r8, #2
 1400 00ee 04D1     		bne	.L183
 1401 00f0 1822     		movs	r2, #24
ARM GAS  C:\Users\xiaofei\AppData\Local\Temp\cc6HmkJA.s 			page 25


 1402 00f2 5A60     		str	r2, [r3, #4]
 1403 00f4 0020     		movs	r0, #0
 1404 00f6 BDE8F883 		pop	{r3, r4, r5, r6, r7, r8, r9, pc}
 1405              	.L183:
 1406 00fa B8F1030F 		cmp	r8, #3
 1407 00fe 04D1     		bne	.L184
 1408 0100 1C22     		movs	r2, #28
 1409 0102 5A60     		str	r2, [r3, #4]
 1410 0104 0020     		movs	r0, #0
 1411 0106 BDE8F883 		pop	{r3, r4, r5, r6, r7, r8, r9, pc}
 1412              	.L184:
 1413 010a B8F1000F 		cmp	r8, #0
 1414 010e 0BD1     		bne	.L189
 1415 0110 1E22     		movs	r2, #30
 1416 0112 5A60     		str	r2, [r3, #4]
 1417 0114 0020     		movs	r0, #0
 1418 0116 85F83C00 		strb	r0, [r5, #60]
 1419 011a 0123     		movs	r3, #1
 1420 011c 85F83D30 		strb	r3, [r5, #61]
 1421 0120 BDE8F883 		pop	{r3, r4, r5, r6, r7, r8, r9, pc}
 1422              	.L185:
 1423 0124 0120     		movs	r0, #1
 1424 0126 7047     		bx	lr
 1425              	.L189:
 1426 0128 0120     		movs	r0, #1
 1427 012a BDE8F883 		pop	{r3, r4, r5, r6, r7, r8, r9, pc}
 1429 012e 00BF     		.section	.text.HAL_MDMA_GenerateSWRequest,"ax",%progbits
 1430              		.align	2
 1431              		.global	HAL_MDMA_GenerateSWRequest
 1432              		.thumb
 1433              		.thumb_func
 1435              	HAL_MDMA_GenerateSWRequest:
 1436              		@ args = 0, pretend = 0, frame = 0
 1437              		@ frame_needed = 0, uses_anonymous_args = 0
 1438              		@ link register save eliminated.
 1439 0000 0146     		mov	r1, r0
 1440 0002 D8B1     		cbz	r0, .L196
 1441 0004 0368     		ldr	r3, [r0]
 1442 0006 1A69     		ldr	r2, [r3, #16]
 1443 0008 02F08042 		and	r2, r2, #1073741824
 1444 000c D868     		ldr	r0, [r3, #12]
 1445 000e 10F0010F 		tst	r0, #1
 1446 0012 03D1     		bne	.L193
 1447 0014 8023     		movs	r3, #128
 1448 0016 8B66     		str	r3, [r1, #104]
 1449 0018 0120     		movs	r0, #1
 1450 001a 7047     		bx	lr
 1451              	.L193:
 1452 001c 1868     		ldr	r0, [r3]
 1453 001e 10F4803F 		tst	r0, #65536
 1454 0022 00D1     		bne	.L194
 1455 0024 22B9     		cbnz	r2, .L195
 1456              	.L194:
 1457 0026 4FF48073 		mov	r3, #256
 1458 002a 8B66     		str	r3, [r1, #104]
 1459 002c 0120     		movs	r0, #1
 1460 002e 7047     		bx	lr
ARM GAS  C:\Users\xiaofei\AppData\Local\Temp\cc6HmkJA.s 			page 26


 1461              	.L195:
 1462 0030 DA68     		ldr	r2, [r3, #12]
 1463 0032 42F48032 		orr	r2, r2, #65536
 1464 0036 DA60     		str	r2, [r3, #12]
 1465 0038 0020     		movs	r0, #0
 1466 003a 7047     		bx	lr
 1467              	.L196:
 1468 003c 0120     		movs	r0, #1
 1469 003e 7047     		bx	lr
 1471              		.section	.text.HAL_MDMA_IRQHandler,"ax",%progbits
 1472              		.align	2
 1473              		.global	HAL_MDMA_IRQHandler
 1474              		.thumb
 1475              		.thumb_func
 1477              	HAL_MDMA_IRQHandler:
 1478              		@ args = 0, pretend = 0, frame = 8
 1479              		@ frame_needed = 0, uses_anonymous_args = 0
 1480 0000 30B5     		push	{r4, r5, lr}
 1481 0002 83B0     		sub	sp, sp, #12
 1482 0004 0023     		movs	r3, #0
 1483 0006 0193     		str	r3, [sp, #4]
 1484 0008 664B     		ldr	r3, .L216
 1485 000a 1B68     		ldr	r3, [r3]
 1486 000c 664D     		ldr	r5, .L216+4
 1487 000e A5FB0335 		umull	r3, r5, r5, r3
 1488 0012 0168     		ldr	r1, [r0]
 1489 0014 654B     		ldr	r3, .L216+8
 1490 0016 0B44     		add	r3, r3, r1
 1491 0018 C3F38413 		ubfx	r3, r3, #6, #5
 1492 001c 0122     		movs	r2, #1
 1493 001e 02FA03F3 		lsl	r3, r2, r3
 1494 0022 4FF0A442 		mov	r2, #1375731712
 1495 0026 1268     		ldr	r2, [r2]
 1496 0028 1342     		tst	r3, r2
 1497 002a 00F0B880 		beq	.L197
 1498 002e AD0A     		lsrs	r5, r5, #10
 1499 0030 0B68     		ldr	r3, [r1]
 1500 0032 13F0010F 		tst	r3, #1
 1501 0036 33D0     		beq	.L199
 1502 0038 CB68     		ldr	r3, [r1, #12]
 1503 003a 13F0020F 		tst	r3, #2
 1504 003e 2FD0     		beq	.L199
 1505 0040 CB68     		ldr	r3, [r1, #12]
 1506 0042 23F00203 		bic	r3, r3, #2
 1507 0046 CB60     		str	r3, [r1, #12]
 1508 0048 0268     		ldr	r2, [r0]
 1509 004a 9368     		ldr	r3, [r2, #8]
 1510 004c 13F0800F 		tst	r3, #128
 1511 0050 04D1     		bne	.L200
 1512 0052 816E     		ldr	r1, [r0, #104]
 1513 0054 41F00101 		orr	r1, r1, #1
 1514 0058 8166     		str	r1, [r0, #104]
 1515 005a 03E0     		b	.L201
 1516              	.L200:
 1517 005c 816E     		ldr	r1, [r0, #104]
 1518 005e 41F00201 		orr	r1, r1, #2
 1519 0062 8166     		str	r1, [r0, #104]
ARM GAS  C:\Users\xiaofei\AppData\Local\Temp\cc6HmkJA.s 			page 27


 1520              	.L201:
 1521 0064 13F4007F 		tst	r3, #512
 1522 0068 03D0     		beq	.L202
 1523 006a 816E     		ldr	r1, [r0, #104]
 1524 006c 41F00401 		orr	r1, r1, #4
 1525 0070 8166     		str	r1, [r0, #104]
 1526              	.L202:
 1527 0072 13F4807F 		tst	r3, #256
 1528 0076 03D0     		beq	.L203
 1529 0078 816E     		ldr	r1, [r0, #104]
 1530 007a 41F00801 		orr	r1, r1, #8
 1531 007e 8166     		str	r1, [r0, #104]
 1532              	.L203:
 1533 0080 13F4806F 		tst	r3, #1024
 1534 0084 03D0     		beq	.L204
 1535 0086 816E     		ldr	r1, [r0, #104]
 1536 0088 41F01001 		orr	r1, r1, #16
 1537 008c 8166     		str	r1, [r0, #104]
 1538              	.L204:
 1539 008e 13F4006F 		tst	r3, #2048
 1540 0092 03D0     		beq	.L205
 1541 0094 836E     		ldr	r3, [r0, #104]
 1542 0096 43F02003 		orr	r3, r3, #32
 1543 009a 8366     		str	r3, [r0, #104]
 1544              	.L205:
 1545 009c 0123     		movs	r3, #1
 1546 009e 5360     		str	r3, [r2, #4]
 1547              	.L199:
 1548 00a0 0446     		mov	r4, r0
 1549 00a2 0368     		ldr	r3, [r0]
 1550 00a4 1A68     		ldr	r2, [r3]
 1551 00a6 12F0100F 		tst	r2, #16
 1552 00aa 08D0     		beq	.L206
 1553 00ac DA68     		ldr	r2, [r3, #12]
 1554 00ae 12F0200F 		tst	r2, #32
 1555 00b2 04D0     		beq	.L206
 1556 00b4 1022     		movs	r2, #16
 1557 00b6 5A60     		str	r2, [r3, #4]
 1558 00b8 836C     		ldr	r3, [r0, #72]
 1559 00ba 03B1     		cbz	r3, .L206
 1560 00bc 9847     		blx	r3
 1561              	.L206:
 1562 00be 2368     		ldr	r3, [r4]
 1563 00c0 1A68     		ldr	r2, [r3]
 1564 00c2 12F0080F 		tst	r2, #8
 1565 00c6 09D0     		beq	.L207
 1566 00c8 DA68     		ldr	r2, [r3, #12]
 1567 00ca 12F0100F 		tst	r2, #16
 1568 00ce 05D0     		beq	.L207
 1569 00d0 0822     		movs	r2, #8
 1570 00d2 5A60     		str	r2, [r3, #4]
 1571 00d4 E36C     		ldr	r3, [r4, #76]
 1572 00d6 0BB1     		cbz	r3, .L207
 1573 00d8 2046     		mov	r0, r4
 1574 00da 9847     		blx	r3
 1575              	.L207:
 1576 00dc 2368     		ldr	r3, [r4]
ARM GAS  C:\Users\xiaofei\AppData\Local\Temp\cc6HmkJA.s 			page 28


 1577 00de 1A68     		ldr	r2, [r3]
 1578 00e0 12F0040F 		tst	r2, #4
 1579 00e4 09D0     		beq	.L208
 1580 00e6 DA68     		ldr	r2, [r3, #12]
 1581 00e8 12F0080F 		tst	r2, #8
 1582 00ec 05D0     		beq	.L208
 1583 00ee 0422     		movs	r2, #4
 1584 00f0 5A60     		str	r2, [r3, #4]
 1585 00f2 236D     		ldr	r3, [r4, #80]
 1586 00f4 0BB1     		cbz	r3, .L208
 1587 00f6 2046     		mov	r0, r4
 1588 00f8 9847     		blx	r3
 1589              	.L208:
 1590 00fa 2368     		ldr	r3, [r4]
 1591 00fc 1A68     		ldr	r2, [r3]
 1592 00fe 12F0020F 		tst	r2, #2
 1593 0102 25D0     		beq	.L209
 1594 0104 DA68     		ldr	r2, [r3, #12]
 1595 0106 12F0040F 		tst	r2, #4
 1596 010a 21D0     		beq	.L209
 1597 010c DA68     		ldr	r2, [r3, #12]
 1598 010e 22F03E02 		bic	r2, r2, #62
 1599 0112 DA60     		str	r2, [r3, #12]
 1600 0114 94F83D30 		ldrb	r3, [r4, #61]	@ zero_extendqisi2
 1601 0118 DBB2     		uxtb	r3, r3
 1602 011a 042B     		cmp	r3, #4
 1603 011c 0BD1     		bne	.L210
 1604 011e 0023     		movs	r3, #0
 1605 0120 84F83C30 		strb	r3, [r4, #60]
 1606 0124 0123     		movs	r3, #1
 1607 0126 84F83D30 		strb	r3, [r4, #61]
 1608 012a A36D     		ldr	r3, [r4, #88]
 1609 012c 002B     		cmp	r3, #0
 1610 012e 36D0     		beq	.L197
 1611 0130 2046     		mov	r0, r4
 1612 0132 9847     		blx	r3
 1613 0134 33E0     		b	.L197
 1614              	.L210:
 1615 0136 2368     		ldr	r3, [r4]
 1616 0138 0222     		movs	r2, #2
 1617 013a 5A60     		str	r2, [r3, #4]
 1618 013c 0023     		movs	r3, #0
 1619 013e 84F83C30 		strb	r3, [r4, #60]
 1620 0142 0123     		movs	r3, #1
 1621 0144 84F83D30 		strb	r3, [r4, #61]
 1622 0148 636C     		ldr	r3, [r4, #68]
 1623 014a 0BB1     		cbz	r3, .L209
 1624 014c 2046     		mov	r0, r4
 1625 014e 9847     		blx	r3
 1626              	.L209:
 1627 0150 A36E     		ldr	r3, [r4, #104]
 1628 0152 23B3     		cbz	r3, .L197
 1629 0154 0423     		movs	r3, #4
 1630 0156 84F83D30 		strb	r3, [r4, #61]
 1631 015a 2268     		ldr	r2, [r4]
 1632 015c D368     		ldr	r3, [r2, #12]
 1633 015e 23F00103 		bic	r3, r3, #1
ARM GAS  C:\Users\xiaofei\AppData\Local\Temp\cc6HmkJA.s 			page 29


 1634 0162 D360     		str	r3, [r2, #12]
 1635              	.L212:
 1636 0164 019B     		ldr	r3, [sp, #4]
 1637 0166 0133     		adds	r3, r3, #1
 1638 0168 0193     		str	r3, [sp, #4]
 1639 016a 9D42     		cmp	r5, r3
 1640 016c 04D3     		bcc	.L211
 1641 016e 2368     		ldr	r3, [r4]
 1642 0170 DB68     		ldr	r3, [r3, #12]
 1643 0172 13F0010F 		tst	r3, #1
 1644 0176 F5D1     		bne	.L212
 1645              	.L211:
 1646 0178 0023     		movs	r3, #0
 1647 017a 84F83C30 		strb	r3, [r4, #60]
 1648 017e 2368     		ldr	r3, [r4]
 1649 0180 DB68     		ldr	r3, [r3, #12]
 1650 0182 13F0010F 		tst	r3, #1
 1651 0186 03D0     		beq	.L213
 1652 0188 0323     		movs	r3, #3
 1653 018a 84F83D30 		strb	r3, [r4, #61]
 1654 018e 02E0     		b	.L214
 1655              	.L213:
 1656 0190 0123     		movs	r3, #1
 1657 0192 84F83D30 		strb	r3, [r4, #61]
 1658              	.L214:
 1659 0196 636D     		ldr	r3, [r4, #84]
 1660 0198 0BB1     		cbz	r3, .L197
 1661 019a 2046     		mov	r0, r4
 1662 019c 9847     		blx	r3
 1663              	.L197:
 1664 019e 03B0     		add	sp, sp, #12
 1665              		@ sp needed
 1666 01a0 30BD     		pop	{r4, r5, pc}
 1667              	.L217:
 1668 01a2 00BF     		.align	2
 1669              	.L216:
 1670 01a4 00000000 		.word	SystemCoreClock
 1671 01a8 B5814E1B 		.word	458129845
 1672 01ac C0FFFFAD 		.word	-1375731776
 1674              		.section	.text.HAL_MDMA_GetState,"ax",%progbits
 1675              		.align	2
 1676              		.global	HAL_MDMA_GetState
 1677              		.thumb
 1678              		.thumb_func
 1680              	HAL_MDMA_GetState:
 1681              		@ args = 0, pretend = 0, frame = 0
 1682              		@ frame_needed = 0, uses_anonymous_args = 0
 1683              		@ link register save eliminated.
 1684 0000 90F83D00 		ldrb	r0, [r0, #61]	@ zero_extendqisi2
 1685 0004 7047     		bx	lr
 1687 0006 00BF     		.section	.text.HAL_MDMA_GetError,"ax",%progbits
 1688              		.align	2
 1689              		.global	HAL_MDMA_GetError
 1690              		.thumb
 1691              		.thumb_func
 1693              	HAL_MDMA_GetError:
 1694              		@ args = 0, pretend = 0, frame = 0
ARM GAS  C:\Users\xiaofei\AppData\Local\Temp\cc6HmkJA.s 			page 30


 1695              		@ frame_needed = 0, uses_anonymous_args = 0
 1696              		@ link register save eliminated.
 1697 0000 806E     		ldr	r0, [r0, #104]
 1698 0002 7047     		bx	lr
 1700              		.ident	"GCC: (GNU Tools for ARM Embedded Processors) 5.4.1 20160919 (release) [ARM/embedded-5-bran
ARM GAS  C:\Users\xiaofei\AppData\Local\Temp\cc6HmkJA.s 			page 31


DEFINED SYMBOLS
                            *ABS*:00000000 stm32h7xx_hal_mdma.c
C:\Users\xiaofei\AppData\Local\Temp\cc6HmkJA.s:18     .text.MDMA_SetConfig:00000000 $t
C:\Users\xiaofei\AppData\Local\Temp\cc6HmkJA.s:22     .text.MDMA_SetConfig:00000000 MDMA_SetConfig
C:\Users\xiaofei\AppData\Local\Temp\cc6HmkJA.s:88     .text.MDMA_SetConfig:00000084 $d
C:\Users\xiaofei\AppData\Local\Temp\cc6HmkJA.s:91     .text.MDMA_Init:00000000 $t
C:\Users\xiaofei\AppData\Local\Temp\cc6HmkJA.s:95     .text.MDMA_Init:00000000 MDMA_Init
C:\Users\xiaofei\AppData\Local\Temp\cc6HmkJA.s:191    .text.HAL_MDMA_Init:00000000 $t
C:\Users\xiaofei\AppData\Local\Temp\cc6HmkJA.s:196    .text.HAL_MDMA_Init:00000000 HAL_MDMA_Init
C:\Users\xiaofei\AppData\Local\Temp\cc6HmkJA.s:244    .text.HAL_MDMA_DeInit:00000000 $t
C:\Users\xiaofei\AppData\Local\Temp\cc6HmkJA.s:249    .text.HAL_MDMA_DeInit:00000000 HAL_MDMA_DeInit
C:\Users\xiaofei\AppData\Local\Temp\cc6HmkJA.s:296    .text.HAL_MDMA_ConfigPostRequestMask:00000000 $t
C:\Users\xiaofei\AppData\Local\Temp\cc6HmkJA.s:301    .text.HAL_MDMA_ConfigPostRequestMask:00000000 HAL_MDMA_ConfigPostRequestMask
C:\Users\xiaofei\AppData\Local\Temp\cc6HmkJA.s:360    .text.HAL_MDMA_RegisterCallback:00000000 $t
C:\Users\xiaofei\AppData\Local\Temp\cc6HmkJA.s:365    .text.HAL_MDMA_RegisterCallback:00000000 HAL_MDMA_RegisterCallback
C:\Users\xiaofei\AppData\Local\Temp\cc6HmkJA.s:384    .text.HAL_MDMA_RegisterCallback:00000024 $d
C:\Users\xiaofei\AppData\Local\Temp\cc6HmkJA.s:390    .text.HAL_MDMA_RegisterCallback:0000002a $t
C:\Users\xiaofei\AppData\Local\Temp\cc6HmkJA.s:432    .text.HAL_MDMA_UnRegisterCallback:00000000 $t
C:\Users\xiaofei\AppData\Local\Temp\cc6HmkJA.s:437    .text.HAL_MDMA_UnRegisterCallback:00000000 HAL_MDMA_UnRegisterCallback
C:\Users\xiaofei\AppData\Local\Temp\cc6HmkJA.s:457    .text.HAL_MDMA_UnRegisterCallback:00000026 $d
C:\Users\xiaofei\AppData\Local\Temp\cc6HmkJA.s:515    .text.HAL_MDMA_LinkedList_CreateNode:00000000 $t
C:\Users\xiaofei\AppData\Local\Temp\cc6HmkJA.s:520    .text.HAL_MDMA_LinkedList_CreateNode:00000000 HAL_MDMA_LinkedList_CreateNode
C:\Users\xiaofei\AppData\Local\Temp\cc6HmkJA.s:655    .text.HAL_MDMA_LinkedList_AddNode:00000000 $t
C:\Users\xiaofei\AppData\Local\Temp\cc6HmkJA.s:660    .text.HAL_MDMA_LinkedList_AddNode:00000000 HAL_MDMA_LinkedList_AddNode
C:\Users\xiaofei\AppData\Local\Temp\cc6HmkJA.s:788    .text.HAL_MDMA_LinkedList_RemoveNode:00000000 $t
C:\Users\xiaofei\AppData\Local\Temp\cc6HmkJA.s:793    .text.HAL_MDMA_LinkedList_RemoveNode:00000000 HAL_MDMA_LinkedList_RemoveNode
C:\Users\xiaofei\AppData\Local\Temp\cc6HmkJA.s:919    .text.HAL_MDMA_LinkedList_EnableCircularMode:00000000 $t
C:\Users\xiaofei\AppData\Local\Temp\cc6HmkJA.s:924    .text.HAL_MDMA_LinkedList_EnableCircularMode:00000000 HAL_MDMA_LinkedList_EnableCircularMode
C:\Users\xiaofei\AppData\Local\Temp\cc6HmkJA.s:975    .text.HAL_MDMA_LinkedList_DisableCircularMode:00000000 $t
C:\Users\xiaofei\AppData\Local\Temp\cc6HmkJA.s:980    .text.HAL_MDMA_LinkedList_DisableCircularMode:00000000 HAL_MDMA_LinkedList_DisableCircularMode
C:\Users\xiaofei\AppData\Local\Temp\cc6HmkJA.s:1031   .text.HAL_MDMA_Start:00000000 $t
C:\Users\xiaofei\AppData\Local\Temp\cc6HmkJA.s:1036   .text.HAL_MDMA_Start:00000000 HAL_MDMA_Start
C:\Users\xiaofei\AppData\Local\Temp\cc6HmkJA.s:1097   .text.HAL_MDMA_Start_IT:00000000 $t
C:\Users\xiaofei\AppData\Local\Temp\cc6HmkJA.s:1102   .text.HAL_MDMA_Start_IT:00000000 HAL_MDMA_Start_IT
C:\Users\xiaofei\AppData\Local\Temp\cc6HmkJA.s:1188   .text.HAL_MDMA_Abort:00000000 $t
C:\Users\xiaofei\AppData\Local\Temp\cc6HmkJA.s:1193   .text.HAL_MDMA_Abort:00000000 HAL_MDMA_Abort
C:\Users\xiaofei\AppData\Local\Temp\cc6HmkJA.s:1253   .text.HAL_MDMA_Abort_IT:00000000 $t
C:\Users\xiaofei\AppData\Local\Temp\cc6HmkJA.s:1258   .text.HAL_MDMA_Abort_IT:00000000 HAL_MDMA_Abort_IT
C:\Users\xiaofei\AppData\Local\Temp\cc6HmkJA.s:1285   .text.HAL_MDMA_PollForTransfer:00000000 $t
C:\Users\xiaofei\AppData\Local\Temp\cc6HmkJA.s:1290   .text.HAL_MDMA_PollForTransfer:00000000 HAL_MDMA_PollForTransfer
C:\Users\xiaofei\AppData\Local\Temp\cc6HmkJA.s:1430   .text.HAL_MDMA_GenerateSWRequest:00000000 $t
C:\Users\xiaofei\AppData\Local\Temp\cc6HmkJA.s:1435   .text.HAL_MDMA_GenerateSWRequest:00000000 HAL_MDMA_GenerateSWRequest
C:\Users\xiaofei\AppData\Local\Temp\cc6HmkJA.s:1472   .text.HAL_MDMA_IRQHandler:00000000 $t
C:\Users\xiaofei\AppData\Local\Temp\cc6HmkJA.s:1477   .text.HAL_MDMA_IRQHandler:00000000 HAL_MDMA_IRQHandler
C:\Users\xiaofei\AppData\Local\Temp\cc6HmkJA.s:1670   .text.HAL_MDMA_IRQHandler:000001a4 $d
C:\Users\xiaofei\AppData\Local\Temp\cc6HmkJA.s:1675   .text.HAL_MDMA_GetState:00000000 $t
C:\Users\xiaofei\AppData\Local\Temp\cc6HmkJA.s:1680   .text.HAL_MDMA_GetState:00000000 HAL_MDMA_GetState
C:\Users\xiaofei\AppData\Local\Temp\cc6HmkJA.s:1688   .text.HAL_MDMA_GetError:00000000 $t
C:\Users\xiaofei\AppData\Local\Temp\cc6HmkJA.s:1693   .text.HAL_MDMA_GetError:00000000 HAL_MDMA_GetError
C:\Users\xiaofei\AppData\Local\Temp\cc6HmkJA.s:464    .text.HAL_MDMA_UnRegisterCallback:0000002d $d
C:\Users\xiaofei\AppData\Local\Temp\cc6HmkJA.s:464    .text.HAL_MDMA_UnRegisterCallback:0000002e $t

UNDEFINED SYMBOLS
HAL_GetTick
SystemCoreClock
