ARM GAS  C:\Users\xiaofei\AppData\Local\Temp\ccv0P1GT.s 			page 1


   1              		.syntax unified
   2              		.cpu cortex-m7
   3              		.eabi_attribute 28, 1
   4              		.fpu fpv5-d16
   5              		.eabi_attribute 20, 1
   6              		.eabi_attribute 21, 1
   7              		.eabi_attribute 23, 3
   8              		.eabi_attribute 24, 1
   9              		.eabi_attribute 25, 1
  10              		.eabi_attribute 26, 1
  11              		.eabi_attribute 30, 1
  12              		.eabi_attribute 34, 1
  13              		.eabi_attribute 18, 4
  14              		.thumb
  15              		.syntax unified
  16              		.file	"stm32h7xx_hal_timebase_tim.c"
  17              		.section	.text.HAL_InitTick,"ax",%progbits
  18              		.align	2
  19              		.global	HAL_InitTick
  20              		.thumb
  21              		.thumb_func
  23              	HAL_InitTick:
  24              		@ args = 0, pretend = 0, frame = 40
  25              		@ frame_needed = 0, uses_anonymous_args = 0
  26 0000 0F28     		cmp	r0, #15
  27 0002 3BD8     		bhi	.L5
  28 0004 10B5     		push	{r4, lr}
  29 0006 8AB0     		sub	sp, sp, #40
  30 0008 0446     		mov	r4, r0
  31 000a 0022     		movs	r2, #0
  32 000c 0146     		mov	r1, r0
  33 000e 3620     		movs	r0, #54
  34 0010 FFF7FEFF 		bl	HAL_NVIC_SetPriority
  35 0014 3620     		movs	r0, #54
  36 0016 FFF7FEFF 		bl	HAL_NVIC_EnableIRQ
  37 001a 1B4B     		ldr	r3, .L8
  38 001c 1C60     		str	r4, [r3]
  39 001e 1B4B     		ldr	r3, .L8+4
  40 0020 D3F8E820 		ldr	r2, [r3, #232]
  41 0024 42F01002 		orr	r2, r2, #16
  42 0028 C3F8E820 		str	r2, [r3, #232]
  43 002c D3F8E830 		ldr	r3, [r3, #232]
  44 0030 03F01003 		and	r3, r3, #16
  45 0034 0093     		str	r3, [sp]
  46 0036 009B     		ldr	r3, [sp]
  47 0038 01A9     		add	r1, sp, #4
  48 003a 02A8     		add	r0, sp, #8
  49 003c FFF7FEFF 		bl	HAL_RCC_GetClockConfig
  50 0040 079B     		ldr	r3, [sp, #28]
  51 0042 13B9     		cbnz	r3, .L3
  52 0044 FFF7FEFF 		bl	HAL_RCC_GetPCLK1Freq
  53 0048 02E0     		b	.L4
  54              	.L3:
  55 004a FFF7FEFF 		bl	HAL_RCC_GetPCLK1Freq
  56 004e 4000     		lsls	r0, r0, #1
  57              	.L4:
  58 0050 0F4B     		ldr	r3, .L8+8
ARM GAS  C:\Users\xiaofei\AppData\Local\Temp\ccv0P1GT.s 			page 2


  59 0052 A3FB0023 		umull	r2, r3, r3, r0
  60 0056 9B0C     		lsrs	r3, r3, #18
  61 0058 013B     		subs	r3, r3, #1
  62 005a 0E48     		ldr	r0, .L8+12
  63 005c 0E4A     		ldr	r2, .L8+16
  64 005e 0260     		str	r2, [r0]
  65 0060 40F2E732 		movw	r2, #999
  66 0064 C260     		str	r2, [r0, #12]
  67 0066 4360     		str	r3, [r0, #4]
  68 0068 0023     		movs	r3, #0
  69 006a 0361     		str	r3, [r0, #16]
  70 006c 8360     		str	r3, [r0, #8]
  71 006e FFF7FEFF 		bl	HAL_TIM_Base_Init
  72 0072 28B9     		cbnz	r0, .L6
  73 0074 0748     		ldr	r0, .L8+12
  74 0076 FFF7FEFF 		bl	HAL_TIM_Base_Start_IT
  75 007a 02E0     		b	.L2
  76              	.L5:
  77 007c 0120     		movs	r0, #1
  78 007e 7047     		bx	lr
  79              	.L6:
  80 0080 0120     		movs	r0, #1
  81              	.L2:
  82 0082 0AB0     		add	sp, sp, #40
  83              		@ sp needed
  84 0084 10BD     		pop	{r4, pc}
  85              	.L9:
  86 0086 00BF     		.align	2
  87              	.L8:
  88 0088 00000000 		.word	uwTickPrio
  89 008c 00440258 		.word	1476543488
  90 0090 83DE1B43 		.word	1125899907
  91 0094 00000000 		.word	htim6
  92 0098 00100040 		.word	1073745920
  94              		.section	.text.HAL_SuspendTick,"ax",%progbits
  95              		.align	2
  96              		.global	HAL_SuspendTick
  97              		.thumb
  98              		.thumb_func
 100              	HAL_SuspendTick:
 101              		@ args = 0, pretend = 0, frame = 0
 102              		@ frame_needed = 0, uses_anonymous_args = 0
 103              		@ link register save eliminated.
 104 0000 034B     		ldr	r3, .L11
 105 0002 1A68     		ldr	r2, [r3]
 106 0004 D368     		ldr	r3, [r2, #12]
 107 0006 23F00103 		bic	r3, r3, #1
 108 000a D360     		str	r3, [r2, #12]
 109 000c 7047     		bx	lr
 110              	.L12:
 111 000e 00BF     		.align	2
 112              	.L11:
 113 0010 00000000 		.word	htim6
 115              		.section	.text.HAL_ResumeTick,"ax",%progbits
 116              		.align	2
 117              		.global	HAL_ResumeTick
 118              		.thumb
ARM GAS  C:\Users\xiaofei\AppData\Local\Temp\ccv0P1GT.s 			page 3


 119              		.thumb_func
 121              	HAL_ResumeTick:
 122              		@ args = 0, pretend = 0, frame = 0
 123              		@ frame_needed = 0, uses_anonymous_args = 0
 124              		@ link register save eliminated.
 125 0000 034B     		ldr	r3, .L14
 126 0002 1A68     		ldr	r2, [r3]
 127 0004 D368     		ldr	r3, [r2, #12]
 128 0006 43F00103 		orr	r3, r3, #1
 129 000a D360     		str	r3, [r2, #12]
 130 000c 7047     		bx	lr
 131              	.L15:
 132 000e 00BF     		.align	2
 133              	.L14:
 134 0010 00000000 		.word	htim6
 136              		.comm	htim6,76,4
 137              		.ident	"GCC: (GNU Tools for ARM Embedded Processors) 5.4.1 20160919 (release) [ARM/embedded-5-bran
ARM GAS  C:\Users\xiaofei\AppData\Local\Temp\ccv0P1GT.s 			page 4


DEFINED SYMBOLS
                            *ABS*:00000000 stm32h7xx_hal_timebase_tim.c
C:\Users\xiaofei\AppData\Local\Temp\ccv0P1GT.s:18     .text.HAL_InitTick:00000000 $t
C:\Users\xiaofei\AppData\Local\Temp\ccv0P1GT.s:23     .text.HAL_InitTick:00000000 HAL_InitTick
C:\Users\xiaofei\AppData\Local\Temp\ccv0P1GT.s:88     .text.HAL_InitTick:00000088 $d
                            *COM*:0000004c htim6
C:\Users\xiaofei\AppData\Local\Temp\ccv0P1GT.s:95     .text.HAL_SuspendTick:00000000 $t
C:\Users\xiaofei\AppData\Local\Temp\ccv0P1GT.s:100    .text.HAL_SuspendTick:00000000 HAL_SuspendTick
C:\Users\xiaofei\AppData\Local\Temp\ccv0P1GT.s:113    .text.HAL_SuspendTick:00000010 $d
C:\Users\xiaofei\AppData\Local\Temp\ccv0P1GT.s:116    .text.HAL_ResumeTick:00000000 $t
C:\Users\xiaofei\AppData\Local\Temp\ccv0P1GT.s:121    .text.HAL_ResumeTick:00000000 HAL_ResumeTick
C:\Users\xiaofei\AppData\Local\Temp\ccv0P1GT.s:134    .text.HAL_ResumeTick:00000010 $d

UNDEFINED SYMBOLS
HAL_NVIC_SetPriority
HAL_NVIC_EnableIRQ
HAL_RCC_GetClockConfig
HAL_RCC_GetPCLK1Freq
HAL_TIM_Base_Init
HAL_TIM_Base_Start_IT
uwTickPrio
