ARM GAS  C:\Users\xiaofei\AppData\Local\Temp\ccVILPtT.s 			page 1


   1              		.syntax unified
   2              		.cpu cortex-m7
   3              		.eabi_attribute 28, 1
   4              		.fpu fpv5-d16
   5              		.eabi_attribute 20, 1
   6              		.eabi_attribute 21, 1
   7              		.eabi_attribute 23, 3
   8              		.eabi_attribute 24, 1
   9              		.eabi_attribute 25, 1
  10              		.eabi_attribute 26, 1
  11              		.eabi_attribute 30, 1
  12              		.eabi_attribute 34, 1
  13              		.eabi_attribute 18, 4
  14              		.thumb
  15              		.syntax unified
  16              		.file	"stm32h7xx_hal_cortex.c"
  17              		.section	.text.HAL_NVIC_SetPriorityGrouping,"ax",%progbits
  18              		.align	2
  19              		.global	HAL_NVIC_SetPriorityGrouping
  20              		.thumb
  21              		.thumb_func
  23              	HAL_NVIC_SetPriorityGrouping:
  24              		@ args = 0, pretend = 0, frame = 0
  25              		@ frame_needed = 0, uses_anonymous_args = 0
  26              		@ link register save eliminated.
  27 0000 064A     		ldr	r2, .L2
  28 0002 D368     		ldr	r3, [r2, #12]
  29 0004 23F4E063 		bic	r3, r3, #1792
  30 0008 1B04     		lsls	r3, r3, #16
  31 000a 1B0C     		lsrs	r3, r3, #16
  32 000c 0002     		lsls	r0, r0, #8
  33 000e 00F4E060 		and	r0, r0, #1792
  34 0012 1843     		orrs	r0, r0, r3
  35 0014 024B     		ldr	r3, .L2+4
  36 0016 0343     		orrs	r3, r3, r0
  37 0018 D360     		str	r3, [r2, #12]
  38 001a 7047     		bx	lr
  39              	.L3:
  40              		.align	2
  41              	.L2:
  42 001c 00ED00E0 		.word	-536810240
  43 0020 0000FA05 		.word	100270080
  45              		.section	.text.HAL_NVIC_SetPriority,"ax",%progbits
  46              		.align	2
  47              		.global	HAL_NVIC_SetPriority
  48              		.thumb
  49              		.thumb_func
  51              	HAL_NVIC_SetPriority:
  52              		@ args = 0, pretend = 0, frame = 0
  53              		@ frame_needed = 0, uses_anonymous_args = 0
  54              		@ link register save eliminated.
  55 0000 30B4     		push	{r4, r5}
  56 0002 144B     		ldr	r3, .L10
  57 0004 DB68     		ldr	r3, [r3, #12]
  58 0006 C3F30223 		ubfx	r3, r3, #8, #3
  59 000a C3F10704 		rsb	r4, r3, #7
  60 000e 042C     		cmp	r4, #4
ARM GAS  C:\Users\xiaofei\AppData\Local\Temp\ccVILPtT.s 			page 2


  61 0010 28BF     		it	cs
  62 0012 0424     		movcs	r4, #4
  63 0014 1D1D     		adds	r5, r3, #4
  64 0016 062D     		cmp	r5, #6
  65 0018 01D9     		bls	.L8
  66 001a DD1E     		subs	r5, r3, #3
  67 001c 00E0     		b	.L5
  68              	.L8:
  69 001e 0025     		movs	r5, #0
  70              	.L5:
  71 0020 0123     		movs	r3, #1
  72 0022 03FA04F4 		lsl	r4, r3, r4
  73 0026 013C     		subs	r4, r4, #1
  74 0028 2140     		ands	r1, r1, r4
  75 002a A940     		lsls	r1, r1, r5
  76 002c AB40     		lsls	r3, r3, r5
  77 002e 013B     		subs	r3, r3, #1
  78 0030 1A40     		ands	r2, r2, r3
  79 0032 0A43     		orrs	r2, r2, r1
  80 0034 0028     		cmp	r0, #0
  81 0036 04DB     		blt	.L6
  82 0038 1201     		lsls	r2, r2, #4
  83 003a D2B2     		uxtb	r2, r2
  84 003c 064B     		ldr	r3, .L10+4
  85 003e 1A54     		strb	r2, [r3, r0]
  86 0040 05E0     		b	.L4
  87              	.L6:
  88 0042 00F00F00 		and	r0, r0, #15
  89 0046 1201     		lsls	r2, r2, #4
  90 0048 D2B2     		uxtb	r2, r2
  91 004a 044B     		ldr	r3, .L10+8
  92 004c 1A54     		strb	r2, [r3, r0]
  93              	.L4:
  94 004e 30BC     		pop	{r4, r5}
  95 0050 7047     		bx	lr
  96              	.L11:
  97 0052 00BF     		.align	2
  98              	.L10:
  99 0054 00ED00E0 		.word	-536810240
 100 0058 00E400E0 		.word	-536812544
 101 005c 14ED00E0 		.word	-536810220
 103              		.section	.text.HAL_NVIC_EnableIRQ,"ax",%progbits
 104              		.align	2
 105              		.global	HAL_NVIC_EnableIRQ
 106              		.thumb
 107              		.thumb_func
 109              	HAL_NVIC_EnableIRQ:
 110              		@ args = 0, pretend = 0, frame = 0
 111              		@ frame_needed = 0, uses_anonymous_args = 0
 112              		@ link register save eliminated.
 113 0000 0028     		cmp	r0, #0
 114 0002 08DB     		blt	.L12
 115 0004 4209     		lsrs	r2, r0, #5
 116 0006 00F01F00 		and	r0, r0, #31
 117 000a 0123     		movs	r3, #1
 118 000c 03FA00F0 		lsl	r0, r3, r0
 119 0010 014B     		ldr	r3, .L14
ARM GAS  C:\Users\xiaofei\AppData\Local\Temp\ccVILPtT.s 			page 3


 120 0012 43F82200 		str	r0, [r3, r2, lsl #2]
 121              	.L12:
 122 0016 7047     		bx	lr
 123              	.L15:
 124              		.align	2
 125              	.L14:
 126 0018 00E100E0 		.word	-536813312
 128              		.section	.text.HAL_NVIC_DisableIRQ,"ax",%progbits
 129              		.align	2
 130              		.global	HAL_NVIC_DisableIRQ
 131              		.thumb
 132              		.thumb_func
 134              	HAL_NVIC_DisableIRQ:
 135              		@ args = 0, pretend = 0, frame = 0
 136              		@ frame_needed = 0, uses_anonymous_args = 0
 137              		@ link register save eliminated.
 138 0000 0028     		cmp	r0, #0
 139 0002 0DDB     		blt	.L16
 140 0004 4309     		lsrs	r3, r0, #5
 141 0006 00F01F00 		and	r0, r0, #31
 142 000a 0122     		movs	r2, #1
 143 000c 02FA00F0 		lsl	r0, r2, r0
 144 0010 2033     		adds	r3, r3, #32
 145 0012 044A     		ldr	r2, .L18
 146 0014 42F82300 		str	r0, [r2, r3, lsl #2]
 147              		.syntax unified
 148              	@ 879 "Drivers/CMSIS/Include/cmsis_gcc.h" 1
 149 0018 BFF34F8F 		dsb 0xF
 150              	@ 0 "" 2
 151              	@ 868 "Drivers/CMSIS/Include/cmsis_gcc.h" 1
 152 001c BFF36F8F 		isb 0xF
 153              	@ 0 "" 2
 154              		.thumb
 155              		.syntax unified
 156              	.L16:
 157 0020 7047     		bx	lr
 158              	.L19:
 159 0022 00BF     		.align	2
 160              	.L18:
 161 0024 00E100E0 		.word	-536813312
 163              		.section	.text.HAL_NVIC_SystemReset,"ax",%progbits
 164              		.align	2
 165              		.global	HAL_NVIC_SystemReset
 166              		.thumb
 167              		.thumb_func
 169              	HAL_NVIC_SystemReset:
 170              		@ Volatile: function does not return.
 171              		@ args = 0, pretend = 0, frame = 0
 172              		@ frame_needed = 0, uses_anonymous_args = 0
 173              		@ link register save eliminated.
 174              		.syntax unified
 175              	@ 879 "Drivers/CMSIS/Include/cmsis_gcc.h" 1
 176 0000 BFF34F8F 		dsb 0xF
 177              	@ 0 "" 2
 178              		.thumb
 179              		.syntax unified
 180 0004 0549     		ldr	r1, .L22
ARM GAS  C:\Users\xiaofei\AppData\Local\Temp\ccVILPtT.s 			page 4


 181 0006 CA68     		ldr	r2, [r1, #12]
 182 0008 02F4E062 		and	r2, r2, #1792
 183 000c 044B     		ldr	r3, .L22+4
 184 000e 1343     		orrs	r3, r3, r2
 185 0010 CB60     		str	r3, [r1, #12]
 186              		.syntax unified
 187              	@ 879 "Drivers/CMSIS/Include/cmsis_gcc.h" 1
 188 0012 BFF34F8F 		dsb 0xF
 189              	@ 0 "" 2
 190              		.thumb
 191              		.syntax unified
 192              	.L21:
 193              		.syntax unified
 194              	@ 2158 "Drivers/CMSIS/Include/core_cm7.h" 1
 195 0016 00BF     		nop
 196              	@ 0 "" 2
 197              		.thumb
 198              		.syntax unified
 199 0018 FDE7     		b	.L21
 200              	.L23:
 201 001a 00BF     		.align	2
 202              	.L22:
 203 001c 00ED00E0 		.word	-536810240
 204 0020 0400FA05 		.word	100270084
 206              		.section	.text.HAL_SYSTICK_Config,"ax",%progbits
 207              		.align	2
 208              		.global	HAL_SYSTICK_Config
 209              		.thumb
 210              		.thumb_func
 212              	HAL_SYSTICK_Config:
 213              		@ args = 0, pretend = 0, frame = 0
 214              		@ frame_needed = 0, uses_anonymous_args = 0
 215              		@ link register save eliminated.
 216 0000 0138     		subs	r0, r0, #1
 217 0002 B0F1807F 		cmp	r0, #16777216
 218 0006 0AD2     		bcs	.L26
 219 0008 064B     		ldr	r3, .L27
 220 000a 5860     		str	r0, [r3, #4]
 221 000c F021     		movs	r1, #240
 222 000e 064A     		ldr	r2, .L27+4
 223 0010 82F82310 		strb	r1, [r2, #35]
 224 0014 0020     		movs	r0, #0
 225 0016 9860     		str	r0, [r3, #8]
 226 0018 0722     		movs	r2, #7
 227 001a 1A60     		str	r2, [r3]
 228 001c 7047     		bx	lr
 229              	.L26:
 230 001e 0120     		movs	r0, #1
 231 0020 7047     		bx	lr
 232              	.L28:
 233 0022 00BF     		.align	2
 234              	.L27:
 235 0024 10E000E0 		.word	-536813552
 236 0028 00ED00E0 		.word	-536810240
 238              		.section	.text.HAL_MPU_Disable,"ax",%progbits
 239              		.align	2
 240              		.global	HAL_MPU_Disable
ARM GAS  C:\Users\xiaofei\AppData\Local\Temp\ccVILPtT.s 			page 5


 241              		.thumb
 242              		.thumb_func
 244              	HAL_MPU_Disable:
 245              		@ args = 0, pretend = 0, frame = 0
 246              		@ frame_needed = 0, uses_anonymous_args = 0
 247              		@ link register save eliminated.
 248              		.syntax unified
 249              	@ 890 "Drivers/CMSIS/Include/cmsis_gcc.h" 1
 250 0000 BFF35F8F 		dmb 0xF
 251              	@ 0 "" 2
 252              		.thumb
 253              		.syntax unified
 254 0004 044A     		ldr	r2, .L30
 255 0006 536A     		ldr	r3, [r2, #36]
 256 0008 23F48033 		bic	r3, r3, #65536
 257 000c 5362     		str	r3, [r2, #36]
 258 000e 0022     		movs	r2, #0
 259 0010 024B     		ldr	r3, .L30+4
 260 0012 5A60     		str	r2, [r3, #4]
 261 0014 7047     		bx	lr
 262              	.L31:
 263 0016 00BF     		.align	2
 264              	.L30:
 265 0018 00ED00E0 		.word	-536810240
 266 001c 90ED00E0 		.word	-536810096
 268              		.section	.text.HAL_MPU_Enable,"ax",%progbits
 269              		.align	2
 270              		.global	HAL_MPU_Enable
 271              		.thumb
 272              		.thumb_func
 274              	HAL_MPU_Enable:
 275              		@ args = 0, pretend = 0, frame = 0
 276              		@ frame_needed = 0, uses_anonymous_args = 0
 277              		@ link register save eliminated.
 278 0000 40F00100 		orr	r0, r0, #1
 279 0004 054B     		ldr	r3, .L33
 280 0006 5860     		str	r0, [r3, #4]
 281 0008 054A     		ldr	r2, .L33+4
 282 000a 536A     		ldr	r3, [r2, #36]
 283 000c 43F48033 		orr	r3, r3, #65536
 284 0010 5362     		str	r3, [r2, #36]
 285              		.syntax unified
 286              	@ 879 "Drivers/CMSIS/Include/cmsis_gcc.h" 1
 287 0012 BFF34F8F 		dsb 0xF
 288              	@ 0 "" 2
 289              	@ 868 "Drivers/CMSIS/Include/cmsis_gcc.h" 1
 290 0016 BFF36F8F 		isb 0xF
 291              	@ 0 "" 2
 292              		.thumb
 293              		.syntax unified
 294 001a 7047     		bx	lr
 295              	.L34:
 296              		.align	2
 297              	.L33:
 298 001c 90ED00E0 		.word	-536810096
 299 0020 00ED00E0 		.word	-536810240
 301              		.section	.text.HAL_MPU_ConfigRegion,"ax",%progbits
ARM GAS  C:\Users\xiaofei\AppData\Local\Temp\ccVILPtT.s 			page 6


 302              		.align	2
 303              		.global	HAL_MPU_ConfigRegion
 304              		.thumb
 305              		.thumb_func
 307              	HAL_MPU_ConfigRegion:
 308              		@ args = 0, pretend = 0, frame = 0
 309              		@ frame_needed = 0, uses_anonymous_args = 0
 310              		@ link register save eliminated.
 311 0000 4278     		ldrb	r2, [r0, #1]	@ zero_extendqisi2
 312 0002 134B     		ldr	r3, .L38
 313 0004 9A60     		str	r2, [r3, #8]
 314 0006 0378     		ldrb	r3, [r0]	@ zero_extendqisi2
 315 0008 EBB1     		cbz	r3, .L36
 316 000a 4368     		ldr	r3, [r0, #4]
 317 000c 1049     		ldr	r1, .L38
 318 000e CB60     		str	r3, [r1, #12]
 319 0010 027B     		ldrb	r2, [r0, #12]	@ zero_extendqisi2
 320 0012 C37A     		ldrb	r3, [r0, #11]	@ zero_extendqisi2
 321 0014 1B06     		lsls	r3, r3, #24
 322 0016 43EA0273 		orr	r3, r3, r2, lsl #28
 323 001a 827A     		ldrb	r2, [r0, #10]	@ zero_extendqisi2
 324 001c 43EAC243 		orr	r3, r3, r2, lsl #19
 325 0020 427B     		ldrb	r2, [r0, #13]	@ zero_extendqisi2
 326 0022 43EA8243 		orr	r3, r3, r2, lsl #18
 327 0026 827B     		ldrb	r2, [r0, #14]	@ zero_extendqisi2
 328 0028 43EA4243 		orr	r3, r3, r2, lsl #17
 329 002c C27B     		ldrb	r2, [r0, #15]	@ zero_extendqisi2
 330 002e 43EA0243 		orr	r3, r3, r2, lsl #16
 331 0032 427A     		ldrb	r2, [r0, #9]	@ zero_extendqisi2
 332 0034 43EA0223 		orr	r3, r3, r2, lsl #8
 333 0038 027A     		ldrb	r2, [r0, #8]	@ zero_extendqisi2
 334 003a 43EA4203 		orr	r3, r3, r2, lsl #1
 335 003e 0278     		ldrb	r2, [r0]	@ zero_extendqisi2
 336 0040 1343     		orrs	r3, r3, r2
 337 0042 0B61     		str	r3, [r1, #16]
 338 0044 7047     		bx	lr
 339              	.L36:
 340 0046 024B     		ldr	r3, .L38
 341 0048 0022     		movs	r2, #0
 342 004a DA60     		str	r2, [r3, #12]
 343 004c 1A61     		str	r2, [r3, #16]
 344 004e 7047     		bx	lr
 345              	.L39:
 346              		.align	2
 347              	.L38:
 348 0050 90ED00E0 		.word	-536810096
 350              		.section	.text.HAL_NVIC_GetPriorityGrouping,"ax",%progbits
 351              		.align	2
 352              		.global	HAL_NVIC_GetPriorityGrouping
 353              		.thumb
 354              		.thumb_func
 356              	HAL_NVIC_GetPriorityGrouping:
 357              		@ args = 0, pretend = 0, frame = 0
 358              		@ frame_needed = 0, uses_anonymous_args = 0
 359              		@ link register save eliminated.
 360 0000 024B     		ldr	r3, .L41
 361 0002 D868     		ldr	r0, [r3, #12]
ARM GAS  C:\Users\xiaofei\AppData\Local\Temp\ccVILPtT.s 			page 7


 362 0004 C0F30220 		ubfx	r0, r0, #8, #3
 363 0008 7047     		bx	lr
 364              	.L42:
 365 000a 00BF     		.align	2
 366              	.L41:
 367 000c 00ED00E0 		.word	-536810240
 369              		.section	.text.HAL_NVIC_GetPriority,"ax",%progbits
 370              		.align	2
 371              		.global	HAL_NVIC_GetPriority
 372              		.thumb
 373              		.thumb_func
 375              	HAL_NVIC_GetPriority:
 376              		@ args = 0, pretend = 0, frame = 0
 377              		@ frame_needed = 0, uses_anonymous_args = 0
 378              		@ link register save eliminated.
 379 0000 70B4     		push	{r4, r5, r6}
 380 0002 0028     		cmp	r0, #0
 381 0004 03DB     		blt	.L44
 382 0006 124C     		ldr	r4, .L49
 383 0008 245C     		ldrb	r4, [r4, r0]	@ zero_extendqisi2
 384 000a 2409     		lsrs	r4, r4, #4
 385 000c 04E0     		b	.L45
 386              	.L44:
 387 000e 00F00F00 		and	r0, r0, #15
 388 0012 104C     		ldr	r4, .L49+4
 389 0014 245C     		ldrb	r4, [r4, r0]	@ zero_extendqisi2
 390 0016 2409     		lsrs	r4, r4, #4
 391              	.L45:
 392 0018 01F00701 		and	r1, r1, #7
 393 001c C1F10700 		rsb	r0, r1, #7
 394 0020 0428     		cmp	r0, #4
 395 0022 28BF     		it	cs
 396 0024 0420     		movcs	r0, #4
 397 0026 0D1D     		adds	r5, r1, #4
 398 0028 062D     		cmp	r5, #6
 399 002a 01D9     		bls	.L47
 400 002c 0339     		subs	r1, r1, #3
 401 002e 00E0     		b	.L46
 402              	.L47:
 403 0030 0021     		movs	r1, #0
 404              	.L46:
 405 0032 24FA01F6 		lsr	r6, r4, r1
 406 0036 0125     		movs	r5, #1
 407 0038 05FA00F0 		lsl	r0, r5, r0
 408 003c 0138     		subs	r0, r0, #1
 409 003e 3040     		ands	r0, r0, r6
 410 0040 1060     		str	r0, [r2]
 411 0042 05FA01F1 		lsl	r1, r5, r1
 412 0046 0139     		subs	r1, r1, #1
 413 0048 2140     		ands	r1, r1, r4
 414 004a 1960     		str	r1, [r3]
 415 004c 70BC     		pop	{r4, r5, r6}
 416 004e 7047     		bx	lr
 417              	.L50:
 418              		.align	2
 419              	.L49:
 420 0050 00E400E0 		.word	-536812544
ARM GAS  C:\Users\xiaofei\AppData\Local\Temp\ccVILPtT.s 			page 8


 421 0054 14ED00E0 		.word	-536810220
 423              		.section	.text.HAL_NVIC_SetPendingIRQ,"ax",%progbits
 424              		.align	2
 425              		.global	HAL_NVIC_SetPendingIRQ
 426              		.thumb
 427              		.thumb_func
 429              	HAL_NVIC_SetPendingIRQ:
 430              		@ args = 0, pretend = 0, frame = 0
 431              		@ frame_needed = 0, uses_anonymous_args = 0
 432              		@ link register save eliminated.
 433 0000 0028     		cmp	r0, #0
 434 0002 09DB     		blt	.L51
 435 0004 4309     		lsrs	r3, r0, #5
 436 0006 00F01F00 		and	r0, r0, #31
 437 000a 0122     		movs	r2, #1
 438 000c 02FA00F0 		lsl	r0, r2, r0
 439 0010 4033     		adds	r3, r3, #64
 440 0012 024A     		ldr	r2, .L53
 441 0014 42F82300 		str	r0, [r2, r3, lsl #2]
 442              	.L51:
 443 0018 7047     		bx	lr
 444              	.L54:
 445 001a 00BF     		.align	2
 446              	.L53:
 447 001c 00E100E0 		.word	-536813312
 449              		.section	.text.HAL_NVIC_GetPendingIRQ,"ax",%progbits
 450              		.align	2
 451              		.global	HAL_NVIC_GetPendingIRQ
 452              		.thumb
 453              		.thumb_func
 455              	HAL_NVIC_GetPendingIRQ:
 456              		@ args = 0, pretend = 0, frame = 0
 457              		@ frame_needed = 0, uses_anonymous_args = 0
 458              		@ link register save eliminated.
 459 0000 0028     		cmp	r0, #0
 460 0002 0BDB     		blt	.L57
 461 0004 4309     		lsrs	r3, r0, #5
 462 0006 4033     		adds	r3, r3, #64
 463 0008 054A     		ldr	r2, .L58
 464 000a 52F82330 		ldr	r3, [r2, r3, lsl #2]
 465 000e 00F01F00 		and	r0, r0, #31
 466 0012 23FA00F0 		lsr	r0, r3, r0
 467 0016 00F00100 		and	r0, r0, #1
 468 001a 7047     		bx	lr
 469              	.L57:
 470 001c 0020     		movs	r0, #0
 471 001e 7047     		bx	lr
 472              	.L59:
 473              		.align	2
 474              	.L58:
 475 0020 00E100E0 		.word	-536813312
 477              		.section	.text.HAL_NVIC_ClearPendingIRQ,"ax",%progbits
 478              		.align	2
 479              		.global	HAL_NVIC_ClearPendingIRQ
 480              		.thumb
 481              		.thumb_func
 483              	HAL_NVIC_ClearPendingIRQ:
ARM GAS  C:\Users\xiaofei\AppData\Local\Temp\ccVILPtT.s 			page 9


 484              		@ args = 0, pretend = 0, frame = 0
 485              		@ frame_needed = 0, uses_anonymous_args = 0
 486              		@ link register save eliminated.
 487 0000 0028     		cmp	r0, #0
 488 0002 09DB     		blt	.L60
 489 0004 4309     		lsrs	r3, r0, #5
 490 0006 00F01F00 		and	r0, r0, #31
 491 000a 0122     		movs	r2, #1
 492 000c 02FA00F0 		lsl	r0, r2, r0
 493 0010 6033     		adds	r3, r3, #96
 494 0012 024A     		ldr	r2, .L62
 495 0014 42F82300 		str	r0, [r2, r3, lsl #2]
 496              	.L60:
 497 0018 7047     		bx	lr
 498              	.L63:
 499 001a 00BF     		.align	2
 500              	.L62:
 501 001c 00E100E0 		.word	-536813312
 503              		.section	.text.HAL_NVIC_GetActive,"ax",%progbits
 504              		.align	2
 505              		.global	HAL_NVIC_GetActive
 506              		.thumb
 507              		.thumb_func
 509              	HAL_NVIC_GetActive:
 510              		@ args = 0, pretend = 0, frame = 0
 511              		@ frame_needed = 0, uses_anonymous_args = 0
 512              		@ link register save eliminated.
 513 0000 0028     		cmp	r0, #0
 514 0002 0BDB     		blt	.L66
 515 0004 4309     		lsrs	r3, r0, #5
 516 0006 8033     		adds	r3, r3, #128
 517 0008 054A     		ldr	r2, .L67
 518 000a 52F82330 		ldr	r3, [r2, r3, lsl #2]
 519 000e 00F01F00 		and	r0, r0, #31
 520 0012 23FA00F0 		lsr	r0, r3, r0
 521 0016 00F00100 		and	r0, r0, #1
 522 001a 7047     		bx	lr
 523              	.L66:
 524 001c 0020     		movs	r0, #0
 525 001e 7047     		bx	lr
 526              	.L68:
 527              		.align	2
 528              	.L67:
 529 0020 00E100E0 		.word	-536813312
 531              		.section	.text.HAL_SYSTICK_CLKSourceConfig,"ax",%progbits
 532              		.align	2
 533              		.global	HAL_SYSTICK_CLKSourceConfig
 534              		.thumb
 535              		.thumb_func
 537              	HAL_SYSTICK_CLKSourceConfig:
 538              		@ args = 0, pretend = 0, frame = 0
 539              		@ frame_needed = 0, uses_anonymous_args = 0
 540              		@ link register save eliminated.
 541 0000 0428     		cmp	r0, #4
 542 0002 05D1     		bne	.L70
 543 0004 054A     		ldr	r2, .L72
 544 0006 1368     		ldr	r3, [r2]
ARM GAS  C:\Users\xiaofei\AppData\Local\Temp\ccVILPtT.s 			page 10


 545 0008 43F00403 		orr	r3, r3, #4
 546 000c 1360     		str	r3, [r2]
 547 000e 7047     		bx	lr
 548              	.L70:
 549 0010 024A     		ldr	r2, .L72
 550 0012 1368     		ldr	r3, [r2]
 551 0014 23F00403 		bic	r3, r3, #4
 552 0018 1360     		str	r3, [r2]
 553 001a 7047     		bx	lr
 554              	.L73:
 555              		.align	2
 556              	.L72:
 557 001c 10E000E0 		.word	-536813552
 559              		.section	.text.HAL_SYSTICK_Callback,"ax",%progbits
 560              		.align	2
 561              		.weak	HAL_SYSTICK_Callback
 562              		.thumb
 563              		.thumb_func
 565              	HAL_SYSTICK_Callback:
 566              		@ args = 0, pretend = 0, frame = 0
 567              		@ frame_needed = 0, uses_anonymous_args = 0
 568              		@ link register save eliminated.
 569 0000 7047     		bx	lr
 571 0002 00BF     		.section	.text.HAL_SYSTICK_IRQHandler,"ax",%progbits
 572              		.align	2
 573              		.global	HAL_SYSTICK_IRQHandler
 574              		.thumb
 575              		.thumb_func
 577              	HAL_SYSTICK_IRQHandler:
 578              		@ args = 0, pretend = 0, frame = 0
 579              		@ frame_needed = 0, uses_anonymous_args = 0
 580 0000 08B5     		push	{r3, lr}
 581 0002 FFF7FEFF 		bl	HAL_SYSTICK_Callback
 582 0006 08BD     		pop	{r3, pc}
 584              		.section	.text.HAL_GetCurrentCPUID,"ax",%progbits
 585              		.align	2
 586              		.global	HAL_GetCurrentCPUID
 587              		.thumb
 588              		.thumb_func
 590              	HAL_GetCurrentCPUID:
 591              		@ args = 0, pretend = 0, frame = 0
 592              		@ frame_needed = 0, uses_anonymous_args = 0
 593              		@ link register save eliminated.
 594 0000 0320     		movs	r0, #3
 595 0002 7047     		bx	lr
 597              		.ident	"GCC: (GNU Tools for ARM Embedded Processors) 5.4.1 20160919 (release) [ARM/embedded-5-bran
ARM GAS  C:\Users\xiaofei\AppData\Local\Temp\ccVILPtT.s 			page 11


DEFINED SYMBOLS
                            *ABS*:00000000 stm32h7xx_hal_cortex.c
C:\Users\xiaofei\AppData\Local\Temp\ccVILPtT.s:18     .text.HAL_NVIC_SetPriorityGrouping:00000000 $t
C:\Users\xiaofei\AppData\Local\Temp\ccVILPtT.s:23     .text.HAL_NVIC_SetPriorityGrouping:00000000 HAL_NVIC_SetPriorityGrouping
C:\Users\xiaofei\AppData\Local\Temp\ccVILPtT.s:42     .text.HAL_NVIC_SetPriorityGrouping:0000001c $d
C:\Users\xiaofei\AppData\Local\Temp\ccVILPtT.s:46     .text.HAL_NVIC_SetPriority:00000000 $t
C:\Users\xiaofei\AppData\Local\Temp\ccVILPtT.s:51     .text.HAL_NVIC_SetPriority:00000000 HAL_NVIC_SetPriority
C:\Users\xiaofei\AppData\Local\Temp\ccVILPtT.s:99     .text.HAL_NVIC_SetPriority:00000054 $d
C:\Users\xiaofei\AppData\Local\Temp\ccVILPtT.s:104    .text.HAL_NVIC_EnableIRQ:00000000 $t
C:\Users\xiaofei\AppData\Local\Temp\ccVILPtT.s:109    .text.HAL_NVIC_EnableIRQ:00000000 HAL_NVIC_EnableIRQ
C:\Users\xiaofei\AppData\Local\Temp\ccVILPtT.s:126    .text.HAL_NVIC_EnableIRQ:00000018 $d
C:\Users\xiaofei\AppData\Local\Temp\ccVILPtT.s:129    .text.HAL_NVIC_DisableIRQ:00000000 $t
C:\Users\xiaofei\AppData\Local\Temp\ccVILPtT.s:134    .text.HAL_NVIC_DisableIRQ:00000000 HAL_NVIC_DisableIRQ
C:\Users\xiaofei\AppData\Local\Temp\ccVILPtT.s:161    .text.HAL_NVIC_DisableIRQ:00000024 $d
C:\Users\xiaofei\AppData\Local\Temp\ccVILPtT.s:164    .text.HAL_NVIC_SystemReset:00000000 $t
C:\Users\xiaofei\AppData\Local\Temp\ccVILPtT.s:169    .text.HAL_NVIC_SystemReset:00000000 HAL_NVIC_SystemReset
C:\Users\xiaofei\AppData\Local\Temp\ccVILPtT.s:203    .text.HAL_NVIC_SystemReset:0000001c $d
C:\Users\xiaofei\AppData\Local\Temp\ccVILPtT.s:207    .text.HAL_SYSTICK_Config:00000000 $t
C:\Users\xiaofei\AppData\Local\Temp\ccVILPtT.s:212    .text.HAL_SYSTICK_Config:00000000 HAL_SYSTICK_Config
C:\Users\xiaofei\AppData\Local\Temp\ccVILPtT.s:235    .text.HAL_SYSTICK_Config:00000024 $d
C:\Users\xiaofei\AppData\Local\Temp\ccVILPtT.s:239    .text.HAL_MPU_Disable:00000000 $t
C:\Users\xiaofei\AppData\Local\Temp\ccVILPtT.s:244    .text.HAL_MPU_Disable:00000000 HAL_MPU_Disable
C:\Users\xiaofei\AppData\Local\Temp\ccVILPtT.s:265    .text.HAL_MPU_Disable:00000018 $d
C:\Users\xiaofei\AppData\Local\Temp\ccVILPtT.s:269    .text.HAL_MPU_Enable:00000000 $t
C:\Users\xiaofei\AppData\Local\Temp\ccVILPtT.s:274    .text.HAL_MPU_Enable:00000000 HAL_MPU_Enable
C:\Users\xiaofei\AppData\Local\Temp\ccVILPtT.s:298    .text.HAL_MPU_Enable:0000001c $d
C:\Users\xiaofei\AppData\Local\Temp\ccVILPtT.s:302    .text.HAL_MPU_ConfigRegion:00000000 $t
C:\Users\xiaofei\AppData\Local\Temp\ccVILPtT.s:307    .text.HAL_MPU_ConfigRegion:00000000 HAL_MPU_ConfigRegion
C:\Users\xiaofei\AppData\Local\Temp\ccVILPtT.s:348    .text.HAL_MPU_ConfigRegion:00000050 $d
C:\Users\xiaofei\AppData\Local\Temp\ccVILPtT.s:351    .text.HAL_NVIC_GetPriorityGrouping:00000000 $t
C:\Users\xiaofei\AppData\Local\Temp\ccVILPtT.s:356    .text.HAL_NVIC_GetPriorityGrouping:00000000 HAL_NVIC_GetPriorityGrouping
C:\Users\xiaofei\AppData\Local\Temp\ccVILPtT.s:367    .text.HAL_NVIC_GetPriorityGrouping:0000000c $d
C:\Users\xiaofei\AppData\Local\Temp\ccVILPtT.s:370    .text.HAL_NVIC_GetPriority:00000000 $t
C:\Users\xiaofei\AppData\Local\Temp\ccVILPtT.s:375    .text.HAL_NVIC_GetPriority:00000000 HAL_NVIC_GetPriority
C:\Users\xiaofei\AppData\Local\Temp\ccVILPtT.s:420    .text.HAL_NVIC_GetPriority:00000050 $d
C:\Users\xiaofei\AppData\Local\Temp\ccVILPtT.s:424    .text.HAL_NVIC_SetPendingIRQ:00000000 $t
C:\Users\xiaofei\AppData\Local\Temp\ccVILPtT.s:429    .text.HAL_NVIC_SetPendingIRQ:00000000 HAL_NVIC_SetPendingIRQ
C:\Users\xiaofei\AppData\Local\Temp\ccVILPtT.s:447    .text.HAL_NVIC_SetPendingIRQ:0000001c $d
C:\Users\xiaofei\AppData\Local\Temp\ccVILPtT.s:450    .text.HAL_NVIC_GetPendingIRQ:00000000 $t
C:\Users\xiaofei\AppData\Local\Temp\ccVILPtT.s:455    .text.HAL_NVIC_GetPendingIRQ:00000000 HAL_NVIC_GetPendingIRQ
C:\Users\xiaofei\AppData\Local\Temp\ccVILPtT.s:475    .text.HAL_NVIC_GetPendingIRQ:00000020 $d
C:\Users\xiaofei\AppData\Local\Temp\ccVILPtT.s:478    .text.HAL_NVIC_ClearPendingIRQ:00000000 $t
C:\Users\xiaofei\AppData\Local\Temp\ccVILPtT.s:483    .text.HAL_NVIC_ClearPendingIRQ:00000000 HAL_NVIC_ClearPendingIRQ
C:\Users\xiaofei\AppData\Local\Temp\ccVILPtT.s:501    .text.HAL_NVIC_ClearPendingIRQ:0000001c $d
C:\Users\xiaofei\AppData\Local\Temp\ccVILPtT.s:504    .text.HAL_NVIC_GetActive:00000000 $t
C:\Users\xiaofei\AppData\Local\Temp\ccVILPtT.s:509    .text.HAL_NVIC_GetActive:00000000 HAL_NVIC_GetActive
C:\Users\xiaofei\AppData\Local\Temp\ccVILPtT.s:529    .text.HAL_NVIC_GetActive:00000020 $d
C:\Users\xiaofei\AppData\Local\Temp\ccVILPtT.s:532    .text.HAL_SYSTICK_CLKSourceConfig:00000000 $t
C:\Users\xiaofei\AppData\Local\Temp\ccVILPtT.s:537    .text.HAL_SYSTICK_CLKSourceConfig:00000000 HAL_SYSTICK_CLKSourceConfig
C:\Users\xiaofei\AppData\Local\Temp\ccVILPtT.s:557    .text.HAL_SYSTICK_CLKSourceConfig:0000001c $d
C:\Users\xiaofei\AppData\Local\Temp\ccVILPtT.s:560    .text.HAL_SYSTICK_Callback:00000000 $t
C:\Users\xiaofei\AppData\Local\Temp\ccVILPtT.s:565    .text.HAL_SYSTICK_Callback:00000000 HAL_SYSTICK_Callback
C:\Users\xiaofei\AppData\Local\Temp\ccVILPtT.s:572    .text.HAL_SYSTICK_IRQHandler:00000000 $t
C:\Users\xiaofei\AppData\Local\Temp\ccVILPtT.s:577    .text.HAL_SYSTICK_IRQHandler:00000000 HAL_SYSTICK_IRQHandler
C:\Users\xiaofei\AppData\Local\Temp\ccVILPtT.s:585    .text.HAL_GetCurrentCPUID:00000000 $t
C:\Users\xiaofei\AppData\Local\Temp\ccVILPtT.s:590    .text.HAL_GetCurrentCPUID:00000000 HAL_GetCurrentCPUID

ARM GAS  C:\Users\xiaofei\AppData\Local\Temp\ccVILPtT.s 			page 12


NO UNDEFINED SYMBOLS
