ARM GAS  C:\Users\xiaofei\AppData\Local\Temp\ccxTFOji.s 			page 1


   1              		.syntax unified
   2              		.cpu cortex-m7
   3              		.eabi_attribute 28, 1
   4              		.fpu fpv5-d16
   5              		.eabi_attribute 20, 1
   6              		.eabi_attribute 21, 1
   7              		.eabi_attribute 23, 3
   8              		.eabi_attribute 24, 1
   9              		.eabi_attribute 25, 1
  10              		.eabi_attribute 26, 1
  11              		.eabi_attribute 30, 1
  12              		.eabi_attribute 34, 1
  13              		.eabi_attribute 18, 4
  14              		.thumb
  15              		.syntax unified
  16              		.file	"stm32h7xx_hal_gpio.c"
  17              		.text
  18              	.Ltext0:
  19              		.cfi_sections	.debug_frame
  20              		.section	.text.HAL_GPIO_Init,"ax",%progbits
  21              		.align	2
  22              		.global	HAL_GPIO_Init
  23              		.thumb
  24              		.thumb_func
  26              	HAL_GPIO_Init:
  27              	.LFB141:
  28              		.file 1 "Drivers/STM32H7xx_HAL_Driver/Src/stm32h7xx_hal_gpio.c"
   1:Drivers/STM32H7xx_HAL_Driver/Src/stm32h7xx_hal_gpio.c **** /**
   2:Drivers/STM32H7xx_HAL_Driver/Src/stm32h7xx_hal_gpio.c ****   ******************************************************************************
   3:Drivers/STM32H7xx_HAL_Driver/Src/stm32h7xx_hal_gpio.c ****   * @file    stm32h7xx_hal_gpio.c
   4:Drivers/STM32H7xx_HAL_Driver/Src/stm32h7xx_hal_gpio.c ****   * @author  MCD Application Team
   5:Drivers/STM32H7xx_HAL_Driver/Src/stm32h7xx_hal_gpio.c ****   * @brief   GPIO HAL module driver.
   6:Drivers/STM32H7xx_HAL_Driver/Src/stm32h7xx_hal_gpio.c ****   *          This file provides firmware functions to manage the following
   7:Drivers/STM32H7xx_HAL_Driver/Src/stm32h7xx_hal_gpio.c ****   *          functionalities of the General Purpose Input/Output (GPIO) peripheral:
   8:Drivers/STM32H7xx_HAL_Driver/Src/stm32h7xx_hal_gpio.c ****   *           + Initialization and de-initialization functions
   9:Drivers/STM32H7xx_HAL_Driver/Src/stm32h7xx_hal_gpio.c ****   *           + IO operation functions
  10:Drivers/STM32H7xx_HAL_Driver/Src/stm32h7xx_hal_gpio.c ****   *
  11:Drivers/STM32H7xx_HAL_Driver/Src/stm32h7xx_hal_gpio.c ****   @verbatim
  12:Drivers/STM32H7xx_HAL_Driver/Src/stm32h7xx_hal_gpio.c ****   ==============================================================================
  13:Drivers/STM32H7xx_HAL_Driver/Src/stm32h7xx_hal_gpio.c ****                     ##### GPIO Peripheral features #####
  14:Drivers/STM32H7xx_HAL_Driver/Src/stm32h7xx_hal_gpio.c ****   ==============================================================================
  15:Drivers/STM32H7xx_HAL_Driver/Src/stm32h7xx_hal_gpio.c ****   [..]
  16:Drivers/STM32H7xx_HAL_Driver/Src/stm32h7xx_hal_gpio.c ****     (+) Each port bit of the general-purpose I/O (GPIO) ports can be individually
  17:Drivers/STM32H7xx_HAL_Driver/Src/stm32h7xx_hal_gpio.c ****         configured by software in several modes:
  18:Drivers/STM32H7xx_HAL_Driver/Src/stm32h7xx_hal_gpio.c ****         (++) Input mode
  19:Drivers/STM32H7xx_HAL_Driver/Src/stm32h7xx_hal_gpio.c ****         (++) Analog mode
  20:Drivers/STM32H7xx_HAL_Driver/Src/stm32h7xx_hal_gpio.c ****         (++) Output mode
  21:Drivers/STM32H7xx_HAL_Driver/Src/stm32h7xx_hal_gpio.c ****         (++) Alternate function mode
  22:Drivers/STM32H7xx_HAL_Driver/Src/stm32h7xx_hal_gpio.c ****         (++) External interrupt/event lines
  23:Drivers/STM32H7xx_HAL_Driver/Src/stm32h7xx_hal_gpio.c **** 
  24:Drivers/STM32H7xx_HAL_Driver/Src/stm32h7xx_hal_gpio.c ****     (+) During and just after reset, the alternate functions and external interrupt
  25:Drivers/STM32H7xx_HAL_Driver/Src/stm32h7xx_hal_gpio.c ****         lines are not active and the I/O ports are configured in input floating mode.
  26:Drivers/STM32H7xx_HAL_Driver/Src/stm32h7xx_hal_gpio.c **** 
  27:Drivers/STM32H7xx_HAL_Driver/Src/stm32h7xx_hal_gpio.c ****     (+) All GPIO pins have weak internal pull-up and pull-down resistors, which can be
  28:Drivers/STM32H7xx_HAL_Driver/Src/stm32h7xx_hal_gpio.c ****         activated or not.
  29:Drivers/STM32H7xx_HAL_Driver/Src/stm32h7xx_hal_gpio.c **** 
  30:Drivers/STM32H7xx_HAL_Driver/Src/stm32h7xx_hal_gpio.c ****     (+) In Output or Alternate mode, each IO can be configured on open-drain or push-pull
ARM GAS  C:\Users\xiaofei\AppData\Local\Temp\ccxTFOji.s 			page 2


  31:Drivers/STM32H7xx_HAL_Driver/Src/stm32h7xx_hal_gpio.c ****         type and the IO speed can be selected depending on the VDD value.
  32:Drivers/STM32H7xx_HAL_Driver/Src/stm32h7xx_hal_gpio.c **** 
  33:Drivers/STM32H7xx_HAL_Driver/Src/stm32h7xx_hal_gpio.c ****     (+) The microcontroller IO pins are connected to onboard peripherals/modules through a
  34:Drivers/STM32H7xx_HAL_Driver/Src/stm32h7xx_hal_gpio.c ****         multiplexer that allows only one peripheral alternate function (AF) connected
  35:Drivers/STM32H7xx_HAL_Driver/Src/stm32h7xx_hal_gpio.c ****        to an IO pin at a time. In this way, there can be no conflict between peripherals
  36:Drivers/STM32H7xx_HAL_Driver/Src/stm32h7xx_hal_gpio.c ****        sharing the same IO pin.
  37:Drivers/STM32H7xx_HAL_Driver/Src/stm32h7xx_hal_gpio.c **** 
  38:Drivers/STM32H7xx_HAL_Driver/Src/stm32h7xx_hal_gpio.c ****     (+) All ports have external interrupt/event capability. To use external interrupt
  39:Drivers/STM32H7xx_HAL_Driver/Src/stm32h7xx_hal_gpio.c ****         lines, the port must be configured in input mode. All available GPIO pins are
  40:Drivers/STM32H7xx_HAL_Driver/Src/stm32h7xx_hal_gpio.c ****         connected to the 16 external interrupt/event lines from EXTI0 to EXTI15.
  41:Drivers/STM32H7xx_HAL_Driver/Src/stm32h7xx_hal_gpio.c **** 
  42:Drivers/STM32H7xx_HAL_Driver/Src/stm32h7xx_hal_gpio.c ****   The external interrupt/event controller consists of up to 23 edge detectors
  43:Drivers/STM32H7xx_HAL_Driver/Src/stm32h7xx_hal_gpio.c ****         (16 lines are connected to GPIO) for generating event/interrupt requests (each
  44:Drivers/STM32H7xx_HAL_Driver/Src/stm32h7xx_hal_gpio.c ****         input line can be independently configured to select the type (interrupt or event)
  45:Drivers/STM32H7xx_HAL_Driver/Src/stm32h7xx_hal_gpio.c ****         and the corresponding trigger event (rising or falling or both). Each line can
  46:Drivers/STM32H7xx_HAL_Driver/Src/stm32h7xx_hal_gpio.c ****         also be masked independently.
  47:Drivers/STM32H7xx_HAL_Driver/Src/stm32h7xx_hal_gpio.c **** 
  48:Drivers/STM32H7xx_HAL_Driver/Src/stm32h7xx_hal_gpio.c ****                      ##### How to use this driver #####
  49:Drivers/STM32H7xx_HAL_Driver/Src/stm32h7xx_hal_gpio.c ****   ==============================================================================
  50:Drivers/STM32H7xx_HAL_Driver/Src/stm32h7xx_hal_gpio.c ****   [..]
  51:Drivers/STM32H7xx_HAL_Driver/Src/stm32h7xx_hal_gpio.c ****     (#) Enable the GPIO AHB clock using the following function: __HAL_RCC_GPIOx_CLK_ENABLE().
  52:Drivers/STM32H7xx_HAL_Driver/Src/stm32h7xx_hal_gpio.c **** 
  53:Drivers/STM32H7xx_HAL_Driver/Src/stm32h7xx_hal_gpio.c ****     (#) Configure the GPIO pin(s) using HAL_GPIO_Init().
  54:Drivers/STM32H7xx_HAL_Driver/Src/stm32h7xx_hal_gpio.c ****         (++) Configure the IO mode using "Mode" member from GPIO_InitTypeDef structure
  55:Drivers/STM32H7xx_HAL_Driver/Src/stm32h7xx_hal_gpio.c ****         (++) Activate Pull-up, Pull-down resistor using "Pull" member from GPIO_InitTypeDef
  56:Drivers/STM32H7xx_HAL_Driver/Src/stm32h7xx_hal_gpio.c ****              structure.
  57:Drivers/STM32H7xx_HAL_Driver/Src/stm32h7xx_hal_gpio.c ****         (++) In case of Output or alternate function mode selection: the speed is
  58:Drivers/STM32H7xx_HAL_Driver/Src/stm32h7xx_hal_gpio.c ****              configured through "Speed" member from GPIO_InitTypeDef structure.
  59:Drivers/STM32H7xx_HAL_Driver/Src/stm32h7xx_hal_gpio.c ****         (++) In alternate mode is selection, the alternate function connected to the IO
  60:Drivers/STM32H7xx_HAL_Driver/Src/stm32h7xx_hal_gpio.c ****              is configured through "Alternate" member from GPIO_InitTypeDef structure.
  61:Drivers/STM32H7xx_HAL_Driver/Src/stm32h7xx_hal_gpio.c ****         (++) Analog mode is required when a pin is to be used as ADC channel
  62:Drivers/STM32H7xx_HAL_Driver/Src/stm32h7xx_hal_gpio.c ****              or DAC output.
  63:Drivers/STM32H7xx_HAL_Driver/Src/stm32h7xx_hal_gpio.c ****         (++) In case of external interrupt/event selection the "Mode" member from
  64:Drivers/STM32H7xx_HAL_Driver/Src/stm32h7xx_hal_gpio.c ****              GPIO_InitTypeDef structure select the type (interrupt or event) and
  65:Drivers/STM32H7xx_HAL_Driver/Src/stm32h7xx_hal_gpio.c ****              the corresponding trigger event (rising or falling or both).
  66:Drivers/STM32H7xx_HAL_Driver/Src/stm32h7xx_hal_gpio.c **** 
  67:Drivers/STM32H7xx_HAL_Driver/Src/stm32h7xx_hal_gpio.c ****     (#) In case of external interrupt/event mode selection, configure NVIC IRQ priority
  68:Drivers/STM32H7xx_HAL_Driver/Src/stm32h7xx_hal_gpio.c ****         mapped to the EXTI line using HAL_NVIC_SetPriority() and enable it using
  69:Drivers/STM32H7xx_HAL_Driver/Src/stm32h7xx_hal_gpio.c ****         HAL_NVIC_EnableIRQ().
  70:Drivers/STM32H7xx_HAL_Driver/Src/stm32h7xx_hal_gpio.c **** 
  71:Drivers/STM32H7xx_HAL_Driver/Src/stm32h7xx_hal_gpio.c ****     (#) To get the level of a pin configured in input mode use HAL_GPIO_ReadPin().
  72:Drivers/STM32H7xx_HAL_Driver/Src/stm32h7xx_hal_gpio.c **** 
  73:Drivers/STM32H7xx_HAL_Driver/Src/stm32h7xx_hal_gpio.c ****     (#) To set/reset the level of a pin configured in output mode use
  74:Drivers/STM32H7xx_HAL_Driver/Src/stm32h7xx_hal_gpio.c ****         HAL_GPIO_WritePin()/HAL_GPIO_TogglePin().
  75:Drivers/STM32H7xx_HAL_Driver/Src/stm32h7xx_hal_gpio.c **** 
  76:Drivers/STM32H7xx_HAL_Driver/Src/stm32h7xx_hal_gpio.c ****    (#) To lock pin configuration until next reset use HAL_GPIO_LockPin().
  77:Drivers/STM32H7xx_HAL_Driver/Src/stm32h7xx_hal_gpio.c **** 
  78:Drivers/STM32H7xx_HAL_Driver/Src/stm32h7xx_hal_gpio.c **** 
  79:Drivers/STM32H7xx_HAL_Driver/Src/stm32h7xx_hal_gpio.c ****     (#) During and just after reset, the alternate functions are not
  80:Drivers/STM32H7xx_HAL_Driver/Src/stm32h7xx_hal_gpio.c ****         active and the GPIO pins are configured in input floating mode (except JTAG
  81:Drivers/STM32H7xx_HAL_Driver/Src/stm32h7xx_hal_gpio.c ****         pins).
  82:Drivers/STM32H7xx_HAL_Driver/Src/stm32h7xx_hal_gpio.c **** 
  83:Drivers/STM32H7xx_HAL_Driver/Src/stm32h7xx_hal_gpio.c ****     (#) The LSE oscillator pins OSC32_IN and OSC32_OUT can be used as general purpose
  84:Drivers/STM32H7xx_HAL_Driver/Src/stm32h7xx_hal_gpio.c ****         (PC14 and PC15, respectively) when the LSE oscillator is off. The LSE has
  85:Drivers/STM32H7xx_HAL_Driver/Src/stm32h7xx_hal_gpio.c ****         priority over the GPIO function.
  86:Drivers/STM32H7xx_HAL_Driver/Src/stm32h7xx_hal_gpio.c **** 
  87:Drivers/STM32H7xx_HAL_Driver/Src/stm32h7xx_hal_gpio.c ****     (#) The HSE oscillator pins OSC_IN/OSC_OUT can be used as
ARM GAS  C:\Users\xiaofei\AppData\Local\Temp\ccxTFOji.s 			page 3


  88:Drivers/STM32H7xx_HAL_Driver/Src/stm32h7xx_hal_gpio.c ****         general purpose PH0 and PH1, respectively, when the HSE oscillator is off.
  89:Drivers/STM32H7xx_HAL_Driver/Src/stm32h7xx_hal_gpio.c ****         The HSE has priority over the GPIO function.
  90:Drivers/STM32H7xx_HAL_Driver/Src/stm32h7xx_hal_gpio.c **** 
  91:Drivers/STM32H7xx_HAL_Driver/Src/stm32h7xx_hal_gpio.c ****   @endverbatim
  92:Drivers/STM32H7xx_HAL_Driver/Src/stm32h7xx_hal_gpio.c ****   ******************************************************************************
  93:Drivers/STM32H7xx_HAL_Driver/Src/stm32h7xx_hal_gpio.c ****   * @attention
  94:Drivers/STM32H7xx_HAL_Driver/Src/stm32h7xx_hal_gpio.c ****   *
  95:Drivers/STM32H7xx_HAL_Driver/Src/stm32h7xx_hal_gpio.c ****   * <h2><center>&copy; COPYRIGHT(c) 2017 STMicroelectronics.
  96:Drivers/STM32H7xx_HAL_Driver/Src/stm32h7xx_hal_gpio.c ****   * All rights reserved.</center></h2>
  97:Drivers/STM32H7xx_HAL_Driver/Src/stm32h7xx_hal_gpio.c ****   *
  98:Drivers/STM32H7xx_HAL_Driver/Src/stm32h7xx_hal_gpio.c ****   * This software component is licensed by ST under BSD 3-Clause license,
  99:Drivers/STM32H7xx_HAL_Driver/Src/stm32h7xx_hal_gpio.c ****   * the "License"; You may not use this file except in compliance with the
 100:Drivers/STM32H7xx_HAL_Driver/Src/stm32h7xx_hal_gpio.c ****   * License. You may obtain a copy of the License at:
 101:Drivers/STM32H7xx_HAL_Driver/Src/stm32h7xx_hal_gpio.c ****   *                        opensource.org/licenses/BSD-3-Clause
 102:Drivers/STM32H7xx_HAL_Driver/Src/stm32h7xx_hal_gpio.c ****   *
 103:Drivers/STM32H7xx_HAL_Driver/Src/stm32h7xx_hal_gpio.c ****   ******************************************************************************
 104:Drivers/STM32H7xx_HAL_Driver/Src/stm32h7xx_hal_gpio.c ****   */
 105:Drivers/STM32H7xx_HAL_Driver/Src/stm32h7xx_hal_gpio.c **** 
 106:Drivers/STM32H7xx_HAL_Driver/Src/stm32h7xx_hal_gpio.c **** /* Includes ------------------------------------------------------------------*/
 107:Drivers/STM32H7xx_HAL_Driver/Src/stm32h7xx_hal_gpio.c **** #include "stm32h7xx_hal.h"
 108:Drivers/STM32H7xx_HAL_Driver/Src/stm32h7xx_hal_gpio.c **** 
 109:Drivers/STM32H7xx_HAL_Driver/Src/stm32h7xx_hal_gpio.c **** /** @addtogroup STM32H7xx_HAL_Driver
 110:Drivers/STM32H7xx_HAL_Driver/Src/stm32h7xx_hal_gpio.c ****   * @{
 111:Drivers/STM32H7xx_HAL_Driver/Src/stm32h7xx_hal_gpio.c ****   */
 112:Drivers/STM32H7xx_HAL_Driver/Src/stm32h7xx_hal_gpio.c **** 
 113:Drivers/STM32H7xx_HAL_Driver/Src/stm32h7xx_hal_gpio.c **** /** @defgroup GPIO  GPIO
 114:Drivers/STM32H7xx_HAL_Driver/Src/stm32h7xx_hal_gpio.c ****   * @brief GPIO HAL module driver
 115:Drivers/STM32H7xx_HAL_Driver/Src/stm32h7xx_hal_gpio.c ****   * @{
 116:Drivers/STM32H7xx_HAL_Driver/Src/stm32h7xx_hal_gpio.c ****   */
 117:Drivers/STM32H7xx_HAL_Driver/Src/stm32h7xx_hal_gpio.c **** 
 118:Drivers/STM32H7xx_HAL_Driver/Src/stm32h7xx_hal_gpio.c **** #ifdef HAL_GPIO_MODULE_ENABLED
 119:Drivers/STM32H7xx_HAL_Driver/Src/stm32h7xx_hal_gpio.c **** 
 120:Drivers/STM32H7xx_HAL_Driver/Src/stm32h7xx_hal_gpio.c **** /* Private typedef -----------------------------------------------------------*/
 121:Drivers/STM32H7xx_HAL_Driver/Src/stm32h7xx_hal_gpio.c **** /* Private defines ------------------------------------------------------------*/
 122:Drivers/STM32H7xx_HAL_Driver/Src/stm32h7xx_hal_gpio.c **** /** @addtogroup GPIO_Private_Constants GPIO Private Constants
 123:Drivers/STM32H7xx_HAL_Driver/Src/stm32h7xx_hal_gpio.c ****   * @{
 124:Drivers/STM32H7xx_HAL_Driver/Src/stm32h7xx_hal_gpio.c ****   */
 125:Drivers/STM32H7xx_HAL_Driver/Src/stm32h7xx_hal_gpio.c **** #define GPIO_MODE             (0x00000003U)
 126:Drivers/STM32H7xx_HAL_Driver/Src/stm32h7xx_hal_gpio.c **** #define ANALOG_MODE           (0x00000008U)
 127:Drivers/STM32H7xx_HAL_Driver/Src/stm32h7xx_hal_gpio.c **** #define EXTI_MODE             (0x10000000U)
 128:Drivers/STM32H7xx_HAL_Driver/Src/stm32h7xx_hal_gpio.c **** #define GPIO_MODE_IT          (0x00010000U)
 129:Drivers/STM32H7xx_HAL_Driver/Src/stm32h7xx_hal_gpio.c **** #define GPIO_MODE_EVT         (0x00020000U)
 130:Drivers/STM32H7xx_HAL_Driver/Src/stm32h7xx_hal_gpio.c **** #define RISING_EDGE           (0x00100000U)
 131:Drivers/STM32H7xx_HAL_Driver/Src/stm32h7xx_hal_gpio.c **** #define FALLING_EDGE          (0x00200000U)
 132:Drivers/STM32H7xx_HAL_Driver/Src/stm32h7xx_hal_gpio.c **** #define GPIO_OUTPUT_TYPE      (0x00000010U)
 133:Drivers/STM32H7xx_HAL_Driver/Src/stm32h7xx_hal_gpio.c **** 
 134:Drivers/STM32H7xx_HAL_Driver/Src/stm32h7xx_hal_gpio.c **** #if defined(DUAL_CORE)
 135:Drivers/STM32H7xx_HAL_Driver/Src/stm32h7xx_hal_gpio.c **** #define EXTI_CPU1             (0x01000000U)
 136:Drivers/STM32H7xx_HAL_Driver/Src/stm32h7xx_hal_gpio.c **** #define EXTI_CPU2             (0x02000000U)
 137:Drivers/STM32H7xx_HAL_Driver/Src/stm32h7xx_hal_gpio.c **** #endif /*DUAL_CORE*/
 138:Drivers/STM32H7xx_HAL_Driver/Src/stm32h7xx_hal_gpio.c **** #define GPIO_NUMBER           (16U)
 139:Drivers/STM32H7xx_HAL_Driver/Src/stm32h7xx_hal_gpio.c **** /**
 140:Drivers/STM32H7xx_HAL_Driver/Src/stm32h7xx_hal_gpio.c ****   * @}
 141:Drivers/STM32H7xx_HAL_Driver/Src/stm32h7xx_hal_gpio.c ****   */
 142:Drivers/STM32H7xx_HAL_Driver/Src/stm32h7xx_hal_gpio.c **** /* Private macro -------------------------------------------------------------*/
 143:Drivers/STM32H7xx_HAL_Driver/Src/stm32h7xx_hal_gpio.c **** /* Private variables ---------------------------------------------------------*/
 144:Drivers/STM32H7xx_HAL_Driver/Src/stm32h7xx_hal_gpio.c **** /* Private function prototypes -----------------------------------------------*/
ARM GAS  C:\Users\xiaofei\AppData\Local\Temp\ccxTFOji.s 			page 4


 145:Drivers/STM32H7xx_HAL_Driver/Src/stm32h7xx_hal_gpio.c **** /* Private functions ---------------------------------------------------------*/
 146:Drivers/STM32H7xx_HAL_Driver/Src/stm32h7xx_hal_gpio.c **** /* Exported functions --------------------------------------------------------*/
 147:Drivers/STM32H7xx_HAL_Driver/Src/stm32h7xx_hal_gpio.c **** /** @defgroup GPIO_Exported_Functions GPIO Exported Functions
 148:Drivers/STM32H7xx_HAL_Driver/Src/stm32h7xx_hal_gpio.c ****   * @{
 149:Drivers/STM32H7xx_HAL_Driver/Src/stm32h7xx_hal_gpio.c ****   */
 150:Drivers/STM32H7xx_HAL_Driver/Src/stm32h7xx_hal_gpio.c **** 
 151:Drivers/STM32H7xx_HAL_Driver/Src/stm32h7xx_hal_gpio.c **** /** @defgroup GPIO_Exported_Functions_Group1 Initialization and de-initialization functions
 152:Drivers/STM32H7xx_HAL_Driver/Src/stm32h7xx_hal_gpio.c ****  *  @brief    Initialization and Configuration functions
 153:Drivers/STM32H7xx_HAL_Driver/Src/stm32h7xx_hal_gpio.c ****  *
 154:Drivers/STM32H7xx_HAL_Driver/Src/stm32h7xx_hal_gpio.c **** @verbatim
 155:Drivers/STM32H7xx_HAL_Driver/Src/stm32h7xx_hal_gpio.c ****  ===============================================================================
 156:Drivers/STM32H7xx_HAL_Driver/Src/stm32h7xx_hal_gpio.c ****               ##### Initialization and de-initialization functions #####
 157:Drivers/STM32H7xx_HAL_Driver/Src/stm32h7xx_hal_gpio.c ****  ===============================================================================
 158:Drivers/STM32H7xx_HAL_Driver/Src/stm32h7xx_hal_gpio.c ****   [..]
 159:Drivers/STM32H7xx_HAL_Driver/Src/stm32h7xx_hal_gpio.c ****     This section provides functions allowing to initialize and de-initialize the GPIOs
 160:Drivers/STM32H7xx_HAL_Driver/Src/stm32h7xx_hal_gpio.c ****     to be ready for use.
 161:Drivers/STM32H7xx_HAL_Driver/Src/stm32h7xx_hal_gpio.c **** 
 162:Drivers/STM32H7xx_HAL_Driver/Src/stm32h7xx_hal_gpio.c **** @endverbatim
 163:Drivers/STM32H7xx_HAL_Driver/Src/stm32h7xx_hal_gpio.c ****   * @{
 164:Drivers/STM32H7xx_HAL_Driver/Src/stm32h7xx_hal_gpio.c ****   */
 165:Drivers/STM32H7xx_HAL_Driver/Src/stm32h7xx_hal_gpio.c **** 
 166:Drivers/STM32H7xx_HAL_Driver/Src/stm32h7xx_hal_gpio.c **** /**
 167:Drivers/STM32H7xx_HAL_Driver/Src/stm32h7xx_hal_gpio.c ****   * @brief  Initializes the GPIOx peripheral according to the specified parameters in the GPIO_Init
 168:Drivers/STM32H7xx_HAL_Driver/Src/stm32h7xx_hal_gpio.c ****   * @param  GPIOx: where x can be (A..K) to select the GPIO peripheral.
 169:Drivers/STM32H7xx_HAL_Driver/Src/stm32h7xx_hal_gpio.c ****   * @param  GPIO_Init: pointer to a GPIO_InitTypeDef structure that contains
 170:Drivers/STM32H7xx_HAL_Driver/Src/stm32h7xx_hal_gpio.c ****   *         the configuration information for the specified GPIO peripheral.
 171:Drivers/STM32H7xx_HAL_Driver/Src/stm32h7xx_hal_gpio.c ****   * @retval None
 172:Drivers/STM32H7xx_HAL_Driver/Src/stm32h7xx_hal_gpio.c ****   */
 173:Drivers/STM32H7xx_HAL_Driver/Src/stm32h7xx_hal_gpio.c **** void HAL_GPIO_Init(GPIO_TypeDef  *GPIOx, GPIO_InitTypeDef *GPIO_Init)
 174:Drivers/STM32H7xx_HAL_Driver/Src/stm32h7xx_hal_gpio.c **** {
  29              		.loc 1 174 0
  30              		.cfi_startproc
  31              		@ args = 0, pretend = 0, frame = 8
  32              		@ frame_needed = 0, uses_anonymous_args = 0
  33              	.LVL0:
  34 0000 2DE9F041 		push	{r4, r5, r6, r7, r8, lr}
  35              	.LCFI0:
  36              		.cfi_def_cfa_offset 24
  37              		.cfi_offset 4, -24
  38              		.cfi_offset 5, -20
  39              		.cfi_offset 6, -16
  40              		.cfi_offset 7, -12
  41              		.cfi_offset 8, -8
  42              		.cfi_offset 14, -4
  43 0004 82B0     		sub	sp, sp, #8
  44              	.LCFI1:
  45              		.cfi_def_cfa_offset 32
  46              	.LVL1:
 175:Drivers/STM32H7xx_HAL_Driver/Src/stm32h7xx_hal_gpio.c ****   uint32_t position = 0x00U;
  47              		.loc 1 175 0
  48 0006 0023     		movs	r3, #0
 176:Drivers/STM32H7xx_HAL_Driver/Src/stm32h7xx_hal_gpio.c ****   uint32_t iocurrent;
 177:Drivers/STM32H7xx_HAL_Driver/Src/stm32h7xx_hal_gpio.c ****   uint32_t temp;
 178:Drivers/STM32H7xx_HAL_Driver/Src/stm32h7xx_hal_gpio.c ****   EXTI_Core_TypeDef *EXTI_CurrentCPU;
 179:Drivers/STM32H7xx_HAL_Driver/Src/stm32h7xx_hal_gpio.c **** 
 180:Drivers/STM32H7xx_HAL_Driver/Src/stm32h7xx_hal_gpio.c **** #if defined(DUAL_CORE) && defined(CORE_CM4)
 181:Drivers/STM32H7xx_HAL_Driver/Src/stm32h7xx_hal_gpio.c ****   EXTI_CurrentCPU = EXTI_D2; /* EXTI for CM4 CPU */
ARM GAS  C:\Users\xiaofei\AppData\Local\Temp\ccxTFOji.s 			page 5


 182:Drivers/STM32H7xx_HAL_Driver/Src/stm32h7xx_hal_gpio.c **** #else
 183:Drivers/STM32H7xx_HAL_Driver/Src/stm32h7xx_hal_gpio.c ****   EXTI_CurrentCPU = EXTI_D1; /* EXTI for CM7 CPU */
 184:Drivers/STM32H7xx_HAL_Driver/Src/stm32h7xx_hal_gpio.c **** #endif
 185:Drivers/STM32H7xx_HAL_Driver/Src/stm32h7xx_hal_gpio.c **** 
 186:Drivers/STM32H7xx_HAL_Driver/Src/stm32h7xx_hal_gpio.c ****   /* Check the parameters */
 187:Drivers/STM32H7xx_HAL_Driver/Src/stm32h7xx_hal_gpio.c ****   assert_param(IS_GPIO_ALL_INSTANCE(GPIOx));
 188:Drivers/STM32H7xx_HAL_Driver/Src/stm32h7xx_hal_gpio.c ****   assert_param(IS_GPIO_PIN(GPIO_Init->Pin));
 189:Drivers/STM32H7xx_HAL_Driver/Src/stm32h7xx_hal_gpio.c ****   assert_param(IS_GPIO_MODE(GPIO_Init->Mode));
 190:Drivers/STM32H7xx_HAL_Driver/Src/stm32h7xx_hal_gpio.c ****   assert_param(IS_GPIO_PULL(GPIO_Init->Pull));
 191:Drivers/STM32H7xx_HAL_Driver/Src/stm32h7xx_hal_gpio.c **** 
 192:Drivers/STM32H7xx_HAL_Driver/Src/stm32h7xx_hal_gpio.c ****   /* Configure the port pins */
 193:Drivers/STM32H7xx_HAL_Driver/Src/stm32h7xx_hal_gpio.c ****   while (((GPIO_Init->Pin) >> position) != 0x00U)
  49              		.loc 1 193 0
  50 0008 E4E0     		b	.L2
  51              	.LVL2:
  52              	.L12:
 194:Drivers/STM32H7xx_HAL_Driver/Src/stm32h7xx_hal_gpio.c ****   {
 195:Drivers/STM32H7xx_HAL_Driver/Src/stm32h7xx_hal_gpio.c ****     /* Get current io position */
 196:Drivers/STM32H7xx_HAL_Driver/Src/stm32h7xx_hal_gpio.c ****     iocurrent = (GPIO_Init->Pin) & (1UL << position);
  53              		.loc 1 196 0
  54 000a 0124     		movs	r4, #1
  55 000c 9C40     		lsls	r4, r4, r3
  56              	.LVL3:
 197:Drivers/STM32H7xx_HAL_Driver/Src/stm32h7xx_hal_gpio.c **** 
 198:Drivers/STM32H7xx_HAL_Driver/Src/stm32h7xx_hal_gpio.c ****     if (iocurrent != 0x00U)
  57              		.loc 1 198 0
  58 000e 2240     		ands	r2, r2, r4
  59              	.LVL4:
  60 0010 00F0DF80 		beq	.L3
 199:Drivers/STM32H7xx_HAL_Driver/Src/stm32h7xx_hal_gpio.c ****     {
 200:Drivers/STM32H7xx_HAL_Driver/Src/stm32h7xx_hal_gpio.c ****       /*--------------------- GPIO Mode Configuration ------------------------*/
 201:Drivers/STM32H7xx_HAL_Driver/Src/stm32h7xx_hal_gpio.c ****       /* In case of Output or Alternate function mode selection */
 202:Drivers/STM32H7xx_HAL_Driver/Src/stm32h7xx_hal_gpio.c ****       if ((GPIO_Init->Mode == GPIO_MODE_OUTPUT_PP) || (GPIO_Init->Mode == GPIO_MODE_AF_PP) ||
  61              		.loc 1 202 0
  62 0014 4D68     		ldr	r5, [r1, #4]
  63 0016 6E1E     		subs	r6, r5, #1
  64 0018 112D     		cmp	r5, #17
  65 001a 18BF     		it	ne
  66 001c 012E     		cmpne	r6, #1
  67 001e 01D9     		bls	.L4
 203:Drivers/STM32H7xx_HAL_Driver/Src/stm32h7xx_hal_gpio.c ****           (GPIO_Init->Mode == GPIO_MODE_OUTPUT_OD) || (GPIO_Init->Mode == GPIO_MODE_AF_OD))
  68              		.loc 1 203 0
  69 0020 122D     		cmp	r5, #18
  70 0022 15D1     		bne	.L5
  71              	.L4:
 204:Drivers/STM32H7xx_HAL_Driver/Src/stm32h7xx_hal_gpio.c ****       {
 205:Drivers/STM32H7xx_HAL_Driver/Src/stm32h7xx_hal_gpio.c ****         /* Check the Speed parameter */
 206:Drivers/STM32H7xx_HAL_Driver/Src/stm32h7xx_hal_gpio.c ****         assert_param(IS_GPIO_SPEED(GPIO_Init->Speed));
 207:Drivers/STM32H7xx_HAL_Driver/Src/stm32h7xx_hal_gpio.c ****         /* Configure the IO Speed */
 208:Drivers/STM32H7xx_HAL_Driver/Src/stm32h7xx_hal_gpio.c ****         temp = GPIOx->OSPEEDR;
  72              		.loc 1 208 0
  73 0024 8768     		ldr	r7, [r0, #8]
  74              	.LVL5:
 209:Drivers/STM32H7xx_HAL_Driver/Src/stm32h7xx_hal_gpio.c ****         temp &= ~(GPIO_OSPEEDR_OSPEED0 << (position * 2U));
  75              		.loc 1 209 0
  76 0026 4FEA430E 		lsl	lr, r3, #1
  77 002a 0326     		movs	r6, #3
ARM GAS  C:\Users\xiaofei\AppData\Local\Temp\ccxTFOji.s 			page 6


  78 002c 06FA0EF6 		lsl	r6, r6, lr
  79 0030 27EA0606 		bic	r6, r7, r6
  80              	.LVL6:
 210:Drivers/STM32H7xx_HAL_Driver/Src/stm32h7xx_hal_gpio.c ****         temp |= (GPIO_Init->Speed << (position * 2U));
  81              		.loc 1 210 0
  82 0034 CD68     		ldr	r5, [r1, #12]
  83 0036 05FA0EF5 		lsl	r5, r5, lr
  84 003a 3543     		orrs	r5, r5, r6
  85              	.LVL7:
 211:Drivers/STM32H7xx_HAL_Driver/Src/stm32h7xx_hal_gpio.c ****         GPIOx->OSPEEDR = temp;
  86              		.loc 1 211 0
  87 003c 8560     		str	r5, [r0, #8]
 212:Drivers/STM32H7xx_HAL_Driver/Src/stm32h7xx_hal_gpio.c **** 
 213:Drivers/STM32H7xx_HAL_Driver/Src/stm32h7xx_hal_gpio.c ****         /* Configure the IO Output Type */
 214:Drivers/STM32H7xx_HAL_Driver/Src/stm32h7xx_hal_gpio.c ****         temp = GPIOx->OTYPER;
  88              		.loc 1 214 0
  89 003e 4568     		ldr	r5, [r0, #4]
  90              	.LVL8:
 215:Drivers/STM32H7xx_HAL_Driver/Src/stm32h7xx_hal_gpio.c ****         temp &= ~(GPIO_OTYPER_OT0 << position) ;
  91              		.loc 1 215 0
  92 0040 25EA0404 		bic	r4, r5, r4
  93              	.LVL9:
 216:Drivers/STM32H7xx_HAL_Driver/Src/stm32h7xx_hal_gpio.c ****         temp |= (((GPIO_Init->Mode & GPIO_OUTPUT_TYPE) >> 4U) << position);
  94              		.loc 1 216 0
  95 0044 4D68     		ldr	r5, [r1, #4]
  96 0046 C5F30015 		ubfx	r5, r5, #4, #1
  97 004a 9D40     		lsls	r5, r5, r3
  98 004c 2C43     		orrs	r4, r4, r5
  99              	.LVL10:
 217:Drivers/STM32H7xx_HAL_Driver/Src/stm32h7xx_hal_gpio.c ****         GPIOx->OTYPER = temp;
 100              		.loc 1 217 0
 101 004e 4460     		str	r4, [r0, #4]
 102              	.LVL11:
 103              	.L5:
 218:Drivers/STM32H7xx_HAL_Driver/Src/stm32h7xx_hal_gpio.c ****       }
 219:Drivers/STM32H7xx_HAL_Driver/Src/stm32h7xx_hal_gpio.c **** 
 220:Drivers/STM32H7xx_HAL_Driver/Src/stm32h7xx_hal_gpio.c ****       /* Activate the Pull-up or Pull down resistor for the current IO */
 221:Drivers/STM32H7xx_HAL_Driver/Src/stm32h7xx_hal_gpio.c ****       temp = GPIOx->PUPDR;
 104              		.loc 1 221 0
 105 0050 C568     		ldr	r5, [r0, #12]
 106              	.LVL12:
 222:Drivers/STM32H7xx_HAL_Driver/Src/stm32h7xx_hal_gpio.c ****       temp &= ~(GPIO_PUPDR_PUPD0 << (position * 2U));
 107              		.loc 1 222 0
 108 0052 5F00     		lsls	r7, r3, #1
 109 0054 0324     		movs	r4, #3
 110 0056 BC40     		lsls	r4, r4, r7
 111 0058 E443     		mvns	r4, r4
 112 005a 05EA040E 		and	lr, r5, r4
 113              	.LVL13:
 223:Drivers/STM32H7xx_HAL_Driver/Src/stm32h7xx_hal_gpio.c ****       temp |= ((GPIO_Init->Pull) << (position * 2U));
 114              		.loc 1 223 0
 115 005e 8D68     		ldr	r5, [r1, #8]
 116 0060 BD40     		lsls	r5, r5, r7
 117 0062 4EEA0505 		orr	r5, lr, r5
 118              	.LVL14:
 224:Drivers/STM32H7xx_HAL_Driver/Src/stm32h7xx_hal_gpio.c ****       GPIOx->PUPDR = temp;
 119              		.loc 1 224 0
ARM GAS  C:\Users\xiaofei\AppData\Local\Temp\ccxTFOji.s 			page 7


 120 0066 C560     		str	r5, [r0, #12]
 225:Drivers/STM32H7xx_HAL_Driver/Src/stm32h7xx_hal_gpio.c **** 
 226:Drivers/STM32H7xx_HAL_Driver/Src/stm32h7xx_hal_gpio.c ****       /* In case of Alternate function mode selection */
 227:Drivers/STM32H7xx_HAL_Driver/Src/stm32h7xx_hal_gpio.c ****       if ((GPIO_Init->Mode == GPIO_MODE_AF_PP) || (GPIO_Init->Mode == GPIO_MODE_AF_OD))
 121              		.loc 1 227 0
 122 0068 4D68     		ldr	r5, [r1, #4]
 123              	.LVL15:
 124 006a 122D     		cmp	r5, #18
 125 006c 18BF     		it	ne
 126 006e 022D     		cmpne	r5, #2
 127 0070 13D1     		bne	.L6
 228:Drivers/STM32H7xx_HAL_Driver/Src/stm32h7xx_hal_gpio.c ****       {
 229:Drivers/STM32H7xx_HAL_Driver/Src/stm32h7xx_hal_gpio.c ****         /* Check the Alternate function parameters */
 230:Drivers/STM32H7xx_HAL_Driver/Src/stm32h7xx_hal_gpio.c ****         assert_param(IS_GPIO_AF_INSTANCE(GPIOx));
 231:Drivers/STM32H7xx_HAL_Driver/Src/stm32h7xx_hal_gpio.c ****         assert_param(IS_GPIO_AF(GPIO_Init->Alternate));
 232:Drivers/STM32H7xx_HAL_Driver/Src/stm32h7xx_hal_gpio.c **** 
 233:Drivers/STM32H7xx_HAL_Driver/Src/stm32h7xx_hal_gpio.c ****         /* Configure Alternate function mapped with the current IO */
 234:Drivers/STM32H7xx_HAL_Driver/Src/stm32h7xx_hal_gpio.c ****         temp = GPIOx->AFR[position >> 3U];
 128              		.loc 1 234 0
 129 0072 DE08     		lsrs	r6, r3, #3
 130 0074 0836     		adds	r6, r6, #8
 131 0076 50F82680 		ldr	r8, [r0, r6, lsl #2]
 132              	.LVL16:
 235:Drivers/STM32H7xx_HAL_Driver/Src/stm32h7xx_hal_gpio.c ****         temp &= ~(0xFU << ((position & 0x07U) * 4U));
 133              		.loc 1 235 0
 134 007a 03F00705 		and	r5, r3, #7
 135 007e 4FEA850E 		lsl	lr, r5, #2
 136 0082 0F25     		movs	r5, #15
 137 0084 05FA0EF5 		lsl	r5, r5, lr
 138 0088 28EA050C 		bic	ip, r8, r5
 139              	.LVL17:
 236:Drivers/STM32H7xx_HAL_Driver/Src/stm32h7xx_hal_gpio.c ****         temp |= ((GPIO_Init->Alternate) << ((position & 0x07U) * 4U));
 140              		.loc 1 236 0
 141 008c 0D69     		ldr	r5, [r1, #16]
 142 008e 05FA0EF5 		lsl	r5, r5, lr
 143 0092 4CEA0505 		orr	r5, ip, r5
 144              	.LVL18:
 237:Drivers/STM32H7xx_HAL_Driver/Src/stm32h7xx_hal_gpio.c ****         GPIOx->AFR[position >> 3U] = temp;
 145              		.loc 1 237 0
 146 0096 40F82650 		str	r5, [r0, r6, lsl #2]
 147              	.LVL19:
 148              	.L6:
 238:Drivers/STM32H7xx_HAL_Driver/Src/stm32h7xx_hal_gpio.c ****       }
 239:Drivers/STM32H7xx_HAL_Driver/Src/stm32h7xx_hal_gpio.c **** 
 240:Drivers/STM32H7xx_HAL_Driver/Src/stm32h7xx_hal_gpio.c ****       /* Configure IO Direction mode (Input, Output, Alternate or Analog) */
 241:Drivers/STM32H7xx_HAL_Driver/Src/stm32h7xx_hal_gpio.c ****       temp = GPIOx->MODER;
 149              		.loc 1 241 0
 150 009a 0568     		ldr	r5, [r0]
 151              	.LVL20:
 242:Drivers/STM32H7xx_HAL_Driver/Src/stm32h7xx_hal_gpio.c ****       temp &= ~(GPIO_MODER_MODE0 << (position * 2U));
 152              		.loc 1 242 0
 153 009c 04EA0506 		and	r6, r4, r5
 154              	.LVL21:
 243:Drivers/STM32H7xx_HAL_Driver/Src/stm32h7xx_hal_gpio.c ****       temp |= ((GPIO_Init->Mode & GPIO_MODE) << (position * 2U));
 155              		.loc 1 243 0
 156 00a0 4C68     		ldr	r4, [r1, #4]
 157 00a2 04F00305 		and	r5, r4, #3
ARM GAS  C:\Users\xiaofei\AppData\Local\Temp\ccxTFOji.s 			page 8


 158 00a6 05FA07F4 		lsl	r4, r5, r7
 159 00aa 3443     		orrs	r4, r4, r6
 160              	.LVL22:
 244:Drivers/STM32H7xx_HAL_Driver/Src/stm32h7xx_hal_gpio.c ****       GPIOx->MODER = temp;
 161              		.loc 1 244 0
 162 00ac 0460     		str	r4, [r0]
 245:Drivers/STM32H7xx_HAL_Driver/Src/stm32h7xx_hal_gpio.c **** 
 246:Drivers/STM32H7xx_HAL_Driver/Src/stm32h7xx_hal_gpio.c ****       /*--------------------- EXTI Mode Configuration ------------------------*/
 247:Drivers/STM32H7xx_HAL_Driver/Src/stm32h7xx_hal_gpio.c ****       /* Configure the External Interrupt or event for the current IO */
 248:Drivers/STM32H7xx_HAL_Driver/Src/stm32h7xx_hal_gpio.c ****       if ((GPIO_Init->Mode & EXTI_MODE) == EXTI_MODE)
 163              		.loc 1 248 0
 164 00ae 4C68     		ldr	r4, [r1, #4]
 165              	.LVL23:
 166 00b0 14F0805F 		tst	r4, #268435456
 167 00b4 00F08D80 		beq	.L3
 168              	.LBB2:
 249:Drivers/STM32H7xx_HAL_Driver/Src/stm32h7xx_hal_gpio.c ****       {
 250:Drivers/STM32H7xx_HAL_Driver/Src/stm32h7xx_hal_gpio.c ****         /* Enable SYSCFG Clock */
 251:Drivers/STM32H7xx_HAL_Driver/Src/stm32h7xx_hal_gpio.c ****         __HAL_RCC_SYSCFG_CLK_ENABLE();
 169              		.loc 1 251 0
 170 00b8 4A4C     		ldr	r4, .L24
 171 00ba D4F8F450 		ldr	r5, [r4, #244]
 172 00be 45F00205 		orr	r5, r5, #2
 173 00c2 C4F8F450 		str	r5, [r4, #244]
 174              	.LVL24:
 175 00c6 D4F8F440 		ldr	r4, [r4, #244]
 176 00ca 04F00204 		and	r4, r4, #2
 177 00ce 0194     		str	r4, [sp, #4]
 178 00d0 019C     		ldr	r4, [sp, #4]
 179              	.LBE2:
 252:Drivers/STM32H7xx_HAL_Driver/Src/stm32h7xx_hal_gpio.c **** 
 253:Drivers/STM32H7xx_HAL_Driver/Src/stm32h7xx_hal_gpio.c ****         temp = SYSCFG->EXTICR[position >> 2U];
 180              		.loc 1 253 0
 181 00d2 9E08     		lsrs	r6, r3, #2
 182 00d4 B51C     		adds	r5, r6, #2
 183 00d6 444C     		ldr	r4, .L24+4
 184 00d8 54F82570 		ldr	r7, [r4, r5, lsl #2]
 185              	.LVL25:
 254:Drivers/STM32H7xx_HAL_Driver/Src/stm32h7xx_hal_gpio.c ****         temp &= ~(0x0FUL << (4U * (position & 0x03U)));
 186              		.loc 1 254 0
 187 00dc 03F00304 		and	r4, r3, #3
 188 00e0 A400     		lsls	r4, r4, #2
 189 00e2 0F25     		movs	r5, #15
 190 00e4 A540     		lsls	r5, r5, r4
 191 00e6 27EA0507 		bic	r7, r7, r5
 192              	.LVL26:
 255:Drivers/STM32H7xx_HAL_Driver/Src/stm32h7xx_hal_gpio.c ****         temp |= (GPIO_GET_INDEX(GPIOx) << (4U * (position & 0x03U)));
 193              		.loc 1 255 0
 194 00ea 404D     		ldr	r5, .L24+8
 195 00ec A842     		cmp	r0, r5
 196 00ee 25D0     		beq	.L13
 197              		.loc 1 255 0 is_stmt 0 discriminator 1
 198 00f0 05F58065 		add	r5, r5, #1024
 199 00f4 A842     		cmp	r0, r5
 200 00f6 23D0     		beq	.L14
 201              		.loc 1 255 0 discriminator 3
 202 00f8 05F58065 		add	r5, r5, #1024
ARM GAS  C:\Users\xiaofei\AppData\Local\Temp\ccxTFOji.s 			page 9


 203 00fc A842     		cmp	r0, r5
 204 00fe 21D0     		beq	.L15
 205              		.loc 1 255 0 discriminator 5
 206 0100 05F58065 		add	r5, r5, #1024
 207 0104 A842     		cmp	r0, r5
 208 0106 1FD0     		beq	.L16
 209              		.loc 1 255 0 discriminator 7
 210 0108 05F58065 		add	r5, r5, #1024
 211 010c A842     		cmp	r0, r5
 212 010e 1DD0     		beq	.L17
 213              		.loc 1 255 0 discriminator 9
 214 0110 05F58065 		add	r5, r5, #1024
 215 0114 A842     		cmp	r0, r5
 216 0116 1BD0     		beq	.L18
 217              		.loc 1 255 0 discriminator 11
 218 0118 05F58065 		add	r5, r5, #1024
 219 011c A842     		cmp	r0, r5
 220 011e 19D0     		beq	.L19
 221              		.loc 1 255 0 discriminator 13
 222 0120 05F58065 		add	r5, r5, #1024
 223 0124 A842     		cmp	r0, r5
 224 0126 17D0     		beq	.L20
 225              		.loc 1 255 0 discriminator 15
 226 0128 05F58065 		add	r5, r5, #1024
 227 012c A842     		cmp	r0, r5
 228 012e 15D0     		beq	.L21
 229              		.loc 1 255 0 discriminator 17
 230 0130 05F58065 		add	r5, r5, #1024
 231 0134 A842     		cmp	r0, r5
 232 0136 13D1     		bne	.L22
 233              		.loc 1 255 0
 234 0138 0925     		movs	r5, #9
 235 013a 12E0     		b	.L7
 236              	.L13:
 237 013c 0025     		movs	r5, #0
 238 013e 10E0     		b	.L7
 239              	.L14:
 240 0140 0125     		movs	r5, #1
 241 0142 0EE0     		b	.L7
 242              	.L15:
 243 0144 0225     		movs	r5, #2
 244 0146 0CE0     		b	.L7
 245              	.L16:
 246 0148 0325     		movs	r5, #3
 247 014a 0AE0     		b	.L7
 248              	.L17:
 249 014c 0425     		movs	r5, #4
 250 014e 08E0     		b	.L7
 251              	.L18:
 252 0150 0525     		movs	r5, #5
 253 0152 06E0     		b	.L7
 254              	.L19:
 255 0154 0625     		movs	r5, #6
 256 0156 04E0     		b	.L7
 257              	.L20:
 258 0158 0725     		movs	r5, #7
 259 015a 02E0     		b	.L7
ARM GAS  C:\Users\xiaofei\AppData\Local\Temp\ccxTFOji.s 			page 10


 260              	.L21:
 261 015c 0825     		movs	r5, #8
 262 015e 00E0     		b	.L7
 263              	.L22:
 264 0160 0A25     		movs	r5, #10
 265              	.L7:
 266              		.loc 1 255 0 discriminator 40
 267 0162 05FA04F4 		lsl	r4, r5, r4
 268 0166 3C43     		orrs	r4, r4, r7
 269              	.LVL27:
 256:Drivers/STM32H7xx_HAL_Driver/Src/stm32h7xx_hal_gpio.c ****         SYSCFG->EXTICR[position >> 2U] = temp;
 270              		.loc 1 256 0 is_stmt 1 discriminator 40
 271 0168 0236     		adds	r6, r6, #2
 272 016a 1F4D     		ldr	r5, .L24+4
 273 016c 45F82640 		str	r4, [r5, r6, lsl #2]
 257:Drivers/STM32H7xx_HAL_Driver/Src/stm32h7xx_hal_gpio.c **** 
 258:Drivers/STM32H7xx_HAL_Driver/Src/stm32h7xx_hal_gpio.c ****         /* Clear EXTI line configuration */
 259:Drivers/STM32H7xx_HAL_Driver/Src/stm32h7xx_hal_gpio.c ****         temp = EXTI_CurrentCPU->IMR1;
 274              		.loc 1 259 0 discriminator 40
 275 0170 1F4C     		ldr	r4, .L24+12
 276              	.LVL28:
 277 0172 2568     		ldr	r5, [r4]
 278              	.LVL29:
 260:Drivers/STM32H7xx_HAL_Driver/Src/stm32h7xx_hal_gpio.c ****         temp &= ~(iocurrent);
 279              		.loc 1 260 0 discriminator 40
 280 0174 D443     		mvns	r4, r2
 281 0176 05EA0406 		and	r6, r5, r4
 282              	.LVL30:
 261:Drivers/STM32H7xx_HAL_Driver/Src/stm32h7xx_hal_gpio.c ****         if ((GPIO_Init->Mode & GPIO_MODE_IT) == GPIO_MODE_IT)
 283              		.loc 1 261 0 discriminator 40
 284 017a 4F68     		ldr	r7, [r1, #4]
 285 017c 17F4803F 		tst	r7, #65536
 286 0180 01D0     		beq	.L8
 262:Drivers/STM32H7xx_HAL_Driver/Src/stm32h7xx_hal_gpio.c ****         {
 263:Drivers/STM32H7xx_HAL_Driver/Src/stm32h7xx_hal_gpio.c ****           temp |= iocurrent;
 287              		.loc 1 263 0
 288 0182 42EA0506 		orr	r6, r2, r5
 289              	.LVL31:
 290              	.L8:
 264:Drivers/STM32H7xx_HAL_Driver/Src/stm32h7xx_hal_gpio.c ****         }
 265:Drivers/STM32H7xx_HAL_Driver/Src/stm32h7xx_hal_gpio.c ****         EXTI_CurrentCPU->IMR1 = temp;
 291              		.loc 1 265 0
 292 0186 1A4D     		ldr	r5, .L24+12
 293 0188 2E60     		str	r6, [r5]
 266:Drivers/STM32H7xx_HAL_Driver/Src/stm32h7xx_hal_gpio.c **** 
 267:Drivers/STM32H7xx_HAL_Driver/Src/stm32h7xx_hal_gpio.c ****         temp = EXTI_CurrentCPU->EMR1;
 294              		.loc 1 267 0
 295 018a 6E68     		ldr	r6, [r5, #4]
 296              	.LVL32:
 268:Drivers/STM32H7xx_HAL_Driver/Src/stm32h7xx_hal_gpio.c ****         temp &= ~(iocurrent);
 297              		.loc 1 268 0
 298 018c 04EA0605 		and	r5, r4, r6
 299              	.LVL33:
 269:Drivers/STM32H7xx_HAL_Driver/Src/stm32h7xx_hal_gpio.c ****         if ((GPIO_Init->Mode & GPIO_MODE_EVT) == GPIO_MODE_EVT)
 300              		.loc 1 269 0
 301 0190 4F68     		ldr	r7, [r1, #4]
 302 0192 17F4003F 		tst	r7, #131072
ARM GAS  C:\Users\xiaofei\AppData\Local\Temp\ccxTFOji.s 			page 11


 303 0196 01D0     		beq	.L9
 270:Drivers/STM32H7xx_HAL_Driver/Src/stm32h7xx_hal_gpio.c ****         {
 271:Drivers/STM32H7xx_HAL_Driver/Src/stm32h7xx_hal_gpio.c ****           temp |= iocurrent;
 304              		.loc 1 271 0
 305 0198 42EA0605 		orr	r5, r2, r6
 306              	.LVL34:
 307              	.L9:
 272:Drivers/STM32H7xx_HAL_Driver/Src/stm32h7xx_hal_gpio.c ****         }
 273:Drivers/STM32H7xx_HAL_Driver/Src/stm32h7xx_hal_gpio.c ****         EXTI_CurrentCPU->EMR1 = temp;
 308              		.loc 1 273 0
 309 019c 144E     		ldr	r6, .L24+12
 310 019e 7560     		str	r5, [r6, #4]
 274:Drivers/STM32H7xx_HAL_Driver/Src/stm32h7xx_hal_gpio.c **** 
 275:Drivers/STM32H7xx_HAL_Driver/Src/stm32h7xx_hal_gpio.c ****         /* Clear Rising Falling edge configuration */
 276:Drivers/STM32H7xx_HAL_Driver/Src/stm32h7xx_hal_gpio.c ****         temp = EXTI->RTSR1;
 311              		.loc 1 276 0
 312 01a0 4FF0B045 		mov	r5, #1476395008
 313              	.LVL35:
 314 01a4 2D68     		ldr	r5, [r5]
 315              	.LVL36:
 277:Drivers/STM32H7xx_HAL_Driver/Src/stm32h7xx_hal_gpio.c ****         temp &= ~(iocurrent);
 316              		.loc 1 277 0
 317 01a6 04EA0506 		and	r6, r4, r5
 318              	.LVL37:
 278:Drivers/STM32H7xx_HAL_Driver/Src/stm32h7xx_hal_gpio.c ****         if ((GPIO_Init->Mode & RISING_EDGE) == RISING_EDGE)
 319              		.loc 1 278 0
 320 01aa 4F68     		ldr	r7, [r1, #4]
 321 01ac 17F4801F 		tst	r7, #1048576
 322 01b0 01D0     		beq	.L10
 279:Drivers/STM32H7xx_HAL_Driver/Src/stm32h7xx_hal_gpio.c ****         {
 280:Drivers/STM32H7xx_HAL_Driver/Src/stm32h7xx_hal_gpio.c ****           temp |= iocurrent;
 323              		.loc 1 280 0
 324 01b2 42EA0506 		orr	r6, r2, r5
 325              	.LVL38:
 326              	.L10:
 281:Drivers/STM32H7xx_HAL_Driver/Src/stm32h7xx_hal_gpio.c ****         }
 282:Drivers/STM32H7xx_HAL_Driver/Src/stm32h7xx_hal_gpio.c ****         EXTI->RTSR1 = temp;
 327              		.loc 1 282 0
 328 01b6 4FF0B045 		mov	r5, #1476395008
 329 01ba 2E60     		str	r6, [r5]
 283:Drivers/STM32H7xx_HAL_Driver/Src/stm32h7xx_hal_gpio.c **** 
 284:Drivers/STM32H7xx_HAL_Driver/Src/stm32h7xx_hal_gpio.c ****         temp = EXTI->FTSR1;
 330              		.loc 1 284 0
 331 01bc 6D68     		ldr	r5, [r5, #4]
 332              	.LVL39:
 285:Drivers/STM32H7xx_HAL_Driver/Src/stm32h7xx_hal_gpio.c ****         temp &= ~(iocurrent);
 333              		.loc 1 285 0
 334 01be 2C40     		ands	r4, r4, r5
 335              	.LVL40:
 286:Drivers/STM32H7xx_HAL_Driver/Src/stm32h7xx_hal_gpio.c ****         if ((GPIO_Init->Mode & FALLING_EDGE) == FALLING_EDGE)
 336              		.loc 1 286 0
 337 01c0 4E68     		ldr	r6, [r1, #4]
 338 01c2 16F4001F 		tst	r6, #2097152
 339 01c6 01D0     		beq	.L11
 287:Drivers/STM32H7xx_HAL_Driver/Src/stm32h7xx_hal_gpio.c ****         {
 288:Drivers/STM32H7xx_HAL_Driver/Src/stm32h7xx_hal_gpio.c ****           temp |= iocurrent;
 340              		.loc 1 288 0
ARM GAS  C:\Users\xiaofei\AppData\Local\Temp\ccxTFOji.s 			page 12


 341 01c8 42EA0504 		orr	r4, r2, r5
 342              	.LVL41:
 343              	.L11:
 289:Drivers/STM32H7xx_HAL_Driver/Src/stm32h7xx_hal_gpio.c ****         }
 290:Drivers/STM32H7xx_HAL_Driver/Src/stm32h7xx_hal_gpio.c ****         EXTI->FTSR1 = temp;
 344              		.loc 1 290 0
 345 01cc 4FF0B042 		mov	r2, #1476395008
 346              	.LVL42:
 347 01d0 5460     		str	r4, [r2, #4]
 348              	.LVL43:
 349              	.L3:
 291:Drivers/STM32H7xx_HAL_Driver/Src/stm32h7xx_hal_gpio.c ****       }
 292:Drivers/STM32H7xx_HAL_Driver/Src/stm32h7xx_hal_gpio.c ****     }
 293:Drivers/STM32H7xx_HAL_Driver/Src/stm32h7xx_hal_gpio.c **** 
 294:Drivers/STM32H7xx_HAL_Driver/Src/stm32h7xx_hal_gpio.c ****     position++;
 350              		.loc 1 294 0
 351 01d2 0133     		adds	r3, r3, #1
 352              	.LVL44:
 353              	.L2:
 193:Drivers/STM32H7xx_HAL_Driver/Src/stm32h7xx_hal_gpio.c ****   {
 354              		.loc 1 193 0
 355 01d4 0A68     		ldr	r2, [r1]
 356 01d6 32FA03F4 		lsrs	r4, r2, r3
 357 01da 7FF416AF 		bne	.L12
 295:Drivers/STM32H7xx_HAL_Driver/Src/stm32h7xx_hal_gpio.c ****   }
 296:Drivers/STM32H7xx_HAL_Driver/Src/stm32h7xx_hal_gpio.c **** }
 358              		.loc 1 296 0
 359 01de 02B0     		add	sp, sp, #8
 360              	.LCFI2:
 361              		.cfi_def_cfa_offset 24
 362              		@ sp needed
 363 01e0 BDE8F081 		pop	{r4, r5, r6, r7, r8, pc}
 364              	.L25:
 365              		.align	2
 366              	.L24:
 367 01e4 00440258 		.word	1476543488
 368 01e8 00040058 		.word	1476396032
 369 01ec 00000258 		.word	1476526080
 370 01f0 80000058 		.word	1476395136
 371              		.cfi_endproc
 372              	.LFE141:
 374              		.section	.text.HAL_GPIO_DeInit,"ax",%progbits
 375              		.align	2
 376              		.global	HAL_GPIO_DeInit
 377              		.thumb
 378              		.thumb_func
 380              	HAL_GPIO_DeInit:
 381              	.LFB142:
 297:Drivers/STM32H7xx_HAL_Driver/Src/stm32h7xx_hal_gpio.c **** 
 298:Drivers/STM32H7xx_HAL_Driver/Src/stm32h7xx_hal_gpio.c **** /**
 299:Drivers/STM32H7xx_HAL_Driver/Src/stm32h7xx_hal_gpio.c ****   * @brief  De-initializes the GPIOx peripheral registers to their default reset values.
 300:Drivers/STM32H7xx_HAL_Driver/Src/stm32h7xx_hal_gpio.c ****   * @param  GPIOx: where x can be (A..K) to select the GPIO peripheral.
 301:Drivers/STM32H7xx_HAL_Driver/Src/stm32h7xx_hal_gpio.c ****   * @param  GPIO_Pin: specifies the port bit to be written.
 302:Drivers/STM32H7xx_HAL_Driver/Src/stm32h7xx_hal_gpio.c ****   *          This parameter can be one of GPIO_PIN_x where x can be (0..15).
 303:Drivers/STM32H7xx_HAL_Driver/Src/stm32h7xx_hal_gpio.c ****   * @retval None
 304:Drivers/STM32H7xx_HAL_Driver/Src/stm32h7xx_hal_gpio.c ****   */
 305:Drivers/STM32H7xx_HAL_Driver/Src/stm32h7xx_hal_gpio.c **** void HAL_GPIO_DeInit(GPIO_TypeDef  *GPIOx, uint32_t GPIO_Pin)
ARM GAS  C:\Users\xiaofei\AppData\Local\Temp\ccxTFOji.s 			page 13


 306:Drivers/STM32H7xx_HAL_Driver/Src/stm32h7xx_hal_gpio.c **** {
 382              		.loc 1 306 0
 383              		.cfi_startproc
 384              		@ args = 0, pretend = 0, frame = 0
 385              		@ frame_needed = 0, uses_anonymous_args = 0
 386              	.LVL45:
 387 0000 F0B5     		push	{r4, r5, r6, r7, lr}
 388              	.LCFI3:
 389              		.cfi_def_cfa_offset 20
 390              		.cfi_offset 4, -20
 391              		.cfi_offset 5, -16
 392              		.cfi_offset 6, -12
 393              		.cfi_offset 7, -8
 394              		.cfi_offset 14, -4
 395              	.LVL46:
 307:Drivers/STM32H7xx_HAL_Driver/Src/stm32h7xx_hal_gpio.c ****   uint32_t position = 0x00U;
 396              		.loc 1 307 0
 397 0002 0023     		movs	r3, #0
 308:Drivers/STM32H7xx_HAL_Driver/Src/stm32h7xx_hal_gpio.c ****   uint32_t iocurrent;
 309:Drivers/STM32H7xx_HAL_Driver/Src/stm32h7xx_hal_gpio.c ****   uint32_t tmp;
 310:Drivers/STM32H7xx_HAL_Driver/Src/stm32h7xx_hal_gpio.c ****   EXTI_Core_TypeDef *EXTI_CurrentCPU;
 311:Drivers/STM32H7xx_HAL_Driver/Src/stm32h7xx_hal_gpio.c **** 
 312:Drivers/STM32H7xx_HAL_Driver/Src/stm32h7xx_hal_gpio.c **** #if defined(DUAL_CORE) && defined(CORE_CM4)
 313:Drivers/STM32H7xx_HAL_Driver/Src/stm32h7xx_hal_gpio.c ****   EXTI_CurrentCPU = EXTI_D2; /* EXTI for CM4 CPU */
 314:Drivers/STM32H7xx_HAL_Driver/Src/stm32h7xx_hal_gpio.c **** #else
 315:Drivers/STM32H7xx_HAL_Driver/Src/stm32h7xx_hal_gpio.c ****   EXTI_CurrentCPU = EXTI_D1; /* EXTI for CM7 CPU */
 316:Drivers/STM32H7xx_HAL_Driver/Src/stm32h7xx_hal_gpio.c **** #endif
 317:Drivers/STM32H7xx_HAL_Driver/Src/stm32h7xx_hal_gpio.c **** 
 318:Drivers/STM32H7xx_HAL_Driver/Src/stm32h7xx_hal_gpio.c ****   /* Check the parameters */
 319:Drivers/STM32H7xx_HAL_Driver/Src/stm32h7xx_hal_gpio.c ****   assert_param(IS_GPIO_ALL_INSTANCE(GPIOx));
 320:Drivers/STM32H7xx_HAL_Driver/Src/stm32h7xx_hal_gpio.c ****   assert_param(IS_GPIO_PIN(GPIO_Pin));
 321:Drivers/STM32H7xx_HAL_Driver/Src/stm32h7xx_hal_gpio.c **** 
 322:Drivers/STM32H7xx_HAL_Driver/Src/stm32h7xx_hal_gpio.c ****   /* Configure the port pins */
 323:Drivers/STM32H7xx_HAL_Driver/Src/stm32h7xx_hal_gpio.c ****   while ((GPIO_Pin >> position) != 0x00U)
 398              		.loc 1 323 0
 399 0004 90E0     		b	.L27
 400              	.LVL47:
 401              	.L31:
 324:Drivers/STM32H7xx_HAL_Driver/Src/stm32h7xx_hal_gpio.c ****   {
 325:Drivers/STM32H7xx_HAL_Driver/Src/stm32h7xx_hal_gpio.c ****     /* Get current io position */
 326:Drivers/STM32H7xx_HAL_Driver/Src/stm32h7xx_hal_gpio.c ****     iocurrent = GPIO_Pin & (1UL << position) ;
 402              		.loc 1 326 0
 403 0006 0122     		movs	r2, #1
 404 0008 9A40     		lsls	r2, r2, r3
 405              	.LVL48:
 327:Drivers/STM32H7xx_HAL_Driver/Src/stm32h7xx_hal_gpio.c **** 
 328:Drivers/STM32H7xx_HAL_Driver/Src/stm32h7xx_hal_gpio.c ****     if (iocurrent != 0x00U)
 406              		.loc 1 328 0
 407 000a 11EA0207 		ands	r7, r1, r2
 408              	.LVL49:
 409 000e 00F08A80 		beq	.L28
 329:Drivers/STM32H7xx_HAL_Driver/Src/stm32h7xx_hal_gpio.c ****     {
 330:Drivers/STM32H7xx_HAL_Driver/Src/stm32h7xx_hal_gpio.c ****       /*------------------------- EXTI Mode Configuration --------------------*/
 331:Drivers/STM32H7xx_HAL_Driver/Src/stm32h7xx_hal_gpio.c ****       /* Clear the External Interrupt or Event for the current IO */
 332:Drivers/STM32H7xx_HAL_Driver/Src/stm32h7xx_hal_gpio.c ****       tmp = SYSCFG->EXTICR[position >> 2U];
 410              		.loc 1 332 0
 411 0012 4FEA930E 		lsr	lr, r3, #2
ARM GAS  C:\Users\xiaofei\AppData\Local\Temp\ccxTFOji.s 			page 14


 412 0016 0EF10205 		add	r5, lr, #2
 413 001a 464C     		ldr	r4, .L43
 414 001c 54F82550 		ldr	r5, [r4, r5, lsl #2]
 415              	.LVL50:
 333:Drivers/STM32H7xx_HAL_Driver/Src/stm32h7xx_hal_gpio.c ****       tmp &= (0x0FUL << (4U * (position & 0x03U)));
 416              		.loc 1 333 0
 417 0020 03F00304 		and	r4, r3, #3
 418 0024 A400     		lsls	r4, r4, #2
 419 0026 0F26     		movs	r6, #15
 420 0028 06FA04FC 		lsl	ip, r6, r4
 421 002c 05EA0C05 		and	r5, r5, ip
 422              	.LVL51:
 334:Drivers/STM32H7xx_HAL_Driver/Src/stm32h7xx_hal_gpio.c ****       if (tmp == (GPIO_GET_INDEX(GPIOx) << (4U * (position & 0x03U))))
 423              		.loc 1 334 0
 424 0030 414E     		ldr	r6, .L43+4
 425 0032 B042     		cmp	r0, r6
 426 0034 25D0     		beq	.L32
 427              		.loc 1 334 0 is_stmt 0 discriminator 1
 428 0036 06F58066 		add	r6, r6, #1024
 429 003a B042     		cmp	r0, r6
 430 003c 23D0     		beq	.L33
 431              		.loc 1 334 0 discriminator 3
 432 003e 06F58066 		add	r6, r6, #1024
 433 0042 B042     		cmp	r0, r6
 434 0044 21D0     		beq	.L34
 435              		.loc 1 334 0 discriminator 5
 436 0046 06F58066 		add	r6, r6, #1024
 437 004a B042     		cmp	r0, r6
 438 004c 1FD0     		beq	.L35
 439              		.loc 1 334 0 discriminator 7
 440 004e 06F58066 		add	r6, r6, #1024
 441 0052 B042     		cmp	r0, r6
 442 0054 1DD0     		beq	.L36
 443              		.loc 1 334 0 discriminator 9
 444 0056 06F58066 		add	r6, r6, #1024
 445 005a B042     		cmp	r0, r6
 446 005c 1BD0     		beq	.L37
 447              		.loc 1 334 0 discriminator 11
 448 005e 06F58066 		add	r6, r6, #1024
 449 0062 B042     		cmp	r0, r6
 450 0064 19D0     		beq	.L38
 451              		.loc 1 334 0 discriminator 13
 452 0066 06F58066 		add	r6, r6, #1024
 453 006a B042     		cmp	r0, r6
 454 006c 17D0     		beq	.L39
 455              		.loc 1 334 0 discriminator 15
 456 006e 06F58066 		add	r6, r6, #1024
 457 0072 B042     		cmp	r0, r6
 458 0074 15D0     		beq	.L40
 459              		.loc 1 334 0 discriminator 17
 460 0076 06F58066 		add	r6, r6, #1024
 461 007a B042     		cmp	r0, r6
 462 007c 13D1     		bne	.L41
 463              		.loc 1 334 0
 464 007e 0926     		movs	r6, #9
 465 0080 12E0     		b	.L29
 466              	.L32:
ARM GAS  C:\Users\xiaofei\AppData\Local\Temp\ccxTFOji.s 			page 15


 467 0082 0026     		movs	r6, #0
 468 0084 10E0     		b	.L29
 469              	.L33:
 470 0086 0126     		movs	r6, #1
 471 0088 0EE0     		b	.L29
 472              	.L34:
 473 008a 0226     		movs	r6, #2
 474 008c 0CE0     		b	.L29
 475              	.L35:
 476 008e 0326     		movs	r6, #3
 477 0090 0AE0     		b	.L29
 478              	.L36:
 479 0092 0426     		movs	r6, #4
 480 0094 08E0     		b	.L29
 481              	.L37:
 482 0096 0526     		movs	r6, #5
 483 0098 06E0     		b	.L29
 484              	.L38:
 485 009a 0626     		movs	r6, #6
 486 009c 04E0     		b	.L29
 487              	.L39:
 488 009e 0726     		movs	r6, #7
 489 00a0 02E0     		b	.L29
 490              	.L40:
 491 00a2 0826     		movs	r6, #8
 492 00a4 00E0     		b	.L29
 493              	.L41:
 494 00a6 0A26     		movs	r6, #10
 495              	.L29:
 496              		.loc 1 334 0 discriminator 40
 497 00a8 06FA04F4 		lsl	r4, r6, r4
 498 00ac A542     		cmp	r5, r4
 499 00ae 18D1     		bne	.L30
 335:Drivers/STM32H7xx_HAL_Driver/Src/stm32h7xx_hal_gpio.c ****       {
 336:Drivers/STM32H7xx_HAL_Driver/Src/stm32h7xx_hal_gpio.c ****         /* Clear EXTI line configuration for Current CPU */
 337:Drivers/STM32H7xx_HAL_Driver/Src/stm32h7xx_hal_gpio.c ****         EXTI_CurrentCPU->IMR1 &= ~(iocurrent);
 500              		.loc 1 337 0 is_stmt 1
 501 00b0 224C     		ldr	r4, .L43+8
 502 00b2 2568     		ldr	r5, [r4]
 503              	.LVL52:
 504 00b4 FF43     		mvns	r7, r7
 505              	.LVL53:
 506 00b6 3D40     		ands	r5, r5, r7
 507 00b8 2560     		str	r5, [r4]
 338:Drivers/STM32H7xx_HAL_Driver/Src/stm32h7xx_hal_gpio.c ****         EXTI_CurrentCPU->EMR1 &= ~(iocurrent);
 508              		.loc 1 338 0
 509 00ba 6568     		ldr	r5, [r4, #4]
 510 00bc 3D40     		ands	r5, r5, r7
 511 00be 6560     		str	r5, [r4, #4]
 339:Drivers/STM32H7xx_HAL_Driver/Src/stm32h7xx_hal_gpio.c **** 
 340:Drivers/STM32H7xx_HAL_Driver/Src/stm32h7xx_hal_gpio.c ****         /* Clear Rising Falling edge configuration */
 341:Drivers/STM32H7xx_HAL_Driver/Src/stm32h7xx_hal_gpio.c ****         EXTI->RTSR1 &= ~(iocurrent);
 512              		.loc 1 341 0
 513 00c0 4FF0B044 		mov	r4, #1476395008
 514 00c4 2568     		ldr	r5, [r4]
 515 00c6 3D40     		ands	r5, r5, r7
 516 00c8 2560     		str	r5, [r4]
ARM GAS  C:\Users\xiaofei\AppData\Local\Temp\ccxTFOji.s 			page 16


 342:Drivers/STM32H7xx_HAL_Driver/Src/stm32h7xx_hal_gpio.c ****         EXTI->FTSR1 &= ~(iocurrent);
 517              		.loc 1 342 0
 518 00ca 6568     		ldr	r5, [r4, #4]
 519 00cc 2F40     		ands	r7, r7, r5
 520              	.LVL54:
 521 00ce 6760     		str	r7, [r4, #4]
 522              	.LVL55:
 343:Drivers/STM32H7xx_HAL_Driver/Src/stm32h7xx_hal_gpio.c **** 
 344:Drivers/STM32H7xx_HAL_Driver/Src/stm32h7xx_hal_gpio.c ****         tmp = 0x0FUL << (4U * (position & 0x03U));
 345:Drivers/STM32H7xx_HAL_Driver/Src/stm32h7xx_hal_gpio.c ****         SYSCFG->EXTICR[position >> 2U] &= ~tmp;
 523              		.loc 1 345 0
 524 00d0 184D     		ldr	r5, .L43
 525 00d2 0EF10204 		add	r4, lr, #2
 526 00d6 55F82460 		ldr	r6, [r5, r4, lsl #2]
 527 00da 26EA0C06 		bic	r6, r6, ip
 528 00de 45F82460 		str	r6, [r5, r4, lsl #2]
 529              	.LVL56:
 530              	.L30:
 346:Drivers/STM32H7xx_HAL_Driver/Src/stm32h7xx_hal_gpio.c ****       }
 347:Drivers/STM32H7xx_HAL_Driver/Src/stm32h7xx_hal_gpio.c **** 
 348:Drivers/STM32H7xx_HAL_Driver/Src/stm32h7xx_hal_gpio.c ****       /*------------------------- GPIO Mode Configuration --------------------*/
 349:Drivers/STM32H7xx_HAL_Driver/Src/stm32h7xx_hal_gpio.c ****       /* Configure IO in Analog Mode */
 350:Drivers/STM32H7xx_HAL_Driver/Src/stm32h7xx_hal_gpio.c ****       GPIOx->MODER |= (GPIO_MODER_MODE0 << (position * 2U));
 531              		.loc 1 350 0
 532 00e2 0568     		ldr	r5, [r0]
 533 00e4 5C00     		lsls	r4, r3, #1
 534 00e6 0326     		movs	r6, #3
 535 00e8 06FA04F4 		lsl	r4, r6, r4
 536 00ec 2543     		orrs	r5, r5, r4
 537 00ee 0560     		str	r5, [r0]
 351:Drivers/STM32H7xx_HAL_Driver/Src/stm32h7xx_hal_gpio.c **** 
 352:Drivers/STM32H7xx_HAL_Driver/Src/stm32h7xx_hal_gpio.c ****       /* Configure the default Alternate Function in current IO */
 353:Drivers/STM32H7xx_HAL_Driver/Src/stm32h7xx_hal_gpio.c ****       GPIOx->AFR[position >> 3U] &= ~(0xFU << ((position & 0x07U) * 4U)) ;
 538              		.loc 1 353 0
 539 00f0 23FA06F5 		lsr	r5, r3, r6
 540 00f4 0835     		adds	r5, r5, #8
 541 00f6 50F82570 		ldr	r7, [r0, r5, lsl #2]
 542 00fa 03F00706 		and	r6, r3, #7
 543 00fe 4FEA860E 		lsl	lr, r6, #2
 544 0102 0F26     		movs	r6, #15
 545 0104 06FA0EF6 		lsl	r6, r6, lr
 546 0108 27EA0606 		bic	r6, r7, r6
 547 010c 40F82560 		str	r6, [r0, r5, lsl #2]
 354:Drivers/STM32H7xx_HAL_Driver/Src/stm32h7xx_hal_gpio.c **** 
 355:Drivers/STM32H7xx_HAL_Driver/Src/stm32h7xx_hal_gpio.c ****       /* Deactivate the Pull-up and Pull-down resistor for the current IO */
 356:Drivers/STM32H7xx_HAL_Driver/Src/stm32h7xx_hal_gpio.c ****       GPIOx->PUPDR &= ~(GPIO_PUPDR_PUPD0 << (position * 2U));
 548              		.loc 1 356 0
 549 0110 C568     		ldr	r5, [r0, #12]
 550 0112 E443     		mvns	r4, r4
 551 0114 2540     		ands	r5, r5, r4
 552 0116 C560     		str	r5, [r0, #12]
 357:Drivers/STM32H7xx_HAL_Driver/Src/stm32h7xx_hal_gpio.c **** 
 358:Drivers/STM32H7xx_HAL_Driver/Src/stm32h7xx_hal_gpio.c ****       /* Configure the default value IO Output Type */
 359:Drivers/STM32H7xx_HAL_Driver/Src/stm32h7xx_hal_gpio.c ****       GPIOx->OTYPER  &= ~(GPIO_OTYPER_OT0 << position) ;
 553              		.loc 1 359 0
 554 0118 4568     		ldr	r5, [r0, #4]
 555 011a 25EA0202 		bic	r2, r5, r2
ARM GAS  C:\Users\xiaofei\AppData\Local\Temp\ccxTFOji.s 			page 17


 556              	.LVL57:
 557 011e 4260     		str	r2, [r0, #4]
 360:Drivers/STM32H7xx_HAL_Driver/Src/stm32h7xx_hal_gpio.c **** 
 361:Drivers/STM32H7xx_HAL_Driver/Src/stm32h7xx_hal_gpio.c ****       /* Configure the default value for IO Speed */
 362:Drivers/STM32H7xx_HAL_Driver/Src/stm32h7xx_hal_gpio.c ****       GPIOx->OSPEEDR &= ~(GPIO_OSPEEDR_OSPEED0 << (position * 2U));
 558              		.loc 1 362 0
 559 0120 8268     		ldr	r2, [r0, #8]
 560 0122 1440     		ands	r4, r4, r2
 561 0124 8460     		str	r4, [r0, #8]
 562              	.L28:
 363:Drivers/STM32H7xx_HAL_Driver/Src/stm32h7xx_hal_gpio.c ****     }
 364:Drivers/STM32H7xx_HAL_Driver/Src/stm32h7xx_hal_gpio.c **** 
 365:Drivers/STM32H7xx_HAL_Driver/Src/stm32h7xx_hal_gpio.c ****     position++;
 563              		.loc 1 365 0
 564 0126 0133     		adds	r3, r3, #1
 565              	.LVL58:
 566              	.L27:
 323:Drivers/STM32H7xx_HAL_Driver/Src/stm32h7xx_hal_gpio.c ****   {
 567              		.loc 1 323 0
 568 0128 31FA03F2 		lsrs	r2, r1, r3
 569 012c 7FF46BAF 		bne	.L31
 366:Drivers/STM32H7xx_HAL_Driver/Src/stm32h7xx_hal_gpio.c ****   }
 367:Drivers/STM32H7xx_HAL_Driver/Src/stm32h7xx_hal_gpio.c **** }
 570              		.loc 1 367 0
 571 0130 F0BD     		pop	{r4, r5, r6, r7, pc}
 572              	.L44:
 573 0132 00BF     		.align	2
 574              	.L43:
 575 0134 00040058 		.word	1476396032
 576 0138 00000258 		.word	1476526080
 577 013c 80000058 		.word	1476395136
 578              		.cfi_endproc
 579              	.LFE142:
 581              		.section	.text.HAL_GPIO_ReadPin,"ax",%progbits
 582              		.align	2
 583              		.global	HAL_GPIO_ReadPin
 584              		.thumb
 585              		.thumb_func
 587              	HAL_GPIO_ReadPin:
 588              	.LFB143:
 368:Drivers/STM32H7xx_HAL_Driver/Src/stm32h7xx_hal_gpio.c **** 
 369:Drivers/STM32H7xx_HAL_Driver/Src/stm32h7xx_hal_gpio.c **** /**
 370:Drivers/STM32H7xx_HAL_Driver/Src/stm32h7xx_hal_gpio.c ****   * @}
 371:Drivers/STM32H7xx_HAL_Driver/Src/stm32h7xx_hal_gpio.c ****   */
 372:Drivers/STM32H7xx_HAL_Driver/Src/stm32h7xx_hal_gpio.c **** 
 373:Drivers/STM32H7xx_HAL_Driver/Src/stm32h7xx_hal_gpio.c **** /** @defgroup GPIO_Exported_Functions_Group2 IO operation functions
 374:Drivers/STM32H7xx_HAL_Driver/Src/stm32h7xx_hal_gpio.c ****  *  @brief GPIO Read, Write, Toggle, Lock and EXTI management functions.
 375:Drivers/STM32H7xx_HAL_Driver/Src/stm32h7xx_hal_gpio.c ****  *
 376:Drivers/STM32H7xx_HAL_Driver/Src/stm32h7xx_hal_gpio.c **** @verbatim
 377:Drivers/STM32H7xx_HAL_Driver/Src/stm32h7xx_hal_gpio.c ****  ===============================================================================
 378:Drivers/STM32H7xx_HAL_Driver/Src/stm32h7xx_hal_gpio.c ****                        ##### IO operation functions #####
 379:Drivers/STM32H7xx_HAL_Driver/Src/stm32h7xx_hal_gpio.c ****  ===============================================================================
 380:Drivers/STM32H7xx_HAL_Driver/Src/stm32h7xx_hal_gpio.c **** 
 381:Drivers/STM32H7xx_HAL_Driver/Src/stm32h7xx_hal_gpio.c **** @endverbatim
 382:Drivers/STM32H7xx_HAL_Driver/Src/stm32h7xx_hal_gpio.c ****   * @{
 383:Drivers/STM32H7xx_HAL_Driver/Src/stm32h7xx_hal_gpio.c ****   */
 384:Drivers/STM32H7xx_HAL_Driver/Src/stm32h7xx_hal_gpio.c **** 
ARM GAS  C:\Users\xiaofei\AppData\Local\Temp\ccxTFOji.s 			page 18


 385:Drivers/STM32H7xx_HAL_Driver/Src/stm32h7xx_hal_gpio.c **** /**
 386:Drivers/STM32H7xx_HAL_Driver/Src/stm32h7xx_hal_gpio.c ****   * @brief  Reads the specified input port pin.
 387:Drivers/STM32H7xx_HAL_Driver/Src/stm32h7xx_hal_gpio.c ****   * @param  GPIOx: where x can be (A..K) to select the GPIO peripheral.
 388:Drivers/STM32H7xx_HAL_Driver/Src/stm32h7xx_hal_gpio.c ****   * @param  GPIO_Pin: specifies the port bit to read.
 389:Drivers/STM32H7xx_HAL_Driver/Src/stm32h7xx_hal_gpio.c ****   *         This parameter can be GPIO_PIN_x where x can be (0..15).
 390:Drivers/STM32H7xx_HAL_Driver/Src/stm32h7xx_hal_gpio.c ****   * @retval The input port pin value.
 391:Drivers/STM32H7xx_HAL_Driver/Src/stm32h7xx_hal_gpio.c ****   */
 392:Drivers/STM32H7xx_HAL_Driver/Src/stm32h7xx_hal_gpio.c **** GPIO_PinState HAL_GPIO_ReadPin(GPIO_TypeDef *GPIOx, uint16_t GPIO_Pin)
 393:Drivers/STM32H7xx_HAL_Driver/Src/stm32h7xx_hal_gpio.c **** {
 589              		.loc 1 393 0
 590              		.cfi_startproc
 591              		@ args = 0, pretend = 0, frame = 0
 592              		@ frame_needed = 0, uses_anonymous_args = 0
 593              		@ link register save eliminated.
 594              	.LVL59:
 394:Drivers/STM32H7xx_HAL_Driver/Src/stm32h7xx_hal_gpio.c ****   GPIO_PinState bitstatus;
 395:Drivers/STM32H7xx_HAL_Driver/Src/stm32h7xx_hal_gpio.c **** 
 396:Drivers/STM32H7xx_HAL_Driver/Src/stm32h7xx_hal_gpio.c ****   /* Check the parameters */
 397:Drivers/STM32H7xx_HAL_Driver/Src/stm32h7xx_hal_gpio.c ****   assert_param(IS_GPIO_PIN(GPIO_Pin));
 398:Drivers/STM32H7xx_HAL_Driver/Src/stm32h7xx_hal_gpio.c **** 
 399:Drivers/STM32H7xx_HAL_Driver/Src/stm32h7xx_hal_gpio.c ****   if ((GPIOx->IDR & GPIO_Pin) != 0x00U)
 595              		.loc 1 399 0
 596 0000 0369     		ldr	r3, [r0, #16]
 597 0002 1942     		tst	r1, r3
 598 0004 01D0     		beq	.L47
 400:Drivers/STM32H7xx_HAL_Driver/Src/stm32h7xx_hal_gpio.c ****   {
 401:Drivers/STM32H7xx_HAL_Driver/Src/stm32h7xx_hal_gpio.c ****     bitstatus = GPIO_PIN_SET;
 599              		.loc 1 401 0
 600 0006 0120     		movs	r0, #1
 601              	.LVL60:
 602 0008 7047     		bx	lr
 603              	.LVL61:
 604              	.L47:
 402:Drivers/STM32H7xx_HAL_Driver/Src/stm32h7xx_hal_gpio.c ****   }
 403:Drivers/STM32H7xx_HAL_Driver/Src/stm32h7xx_hal_gpio.c ****   else
 404:Drivers/STM32H7xx_HAL_Driver/Src/stm32h7xx_hal_gpio.c ****   {
 405:Drivers/STM32H7xx_HAL_Driver/Src/stm32h7xx_hal_gpio.c ****     bitstatus = GPIO_PIN_RESET;
 605              		.loc 1 405 0
 606 000a 0020     		movs	r0, #0
 607              	.LVL62:
 406:Drivers/STM32H7xx_HAL_Driver/Src/stm32h7xx_hal_gpio.c ****   }
 407:Drivers/STM32H7xx_HAL_Driver/Src/stm32h7xx_hal_gpio.c ****   return bitstatus;
 408:Drivers/STM32H7xx_HAL_Driver/Src/stm32h7xx_hal_gpio.c **** }
 608              		.loc 1 408 0
 609 000c 7047     		bx	lr
 610              		.cfi_endproc
 611              	.LFE143:
 613 000e 00BF     		.section	.text.HAL_GPIO_WritePin,"ax",%progbits
 614              		.align	2
 615              		.global	HAL_GPIO_WritePin
 616              		.thumb
 617              		.thumb_func
 619              	HAL_GPIO_WritePin:
 620              	.LFB144:
 409:Drivers/STM32H7xx_HAL_Driver/Src/stm32h7xx_hal_gpio.c **** 
 410:Drivers/STM32H7xx_HAL_Driver/Src/stm32h7xx_hal_gpio.c **** /**
 411:Drivers/STM32H7xx_HAL_Driver/Src/stm32h7xx_hal_gpio.c ****   * @brief  Sets or clears the selected data port bit.
ARM GAS  C:\Users\xiaofei\AppData\Local\Temp\ccxTFOji.s 			page 19


 412:Drivers/STM32H7xx_HAL_Driver/Src/stm32h7xx_hal_gpio.c ****   *
 413:Drivers/STM32H7xx_HAL_Driver/Src/stm32h7xx_hal_gpio.c ****   * @note   This function uses GPIOx_BSRR register to allow atomic read/modify
 414:Drivers/STM32H7xx_HAL_Driver/Src/stm32h7xx_hal_gpio.c ****   *         accesses. In this way, there is no risk of an IRQ occurring between
 415:Drivers/STM32H7xx_HAL_Driver/Src/stm32h7xx_hal_gpio.c ****   *         the read and the modify access.
 416:Drivers/STM32H7xx_HAL_Driver/Src/stm32h7xx_hal_gpio.c ****   *
 417:Drivers/STM32H7xx_HAL_Driver/Src/stm32h7xx_hal_gpio.c ****   * @param  GPIOx: where x can be (A..K) to select the GPIO peripheral.
 418:Drivers/STM32H7xx_HAL_Driver/Src/stm32h7xx_hal_gpio.c ****   * @param  GPIO_Pin: specifies the port bit to be written.
 419:Drivers/STM32H7xx_HAL_Driver/Src/stm32h7xx_hal_gpio.c ****   *          This parameter can be one of GPIO_PIN_x where x can be (0..15).
 420:Drivers/STM32H7xx_HAL_Driver/Src/stm32h7xx_hal_gpio.c ****   * @param  PinState: specifies the value to be written to the selected bit.
 421:Drivers/STM32H7xx_HAL_Driver/Src/stm32h7xx_hal_gpio.c ****   *          This parameter can be one of the GPIO_PinState enum values:
 422:Drivers/STM32H7xx_HAL_Driver/Src/stm32h7xx_hal_gpio.c ****   *            @arg GPIO_PIN_RESET: to clear the port pin
 423:Drivers/STM32H7xx_HAL_Driver/Src/stm32h7xx_hal_gpio.c ****   *            @arg GPIO_PIN_SET: to set the port pin
 424:Drivers/STM32H7xx_HAL_Driver/Src/stm32h7xx_hal_gpio.c ****   * @retval None
 425:Drivers/STM32H7xx_HAL_Driver/Src/stm32h7xx_hal_gpio.c ****   */
 426:Drivers/STM32H7xx_HAL_Driver/Src/stm32h7xx_hal_gpio.c **** void HAL_GPIO_WritePin(GPIO_TypeDef *GPIOx, uint16_t GPIO_Pin, GPIO_PinState PinState)
 427:Drivers/STM32H7xx_HAL_Driver/Src/stm32h7xx_hal_gpio.c **** {
 621              		.loc 1 427 0
 622              		.cfi_startproc
 623              		@ args = 0, pretend = 0, frame = 0
 624              		@ frame_needed = 0, uses_anonymous_args = 0
 625              		@ link register save eliminated.
 626              	.LVL63:
 428:Drivers/STM32H7xx_HAL_Driver/Src/stm32h7xx_hal_gpio.c ****   /* Check the parameters */
 429:Drivers/STM32H7xx_HAL_Driver/Src/stm32h7xx_hal_gpio.c ****   assert_param(IS_GPIO_PIN(GPIO_Pin));
 430:Drivers/STM32H7xx_HAL_Driver/Src/stm32h7xx_hal_gpio.c ****   assert_param(IS_GPIO_PIN_ACTION(PinState));
 431:Drivers/STM32H7xx_HAL_Driver/Src/stm32h7xx_hal_gpio.c **** 
 432:Drivers/STM32H7xx_HAL_Driver/Src/stm32h7xx_hal_gpio.c ****   if (PinState != GPIO_PIN_RESET)
 627              		.loc 1 432 0
 628 0000 0AB1     		cbz	r2, .L49
 433:Drivers/STM32H7xx_HAL_Driver/Src/stm32h7xx_hal_gpio.c ****   {
 434:Drivers/STM32H7xx_HAL_Driver/Src/stm32h7xx_hal_gpio.c ****     GPIOx->BSRR = GPIO_Pin;
 629              		.loc 1 434 0
 630 0002 8161     		str	r1, [r0, #24]
 631 0004 7047     		bx	lr
 632              	.L49:
 435:Drivers/STM32H7xx_HAL_Driver/Src/stm32h7xx_hal_gpio.c ****   }
 436:Drivers/STM32H7xx_HAL_Driver/Src/stm32h7xx_hal_gpio.c ****   else
 437:Drivers/STM32H7xx_HAL_Driver/Src/stm32h7xx_hal_gpio.c ****   {
 438:Drivers/STM32H7xx_HAL_Driver/Src/stm32h7xx_hal_gpio.c ****     GPIOx->BSRR = (uint32_t)GPIO_Pin << GPIO_NUMBER;
 633              		.loc 1 438 0
 634 0006 0904     		lsls	r1, r1, #16
 635              	.LVL64:
 636 0008 8161     		str	r1, [r0, #24]
 637 000a 7047     		bx	lr
 638              		.cfi_endproc
 639              	.LFE144:
 641              		.section	.text.HAL_GPIO_TogglePin,"ax",%progbits
 642              		.align	2
 643              		.global	HAL_GPIO_TogglePin
 644              		.thumb
 645              		.thumb_func
 647              	HAL_GPIO_TogglePin:
 648              	.LFB145:
 439:Drivers/STM32H7xx_HAL_Driver/Src/stm32h7xx_hal_gpio.c ****   }
 440:Drivers/STM32H7xx_HAL_Driver/Src/stm32h7xx_hal_gpio.c **** }
 441:Drivers/STM32H7xx_HAL_Driver/Src/stm32h7xx_hal_gpio.c **** 
 442:Drivers/STM32H7xx_HAL_Driver/Src/stm32h7xx_hal_gpio.c **** /**
ARM GAS  C:\Users\xiaofei\AppData\Local\Temp\ccxTFOji.s 			page 20


 443:Drivers/STM32H7xx_HAL_Driver/Src/stm32h7xx_hal_gpio.c ****   * @brief  Toggles the specified GPIO pins.
 444:Drivers/STM32H7xx_HAL_Driver/Src/stm32h7xx_hal_gpio.c ****   * @param  GPIOx: Where x can be (A..K) to select the GPIO peripheral.
 445:Drivers/STM32H7xx_HAL_Driver/Src/stm32h7xx_hal_gpio.c ****   * @param  GPIO_Pin: Specifies the pins to be toggled.
 446:Drivers/STM32H7xx_HAL_Driver/Src/stm32h7xx_hal_gpio.c ****   * @retval None
 447:Drivers/STM32H7xx_HAL_Driver/Src/stm32h7xx_hal_gpio.c ****   */
 448:Drivers/STM32H7xx_HAL_Driver/Src/stm32h7xx_hal_gpio.c **** void HAL_GPIO_TogglePin(GPIO_TypeDef *GPIOx, uint16_t GPIO_Pin)
 449:Drivers/STM32H7xx_HAL_Driver/Src/stm32h7xx_hal_gpio.c **** {
 649              		.loc 1 449 0
 650              		.cfi_startproc
 651              		@ args = 0, pretend = 0, frame = 0
 652              		@ frame_needed = 0, uses_anonymous_args = 0
 653              		@ link register save eliminated.
 654              	.LVL65:
 450:Drivers/STM32H7xx_HAL_Driver/Src/stm32h7xx_hal_gpio.c ****   /* Check the parameters */
 451:Drivers/STM32H7xx_HAL_Driver/Src/stm32h7xx_hal_gpio.c ****   assert_param(IS_GPIO_PIN(GPIO_Pin));
 452:Drivers/STM32H7xx_HAL_Driver/Src/stm32h7xx_hal_gpio.c **** 
 453:Drivers/STM32H7xx_HAL_Driver/Src/stm32h7xx_hal_gpio.c ****   if ((GPIOx->ODR & GPIO_Pin) == GPIO_Pin)
 655              		.loc 1 453 0
 656 0000 4369     		ldr	r3, [r0, #20]
 657 0002 31EA0303 		bics	r3, r1, r3
 658 0006 02D1     		bne	.L52
 454:Drivers/STM32H7xx_HAL_Driver/Src/stm32h7xx_hal_gpio.c ****   {
 455:Drivers/STM32H7xx_HAL_Driver/Src/stm32h7xx_hal_gpio.c ****     GPIOx->BSRR = (uint32_t)GPIO_Pin << GPIO_NUMBER;
 659              		.loc 1 455 0
 660 0008 0904     		lsls	r1, r1, #16
 661              	.LVL66:
 662 000a 8161     		str	r1, [r0, #24]
 663 000c 7047     		bx	lr
 664              	.LVL67:
 665              	.L52:
 456:Drivers/STM32H7xx_HAL_Driver/Src/stm32h7xx_hal_gpio.c ****   }
 457:Drivers/STM32H7xx_HAL_Driver/Src/stm32h7xx_hal_gpio.c ****   else
 458:Drivers/STM32H7xx_HAL_Driver/Src/stm32h7xx_hal_gpio.c ****   {
 459:Drivers/STM32H7xx_HAL_Driver/Src/stm32h7xx_hal_gpio.c ****     GPIOx->BSRR = GPIO_Pin;
 666              		.loc 1 459 0
 667 000e 8161     		str	r1, [r0, #24]
 668 0010 7047     		bx	lr
 669              		.cfi_endproc
 670              	.LFE145:
 672 0012 00BF     		.section	.text.HAL_GPIO_LockPin,"ax",%progbits
 673              		.align	2
 674              		.global	HAL_GPIO_LockPin
 675              		.thumb
 676              		.thumb_func
 678              	HAL_GPIO_LockPin:
 679              	.LFB146:
 460:Drivers/STM32H7xx_HAL_Driver/Src/stm32h7xx_hal_gpio.c ****   }
 461:Drivers/STM32H7xx_HAL_Driver/Src/stm32h7xx_hal_gpio.c **** }
 462:Drivers/STM32H7xx_HAL_Driver/Src/stm32h7xx_hal_gpio.c **** 
 463:Drivers/STM32H7xx_HAL_Driver/Src/stm32h7xx_hal_gpio.c **** /**
 464:Drivers/STM32H7xx_HAL_Driver/Src/stm32h7xx_hal_gpio.c ****   * @brief  Locks GPIO Pins configuration registers.
 465:Drivers/STM32H7xx_HAL_Driver/Src/stm32h7xx_hal_gpio.c ****   * @note   The locked registers are GPIOx_MODER, GPIOx_OTYPER, GPIOx_OSPEEDR,
 466:Drivers/STM32H7xx_HAL_Driver/Src/stm32h7xx_hal_gpio.c ****   *         GPIOx_PUPDR, GPIOx_AFRL and GPIOx_AFRH.
 467:Drivers/STM32H7xx_HAL_Driver/Src/stm32h7xx_hal_gpio.c ****   * @note   The configuration of the locked GPIO pins can no longer be modified
 468:Drivers/STM32H7xx_HAL_Driver/Src/stm32h7xx_hal_gpio.c ****   *         until the next reset.
 469:Drivers/STM32H7xx_HAL_Driver/Src/stm32h7xx_hal_gpio.c ****   * @param  GPIOx: where x can be (A..K) to select the GPIO peripheral for STM32H7 family
 470:Drivers/STM32H7xx_HAL_Driver/Src/stm32h7xx_hal_gpio.c ****   * @param  GPIO_Pin: specifies the port bit to be locked.
ARM GAS  C:\Users\xiaofei\AppData\Local\Temp\ccxTFOji.s 			page 21


 471:Drivers/STM32H7xx_HAL_Driver/Src/stm32h7xx_hal_gpio.c ****   *         This parameter can be any combination of GPIO_PIN_x where x can be (0..15).
 472:Drivers/STM32H7xx_HAL_Driver/Src/stm32h7xx_hal_gpio.c ****   * @retval None
 473:Drivers/STM32H7xx_HAL_Driver/Src/stm32h7xx_hal_gpio.c ****   */
 474:Drivers/STM32H7xx_HAL_Driver/Src/stm32h7xx_hal_gpio.c **** HAL_StatusTypeDef HAL_GPIO_LockPin(GPIO_TypeDef *GPIOx, uint16_t GPIO_Pin)
 475:Drivers/STM32H7xx_HAL_Driver/Src/stm32h7xx_hal_gpio.c **** {
 680              		.loc 1 475 0
 681              		.cfi_startproc
 682              		@ args = 0, pretend = 0, frame = 8
 683              		@ frame_needed = 0, uses_anonymous_args = 0
 684              		@ link register save eliminated.
 685              	.LVL68:
 686 0000 82B0     		sub	sp, sp, #8
 687              	.LCFI4:
 688              		.cfi_def_cfa_offset 8
 476:Drivers/STM32H7xx_HAL_Driver/Src/stm32h7xx_hal_gpio.c ****   __IO uint32_t tmp = GPIO_LCKR_LCKK;
 689              		.loc 1 476 0
 690 0002 4FF48033 		mov	r3, #65536
 691 0006 0193     		str	r3, [sp, #4]
 477:Drivers/STM32H7xx_HAL_Driver/Src/stm32h7xx_hal_gpio.c **** 
 478:Drivers/STM32H7xx_HAL_Driver/Src/stm32h7xx_hal_gpio.c ****   /* Check the parameters */
 479:Drivers/STM32H7xx_HAL_Driver/Src/stm32h7xx_hal_gpio.c ****   assert_param(IS_GPIO_LOCK_INSTANCE(GPIOx));
 480:Drivers/STM32H7xx_HAL_Driver/Src/stm32h7xx_hal_gpio.c ****   assert_param(IS_GPIO_PIN(GPIO_Pin));
 481:Drivers/STM32H7xx_HAL_Driver/Src/stm32h7xx_hal_gpio.c **** 
 482:Drivers/STM32H7xx_HAL_Driver/Src/stm32h7xx_hal_gpio.c ****   /* Apply lock key write sequence */
 483:Drivers/STM32H7xx_HAL_Driver/Src/stm32h7xx_hal_gpio.c ****   tmp |= GPIO_Pin;
 692              		.loc 1 483 0
 693 0008 019B     		ldr	r3, [sp, #4]
 694 000a 0B43     		orrs	r3, r3, r1
 695 000c 0193     		str	r3, [sp, #4]
 484:Drivers/STM32H7xx_HAL_Driver/Src/stm32h7xx_hal_gpio.c ****   /* Set LCKx bit(s): LCKK='1' + LCK[15-0] */
 485:Drivers/STM32H7xx_HAL_Driver/Src/stm32h7xx_hal_gpio.c ****   GPIOx->LCKR = tmp;
 696              		.loc 1 485 0
 697 000e 019B     		ldr	r3, [sp, #4]
 698 0010 C361     		str	r3, [r0, #28]
 486:Drivers/STM32H7xx_HAL_Driver/Src/stm32h7xx_hal_gpio.c ****   /* Reset LCKx bit(s): LCKK='0' + LCK[15-0] */
 487:Drivers/STM32H7xx_HAL_Driver/Src/stm32h7xx_hal_gpio.c ****   GPIOx->LCKR = GPIO_Pin;
 699              		.loc 1 487 0
 700 0012 C161     		str	r1, [r0, #28]
 488:Drivers/STM32H7xx_HAL_Driver/Src/stm32h7xx_hal_gpio.c ****   /* Set LCKx bit(s): LCKK='1' + LCK[15-0] */
 489:Drivers/STM32H7xx_HAL_Driver/Src/stm32h7xx_hal_gpio.c ****   GPIOx->LCKR = tmp;
 701              		.loc 1 489 0
 702 0014 019B     		ldr	r3, [sp, #4]
 703 0016 C361     		str	r3, [r0, #28]
 490:Drivers/STM32H7xx_HAL_Driver/Src/stm32h7xx_hal_gpio.c ****   /* Read LCKK register. This read is mandatory to complete key lock sequence*/
 491:Drivers/STM32H7xx_HAL_Driver/Src/stm32h7xx_hal_gpio.c ****   tmp = GPIOx->LCKR;
 704              		.loc 1 491 0
 705 0018 C369     		ldr	r3, [r0, #28]
 706 001a 0193     		str	r3, [sp, #4]
 492:Drivers/STM32H7xx_HAL_Driver/Src/stm32h7xx_hal_gpio.c **** 
 493:Drivers/STM32H7xx_HAL_Driver/Src/stm32h7xx_hal_gpio.c ****   /* read again in order to confirm lock is active */
 494:Drivers/STM32H7xx_HAL_Driver/Src/stm32h7xx_hal_gpio.c ****   if ((GPIOx->LCKR & GPIO_LCKR_LCKK) != 0x00U)
 707              		.loc 1 494 0
 708 001c C369     		ldr	r3, [r0, #28]
 709 001e 13F4803F 		tst	r3, #65536
 710 0022 01D0     		beq	.L56
 495:Drivers/STM32H7xx_HAL_Driver/Src/stm32h7xx_hal_gpio.c ****   {
 496:Drivers/STM32H7xx_HAL_Driver/Src/stm32h7xx_hal_gpio.c ****     return HAL_OK;
ARM GAS  C:\Users\xiaofei\AppData\Local\Temp\ccxTFOji.s 			page 22


 711              		.loc 1 496 0
 712 0024 0020     		movs	r0, #0
 713              	.LVL69:
 714 0026 00E0     		b	.L55
 715              	.LVL70:
 716              	.L56:
 497:Drivers/STM32H7xx_HAL_Driver/Src/stm32h7xx_hal_gpio.c ****   }
 498:Drivers/STM32H7xx_HAL_Driver/Src/stm32h7xx_hal_gpio.c ****   else
 499:Drivers/STM32H7xx_HAL_Driver/Src/stm32h7xx_hal_gpio.c ****   {
 500:Drivers/STM32H7xx_HAL_Driver/Src/stm32h7xx_hal_gpio.c ****     return HAL_ERROR;
 717              		.loc 1 500 0
 718 0028 0120     		movs	r0, #1
 719              	.LVL71:
 720              	.L55:
 501:Drivers/STM32H7xx_HAL_Driver/Src/stm32h7xx_hal_gpio.c ****   }
 502:Drivers/STM32H7xx_HAL_Driver/Src/stm32h7xx_hal_gpio.c **** }
 721              		.loc 1 502 0
 722 002a 02B0     		add	sp, sp, #8
 723              	.LCFI5:
 724              		.cfi_def_cfa_offset 0
 725              		@ sp needed
 726 002c 7047     		bx	lr
 727              		.cfi_endproc
 728              	.LFE146:
 730 002e 00BF     		.section	.text.HAL_GPIO_EXTI_Callback,"ax",%progbits
 731              		.align	2
 732              		.weak	HAL_GPIO_EXTI_Callback
 733              		.thumb
 734              		.thumb_func
 736              	HAL_GPIO_EXTI_Callback:
 737              	.LFB148:
 503:Drivers/STM32H7xx_HAL_Driver/Src/stm32h7xx_hal_gpio.c **** 
 504:Drivers/STM32H7xx_HAL_Driver/Src/stm32h7xx_hal_gpio.c **** /**
 505:Drivers/STM32H7xx_HAL_Driver/Src/stm32h7xx_hal_gpio.c ****   * @brief  Handle EXTI interrupt request.
 506:Drivers/STM32H7xx_HAL_Driver/Src/stm32h7xx_hal_gpio.c ****   * @param  GPIO_Pin: Specifies the port pin connected to corresponding EXTI line.
 507:Drivers/STM32H7xx_HAL_Driver/Src/stm32h7xx_hal_gpio.c ****   * @retval None
 508:Drivers/STM32H7xx_HAL_Driver/Src/stm32h7xx_hal_gpio.c ****   */
 509:Drivers/STM32H7xx_HAL_Driver/Src/stm32h7xx_hal_gpio.c **** void HAL_GPIO_EXTI_IRQHandler(uint16_t GPIO_Pin)
 510:Drivers/STM32H7xx_HAL_Driver/Src/stm32h7xx_hal_gpio.c **** {
 511:Drivers/STM32H7xx_HAL_Driver/Src/stm32h7xx_hal_gpio.c **** #if defined(DUAL_CORE) && defined(CORE_CM4)
 512:Drivers/STM32H7xx_HAL_Driver/Src/stm32h7xx_hal_gpio.c ****   if (__HAL_GPIO_EXTID2_GET_IT(GPIO_Pin) != 0x00U)
 513:Drivers/STM32H7xx_HAL_Driver/Src/stm32h7xx_hal_gpio.c ****   {
 514:Drivers/STM32H7xx_HAL_Driver/Src/stm32h7xx_hal_gpio.c ****     __HAL_GPIO_EXTID2_CLEAR_IT(GPIO_Pin);
 515:Drivers/STM32H7xx_HAL_Driver/Src/stm32h7xx_hal_gpio.c ****     HAL_GPIO_EXTI_Callback(GPIO_Pin);
 516:Drivers/STM32H7xx_HAL_Driver/Src/stm32h7xx_hal_gpio.c ****   }
 517:Drivers/STM32H7xx_HAL_Driver/Src/stm32h7xx_hal_gpio.c **** #else
 518:Drivers/STM32H7xx_HAL_Driver/Src/stm32h7xx_hal_gpio.c ****   /* EXTI line interrupt detected */
 519:Drivers/STM32H7xx_HAL_Driver/Src/stm32h7xx_hal_gpio.c ****   if (__HAL_GPIO_EXTI_GET_IT(GPIO_Pin) != 0x00U)
 520:Drivers/STM32H7xx_HAL_Driver/Src/stm32h7xx_hal_gpio.c ****   {
 521:Drivers/STM32H7xx_HAL_Driver/Src/stm32h7xx_hal_gpio.c ****     __HAL_GPIO_EXTI_CLEAR_IT(GPIO_Pin);
 522:Drivers/STM32H7xx_HAL_Driver/Src/stm32h7xx_hal_gpio.c ****     HAL_GPIO_EXTI_Callback(GPIO_Pin);
 523:Drivers/STM32H7xx_HAL_Driver/Src/stm32h7xx_hal_gpio.c ****   }
 524:Drivers/STM32H7xx_HAL_Driver/Src/stm32h7xx_hal_gpio.c **** #endif
 525:Drivers/STM32H7xx_HAL_Driver/Src/stm32h7xx_hal_gpio.c **** }
 526:Drivers/STM32H7xx_HAL_Driver/Src/stm32h7xx_hal_gpio.c **** 
 527:Drivers/STM32H7xx_HAL_Driver/Src/stm32h7xx_hal_gpio.c **** /**
 528:Drivers/STM32H7xx_HAL_Driver/Src/stm32h7xx_hal_gpio.c ****   * @brief  EXTI line detection callback.
ARM GAS  C:\Users\xiaofei\AppData\Local\Temp\ccxTFOji.s 			page 23


 529:Drivers/STM32H7xx_HAL_Driver/Src/stm32h7xx_hal_gpio.c ****   * @param  GPIO_Pin: Specifies the port pin connected to corresponding EXTI line.
 530:Drivers/STM32H7xx_HAL_Driver/Src/stm32h7xx_hal_gpio.c ****   * @retval None
 531:Drivers/STM32H7xx_HAL_Driver/Src/stm32h7xx_hal_gpio.c ****   */
 532:Drivers/STM32H7xx_HAL_Driver/Src/stm32h7xx_hal_gpio.c **** __weak void HAL_GPIO_EXTI_Callback(uint16_t GPIO_Pin)
 533:Drivers/STM32H7xx_HAL_Driver/Src/stm32h7xx_hal_gpio.c **** {
 738              		.loc 1 533 0
 739              		.cfi_startproc
 740              		@ args = 0, pretend = 0, frame = 0
 741              		@ frame_needed = 0, uses_anonymous_args = 0
 742              		@ link register save eliminated.
 743              	.LVL72:
 744 0000 7047     		bx	lr
 745              		.cfi_endproc
 746              	.LFE148:
 748 0002 00BF     		.section	.text.HAL_GPIO_EXTI_IRQHandler,"ax",%progbits
 749              		.align	2
 750              		.global	HAL_GPIO_EXTI_IRQHandler
 751              		.thumb
 752              		.thumb_func
 754              	HAL_GPIO_EXTI_IRQHandler:
 755              	.LFB147:
 510:Drivers/STM32H7xx_HAL_Driver/Src/stm32h7xx_hal_gpio.c **** #if defined(DUAL_CORE) && defined(CORE_CM4)
 756              		.loc 1 510 0
 757              		.cfi_startproc
 758              		@ args = 0, pretend = 0, frame = 0
 759              		@ frame_needed = 0, uses_anonymous_args = 0
 760              	.LVL73:
 510:Drivers/STM32H7xx_HAL_Driver/Src/stm32h7xx_hal_gpio.c **** #if defined(DUAL_CORE) && defined(CORE_CM4)
 761              		.loc 1 510 0
 762 0000 08B5     		push	{r3, lr}
 763              	.LCFI6:
 764              		.cfi_def_cfa_offset 8
 765              		.cfi_offset 3, -8
 766              		.cfi_offset 14, -4
 519:Drivers/STM32H7xx_HAL_Driver/Src/stm32h7xx_hal_gpio.c ****   {
 767              		.loc 1 519 0
 768 0002 4FF0B043 		mov	r3, #1476395008
 769 0006 D3F88830 		ldr	r3, [r3, #136]
 770 000a 0342     		tst	r3, r0
 771 000c 05D0     		beq	.L59
 521:Drivers/STM32H7xx_HAL_Driver/Src/stm32h7xx_hal_gpio.c ****     HAL_GPIO_EXTI_Callback(GPIO_Pin);
 772              		.loc 1 521 0
 773 000e 4FF0B043 		mov	r3, #1476395008
 774 0012 C3F88800 		str	r0, [r3, #136]
 522:Drivers/STM32H7xx_HAL_Driver/Src/stm32h7xx_hal_gpio.c ****   }
 775              		.loc 1 522 0
 776 0016 FFF7FEFF 		bl	HAL_GPIO_EXTI_Callback
 777              	.LVL74:
 778              	.L59:
 779 001a 08BD     		pop	{r3, pc}
 780              		.cfi_endproc
 781              	.LFE147:
 783              		.text
 784              	.Letext0:
 785              		.file 2 "d:\\program files (x86)\\gnu tools arm embedded\\5.4 2016q3\\arm-none-eabi\\include\\mach
 786              		.file 3 "d:\\program files (x86)\\gnu tools arm embedded\\5.4 2016q3\\arm-none-eabi\\include\\sys\
 787              		.file 4 "Drivers/CMSIS/Device/ST/STM32H7xx/Include/stm32h750xx.h"
ARM GAS  C:\Users\xiaofei\AppData\Local\Temp\ccxTFOji.s 			page 24


 788              		.file 5 "Drivers/STM32H7xx_HAL_Driver/Inc/stm32h7xx_hal_def.h"
 789              		.file 6 "Drivers/STM32H7xx_HAL_Driver/Inc/stm32h7xx_hal_gpio.h"
 790              		.file 7 "Drivers/CMSIS/Include/core_cm7.h"
ARM GAS  C:\Users\xiaofei\AppData\Local\Temp\ccxTFOji.s 			page 25


DEFINED SYMBOLS
                            *ABS*:00000000 stm32h7xx_hal_gpio.c
C:\Users\xiaofei\AppData\Local\Temp\ccxTFOji.s:21     .text.HAL_GPIO_Init:00000000 $t
C:\Users\xiaofei\AppData\Local\Temp\ccxTFOji.s:26     .text.HAL_GPIO_Init:00000000 HAL_GPIO_Init
C:\Users\xiaofei\AppData\Local\Temp\ccxTFOji.s:367    .text.HAL_GPIO_Init:000001e4 $d
C:\Users\xiaofei\AppData\Local\Temp\ccxTFOji.s:375    .text.HAL_GPIO_DeInit:00000000 $t
C:\Users\xiaofei\AppData\Local\Temp\ccxTFOji.s:380    .text.HAL_GPIO_DeInit:00000000 HAL_GPIO_DeInit
C:\Users\xiaofei\AppData\Local\Temp\ccxTFOji.s:575    .text.HAL_GPIO_DeInit:00000134 $d
C:\Users\xiaofei\AppData\Local\Temp\ccxTFOji.s:582    .text.HAL_GPIO_ReadPin:00000000 $t
C:\Users\xiaofei\AppData\Local\Temp\ccxTFOji.s:587    .text.HAL_GPIO_ReadPin:00000000 HAL_GPIO_ReadPin
C:\Users\xiaofei\AppData\Local\Temp\ccxTFOji.s:614    .text.HAL_GPIO_WritePin:00000000 $t
C:\Users\xiaofei\AppData\Local\Temp\ccxTFOji.s:619    .text.HAL_GPIO_WritePin:00000000 HAL_GPIO_WritePin
C:\Users\xiaofei\AppData\Local\Temp\ccxTFOji.s:642    .text.HAL_GPIO_TogglePin:00000000 $t
C:\Users\xiaofei\AppData\Local\Temp\ccxTFOji.s:647    .text.HAL_GPIO_TogglePin:00000000 HAL_GPIO_TogglePin
C:\Users\xiaofei\AppData\Local\Temp\ccxTFOji.s:673    .text.HAL_GPIO_LockPin:00000000 $t
C:\Users\xiaofei\AppData\Local\Temp\ccxTFOji.s:678    .text.HAL_GPIO_LockPin:00000000 HAL_GPIO_LockPin
C:\Users\xiaofei\AppData\Local\Temp\ccxTFOji.s:731    .text.HAL_GPIO_EXTI_Callback:00000000 $t
C:\Users\xiaofei\AppData\Local\Temp\ccxTFOji.s:736    .text.HAL_GPIO_EXTI_Callback:00000000 HAL_GPIO_EXTI_Callback
C:\Users\xiaofei\AppData\Local\Temp\ccxTFOji.s:749    .text.HAL_GPIO_EXTI_IRQHandler:00000000 $t
C:\Users\xiaofei\AppData\Local\Temp\ccxTFOji.s:754    .text.HAL_GPIO_EXTI_IRQHandler:00000000 HAL_GPIO_EXTI_IRQHandler
                     .debug_frame:00000010 $d

NO UNDEFINED SYMBOLS
