ARM GAS  C:\Users\xiaofei\AppData\Local\Temp\ccx9Kp8w.s 			page 1


   1              		.syntax unified
   2              		.cpu cortex-m7
   3              		.eabi_attribute 28, 1
   4              		.fpu fpv5-d16
   5              		.eabi_attribute 20, 1
   6              		.eabi_attribute 21, 1
   7              		.eabi_attribute 23, 3
   8              		.eabi_attribute 24, 1
   9              		.eabi_attribute 25, 1
  10              		.eabi_attribute 26, 1
  11              		.eabi_attribute 30, 1
  12              		.eabi_attribute 34, 1
  13              		.eabi_attribute 18, 4
  14              		.thumb
  15              		.syntax unified
  16              		.file	"stm32h7xx_hal_i2c_ex.c"
  17              		.section	.text.HAL_I2CEx_ConfigAnalogFilter,"ax",%progbits
  18              		.align	2
  19              		.global	HAL_I2CEx_ConfigAnalogFilter
  20              		.thumb
  21              		.thumb_func
  23              	HAL_I2CEx_ConfigAnalogFilter:
  24              		@ args = 0, pretend = 0, frame = 0
  25              		@ frame_needed = 0, uses_anonymous_args = 0
  26              		@ link register save eliminated.
  27 0000 90F84130 		ldrb	r3, [r0, #65]	@ zero_extendqisi2
  28 0004 DBB2     		uxtb	r3, r3
  29 0006 202B     		cmp	r3, #32
  30 0008 24D1     		bne	.L3
  31 000a 90F84030 		ldrb	r3, [r0, #64]	@ zero_extendqisi2
  32 000e 012B     		cmp	r3, #1
  33 0010 22D0     		beq	.L4
  34 0012 0123     		movs	r3, #1
  35 0014 80F84030 		strb	r3, [r0, #64]
  36 0018 2423     		movs	r3, #36
  37 001a 80F84130 		strb	r3, [r0, #65]
  38 001e 0268     		ldr	r2, [r0]
  39 0020 1368     		ldr	r3, [r2]
  40 0022 23F00103 		bic	r3, r3, #1
  41 0026 1360     		str	r3, [r2]
  42 0028 0268     		ldr	r2, [r0]
  43 002a 1368     		ldr	r3, [r2]
  44 002c 23F48053 		bic	r3, r3, #4096
  45 0030 1360     		str	r3, [r2]
  46 0032 0368     		ldr	r3, [r0]
  47 0034 1A68     		ldr	r2, [r3]
  48 0036 1143     		orrs	r1, r1, r2
  49 0038 1960     		str	r1, [r3]
  50 003a 0268     		ldr	r2, [r0]
  51 003c 1368     		ldr	r3, [r2]
  52 003e 43F00103 		orr	r3, r3, #1
  53 0042 1360     		str	r3, [r2]
  54 0044 2023     		movs	r3, #32
  55 0046 80F84130 		strb	r3, [r0, #65]
  56 004a 0023     		movs	r3, #0
  57 004c 80F84030 		strb	r3, [r0, #64]
  58 0050 1846     		mov	r0, r3
ARM GAS  C:\Users\xiaofei\AppData\Local\Temp\ccx9Kp8w.s 			page 2


  59 0052 7047     		bx	lr
  60              	.L3:
  61 0054 0220     		movs	r0, #2
  62 0056 7047     		bx	lr
  63              	.L4:
  64 0058 0220     		movs	r0, #2
  65 005a 7047     		bx	lr
  67              		.section	.text.HAL_I2CEx_ConfigDigitalFilter,"ax",%progbits
  68              		.align	2
  69              		.global	HAL_I2CEx_ConfigDigitalFilter
  70              		.thumb
  71              		.thumb_func
  73              	HAL_I2CEx_ConfigDigitalFilter:
  74              		@ args = 0, pretend = 0, frame = 0
  75              		@ frame_needed = 0, uses_anonymous_args = 0
  76              		@ link register save eliminated.
  77 0000 90F84130 		ldrb	r3, [r0, #65]	@ zero_extendqisi2
  78 0004 DBB2     		uxtb	r3, r3
  79 0006 202B     		cmp	r3, #32
  80 0008 22D1     		bne	.L7
  81 000a 90F84030 		ldrb	r3, [r0, #64]	@ zero_extendqisi2
  82 000e 012B     		cmp	r3, #1
  83 0010 20D0     		beq	.L8
  84 0012 0123     		movs	r3, #1
  85 0014 80F84030 		strb	r3, [r0, #64]
  86 0018 2423     		movs	r3, #36
  87 001a 80F84130 		strb	r3, [r0, #65]
  88 001e 0268     		ldr	r2, [r0]
  89 0020 1368     		ldr	r3, [r2]
  90 0022 23F00103 		bic	r3, r3, #1
  91 0026 1360     		str	r3, [r2]
  92 0028 0268     		ldr	r2, [r0]
  93 002a 1368     		ldr	r3, [r2]
  94 002c 23F47063 		bic	r3, r3, #3840
  95 0030 43EA0121 		orr	r1, r3, r1, lsl #8
  96 0034 1160     		str	r1, [r2]
  97 0036 0268     		ldr	r2, [r0]
  98 0038 1368     		ldr	r3, [r2]
  99 003a 43F00103 		orr	r3, r3, #1
 100 003e 1360     		str	r3, [r2]
 101 0040 2023     		movs	r3, #32
 102 0042 80F84130 		strb	r3, [r0, #65]
 103 0046 0023     		movs	r3, #0
 104 0048 80F84030 		strb	r3, [r0, #64]
 105 004c 1846     		mov	r0, r3
 106 004e 7047     		bx	lr
 107              	.L7:
 108 0050 0220     		movs	r0, #2
 109 0052 7047     		bx	lr
 110              	.L8:
 111 0054 0220     		movs	r0, #2
 112 0056 7047     		bx	lr
 114              		.section	.text.HAL_I2CEx_EnableWakeUp,"ax",%progbits
 115              		.align	2
 116              		.global	HAL_I2CEx_EnableWakeUp
 117              		.thumb
 118              		.thumb_func
ARM GAS  C:\Users\xiaofei\AppData\Local\Temp\ccx9Kp8w.s 			page 3


 120              	HAL_I2CEx_EnableWakeUp:
 121              		@ args = 0, pretend = 0, frame = 0
 122              		@ frame_needed = 0, uses_anonymous_args = 0
 123              		@ link register save eliminated.
 124 0000 90F84130 		ldrb	r3, [r0, #65]	@ zero_extendqisi2
 125 0004 DBB2     		uxtb	r3, r3
 126 0006 202B     		cmp	r3, #32
 127 0008 20D1     		bne	.L11
 128 000a 90F84030 		ldrb	r3, [r0, #64]	@ zero_extendqisi2
 129 000e 012B     		cmp	r3, #1
 130 0010 1ED0     		beq	.L12
 131 0012 0123     		movs	r3, #1
 132 0014 80F84030 		strb	r3, [r0, #64]
 133 0018 2423     		movs	r3, #36
 134 001a 80F84130 		strb	r3, [r0, #65]
 135 001e 0268     		ldr	r2, [r0]
 136 0020 1368     		ldr	r3, [r2]
 137 0022 23F00103 		bic	r3, r3, #1
 138 0026 1360     		str	r3, [r2]
 139 0028 0268     		ldr	r2, [r0]
 140 002a 1368     		ldr	r3, [r2]
 141 002c 43F48023 		orr	r3, r3, #262144
 142 0030 1360     		str	r3, [r2]
 143 0032 0268     		ldr	r2, [r0]
 144 0034 1368     		ldr	r3, [r2]
 145 0036 43F00103 		orr	r3, r3, #1
 146 003a 1360     		str	r3, [r2]
 147 003c 2023     		movs	r3, #32
 148 003e 80F84130 		strb	r3, [r0, #65]
 149 0042 0023     		movs	r3, #0
 150 0044 80F84030 		strb	r3, [r0, #64]
 151 0048 1846     		mov	r0, r3
 152 004a 7047     		bx	lr
 153              	.L11:
 154 004c 0220     		movs	r0, #2
 155 004e 7047     		bx	lr
 156              	.L12:
 157 0050 0220     		movs	r0, #2
 158 0052 7047     		bx	lr
 160              		.section	.text.HAL_I2CEx_DisableWakeUp,"ax",%progbits
 161              		.align	2
 162              		.global	HAL_I2CEx_DisableWakeUp
 163              		.thumb
 164              		.thumb_func
 166              	HAL_I2CEx_DisableWakeUp:
 167              		@ args = 0, pretend = 0, frame = 0
 168              		@ frame_needed = 0, uses_anonymous_args = 0
 169              		@ link register save eliminated.
 170 0000 90F84130 		ldrb	r3, [r0, #65]	@ zero_extendqisi2
 171 0004 DBB2     		uxtb	r3, r3
 172 0006 202B     		cmp	r3, #32
 173 0008 20D1     		bne	.L15
 174 000a 90F84030 		ldrb	r3, [r0, #64]	@ zero_extendqisi2
 175 000e 012B     		cmp	r3, #1
 176 0010 1ED0     		beq	.L16
 177 0012 0123     		movs	r3, #1
 178 0014 80F84030 		strb	r3, [r0, #64]
ARM GAS  C:\Users\xiaofei\AppData\Local\Temp\ccx9Kp8w.s 			page 4


 179 0018 2423     		movs	r3, #36
 180 001a 80F84130 		strb	r3, [r0, #65]
 181 001e 0268     		ldr	r2, [r0]
 182 0020 1368     		ldr	r3, [r2]
 183 0022 23F00103 		bic	r3, r3, #1
 184 0026 1360     		str	r3, [r2]
 185 0028 0268     		ldr	r2, [r0]
 186 002a 1368     		ldr	r3, [r2]
 187 002c 23F48023 		bic	r3, r3, #262144
 188 0030 1360     		str	r3, [r2]
 189 0032 0268     		ldr	r2, [r0]
 190 0034 1368     		ldr	r3, [r2]
 191 0036 43F00103 		orr	r3, r3, #1
 192 003a 1360     		str	r3, [r2]
 193 003c 2023     		movs	r3, #32
 194 003e 80F84130 		strb	r3, [r0, #65]
 195 0042 0023     		movs	r3, #0
 196 0044 80F84030 		strb	r3, [r0, #64]
 197 0048 1846     		mov	r0, r3
 198 004a 7047     		bx	lr
 199              	.L15:
 200 004c 0220     		movs	r0, #2
 201 004e 7047     		bx	lr
 202              	.L16:
 203 0050 0220     		movs	r0, #2
 204 0052 7047     		bx	lr
 206              		.section	.text.HAL_I2CEx_EnableFastModePlus,"ax",%progbits
 207              		.align	2
 208              		.global	HAL_I2CEx_EnableFastModePlus
 209              		.thumb
 210              		.thumb_func
 212              	HAL_I2CEx_EnableFastModePlus:
 213              		@ args = 0, pretend = 0, frame = 8
 214              		@ frame_needed = 0, uses_anonymous_args = 0
 215              		@ link register save eliminated.
 216 0000 82B0     		sub	sp, sp, #8
 217 0002 094B     		ldr	r3, .L19
 218 0004 D3F8F420 		ldr	r2, [r3, #244]
 219 0008 42F00202 		orr	r2, r2, #2
 220 000c C3F8F420 		str	r2, [r3, #244]
 221 0010 D3F8F430 		ldr	r3, [r3, #244]
 222 0014 03F00203 		and	r3, r3, #2
 223 0018 0193     		str	r3, [sp, #4]
 224 001a 019B     		ldr	r3, [sp, #4]
 225 001c 034A     		ldr	r2, .L19+4
 226 001e 5368     		ldr	r3, [r2, #4]
 227 0020 1843     		orrs	r0, r0, r3
 228 0022 5060     		str	r0, [r2, #4]
 229 0024 02B0     		add	sp, sp, #8
 230              		@ sp needed
 231 0026 7047     		bx	lr
 232              	.L20:
 233              		.align	2
 234              	.L19:
 235 0028 00440258 		.word	1476543488
 236 002c 00040058 		.word	1476396032
 238              		.section	.text.HAL_I2CEx_DisableFastModePlus,"ax",%progbits
ARM GAS  C:\Users\xiaofei\AppData\Local\Temp\ccx9Kp8w.s 			page 5


 239              		.align	2
 240              		.global	HAL_I2CEx_DisableFastModePlus
 241              		.thumb
 242              		.thumb_func
 244              	HAL_I2CEx_DisableFastModePlus:
 245              		@ args = 0, pretend = 0, frame = 8
 246              		@ frame_needed = 0, uses_anonymous_args = 0
 247              		@ link register save eliminated.
 248 0000 82B0     		sub	sp, sp, #8
 249 0002 0A4B     		ldr	r3, .L23
 250 0004 D3F8F420 		ldr	r2, [r3, #244]
 251 0008 42F00202 		orr	r2, r2, #2
 252 000c C3F8F420 		str	r2, [r3, #244]
 253 0010 D3F8F430 		ldr	r3, [r3, #244]
 254 0014 03F00203 		and	r3, r3, #2
 255 0018 0193     		str	r3, [sp, #4]
 256 001a 019B     		ldr	r3, [sp, #4]
 257 001c 044A     		ldr	r2, .L23+4
 258 001e 5368     		ldr	r3, [r2, #4]
 259 0020 23EA0000 		bic	r0, r3, r0
 260 0024 5060     		str	r0, [r2, #4]
 261 0026 02B0     		add	sp, sp, #8
 262              		@ sp needed
 263 0028 7047     		bx	lr
 264              	.L24:
 265 002a 00BF     		.align	2
 266              	.L23:
 267 002c 00440258 		.word	1476543488
 268 0030 00040058 		.word	1476396032
 270              		.ident	"GCC: (GNU Tools for ARM Embedded Processors) 5.4.1 20160919 (release) [ARM/embedded-5-bran
ARM GAS  C:\Users\xiaofei\AppData\Local\Temp\ccx9Kp8w.s 			page 6


DEFINED SYMBOLS
                            *ABS*:00000000 stm32h7xx_hal_i2c_ex.c
C:\Users\xiaofei\AppData\Local\Temp\ccx9Kp8w.s:18     .text.HAL_I2CEx_ConfigAnalogFilter:00000000 $t
C:\Users\xiaofei\AppData\Local\Temp\ccx9Kp8w.s:23     .text.HAL_I2CEx_ConfigAnalogFilter:00000000 HAL_I2CEx_ConfigAnalogFilter
C:\Users\xiaofei\AppData\Local\Temp\ccx9Kp8w.s:68     .text.HAL_I2CEx_ConfigDigitalFilter:00000000 $t
C:\Users\xiaofei\AppData\Local\Temp\ccx9Kp8w.s:73     .text.HAL_I2CEx_ConfigDigitalFilter:00000000 HAL_I2CEx_ConfigDigitalFilter
C:\Users\xiaofei\AppData\Local\Temp\ccx9Kp8w.s:115    .text.HAL_I2CEx_EnableWakeUp:00000000 $t
C:\Users\xiaofei\AppData\Local\Temp\ccx9Kp8w.s:120    .text.HAL_I2CEx_EnableWakeUp:00000000 HAL_I2CEx_EnableWakeUp
C:\Users\xiaofei\AppData\Local\Temp\ccx9Kp8w.s:161    .text.HAL_I2CEx_DisableWakeUp:00000000 $t
C:\Users\xiaofei\AppData\Local\Temp\ccx9Kp8w.s:166    .text.HAL_I2CEx_DisableWakeUp:00000000 HAL_I2CEx_DisableWakeUp
C:\Users\xiaofei\AppData\Local\Temp\ccx9Kp8w.s:207    .text.HAL_I2CEx_EnableFastModePlus:00000000 $t
C:\Users\xiaofei\AppData\Local\Temp\ccx9Kp8w.s:212    .text.HAL_I2CEx_EnableFastModePlus:00000000 HAL_I2CEx_EnableFastModePlus
C:\Users\xiaofei\AppData\Local\Temp\ccx9Kp8w.s:235    .text.HAL_I2CEx_EnableFastModePlus:00000028 $d
C:\Users\xiaofei\AppData\Local\Temp\ccx9Kp8w.s:239    .text.HAL_I2CEx_DisableFastModePlus:00000000 $t
C:\Users\xiaofei\AppData\Local\Temp\ccx9Kp8w.s:244    .text.HAL_I2CEx_DisableFastModePlus:00000000 HAL_I2CEx_DisableFastModePlus
C:\Users\xiaofei\AppData\Local\Temp\ccx9Kp8w.s:267    .text.HAL_I2CEx_DisableFastModePlus:0000002c $d

NO UNDEFINED SYMBOLS
