ARM GAS  C:\Users\xiaofei\AppData\Local\Temp\ccobnA2y.s 			page 1


   1              		.syntax unified
   2              		.cpu cortex-m7
   3              		.eabi_attribute 28, 1
   4              		.fpu fpv5-d16
   5              		.eabi_attribute 20, 1
   6              		.eabi_attribute 21, 1
   7              		.eabi_attribute 23, 3
   8              		.eabi_attribute 24, 1
   9              		.eabi_attribute 25, 1
  10              		.eabi_attribute 26, 1
  11              		.eabi_attribute 30, 1
  12              		.eabi_attribute 34, 1
  13              		.eabi_attribute 18, 4
  14              		.thumb
  15              		.syntax unified
  16              		.file	"stm32h7xx_hal_flash.c"
  17              		.section	.text.HAL_FLASH_EndOfOperationCallback,"ax",%progbits
  18              		.align	2
  19              		.weak	HAL_FLASH_EndOfOperationCallback
  20              		.thumb
  21              		.thumb_func
  23              	HAL_FLASH_EndOfOperationCallback:
  24              		@ args = 0, pretend = 0, frame = 0
  25              		@ frame_needed = 0, uses_anonymous_args = 0
  26              		@ link register save eliminated.
  27 0000 7047     		bx	lr
  29 0002 00BF     		.section	.text.HAL_FLASH_OperationErrorCallback,"ax",%progbits
  30              		.align	2
  31              		.weak	HAL_FLASH_OperationErrorCallback
  32              		.thumb
  33              		.thumb_func
  35              	HAL_FLASH_OperationErrorCallback:
  36              		@ args = 0, pretend = 0, frame = 0
  37              		@ frame_needed = 0, uses_anonymous_args = 0
  38              		@ link register save eliminated.
  39 0000 7047     		bx	lr
  41 0002 00BF     		.section	.text.HAL_FLASH_IRQHandler,"ax",%progbits
  42              		.align	2
  43              		.global	HAL_FLASH_IRQHandler
  44              		.thumb
  45              		.thumb_func
  47              	HAL_FLASH_IRQHandler:
  48              		@ args = 0, pretend = 0, frame = 0
  49              		@ frame_needed = 0, uses_anonymous_args = 0
  50 0000 10B5     		push	{r4, lr}
  51 0002 3D4B     		ldr	r3, .L15
  52 0004 1B69     		ldr	r3, [r3, #16]
  53 0006 13F4803F 		tst	r3, #65536
  54 000a 45D0     		beq	.L4
  55 000c 3B4B     		ldr	r3, .L15+4
  56 000e 1B78     		ldrb	r3, [r3]	@ zero_extendqisi2
  57 0010 DBB2     		uxtb	r3, r3
  58 0012 012B     		cmp	r3, #1
  59 0014 24D1     		bne	.L5
  60 0016 394B     		ldr	r3, .L15+4
  61 0018 5A68     		ldr	r2, [r3, #4]
  62 001a 013A     		subs	r2, r2, #1
ARM GAS  C:\Users\xiaofei\AppData\Local\Temp\ccobnA2y.s 			page 2


  63 001c 5A60     		str	r2, [r3, #4]
  64 001e 5B68     		ldr	r3, [r3, #4]
  65 0020 83B1     		cbz	r3, .L6
  66 0022 364C     		ldr	r4, .L15+4
  67 0024 E068     		ldr	r0, [r4, #12]
  68 0026 FFF7FEFF 		bl	HAL_FLASH_EndOfOperationCallback
  69 002a 4FF48032 		mov	r2, #65536
  70 002e 324B     		ldr	r3, .L15
  71 0030 5A61     		str	r2, [r3, #20]
  72 0032 E368     		ldr	r3, [r4, #12]
  73 0034 0133     		adds	r3, r3, #1
  74 0036 E360     		str	r3, [r4, #12]
  75 0038 E068     		ldr	r0, [r4, #12]
  76 003a A268     		ldr	r2, [r4, #8]
  77 003c 0121     		movs	r1, #1
  78 003e FFF7FEFF 		bl	FLASH_Erase_Sector
  79 0042 29E0     		b	.L4
  80              	.L6:
  81 0044 2D4B     		ldr	r3, .L15+4
  82 0046 4FF0FF32 		mov	r2, #-1
  83 004a DA60     		str	r2, [r3, #12]
  84 004c 0022     		movs	r2, #0
  85 004e 1A70     		strb	r2, [r3]
  86 0050 D868     		ldr	r0, [r3, #12]
  87 0052 FFF7FEFF 		bl	HAL_FLASH_EndOfOperationCallback
  88 0056 4FF48032 		mov	r2, #65536
  89 005a 274B     		ldr	r3, .L15
  90 005c 5A61     		str	r2, [r3, #20]
  91 005e 1BE0     		b	.L4
  92              	.L5:
  93 0060 264B     		ldr	r3, .L15+4
  94 0062 1C78     		ldrb	r4, [r3]	@ zero_extendqisi2
  95 0064 E4B2     		uxtb	r4, r4
  96 0066 072C     		cmp	r4, #7
  97 0068 18BF     		it	ne
  98 006a 022C     		cmpne	r4, #2
  99 006c 03D1     		bne	.L7
 100 006e 0120     		movs	r0, #1
 101 0070 FFF7FEFF 		bl	HAL_FLASH_EndOfOperationCallback
 102 0074 05E0     		b	.L8
 103              	.L7:
 104 0076 032C     		cmp	r4, #3
 105 0078 03D1     		bne	.L8
 106 007a 204B     		ldr	r3, .L15+4
 107 007c 1869     		ldr	r0, [r3, #16]
 108 007e FFF7FEFF 		bl	HAL_FLASH_EndOfOperationCallback
 109              	.L8:
 110 0082 043C     		subs	r4, r4, #4
 111 0084 E4B2     		uxtb	r4, r4
 112 0086 022C     		cmp	r4, #2
 113 0088 06D9     		bls	.L4
 114 008a 0022     		movs	r2, #0
 115 008c 1B4B     		ldr	r3, .L15+4
 116 008e 1A70     		strb	r2, [r3]
 117 0090 4FF48032 		mov	r2, #65536
 118 0094 184B     		ldr	r3, .L15
 119 0096 5A61     		str	r2, [r3, #20]
ARM GAS  C:\Users\xiaofei\AppData\Local\Temp\ccobnA2y.s 			page 3


 120              	.L4:
 121 0098 174B     		ldr	r3, .L15
 122 009a 1B69     		ldr	r3, [r3, #16]
 123 009c 13F4DC03 		ands	r3, r3, #7208960
 124 00a0 1CD0     		beq	.L9
 125 00a2 164A     		ldr	r2, .L15+4
 126 00a4 9169     		ldr	r1, [r2, #24]
 127 00a6 1943     		orrs	r1, r1, r3
 128 00a8 9161     		str	r1, [r2, #24]
 129 00aa 1349     		ldr	r1, .L15
 130 00ac 4B61     		str	r3, [r1, #20]
 131 00ae 1378     		ldrb	r3, [r2]	@ zero_extendqisi2
 132 00b0 DBB2     		uxtb	r3, r3
 133 00b2 012B     		cmp	r3, #1
 134 00b4 05D1     		bne	.L10
 135 00b6 1346     		mov	r3, r2
 136 00b8 D068     		ldr	r0, [r2, #12]
 137 00ba 4FF0FF32 		mov	r2, #-1
 138 00be DA60     		str	r2, [r3, #12]
 139 00c0 07E0     		b	.L11
 140              	.L10:
 141 00c2 072B     		cmp	r3, #7
 142 00c4 18BF     		it	ne
 143 00c6 022B     		cmpne	r3, #2
 144 00c8 02D0     		beq	.L13
 145 00ca 0C4B     		ldr	r3, .L15+4
 146 00cc 1869     		ldr	r0, [r3, #16]
 147 00ce 00E0     		b	.L11
 148              	.L13:
 149 00d0 0120     		movs	r0, #1
 150              	.L11:
 151 00d2 0022     		movs	r2, #0
 152 00d4 094B     		ldr	r3, .L15+4
 153 00d6 1A70     		strb	r2, [r3]
 154 00d8 FFF7FEFF 		bl	HAL_FLASH_OperationErrorCallback
 155              	.L9:
 156 00dc 074B     		ldr	r3, .L15+4
 157 00de 1B78     		ldrb	r3, [r3]	@ zero_extendqisi2
 158 00e0 13F0FF0F 		tst	r3, #255
 159 00e4 07D1     		bne	.L3
 160 00e6 044A     		ldr	r2, .L15
 161 00e8 D368     		ldr	r3, [r2, #12]
 162 00ea 23F4DE03 		bic	r3, r3, #7274496
 163 00ee D360     		str	r3, [r2, #12]
 164 00f0 0022     		movs	r2, #0
 165 00f2 024B     		ldr	r3, .L15+4
 166 00f4 1A75     		strb	r2, [r3, #20]
 167              	.L3:
 168 00f6 10BD     		pop	{r4, pc}
 169              	.L16:
 170              		.align	2
 171              	.L15:
 172 00f8 00200052 		.word	1375739904
 173 00fc 00000000 		.word	pFlash
 175              		.section	.text.HAL_FLASH_Unlock,"ax",%progbits
 176              		.align	2
 177              		.global	HAL_FLASH_Unlock
ARM GAS  C:\Users\xiaofei\AppData\Local\Temp\ccobnA2y.s 			page 4


 178              		.thumb
 179              		.thumb_func
 181              	HAL_FLASH_Unlock:
 182              		@ args = 0, pretend = 0, frame = 0
 183              		@ frame_needed = 0, uses_anonymous_args = 0
 184              		@ link register save eliminated.
 185 0000 0A4B     		ldr	r3, .L21
 186 0002 DB68     		ldr	r3, [r3, #12]
 187 0004 13F0010F 		tst	r3, #1
 188 0008 0BD0     		beq	.L19
 189 000a 084B     		ldr	r3, .L21
 190 000c 084A     		ldr	r2, .L21+4
 191 000e 5A60     		str	r2, [r3, #4]
 192 0010 02F18832 		add	r2, r2, #-2004318072
 193 0014 5A60     		str	r2, [r3, #4]
 194 0016 DB68     		ldr	r3, [r3, #12]
 195 0018 13F0010F 		tst	r3, #1
 196 001c 03D0     		beq	.L20
 197 001e 0120     		movs	r0, #1
 198 0020 7047     		bx	lr
 199              	.L19:
 200 0022 0020     		movs	r0, #0
 201 0024 7047     		bx	lr
 202              	.L20:
 203 0026 0020     		movs	r0, #0
 204 0028 7047     		bx	lr
 205              	.L22:
 206 002a 00BF     		.align	2
 207              	.L21:
 208 002c 00200052 		.word	1375739904
 209 0030 23016745 		.word	1164378403
 211              		.section	.text.HAL_FLASH_Lock,"ax",%progbits
 212              		.align	2
 213              		.global	HAL_FLASH_Lock
 214              		.thumb
 215              		.thumb_func
 217              	HAL_FLASH_Lock:
 218              		@ args = 0, pretend = 0, frame = 0
 219              		@ frame_needed = 0, uses_anonymous_args = 0
 220              		@ link register save eliminated.
 221 0000 064B     		ldr	r3, .L26
 222 0002 DA68     		ldr	r2, [r3, #12]
 223 0004 42F00102 		orr	r2, r2, #1
 224 0008 DA60     		str	r2, [r3, #12]
 225 000a DB68     		ldr	r3, [r3, #12]
 226 000c 13F0010F 		tst	r3, #1
 227 0010 01D1     		bne	.L25
 228 0012 0120     		movs	r0, #1
 229 0014 7047     		bx	lr
 230              	.L25:
 231 0016 0020     		movs	r0, #0
 232 0018 7047     		bx	lr
 233              	.L27:
 234 001a 00BF     		.align	2
 235              	.L26:
 236 001c 00200052 		.word	1375739904
 238              		.section	.text.HAL_FLASH_OB_Unlock,"ax",%progbits
ARM GAS  C:\Users\xiaofei\AppData\Local\Temp\ccobnA2y.s 			page 5


 239              		.align	2
 240              		.global	HAL_FLASH_OB_Unlock
 241              		.thumb
 242              		.thumb_func
 244              	HAL_FLASH_OB_Unlock:
 245              		@ args = 0, pretend = 0, frame = 0
 246              		@ frame_needed = 0, uses_anonymous_args = 0
 247              		@ link register save eliminated.
 248 0000 0A4B     		ldr	r3, .L32
 249 0002 9B69     		ldr	r3, [r3, #24]
 250 0004 13F0010F 		tst	r3, #1
 251 0008 0BD0     		beq	.L30
 252 000a 084B     		ldr	r3, .L32
 253 000c 084A     		ldr	r2, .L32+4
 254 000e 9A60     		str	r2, [r3, #8]
 255 0010 02F14432 		add	r2, r2, #1145324612
 256 0014 9A60     		str	r2, [r3, #8]
 257 0016 9B69     		ldr	r3, [r3, #24]
 258 0018 13F0010F 		tst	r3, #1
 259 001c 03D0     		beq	.L31
 260 001e 0120     		movs	r0, #1
 261 0020 7047     		bx	lr
 262              	.L30:
 263 0022 0020     		movs	r0, #0
 264 0024 7047     		bx	lr
 265              	.L31:
 266 0026 0020     		movs	r0, #0
 267 0028 7047     		bx	lr
 268              	.L33:
 269 002a 00BF     		.align	2
 270              	.L32:
 271 002c 00200052 		.word	1375739904
 272 0030 3B2A1908 		.word	135866939
 274              		.section	.text.HAL_FLASH_OB_Lock,"ax",%progbits
 275              		.align	2
 276              		.global	HAL_FLASH_OB_Lock
 277              		.thumb
 278              		.thumb_func
 280              	HAL_FLASH_OB_Lock:
 281              		@ args = 0, pretend = 0, frame = 0
 282              		@ frame_needed = 0, uses_anonymous_args = 0
 283              		@ link register save eliminated.
 284 0000 064B     		ldr	r3, .L37
 285 0002 9A69     		ldr	r2, [r3, #24]
 286 0004 42F00102 		orr	r2, r2, #1
 287 0008 9A61     		str	r2, [r3, #24]
 288 000a 9B69     		ldr	r3, [r3, #24]
 289 000c 13F0010F 		tst	r3, #1
 290 0010 01D1     		bne	.L36
 291 0012 0120     		movs	r0, #1
 292 0014 7047     		bx	lr
 293              	.L36:
 294 0016 0020     		movs	r0, #0
 295 0018 7047     		bx	lr
 296              	.L38:
 297 001a 00BF     		.align	2
 298              	.L37:
ARM GAS  C:\Users\xiaofei\AppData\Local\Temp\ccobnA2y.s 			page 6


 299 001c 00200052 		.word	1375739904
 301              		.section	.text.HAL_FLASH_GetError,"ax",%progbits
 302              		.align	2
 303              		.global	HAL_FLASH_GetError
 304              		.thumb
 305              		.thumb_func
 307              	HAL_FLASH_GetError:
 308              		@ args = 0, pretend = 0, frame = 0
 309              		@ frame_needed = 0, uses_anonymous_args = 0
 310              		@ link register save eliminated.
 311 0000 014B     		ldr	r3, .L40
 312 0002 9869     		ldr	r0, [r3, #24]
 313 0004 7047     		bx	lr
 314              	.L41:
 315 0006 00BF     		.align	2
 316              	.L40:
 317 0008 00000000 		.word	pFlash
 319              		.section	.text.FLASH_WaitForLastOperation,"ax",%progbits
 320              		.align	2
 321              		.global	FLASH_WaitForLastOperation
 322              		.thumb
 323              		.thumb_func
 325              	FLASH_WaitForLastOperation:
 326              		@ args = 0, pretend = 0, frame = 0
 327              		@ frame_needed = 0, uses_anonymous_args = 0
 328 0000 F8B5     		push	{r3, r4, r5, r6, r7, lr}
 329 0002 0446     		mov	r4, r0
 330 0004 0E46     		mov	r6, r1
 331 0006 1C4B     		ldr	r3, .L53
 332 0008 1D69     		ldr	r5, [r3, #16]
 333 000a 25F06845 		bic	r5, r5, #-402653184
 334 000e 25F48015 		bic	r5, r5, #1048576
 335 0012 6D0C     		lsrs	r5, r5, #17
 336 0014 6D04     		lsls	r5, r5, #17
 337 0016 FFF7FEFF 		bl	HAL_GetTick
 338 001a 0746     		mov	r7, r0
 339 001c 08E0     		b	.L44
 340              	.L46:
 341 001e B4F1FF3F 		cmp	r4, #-1
 342 0022 05D0     		beq	.L44
 343 0024 FFF7FEFF 		bl	HAL_GetTick
 344 0028 C01B     		subs	r0, r0, r7
 345 002a 8442     		cmp	r4, r0
 346 002c 1CD3     		bcc	.L48
 347 002e ECB1     		cbz	r4, .L49
 348              	.L44:
 349 0030 114B     		ldr	r3, .L53
 350 0032 1B69     		ldr	r3, [r3, #16]
 351 0034 03F00403 		and	r3, r3, #4
 352 0038 002B     		cmp	r3, #0
 353 003a F0D1     		bne	.L46
 354 003c 3DB1     		cbz	r5, .L47
 355 003e 0F4A     		ldr	r2, .L53+4
 356 0040 9369     		ldr	r3, [r2, #24]
 357 0042 2B43     		orrs	r3, r3, r5
 358 0044 9361     		str	r3, [r2, #24]
 359 0046 0C4B     		ldr	r3, .L53
ARM GAS  C:\Users\xiaofei\AppData\Local\Temp\ccobnA2y.s 			page 7


 360 0048 5D61     		str	r5, [r3, #20]
 361 004a 0120     		movs	r0, #1
 362 004c F8BD     		pop	{r3, r4, r5, r6, r7, pc}
 363              	.L47:
 364 004e 012E     		cmp	r6, #1
 365 0050 0ED1     		bne	.L50
 366 0052 094B     		ldr	r3, .L53
 367 0054 1B69     		ldr	r3, [r3, #16]
 368 0056 13F4803F 		tst	r3, #65536
 369 005a 0BD0     		beq	.L51
 370 005c 4FF48032 		mov	r2, #65536
 371 0060 054B     		ldr	r3, .L53
 372 0062 5A61     		str	r2, [r3, #20]
 373 0064 0020     		movs	r0, #0
 374 0066 F8BD     		pop	{r3, r4, r5, r6, r7, pc}
 375              	.L48:
 376 0068 0320     		movs	r0, #3
 377 006a F8BD     		pop	{r3, r4, r5, r6, r7, pc}
 378              	.L49:
 379 006c 0320     		movs	r0, #3
 380 006e F8BD     		pop	{r3, r4, r5, r6, r7, pc}
 381              	.L50:
 382 0070 0020     		movs	r0, #0
 383 0072 F8BD     		pop	{r3, r4, r5, r6, r7, pc}
 384              	.L51:
 385 0074 0020     		movs	r0, #0
 386 0076 F8BD     		pop	{r3, r4, r5, r6, r7, pc}
 387              	.L54:
 388              		.align	2
 389              	.L53:
 390 0078 00200052 		.word	1375739904
 391 007c 00000000 		.word	pFlash
 393              		.section	.text.HAL_FLASH_Program,"ax",%progbits
 394              		.align	2
 395              		.global	HAL_FLASH_Program
 396              		.thumb
 397              		.thumb_func
 399              	HAL_FLASH_Program:
 400              		@ args = 0, pretend = 0, frame = 0
 401              		@ frame_needed = 0, uses_anonymous_args = 0
 402 0000 38B5     		push	{r3, r4, r5, lr}
 403 0002 204B     		ldr	r3, .L62
 404 0004 1B7D     		ldrb	r3, [r3, #20]	@ zero_extendqisi2
 405 0006 012B     		cmp	r3, #1
 406 0008 38D0     		beq	.L59
 407 000a 0C46     		mov	r4, r1
 408 000c 1546     		mov	r5, r2
 409 000e 0122     		movs	r2, #1
 410 0010 1C4B     		ldr	r3, .L62
 411 0012 1A75     		strb	r2, [r3, #20]
 412 0014 01F17841 		add	r1, r1, #-134217728
 413 0018 B1F5003F 		cmp	r1, #131072
 414 001c 30D2     		bcs	.L60
 415 001e 0022     		movs	r2, #0
 416 0020 9A61     		str	r2, [r3, #24]
 417 0022 0121     		movs	r1, #1
 418 0024 4CF25030 		movw	r0, #50000
ARM GAS  C:\Users\xiaofei\AppData\Local\Temp\ccobnA2y.s 			page 8


 419 0028 FFF7FEFF 		bl	FLASH_WaitForLastOperation
 420 002c 0346     		mov	r3, r0
 421 002e 00BB     		cbnz	r0, .L57
 422 0030 154A     		ldr	r2, .L62+4
 423 0032 D368     		ldr	r3, [r2, #12]
 424 0034 43F00203 		orr	r3, r3, #2
 425 0038 D360     		str	r3, [r2, #12]
 426              		.syntax unified
 427              	@ 868 "Drivers/CMSIS/Include/cmsis_gcc.h" 1
 428 003a BFF36F8F 		isb 0xF
 429              	@ 0 "" 2
 430              	@ 879 "Drivers/CMSIS/Include/cmsis_gcc.h" 1
 431 003e BFF34F8F 		dsb 0xF
 432              	@ 0 "" 2
 433              		.thumb
 434              		.syntax unified
 435 0042 0823     		movs	r3, #8
 436              	.L58:
 437 0044 55F8042B 		ldr	r2, [r5], #4
 438 0048 44F8042B 		str	r2, [r4], #4
 439 004c 013B     		subs	r3, r3, #1
 440 004e 13F0FF03 		ands	r3, r3, #255
 441 0052 F7D1     		bne	.L58
 442              		.syntax unified
 443              	@ 868 "Drivers/CMSIS/Include/cmsis_gcc.h" 1
 444 0054 BFF36F8F 		isb 0xF
 445              	@ 0 "" 2
 446              	@ 879 "Drivers/CMSIS/Include/cmsis_gcc.h" 1
 447 0058 BFF34F8F 		dsb 0xF
 448              	@ 0 "" 2
 449              		.thumb
 450              		.syntax unified
 451 005c 0121     		movs	r1, #1
 452 005e 4CF25030 		movw	r0, #50000
 453 0062 FFF7FEFF 		bl	FLASH_WaitForLastOperation
 454 0066 0346     		mov	r3, r0
 455 0068 0749     		ldr	r1, .L62+4
 456 006a CA68     		ldr	r2, [r1, #12]
 457 006c 22F00202 		bic	r2, r2, #2
 458 0070 CA60     		str	r2, [r1, #12]
 459              	.L57:
 460 0072 0021     		movs	r1, #0
 461 0074 034A     		ldr	r2, .L62
 462 0076 1175     		strb	r1, [r2, #20]
 463 0078 1846     		mov	r0, r3
 464 007a 38BD     		pop	{r3, r4, r5, pc}
 465              	.L59:
 466 007c 0220     		movs	r0, #2
 467 007e 38BD     		pop	{r3, r4, r5, pc}
 468              	.L60:
 469 0080 0120     		movs	r0, #1
 470 0082 38BD     		pop	{r3, r4, r5, pc}
 471              	.L63:
 472              		.align	2
 473              	.L62:
 474 0084 00000000 		.word	pFlash
 475 0088 00200052 		.word	1375739904
ARM GAS  C:\Users\xiaofei\AppData\Local\Temp\ccobnA2y.s 			page 9


 477              		.section	.text.HAL_FLASH_Program_IT,"ax",%progbits
 478              		.align	2
 479              		.global	HAL_FLASH_Program_IT
 480              		.thumb
 481              		.thumb_func
 483              	HAL_FLASH_Program_IT:
 484              		@ args = 0, pretend = 0, frame = 0
 485              		@ frame_needed = 0, uses_anonymous_args = 0
 486 0000 204B     		ldr	r3, .L71
 487 0002 1B7D     		ldrb	r3, [r3, #20]	@ zero_extendqisi2
 488 0004 012B     		cmp	r3, #1
 489 0006 38D0     		beq	.L68
 490 0008 70B5     		push	{r4, r5, r6, lr}
 491 000a 0E46     		mov	r6, r1
 492 000c 0C46     		mov	r4, r1
 493 000e 1546     		mov	r5, r2
 494 0010 1C4B     		ldr	r3, .L71
 495 0012 0122     		movs	r2, #1
 496 0014 1A75     		strb	r2, [r3, #20]
 497 0016 0022     		movs	r2, #0
 498 0018 9A61     		str	r2, [r3, #24]
 499 001a 01F17843 		add	r3, r1, #-134217728
 500 001e B3F5003F 		cmp	r3, #131072
 501 0022 2CD2     		bcs	.L69
 502 0024 0121     		movs	r1, #1
 503 0026 4CF25030 		movw	r0, #50000
 504 002a FFF7FEFF 		bl	FLASH_WaitForLastOperation
 505 002e 0246     		mov	r2, r0
 506 0030 18B1     		cbz	r0, .L66
 507 0032 0021     		movs	r1, #0
 508 0034 134B     		ldr	r3, .L71
 509 0036 1975     		strb	r1, [r3, #20]
 510 0038 70BD     		pop	{r4, r5, r6, pc}
 511              	.L66:
 512 003a 124B     		ldr	r3, .L71
 513 003c 1E61     		str	r6, [r3, #16]
 514 003e 0321     		movs	r1, #3
 515 0040 1970     		strb	r1, [r3]
 516 0042 114B     		ldr	r3, .L71+4
 517 0044 D968     		ldr	r1, [r3, #12]
 518 0046 41F00201 		orr	r1, r1, #2
 519 004a D960     		str	r1, [r3, #12]
 520 004c D968     		ldr	r1, [r3, #12]
 521 004e 41F4DE01 		orr	r1, r1, #7274496
 522 0052 D960     		str	r1, [r3, #12]
 523              		.syntax unified
 524              	@ 868 "Drivers/CMSIS/Include/cmsis_gcc.h" 1
 525 0054 BFF36F8F 		isb 0xF
 526              	@ 0 "" 2
 527              	@ 879 "Drivers/CMSIS/Include/cmsis_gcc.h" 1
 528 0058 BFF34F8F 		dsb 0xF
 529              	@ 0 "" 2
 530              		.thumb
 531              		.syntax unified
 532 005c 0823     		movs	r3, #8
 533              	.L67:
 534 005e 55F8041B 		ldr	r1, [r5], #4
ARM GAS  C:\Users\xiaofei\AppData\Local\Temp\ccobnA2y.s 			page 10


 535 0062 44F8041B 		str	r1, [r4], #4
 536 0066 013B     		subs	r3, r3, #1
 537 0068 13F0FF03 		ands	r3, r3, #255
 538 006c F7D1     		bne	.L67
 539              		.syntax unified
 540              	@ 868 "Drivers/CMSIS/Include/cmsis_gcc.h" 1
 541 006e BFF36F8F 		isb 0xF
 542              	@ 0 "" 2
 543              	@ 879 "Drivers/CMSIS/Include/cmsis_gcc.h" 1
 544 0072 BFF34F8F 		dsb 0xF
 545              	@ 0 "" 2
 546              		.thumb
 547              		.syntax unified
 548 0076 1046     		mov	r0, r2
 549 0078 70BD     		pop	{r4, r5, r6, pc}
 550              	.L68:
 551 007a 0220     		movs	r0, #2
 552 007c 7047     		bx	lr
 553              	.L69:
 554 007e 0120     		movs	r0, #1
 555 0080 70BD     		pop	{r4, r5, r6, pc}
 556              	.L72:
 557 0082 00BF     		.align	2
 558              	.L71:
 559 0084 00000000 		.word	pFlash
 560 0088 00200052 		.word	1375739904
 562              		.section	.text.FLASH_OB_WaitForLastOperation,"ax",%progbits
 563              		.align	2
 564              		.global	FLASH_OB_WaitForLastOperation
 565              		.thumb
 566              		.thumb_func
 568              	FLASH_OB_WaitForLastOperation:
 569              		@ args = 0, pretend = 0, frame = 0
 570              		@ frame_needed = 0, uses_anonymous_args = 0
 571 0000 38B5     		push	{r3, r4, r5, lr}
 572 0002 0446     		mov	r4, r0
 573 0004 FFF7FEFF 		bl	HAL_GetTick
 574 0008 0546     		mov	r5, r0
 575 000a 08E0     		b	.L75
 576              	.L77:
 577 000c B4F1FF3F 		cmp	r4, #-1
 578 0010 05D0     		beq	.L75
 579 0012 FFF7FEFF 		bl	HAL_GetTick
 580 0016 401B     		subs	r0, r0, r5
 581 0018 8442     		cmp	r4, r0
 582 001a 16D3     		bcc	.L78
 583 001c BCB1     		cbz	r4, .L79
 584              	.L75:
 585 001e 0E4B     		ldr	r3, .L82
 586 0020 DB69     		ldr	r3, [r3, #28]
 587 0022 13F0010F 		tst	r3, #1
 588 0026 F1D1     		bne	.L77
 589 0028 0B4B     		ldr	r3, .L82
 590 002a DB69     		ldr	r3, [r3, #28]
 591 002c 13F0804F 		tst	r3, #1073741824
 592 0030 0FD0     		beq	.L80
 593 0032 0A4A     		ldr	r2, .L82+4
ARM GAS  C:\Users\xiaofei\AppData\Local\Temp\ccobnA2y.s 			page 11


 594 0034 9369     		ldr	r3, [r2, #24]
 595 0036 43F08043 		orr	r3, r3, #1073741824
 596 003a 9361     		str	r3, [r2, #24]
 597 003c 064A     		ldr	r2, .L82
 598 003e 536A     		ldr	r3, [r2, #36]
 599 0040 43F08043 		orr	r3, r3, #1073741824
 600 0044 5362     		str	r3, [r2, #36]
 601 0046 0120     		movs	r0, #1
 602 0048 38BD     		pop	{r3, r4, r5, pc}
 603              	.L78:
 604 004a 0320     		movs	r0, #3
 605 004c 38BD     		pop	{r3, r4, r5, pc}
 606              	.L79:
 607 004e 0320     		movs	r0, #3
 608 0050 38BD     		pop	{r3, r4, r5, pc}
 609              	.L80:
 610 0052 0020     		movs	r0, #0
 611 0054 38BD     		pop	{r3, r4, r5, pc}
 612              	.L83:
 613 0056 00BF     		.align	2
 614              	.L82:
 615 0058 00200052 		.word	1375739904
 616 005c 00000000 		.word	pFlash
 618              		.section	.text.FLASH_CRC_WaitForLastOperation,"ax",%progbits
 619              		.align	2
 620              		.global	FLASH_CRC_WaitForLastOperation
 621              		.thumb
 622              		.thumb_func
 624              	FLASH_CRC_WaitForLastOperation:
 625              		@ args = 0, pretend = 0, frame = 0
 626              		@ frame_needed = 0, uses_anonymous_args = 0
 627 0000 F8B5     		push	{r3, r4, r5, r6, r7, lr}
 628 0002 0446     		mov	r4, r0
 629 0004 0E46     		mov	r6, r1
 630 0006 FFF7FEFF 		bl	HAL_GetTick
 631 000a 0746     		mov	r7, r0
 632 000c 012E     		cmp	r6, #1
 633 000e 0BD0     		beq	.L85
 634 0010 154D     		ldr	r5, .L96
 635 0012 0AE0     		b	.L87
 636              	.L90:
 637 0014 B4F1FF3F 		cmp	r4, #-1
 638 0018 07D0     		beq	.L87
 639 001a FFF7FEFF 		bl	HAL_GetTick
 640 001e C01B     		subs	r0, r0, r7
 641 0020 8442     		cmp	r4, r0
 642 0022 19D3     		bcc	.L91
 643 0024 0CB9     		cbnz	r4, .L87
 644 0026 19E0     		b	.L92
 645              	.L85:
 646 0028 0825     		movs	r5, #8
 647              	.L87:
 648 002a 104B     		ldr	r3, .L96+4
 649 002c 1B69     		ldr	r3, [r3, #16]
 650 002e 35EA0303 		bics	r3, r5, r3
 651 0032 EFD0     		beq	.L90
 652 0034 012E     		cmp	r6, #1
ARM GAS  C:\Users\xiaofei\AppData\Local\Temp\ccobnA2y.s 			page 12


 653 0036 13D1     		bne	.L93
 654 0038 0C4B     		ldr	r3, .L96+4
 655 003a 1B69     		ldr	r3, [r3, #16]
 656 003c 13F0805F 		tst	r3, #268435456
 657 0040 10D0     		beq	.L94
 658 0042 0B4A     		ldr	r2, .L96+8
 659 0044 9369     		ldr	r3, [r2, #24]
 660 0046 43F08053 		orr	r3, r3, #268435456
 661 004a 9361     		str	r3, [r2, #24]
 662 004c 4FF08052 		mov	r2, #268435456
 663 0050 064B     		ldr	r3, .L96+4
 664 0052 5A61     		str	r2, [r3, #20]
 665 0054 0120     		movs	r0, #1
 666 0056 F8BD     		pop	{r3, r4, r5, r6, r7, pc}
 667              	.L91:
 668 0058 0320     		movs	r0, #3
 669 005a F8BD     		pop	{r3, r4, r5, r6, r7, pc}
 670              	.L92:
 671 005c 0320     		movs	r0, #3
 672 005e F8BD     		pop	{r3, r4, r5, r6, r7, pc}
 673              	.L93:
 674 0060 0020     		movs	r0, #0
 675 0062 F8BD     		pop	{r3, r4, r5, r6, r7, pc}
 676              	.L94:
 677 0064 0020     		movs	r0, #0
 678 0066 F8BD     		pop	{r3, r4, r5, r6, r7, pc}
 679              	.L97:
 680              		.align	2
 681              	.L96:
 682 0068 08000080 		.word	-2147483640
 683 006c 00200052 		.word	1375739904
 684 0070 00000000 		.word	pFlash
 686              		.section	.text.HAL_FLASH_OB_Launch,"ax",%progbits
 687              		.align	2
 688              		.global	HAL_FLASH_OB_Launch
 689              		.thumb
 690              		.thumb_func
 692              	HAL_FLASH_OB_Launch:
 693              		@ args = 0, pretend = 0, frame = 0
 694              		@ frame_needed = 0, uses_anonymous_args = 0
 695 0000 08B5     		push	{r3, lr}
 696 0002 0121     		movs	r1, #1
 697 0004 4CF25030 		movw	r0, #50000
 698 0008 FFF7FEFF 		bl	FLASH_CRC_WaitForLastOperation
 699 000c 08B1     		cbz	r0, .L101
 700 000e 0120     		movs	r0, #1
 701 0010 00E0     		b	.L99
 702              	.L101:
 703 0012 0020     		movs	r0, #0
 704              	.L99:
 705 0014 40B9     		cbnz	r0, .L100
 706 0016 054A     		ldr	r2, .L103
 707 0018 9369     		ldr	r3, [r2, #24]
 708 001a 43F00203 		orr	r3, r3, #2
 709 001e 9361     		str	r3, [r2, #24]
 710 0020 4CF25030 		movw	r0, #50000
 711 0024 FFF7FEFF 		bl	FLASH_OB_WaitForLastOperation
ARM GAS  C:\Users\xiaofei\AppData\Local\Temp\ccobnA2y.s 			page 13


 712              	.L100:
 713 0028 08BD     		pop	{r3, pc}
 714              	.L104:
 715 002a 00BF     		.align	2
 716              	.L103:
 717 002c 00200052 		.word	1375739904
 719              		.comm	pFlash,28,4
 720              		.ident	"GCC: (GNU Tools for ARM Embedded Processors) 5.4.1 20160919 (release) [ARM/embedded-5-bran
ARM GAS  C:\Users\xiaofei\AppData\Local\Temp\ccobnA2y.s 			page 14


DEFINED SYMBOLS
                            *ABS*:00000000 stm32h7xx_hal_flash.c
C:\Users\xiaofei\AppData\Local\Temp\ccobnA2y.s:18     .text.HAL_FLASH_EndOfOperationCallback:00000000 $t
C:\Users\xiaofei\AppData\Local\Temp\ccobnA2y.s:23     .text.HAL_FLASH_EndOfOperationCallback:00000000 HAL_FLASH_EndOfOperationCallback
C:\Users\xiaofei\AppData\Local\Temp\ccobnA2y.s:30     .text.HAL_FLASH_OperationErrorCallback:00000000 $t
C:\Users\xiaofei\AppData\Local\Temp\ccobnA2y.s:35     .text.HAL_FLASH_OperationErrorCallback:00000000 HAL_FLASH_OperationErrorCallback
C:\Users\xiaofei\AppData\Local\Temp\ccobnA2y.s:42     .text.HAL_FLASH_IRQHandler:00000000 $t
C:\Users\xiaofei\AppData\Local\Temp\ccobnA2y.s:47     .text.HAL_FLASH_IRQHandler:00000000 HAL_FLASH_IRQHandler
C:\Users\xiaofei\AppData\Local\Temp\ccobnA2y.s:172    .text.HAL_FLASH_IRQHandler:000000f8 $d
                            *COM*:0000001c pFlash
C:\Users\xiaofei\AppData\Local\Temp\ccobnA2y.s:176    .text.HAL_FLASH_Unlock:00000000 $t
C:\Users\xiaofei\AppData\Local\Temp\ccobnA2y.s:181    .text.HAL_FLASH_Unlock:00000000 HAL_FLASH_Unlock
C:\Users\xiaofei\AppData\Local\Temp\ccobnA2y.s:208    .text.HAL_FLASH_Unlock:0000002c $d
C:\Users\xiaofei\AppData\Local\Temp\ccobnA2y.s:212    .text.HAL_FLASH_Lock:00000000 $t
C:\Users\xiaofei\AppData\Local\Temp\ccobnA2y.s:217    .text.HAL_FLASH_Lock:00000000 HAL_FLASH_Lock
C:\Users\xiaofei\AppData\Local\Temp\ccobnA2y.s:236    .text.HAL_FLASH_Lock:0000001c $d
C:\Users\xiaofei\AppData\Local\Temp\ccobnA2y.s:239    .text.HAL_FLASH_OB_Unlock:00000000 $t
C:\Users\xiaofei\AppData\Local\Temp\ccobnA2y.s:244    .text.HAL_FLASH_OB_Unlock:00000000 HAL_FLASH_OB_Unlock
C:\Users\xiaofei\AppData\Local\Temp\ccobnA2y.s:271    .text.HAL_FLASH_OB_Unlock:0000002c $d
C:\Users\xiaofei\AppData\Local\Temp\ccobnA2y.s:275    .text.HAL_FLASH_OB_Lock:00000000 $t
C:\Users\xiaofei\AppData\Local\Temp\ccobnA2y.s:280    .text.HAL_FLASH_OB_Lock:00000000 HAL_FLASH_OB_Lock
C:\Users\xiaofei\AppData\Local\Temp\ccobnA2y.s:299    .text.HAL_FLASH_OB_Lock:0000001c $d
C:\Users\xiaofei\AppData\Local\Temp\ccobnA2y.s:302    .text.HAL_FLASH_GetError:00000000 $t
C:\Users\xiaofei\AppData\Local\Temp\ccobnA2y.s:307    .text.HAL_FLASH_GetError:00000000 HAL_FLASH_GetError
C:\Users\xiaofei\AppData\Local\Temp\ccobnA2y.s:317    .text.HAL_FLASH_GetError:00000008 $d
C:\Users\xiaofei\AppData\Local\Temp\ccobnA2y.s:320    .text.FLASH_WaitForLastOperation:00000000 $t
C:\Users\xiaofei\AppData\Local\Temp\ccobnA2y.s:325    .text.FLASH_WaitForLastOperation:00000000 FLASH_WaitForLastOperation
C:\Users\xiaofei\AppData\Local\Temp\ccobnA2y.s:390    .text.FLASH_WaitForLastOperation:00000078 $d
C:\Users\xiaofei\AppData\Local\Temp\ccobnA2y.s:394    .text.HAL_FLASH_Program:00000000 $t
C:\Users\xiaofei\AppData\Local\Temp\ccobnA2y.s:399    .text.HAL_FLASH_Program:00000000 HAL_FLASH_Program
C:\Users\xiaofei\AppData\Local\Temp\ccobnA2y.s:474    .text.HAL_FLASH_Program:00000084 $d
C:\Users\xiaofei\AppData\Local\Temp\ccobnA2y.s:478    .text.HAL_FLASH_Program_IT:00000000 $t
C:\Users\xiaofei\AppData\Local\Temp\ccobnA2y.s:483    .text.HAL_FLASH_Program_IT:00000000 HAL_FLASH_Program_IT
C:\Users\xiaofei\AppData\Local\Temp\ccobnA2y.s:559    .text.HAL_FLASH_Program_IT:00000084 $d
C:\Users\xiaofei\AppData\Local\Temp\ccobnA2y.s:563    .text.FLASH_OB_WaitForLastOperation:00000000 $t
C:\Users\xiaofei\AppData\Local\Temp\ccobnA2y.s:568    .text.FLASH_OB_WaitForLastOperation:00000000 FLASH_OB_WaitForLastOperation
C:\Users\xiaofei\AppData\Local\Temp\ccobnA2y.s:615    .text.FLASH_OB_WaitForLastOperation:00000058 $d
C:\Users\xiaofei\AppData\Local\Temp\ccobnA2y.s:619    .text.FLASH_CRC_WaitForLastOperation:00000000 $t
C:\Users\xiaofei\AppData\Local\Temp\ccobnA2y.s:624    .text.FLASH_CRC_WaitForLastOperation:00000000 FLASH_CRC_WaitForLastOperation
C:\Users\xiaofei\AppData\Local\Temp\ccobnA2y.s:682    .text.FLASH_CRC_WaitForLastOperation:00000068 $d
C:\Users\xiaofei\AppData\Local\Temp\ccobnA2y.s:687    .text.HAL_FLASH_OB_Launch:00000000 $t
C:\Users\xiaofei\AppData\Local\Temp\ccobnA2y.s:692    .text.HAL_FLASH_OB_Launch:00000000 HAL_FLASH_OB_Launch
C:\Users\xiaofei\AppData\Local\Temp\ccobnA2y.s:717    .text.HAL_FLASH_OB_Launch:0000002c $d

UNDEFINED SYMBOLS
FLASH_Erase_Sector
HAL_GetTick
