ARM GAS  C:\Users\xiaofei\AppData\Local\Temp\cciKE2ad.s 			page 1


   1              		.syntax unified
   2              		.cpu cortex-m7
   3              		.eabi_attribute 28, 1
   4              		.fpu fpv5-d16
   5              		.eabi_attribute 20, 1
   6              		.eabi_attribute 21, 1
   7              		.eabi_attribute 23, 3
   8              		.eabi_attribute 24, 1
   9              		.eabi_attribute 25, 1
  10              		.eabi_attribute 26, 1
  11              		.eabi_attribute 30, 1
  12              		.eabi_attribute 34, 1
  13              		.eabi_attribute 18, 4
  14              		.thumb
  15              		.syntax unified
  16              		.file	"stm32h7xx_hal_pcd_ex.c"
  17              		.text
  18              	.Ltext0:
  19              		.cfi_sections	.debug_frame
  20              		.section	.text.HAL_PCDEx_SetTxFiFo,"ax",%progbits
  21              		.align	2
  22              		.global	HAL_PCDEx_SetTxFiFo
  23              		.thumb
  24              		.thumb_func
  26              	HAL_PCDEx_SetTxFiFo:
  27              	.LFB141:
  28              		.file 1 "Drivers/STM32H7xx_HAL_Driver/Src/stm32h7xx_hal_pcd_ex.c"
   1:Drivers/STM32H7xx_HAL_Driver/Src/stm32h7xx_hal_pcd_ex.c **** /**
   2:Drivers/STM32H7xx_HAL_Driver/Src/stm32h7xx_hal_pcd_ex.c ****   ******************************************************************************
   3:Drivers/STM32H7xx_HAL_Driver/Src/stm32h7xx_hal_pcd_ex.c ****   * @file    stm32h7xx_hal_pcd_ex.c
   4:Drivers/STM32H7xx_HAL_Driver/Src/stm32h7xx_hal_pcd_ex.c ****   * @author  MCD Application Team
   5:Drivers/STM32H7xx_HAL_Driver/Src/stm32h7xx_hal_pcd_ex.c ****   * @brief   PCD Extended HAL module driver.
   6:Drivers/STM32H7xx_HAL_Driver/Src/stm32h7xx_hal_pcd_ex.c ****   *          This file provides firmware functions to manage the following
   7:Drivers/STM32H7xx_HAL_Driver/Src/stm32h7xx_hal_pcd_ex.c ****   *          functionalities of the USB Peripheral Controller:
   8:Drivers/STM32H7xx_HAL_Driver/Src/stm32h7xx_hal_pcd_ex.c ****   *           + Extended features functions
   9:Drivers/STM32H7xx_HAL_Driver/Src/stm32h7xx_hal_pcd_ex.c ****   *
  10:Drivers/STM32H7xx_HAL_Driver/Src/stm32h7xx_hal_pcd_ex.c ****   ******************************************************************************
  11:Drivers/STM32H7xx_HAL_Driver/Src/stm32h7xx_hal_pcd_ex.c ****   * @attention
  12:Drivers/STM32H7xx_HAL_Driver/Src/stm32h7xx_hal_pcd_ex.c ****   *
  13:Drivers/STM32H7xx_HAL_Driver/Src/stm32h7xx_hal_pcd_ex.c ****   * <h2><center>&copy; Copyright (c) 2017 STMicroelectronics.
  14:Drivers/STM32H7xx_HAL_Driver/Src/stm32h7xx_hal_pcd_ex.c ****   * All rights reserved.</center></h2>
  15:Drivers/STM32H7xx_HAL_Driver/Src/stm32h7xx_hal_pcd_ex.c ****   *
  16:Drivers/STM32H7xx_HAL_Driver/Src/stm32h7xx_hal_pcd_ex.c ****   * This software component is licensed by ST under BSD 3-Clause license,
  17:Drivers/STM32H7xx_HAL_Driver/Src/stm32h7xx_hal_pcd_ex.c ****   * the "License"; You may not use this file except in compliance with the
  18:Drivers/STM32H7xx_HAL_Driver/Src/stm32h7xx_hal_pcd_ex.c ****   * License. You may obtain a copy of the License at:
  19:Drivers/STM32H7xx_HAL_Driver/Src/stm32h7xx_hal_pcd_ex.c ****   *                        opensource.org/licenses/BSD-3-Clause
  20:Drivers/STM32H7xx_HAL_Driver/Src/stm32h7xx_hal_pcd_ex.c ****   *
  21:Drivers/STM32H7xx_HAL_Driver/Src/stm32h7xx_hal_pcd_ex.c ****   ******************************************************************************
  22:Drivers/STM32H7xx_HAL_Driver/Src/stm32h7xx_hal_pcd_ex.c ****   */
  23:Drivers/STM32H7xx_HAL_Driver/Src/stm32h7xx_hal_pcd_ex.c **** 
  24:Drivers/STM32H7xx_HAL_Driver/Src/stm32h7xx_hal_pcd_ex.c **** /* Includes ------------------------------------------------------------------*/
  25:Drivers/STM32H7xx_HAL_Driver/Src/stm32h7xx_hal_pcd_ex.c **** #include "stm32h7xx_hal.h"
  26:Drivers/STM32H7xx_HAL_Driver/Src/stm32h7xx_hal_pcd_ex.c **** 
  27:Drivers/STM32H7xx_HAL_Driver/Src/stm32h7xx_hal_pcd_ex.c **** /** @addtogroup STM32H7xx_HAL_Driver
  28:Drivers/STM32H7xx_HAL_Driver/Src/stm32h7xx_hal_pcd_ex.c ****   * @{
  29:Drivers/STM32H7xx_HAL_Driver/Src/stm32h7xx_hal_pcd_ex.c ****   */
  30:Drivers/STM32H7xx_HAL_Driver/Src/stm32h7xx_hal_pcd_ex.c **** 
ARM GAS  C:\Users\xiaofei\AppData\Local\Temp\cciKE2ad.s 			page 2


  31:Drivers/STM32H7xx_HAL_Driver/Src/stm32h7xx_hal_pcd_ex.c **** /** @defgroup PCDEx PCDEx
  32:Drivers/STM32H7xx_HAL_Driver/Src/stm32h7xx_hal_pcd_ex.c ****   * @brief PCD Extended HAL module driver
  33:Drivers/STM32H7xx_HAL_Driver/Src/stm32h7xx_hal_pcd_ex.c ****   * @{
  34:Drivers/STM32H7xx_HAL_Driver/Src/stm32h7xx_hal_pcd_ex.c ****   */
  35:Drivers/STM32H7xx_HAL_Driver/Src/stm32h7xx_hal_pcd_ex.c **** 
  36:Drivers/STM32H7xx_HAL_Driver/Src/stm32h7xx_hal_pcd_ex.c **** #ifdef HAL_PCD_MODULE_ENABLED
  37:Drivers/STM32H7xx_HAL_Driver/Src/stm32h7xx_hal_pcd_ex.c **** 
  38:Drivers/STM32H7xx_HAL_Driver/Src/stm32h7xx_hal_pcd_ex.c **** #if defined (USB_OTG_FS) || defined (USB_OTG_HS)
  39:Drivers/STM32H7xx_HAL_Driver/Src/stm32h7xx_hal_pcd_ex.c **** /* Private types -------------------------------------------------------------*/
  40:Drivers/STM32H7xx_HAL_Driver/Src/stm32h7xx_hal_pcd_ex.c **** /* Private variables ---------------------------------------------------------*/
  41:Drivers/STM32H7xx_HAL_Driver/Src/stm32h7xx_hal_pcd_ex.c **** /* Private constants ---------------------------------------------------------*/
  42:Drivers/STM32H7xx_HAL_Driver/Src/stm32h7xx_hal_pcd_ex.c **** /* Private macros ------------------------------------------------------------*/
  43:Drivers/STM32H7xx_HAL_Driver/Src/stm32h7xx_hal_pcd_ex.c **** /* Private functions ---------------------------------------------------------*/
  44:Drivers/STM32H7xx_HAL_Driver/Src/stm32h7xx_hal_pcd_ex.c **** /* Exported functions --------------------------------------------------------*/
  45:Drivers/STM32H7xx_HAL_Driver/Src/stm32h7xx_hal_pcd_ex.c **** 
  46:Drivers/STM32H7xx_HAL_Driver/Src/stm32h7xx_hal_pcd_ex.c **** /** @defgroup PCDEx_Exported_Functions PCDEx Exported Functions
  47:Drivers/STM32H7xx_HAL_Driver/Src/stm32h7xx_hal_pcd_ex.c ****   * @{
  48:Drivers/STM32H7xx_HAL_Driver/Src/stm32h7xx_hal_pcd_ex.c ****   */
  49:Drivers/STM32H7xx_HAL_Driver/Src/stm32h7xx_hal_pcd_ex.c **** 
  50:Drivers/STM32H7xx_HAL_Driver/Src/stm32h7xx_hal_pcd_ex.c **** /** @defgroup PCDEx_Exported_Functions_Group1 Peripheral Control functions
  51:Drivers/STM32H7xx_HAL_Driver/Src/stm32h7xx_hal_pcd_ex.c ****   * @brief    PCDEx control functions
  52:Drivers/STM32H7xx_HAL_Driver/Src/stm32h7xx_hal_pcd_ex.c ****  *
  53:Drivers/STM32H7xx_HAL_Driver/Src/stm32h7xx_hal_pcd_ex.c **** @verbatim
  54:Drivers/STM32H7xx_HAL_Driver/Src/stm32h7xx_hal_pcd_ex.c ****  ===============================================================================
  55:Drivers/STM32H7xx_HAL_Driver/Src/stm32h7xx_hal_pcd_ex.c ****                  ##### Extended features functions #####
  56:Drivers/STM32H7xx_HAL_Driver/Src/stm32h7xx_hal_pcd_ex.c ****  ===============================================================================
  57:Drivers/STM32H7xx_HAL_Driver/Src/stm32h7xx_hal_pcd_ex.c ****     [..]  This section provides functions allowing to:
  58:Drivers/STM32H7xx_HAL_Driver/Src/stm32h7xx_hal_pcd_ex.c ****       (+) Update FIFO configuration
  59:Drivers/STM32H7xx_HAL_Driver/Src/stm32h7xx_hal_pcd_ex.c **** 
  60:Drivers/STM32H7xx_HAL_Driver/Src/stm32h7xx_hal_pcd_ex.c **** @endverbatim
  61:Drivers/STM32H7xx_HAL_Driver/Src/stm32h7xx_hal_pcd_ex.c ****   * @{
  62:Drivers/STM32H7xx_HAL_Driver/Src/stm32h7xx_hal_pcd_ex.c ****   */
  63:Drivers/STM32H7xx_HAL_Driver/Src/stm32h7xx_hal_pcd_ex.c **** #if defined (USB_OTG_FS) || defined (USB_OTG_HS)
  64:Drivers/STM32H7xx_HAL_Driver/Src/stm32h7xx_hal_pcd_ex.c **** /**
  65:Drivers/STM32H7xx_HAL_Driver/Src/stm32h7xx_hal_pcd_ex.c ****   * @brief  Set Tx FIFO
  66:Drivers/STM32H7xx_HAL_Driver/Src/stm32h7xx_hal_pcd_ex.c ****   * @param  hpcd PCD handle
  67:Drivers/STM32H7xx_HAL_Driver/Src/stm32h7xx_hal_pcd_ex.c ****   * @param  fifo The number of Tx fifo
  68:Drivers/STM32H7xx_HAL_Driver/Src/stm32h7xx_hal_pcd_ex.c ****   * @param  size Fifo size
  69:Drivers/STM32H7xx_HAL_Driver/Src/stm32h7xx_hal_pcd_ex.c ****   * @retval HAL status
  70:Drivers/STM32H7xx_HAL_Driver/Src/stm32h7xx_hal_pcd_ex.c ****   */
  71:Drivers/STM32H7xx_HAL_Driver/Src/stm32h7xx_hal_pcd_ex.c **** HAL_StatusTypeDef HAL_PCDEx_SetTxFiFo(PCD_HandleTypeDef *hpcd, uint8_t fifo, uint16_t size)
  72:Drivers/STM32H7xx_HAL_Driver/Src/stm32h7xx_hal_pcd_ex.c **** {
  29              		.loc 1 72 0
  30              		.cfi_startproc
  31              		@ args = 0, pretend = 0, frame = 0
  32              		@ frame_needed = 0, uses_anonymous_args = 0
  33              		@ link register save eliminated.
  34              	.LVL0:
  35 0000 30B4     		push	{r4, r5}
  36              	.LCFI0:
  37              		.cfi_def_cfa_offset 8
  38              		.cfi_offset 4, -8
  39              		.cfi_offset 5, -4
  73:Drivers/STM32H7xx_HAL_Driver/Src/stm32h7xx_hal_pcd_ex.c ****   uint8_t i;
  74:Drivers/STM32H7xx_HAL_Driver/Src/stm32h7xx_hal_pcd_ex.c ****   uint32_t Tx_Offset;
  75:Drivers/STM32H7xx_HAL_Driver/Src/stm32h7xx_hal_pcd_ex.c **** 
  76:Drivers/STM32H7xx_HAL_Driver/Src/stm32h7xx_hal_pcd_ex.c ****   /*  TXn min size = 16 words. (n  : Transmit FIFO index)
ARM GAS  C:\Users\xiaofei\AppData\Local\Temp\cciKE2ad.s 			page 3


  77:Drivers/STM32H7xx_HAL_Driver/Src/stm32h7xx_hal_pcd_ex.c ****       When a TxFIFO is not used, the Configuration should be as follows:
  78:Drivers/STM32H7xx_HAL_Driver/Src/stm32h7xx_hal_pcd_ex.c ****           case 1 :  n > m    and Txn is not used    (n,m  : Transmit FIFO indexes)
  79:Drivers/STM32H7xx_HAL_Driver/Src/stm32h7xx_hal_pcd_ex.c ****          --> Txm can use the space allocated for Txn.
  80:Drivers/STM32H7xx_HAL_Driver/Src/stm32h7xx_hal_pcd_ex.c ****          case2  :  n < m    and Txn is not used    (n,m  : Transmit FIFO indexes)
  81:Drivers/STM32H7xx_HAL_Driver/Src/stm32h7xx_hal_pcd_ex.c ****          --> Txn should be configured with the minimum space of 16 words
  82:Drivers/STM32H7xx_HAL_Driver/Src/stm32h7xx_hal_pcd_ex.c ****      The FIFO is used optimally when used TxFIFOs are allocated in the top
  83:Drivers/STM32H7xx_HAL_Driver/Src/stm32h7xx_hal_pcd_ex.c ****          of the FIFO.Ex: use EP1 and EP2 as IN instead of EP1 and EP3 as IN ones.
  84:Drivers/STM32H7xx_HAL_Driver/Src/stm32h7xx_hal_pcd_ex.c ****      When DMA is used 3n * FIFO locations should be reserved for internal DMA registers */
  85:Drivers/STM32H7xx_HAL_Driver/Src/stm32h7xx_hal_pcd_ex.c **** 
  86:Drivers/STM32H7xx_HAL_Driver/Src/stm32h7xx_hal_pcd_ex.c ****   Tx_Offset = hpcd->Instance->GRXFSIZ;
  40              		.loc 1 86 0
  41 0002 0468     		ldr	r4, [r0]
  42 0004 636A     		ldr	r3, [r4, #36]
  43              	.LVL1:
  87:Drivers/STM32H7xx_HAL_Driver/Src/stm32h7xx_hal_pcd_ex.c **** 
  88:Drivers/STM32H7xx_HAL_Driver/Src/stm32h7xx_hal_pcd_ex.c ****   if (fifo == 0U)
  44              		.loc 1 88 0
  45 0006 19B9     		cbnz	r1, .L2
  89:Drivers/STM32H7xx_HAL_Driver/Src/stm32h7xx_hal_pcd_ex.c ****   {
  90:Drivers/STM32H7xx_HAL_Driver/Src/stm32h7xx_hal_pcd_ex.c ****     hpcd->Instance->DIEPTXF0_HNPTXFSIZ = ((uint32_t)size << 16) | Tx_Offset;
  46              		.loc 1 90 0
  47 0008 43EA0240 		orr	r0, r3, r2, lsl #16
  48              	.LVL2:
  49 000c A062     		str	r0, [r4, #40]
  50 000e 18E0     		b	.L3
  51              	.LVL3:
  52              	.L2:
  53 0010 0D46     		mov	r5, r1
  91:Drivers/STM32H7xx_HAL_Driver/Src/stm32h7xx_hal_pcd_ex.c ****   }
  92:Drivers/STM32H7xx_HAL_Driver/Src/stm32h7xx_hal_pcd_ex.c ****   else
  93:Drivers/STM32H7xx_HAL_Driver/Src/stm32h7xx_hal_pcd_ex.c ****   {
  94:Drivers/STM32H7xx_HAL_Driver/Src/stm32h7xx_hal_pcd_ex.c ****     Tx_Offset += (hpcd->Instance->DIEPTXF0_HNPTXFSIZ) >> 16;
  54              		.loc 1 94 0
  55 0012 A06A     		ldr	r0, [r4, #40]
  56              	.LVL4:
  57 0014 03EB1040 		add	r0, r3, r0, lsr #16
  58              	.LVL5:
  95:Drivers/STM32H7xx_HAL_Driver/Src/stm32h7xx_hal_pcd_ex.c ****     for (i = 0U; i < (fifo - 1U); i++)
  59              		.loc 1 95 0
  60 0018 0023     		movs	r3, #0
  61 001a 08E0     		b	.L4
  62              	.LVL6:
  63              	.L5:
  96:Drivers/STM32H7xx_HAL_Driver/Src/stm32h7xx_hal_pcd_ex.c ****     {
  97:Drivers/STM32H7xx_HAL_Driver/Src/stm32h7xx_hal_pcd_ex.c ****       Tx_Offset += (hpcd->Instance->DIEPTXF[i] >> 16);
  64              		.loc 1 97 0 discriminator 3
  65 001c 03F14001 		add	r1, r3, #64
  66 0020 04EB8101 		add	r1, r4, r1, lsl #2
  67 0024 4968     		ldr	r1, [r1, #4]
  68 0026 00EB1140 		add	r0, r0, r1, lsr #16
  69              	.LVL7:
  95:Drivers/STM32H7xx_HAL_Driver/Src/stm32h7xx_hal_pcd_ex.c ****     for (i = 0U; i < (fifo - 1U); i++)
  70              		.loc 1 95 0 discriminator 3
  71 002a 0133     		adds	r3, r3, #1
  72              	.LVL8:
  73 002c DBB2     		uxtb	r3, r3
  74              	.LVL9:
ARM GAS  C:\Users\xiaofei\AppData\Local\Temp\cciKE2ad.s 			page 4


  75              	.L4:
  95:Drivers/STM32H7xx_HAL_Driver/Src/stm32h7xx_hal_pcd_ex.c ****     for (i = 0U; i < (fifo - 1U); i++)
  76              		.loc 1 95 0 is_stmt 0 discriminator 1
  77 002e 691E     		subs	r1, r5, #1
  78 0030 8B42     		cmp	r3, r1
  79 0032 F3D3     		bcc	.L5
  98:Drivers/STM32H7xx_HAL_Driver/Src/stm32h7xx_hal_pcd_ex.c ****     }
  99:Drivers/STM32H7xx_HAL_Driver/Src/stm32h7xx_hal_pcd_ex.c **** 
 100:Drivers/STM32H7xx_HAL_Driver/Src/stm32h7xx_hal_pcd_ex.c ****     /* Multiply Tx_Size by 2 to get higher performance */
 101:Drivers/STM32H7xx_HAL_Driver/Src/stm32h7xx_hal_pcd_ex.c ****     hpcd->Instance->DIEPTXF[fifo - 1U] = ((uint32_t)size << 16) | Tx_Offset;
  80              		.loc 1 101 0 is_stmt 1
  81 0034 40EA0240 		orr	r0, r0, r2, lsl #16
  82              	.LVL10:
  83 0038 05F13F01 		add	r1, r5, #63
  84 003c 04EB8101 		add	r1, r4, r1, lsl #2
  85 0040 4860     		str	r0, [r1, #4]
  86              	.LVL11:
  87              	.L3:
 102:Drivers/STM32H7xx_HAL_Driver/Src/stm32h7xx_hal_pcd_ex.c ****   }
 103:Drivers/STM32H7xx_HAL_Driver/Src/stm32h7xx_hal_pcd_ex.c **** 
 104:Drivers/STM32H7xx_HAL_Driver/Src/stm32h7xx_hal_pcd_ex.c ****   return HAL_OK;
 105:Drivers/STM32H7xx_HAL_Driver/Src/stm32h7xx_hal_pcd_ex.c **** }
  88              		.loc 1 105 0
  89 0042 0020     		movs	r0, #0
  90 0044 30BC     		pop	{r4, r5}
  91              	.LCFI1:
  92              		.cfi_restore 5
  93              		.cfi_restore 4
  94              		.cfi_def_cfa_offset 0
  95 0046 7047     		bx	lr
  96              		.cfi_endproc
  97              	.LFE141:
  99              		.section	.text.HAL_PCDEx_SetRxFiFo,"ax",%progbits
 100              		.align	2
 101              		.global	HAL_PCDEx_SetRxFiFo
 102              		.thumb
 103              		.thumb_func
 105              	HAL_PCDEx_SetRxFiFo:
 106              	.LFB142:
 106:Drivers/STM32H7xx_HAL_Driver/Src/stm32h7xx_hal_pcd_ex.c **** 
 107:Drivers/STM32H7xx_HAL_Driver/Src/stm32h7xx_hal_pcd_ex.c **** /**
 108:Drivers/STM32H7xx_HAL_Driver/Src/stm32h7xx_hal_pcd_ex.c ****   * @brief  Set Rx FIFO
 109:Drivers/STM32H7xx_HAL_Driver/Src/stm32h7xx_hal_pcd_ex.c ****   * @param  hpcd PCD handle
 110:Drivers/STM32H7xx_HAL_Driver/Src/stm32h7xx_hal_pcd_ex.c ****   * @param  size Size of Rx fifo
 111:Drivers/STM32H7xx_HAL_Driver/Src/stm32h7xx_hal_pcd_ex.c ****   * @retval HAL status
 112:Drivers/STM32H7xx_HAL_Driver/Src/stm32h7xx_hal_pcd_ex.c ****   */
 113:Drivers/STM32H7xx_HAL_Driver/Src/stm32h7xx_hal_pcd_ex.c **** HAL_StatusTypeDef HAL_PCDEx_SetRxFiFo(PCD_HandleTypeDef *hpcd, uint16_t size)
 114:Drivers/STM32H7xx_HAL_Driver/Src/stm32h7xx_hal_pcd_ex.c **** {
 107              		.loc 1 114 0
 108              		.cfi_startproc
 109              		@ args = 0, pretend = 0, frame = 0
 110              		@ frame_needed = 0, uses_anonymous_args = 0
 111              		@ link register save eliminated.
 112              	.LVL12:
 115:Drivers/STM32H7xx_HAL_Driver/Src/stm32h7xx_hal_pcd_ex.c ****   hpcd->Instance->GRXFSIZ = size;
 113              		.loc 1 115 0
 114 0000 0368     		ldr	r3, [r0]
ARM GAS  C:\Users\xiaofei\AppData\Local\Temp\cciKE2ad.s 			page 5


 115 0002 5962     		str	r1, [r3, #36]
 116:Drivers/STM32H7xx_HAL_Driver/Src/stm32h7xx_hal_pcd_ex.c **** 
 117:Drivers/STM32H7xx_HAL_Driver/Src/stm32h7xx_hal_pcd_ex.c ****   return HAL_OK;
 118:Drivers/STM32H7xx_HAL_Driver/Src/stm32h7xx_hal_pcd_ex.c **** }
 116              		.loc 1 118 0
 117 0004 0020     		movs	r0, #0
 118              	.LVL13:
 119 0006 7047     		bx	lr
 120              		.cfi_endproc
 121              	.LFE142:
 123              		.section	.text.HAL_PCDEx_ActivateLPM,"ax",%progbits
 124              		.align	2
 125              		.global	HAL_PCDEx_ActivateLPM
 126              		.thumb
 127              		.thumb_func
 129              	HAL_PCDEx_ActivateLPM:
 130              	.LFB143:
 119:Drivers/STM32H7xx_HAL_Driver/Src/stm32h7xx_hal_pcd_ex.c **** 
 120:Drivers/STM32H7xx_HAL_Driver/Src/stm32h7xx_hal_pcd_ex.c **** /**
 121:Drivers/STM32H7xx_HAL_Driver/Src/stm32h7xx_hal_pcd_ex.c ****   * @brief  Activate LPM feature.
 122:Drivers/STM32H7xx_HAL_Driver/Src/stm32h7xx_hal_pcd_ex.c ****   * @param  hpcd PCD handle
 123:Drivers/STM32H7xx_HAL_Driver/Src/stm32h7xx_hal_pcd_ex.c ****   * @retval HAL status
 124:Drivers/STM32H7xx_HAL_Driver/Src/stm32h7xx_hal_pcd_ex.c ****   */
 125:Drivers/STM32H7xx_HAL_Driver/Src/stm32h7xx_hal_pcd_ex.c **** HAL_StatusTypeDef HAL_PCDEx_ActivateLPM(PCD_HandleTypeDef *hpcd)
 126:Drivers/STM32H7xx_HAL_Driver/Src/stm32h7xx_hal_pcd_ex.c **** {
 131              		.loc 1 126 0
 132              		.cfi_startproc
 133              		@ args = 0, pretend = 0, frame = 0
 134              		@ frame_needed = 0, uses_anonymous_args = 0
 135              		@ link register save eliminated.
 136              	.LVL14:
 137 0000 0246     		mov	r2, r0
 127:Drivers/STM32H7xx_HAL_Driver/Src/stm32h7xx_hal_pcd_ex.c ****   USB_OTG_GlobalTypeDef *USBx = hpcd->Instance;
 138              		.loc 1 127 0
 139 0002 0368     		ldr	r3, [r0]
 140              	.LVL15:
 128:Drivers/STM32H7xx_HAL_Driver/Src/stm32h7xx_hal_pcd_ex.c **** 
 129:Drivers/STM32H7xx_HAL_Driver/Src/stm32h7xx_hal_pcd_ex.c ****   hpcd->lpm_active = 1U;
 141              		.loc 1 129 0
 142 0004 0121     		movs	r1, #1
 143 0006 C0F8FC13 		str	r1, [r0, #1020]
 130:Drivers/STM32H7xx_HAL_Driver/Src/stm32h7xx_hal_pcd_ex.c ****   hpcd->LPM_State = LPM_L0;
 144              		.loc 1 130 0
 145 000a 0020     		movs	r0, #0
 146              	.LVL16:
 147 000c 82F8F403 		strb	r0, [r2, #1012]
 131:Drivers/STM32H7xx_HAL_Driver/Src/stm32h7xx_hal_pcd_ex.c ****   USBx->GINTMSK |= USB_OTG_GINTMSK_LPMINTM;
 148              		.loc 1 131 0
 149 0010 9A69     		ldr	r2, [r3, #24]
 150              	.LVL17:
 151 0012 42F00062 		orr	r2, r2, #134217728
 152 0016 9A61     		str	r2, [r3, #24]
 132:Drivers/STM32H7xx_HAL_Driver/Src/stm32h7xx_hal_pcd_ex.c ****   USBx->GLPMCFG |= (USB_OTG_GLPMCFG_LPMEN | USB_OTG_GLPMCFG_LPMACK | USB_OTG_GLPMCFG_ENBESL);
 153              		.loc 1 132 0
 154 0018 596D     		ldr	r1, [r3, #84]
 155 001a 024A     		ldr	r2, .L9
 156 001c 0A43     		orrs	r2, r2, r1
ARM GAS  C:\Users\xiaofei\AppData\Local\Temp\cciKE2ad.s 			page 6


 157 001e 5A65     		str	r2, [r3, #84]
 133:Drivers/STM32H7xx_HAL_Driver/Src/stm32h7xx_hal_pcd_ex.c **** 
 134:Drivers/STM32H7xx_HAL_Driver/Src/stm32h7xx_hal_pcd_ex.c ****   return HAL_OK;
 135:Drivers/STM32H7xx_HAL_Driver/Src/stm32h7xx_hal_pcd_ex.c **** }
 158              		.loc 1 135 0
 159 0020 7047     		bx	lr
 160              	.L10:
 161 0022 00BF     		.align	2
 162              	.L9:
 163 0024 03000010 		.word	268435459
 164              		.cfi_endproc
 165              	.LFE143:
 167              		.section	.text.HAL_PCDEx_DeActivateLPM,"ax",%progbits
 168              		.align	2
 169              		.global	HAL_PCDEx_DeActivateLPM
 170              		.thumb
 171              		.thumb_func
 173              	HAL_PCDEx_DeActivateLPM:
 174              	.LFB144:
 136:Drivers/STM32H7xx_HAL_Driver/Src/stm32h7xx_hal_pcd_ex.c **** 
 137:Drivers/STM32H7xx_HAL_Driver/Src/stm32h7xx_hal_pcd_ex.c **** /**
 138:Drivers/STM32H7xx_HAL_Driver/Src/stm32h7xx_hal_pcd_ex.c ****   * @brief  Deactivate LPM feature.
 139:Drivers/STM32H7xx_HAL_Driver/Src/stm32h7xx_hal_pcd_ex.c ****   * @param  hpcd PCD handle
 140:Drivers/STM32H7xx_HAL_Driver/Src/stm32h7xx_hal_pcd_ex.c ****   * @retval HAL status
 141:Drivers/STM32H7xx_HAL_Driver/Src/stm32h7xx_hal_pcd_ex.c ****   */
 142:Drivers/STM32H7xx_HAL_Driver/Src/stm32h7xx_hal_pcd_ex.c **** HAL_StatusTypeDef HAL_PCDEx_DeActivateLPM(PCD_HandleTypeDef *hpcd)
 143:Drivers/STM32H7xx_HAL_Driver/Src/stm32h7xx_hal_pcd_ex.c **** {
 175              		.loc 1 143 0
 176              		.cfi_startproc
 177              		@ args = 0, pretend = 0, frame = 0
 178              		@ frame_needed = 0, uses_anonymous_args = 0
 179              		@ link register save eliminated.
 180              	.LVL18:
 144:Drivers/STM32H7xx_HAL_Driver/Src/stm32h7xx_hal_pcd_ex.c ****   USB_OTG_GlobalTypeDef *USBx = hpcd->Instance;
 181              		.loc 1 144 0
 182 0000 0368     		ldr	r3, [r0]
 183              	.LVL19:
 145:Drivers/STM32H7xx_HAL_Driver/Src/stm32h7xx_hal_pcd_ex.c **** 
 146:Drivers/STM32H7xx_HAL_Driver/Src/stm32h7xx_hal_pcd_ex.c ****   hpcd->lpm_active = 0U;
 184              		.loc 1 146 0
 185 0002 0021     		movs	r1, #0
 186 0004 C0F8FC13 		str	r1, [r0, #1020]
 147:Drivers/STM32H7xx_HAL_Driver/Src/stm32h7xx_hal_pcd_ex.c ****   USBx->GINTMSK &= ~USB_OTG_GINTMSK_LPMINTM;
 187              		.loc 1 147 0
 188 0008 9A69     		ldr	r2, [r3, #24]
 189 000a 22F00062 		bic	r2, r2, #134217728
 190 000e 9A61     		str	r2, [r3, #24]
 148:Drivers/STM32H7xx_HAL_Driver/Src/stm32h7xx_hal_pcd_ex.c ****   USBx->GLPMCFG &= ~(USB_OTG_GLPMCFG_LPMEN | USB_OTG_GLPMCFG_LPMACK | USB_OTG_GLPMCFG_ENBESL);
 191              		.loc 1 148 0
 192 0010 586D     		ldr	r0, [r3, #84]
 193              	.LVL20:
 194 0012 024A     		ldr	r2, .L12
 195 0014 0240     		ands	r2, r2, r0
 196 0016 5A65     		str	r2, [r3, #84]
 149:Drivers/STM32H7xx_HAL_Driver/Src/stm32h7xx_hal_pcd_ex.c **** 
 150:Drivers/STM32H7xx_HAL_Driver/Src/stm32h7xx_hal_pcd_ex.c ****   return HAL_OK;
 151:Drivers/STM32H7xx_HAL_Driver/Src/stm32h7xx_hal_pcd_ex.c **** }
ARM GAS  C:\Users\xiaofei\AppData\Local\Temp\cciKE2ad.s 			page 7


 197              		.loc 1 151 0
 198 0018 0846     		mov	r0, r1
 199 001a 7047     		bx	lr
 200              	.L13:
 201              		.align	2
 202              	.L12:
 203 001c FCFFFFEF 		.word	-268435460
 204              		.cfi_endproc
 205              	.LFE144:
 207              		.section	.text.HAL_PCDEx_ActivateBCD,"ax",%progbits
 208              		.align	2
 209              		.global	HAL_PCDEx_ActivateBCD
 210              		.thumb
 211              		.thumb_func
 213              	HAL_PCDEx_ActivateBCD:
 214              	.LFB146:
 152:Drivers/STM32H7xx_HAL_Driver/Src/stm32h7xx_hal_pcd_ex.c **** 
 153:Drivers/STM32H7xx_HAL_Driver/Src/stm32h7xx_hal_pcd_ex.c **** 
 154:Drivers/STM32H7xx_HAL_Driver/Src/stm32h7xx_hal_pcd_ex.c **** /**
 155:Drivers/STM32H7xx_HAL_Driver/Src/stm32h7xx_hal_pcd_ex.c ****   * @brief  Handle BatteryCharging Process.
 156:Drivers/STM32H7xx_HAL_Driver/Src/stm32h7xx_hal_pcd_ex.c ****   * @param  hpcd PCD handle
 157:Drivers/STM32H7xx_HAL_Driver/Src/stm32h7xx_hal_pcd_ex.c ****   * @retval HAL status
 158:Drivers/STM32H7xx_HAL_Driver/Src/stm32h7xx_hal_pcd_ex.c ****   */
 159:Drivers/STM32H7xx_HAL_Driver/Src/stm32h7xx_hal_pcd_ex.c **** void HAL_PCDEx_BCD_VBUSDetect(PCD_HandleTypeDef *hpcd)
 160:Drivers/STM32H7xx_HAL_Driver/Src/stm32h7xx_hal_pcd_ex.c **** {
 161:Drivers/STM32H7xx_HAL_Driver/Src/stm32h7xx_hal_pcd_ex.c ****   USB_OTG_GlobalTypeDef *USBx = hpcd->Instance;
 162:Drivers/STM32H7xx_HAL_Driver/Src/stm32h7xx_hal_pcd_ex.c ****   uint32_t tickstart = HAL_GetTick();
 163:Drivers/STM32H7xx_HAL_Driver/Src/stm32h7xx_hal_pcd_ex.c **** 
 164:Drivers/STM32H7xx_HAL_Driver/Src/stm32h7xx_hal_pcd_ex.c ****   /* Enable DCD : Data Contact Detect */
 165:Drivers/STM32H7xx_HAL_Driver/Src/stm32h7xx_hal_pcd_ex.c ****   USBx->GCCFG |= USB_OTG_GCCFG_DCDEN;
 166:Drivers/STM32H7xx_HAL_Driver/Src/stm32h7xx_hal_pcd_ex.c **** 
 167:Drivers/STM32H7xx_HAL_Driver/Src/stm32h7xx_hal_pcd_ex.c ****   /* Wait Detect flag or a timeout is happen*/
 168:Drivers/STM32H7xx_HAL_Driver/Src/stm32h7xx_hal_pcd_ex.c ****   while ((USBx->GCCFG & USB_OTG_GCCFG_DCDET) == 0U)
 169:Drivers/STM32H7xx_HAL_Driver/Src/stm32h7xx_hal_pcd_ex.c ****   {
 170:Drivers/STM32H7xx_HAL_Driver/Src/stm32h7xx_hal_pcd_ex.c ****     /* Check for the Timeout */
 171:Drivers/STM32H7xx_HAL_Driver/Src/stm32h7xx_hal_pcd_ex.c ****     if ((HAL_GetTick() - tickstart) > 1000U)
 172:Drivers/STM32H7xx_HAL_Driver/Src/stm32h7xx_hal_pcd_ex.c ****     {
 173:Drivers/STM32H7xx_HAL_Driver/Src/stm32h7xx_hal_pcd_ex.c **** #if (USE_HAL_PCD_REGISTER_CALLBACKS == 1U)
 174:Drivers/STM32H7xx_HAL_Driver/Src/stm32h7xx_hal_pcd_ex.c ****       hpcd->BCDCallback(hpcd, PCD_BCD_ERROR);
 175:Drivers/STM32H7xx_HAL_Driver/Src/stm32h7xx_hal_pcd_ex.c **** #else
 176:Drivers/STM32H7xx_HAL_Driver/Src/stm32h7xx_hal_pcd_ex.c ****       HAL_PCDEx_BCD_Callback(hpcd, PCD_BCD_ERROR);
 177:Drivers/STM32H7xx_HAL_Driver/Src/stm32h7xx_hal_pcd_ex.c **** #endif /* USE_HAL_PCD_REGISTER_CALLBACKS */
 178:Drivers/STM32H7xx_HAL_Driver/Src/stm32h7xx_hal_pcd_ex.c **** 
 179:Drivers/STM32H7xx_HAL_Driver/Src/stm32h7xx_hal_pcd_ex.c ****       return;
 180:Drivers/STM32H7xx_HAL_Driver/Src/stm32h7xx_hal_pcd_ex.c ****     }
 181:Drivers/STM32H7xx_HAL_Driver/Src/stm32h7xx_hal_pcd_ex.c ****   }
 182:Drivers/STM32H7xx_HAL_Driver/Src/stm32h7xx_hal_pcd_ex.c **** 
 183:Drivers/STM32H7xx_HAL_Driver/Src/stm32h7xx_hal_pcd_ex.c ****   /* Right response got */
 184:Drivers/STM32H7xx_HAL_Driver/Src/stm32h7xx_hal_pcd_ex.c ****   HAL_Delay(200U);
 185:Drivers/STM32H7xx_HAL_Driver/Src/stm32h7xx_hal_pcd_ex.c **** 
 186:Drivers/STM32H7xx_HAL_Driver/Src/stm32h7xx_hal_pcd_ex.c ****   /* Check Detect flag*/
 187:Drivers/STM32H7xx_HAL_Driver/Src/stm32h7xx_hal_pcd_ex.c ****   if ((USBx->GCCFG & USB_OTG_GCCFG_DCDET) == USB_OTG_GCCFG_DCDET)
 188:Drivers/STM32H7xx_HAL_Driver/Src/stm32h7xx_hal_pcd_ex.c ****   {
 189:Drivers/STM32H7xx_HAL_Driver/Src/stm32h7xx_hal_pcd_ex.c **** #if (USE_HAL_PCD_REGISTER_CALLBACKS == 1U)
 190:Drivers/STM32H7xx_HAL_Driver/Src/stm32h7xx_hal_pcd_ex.c ****     hpcd->BCDCallback(hpcd, PCD_BCD_CONTACT_DETECTION);
 191:Drivers/STM32H7xx_HAL_Driver/Src/stm32h7xx_hal_pcd_ex.c **** #else
 192:Drivers/STM32H7xx_HAL_Driver/Src/stm32h7xx_hal_pcd_ex.c ****     HAL_PCDEx_BCD_Callback(hpcd, PCD_BCD_CONTACT_DETECTION);
ARM GAS  C:\Users\xiaofei\AppData\Local\Temp\cciKE2ad.s 			page 8


 193:Drivers/STM32H7xx_HAL_Driver/Src/stm32h7xx_hal_pcd_ex.c **** #endif /* USE_HAL_PCD_REGISTER_CALLBACKS */
 194:Drivers/STM32H7xx_HAL_Driver/Src/stm32h7xx_hal_pcd_ex.c ****   }
 195:Drivers/STM32H7xx_HAL_Driver/Src/stm32h7xx_hal_pcd_ex.c **** 
 196:Drivers/STM32H7xx_HAL_Driver/Src/stm32h7xx_hal_pcd_ex.c ****   /*Primary detection: checks if connected to Standard Downstream Port
 197:Drivers/STM32H7xx_HAL_Driver/Src/stm32h7xx_hal_pcd_ex.c ****   (without charging capability) */
 198:Drivers/STM32H7xx_HAL_Driver/Src/stm32h7xx_hal_pcd_ex.c ****   USBx->GCCFG &= ~ USB_OTG_GCCFG_DCDEN;
 199:Drivers/STM32H7xx_HAL_Driver/Src/stm32h7xx_hal_pcd_ex.c ****   HAL_Delay(50U);
 200:Drivers/STM32H7xx_HAL_Driver/Src/stm32h7xx_hal_pcd_ex.c ****   USBx->GCCFG |=  USB_OTG_GCCFG_PDEN;
 201:Drivers/STM32H7xx_HAL_Driver/Src/stm32h7xx_hal_pcd_ex.c ****   HAL_Delay(50U);
 202:Drivers/STM32H7xx_HAL_Driver/Src/stm32h7xx_hal_pcd_ex.c **** 
 203:Drivers/STM32H7xx_HAL_Driver/Src/stm32h7xx_hal_pcd_ex.c ****   if ((USBx->GCCFG & USB_OTG_GCCFG_PDET) == 0U)
 204:Drivers/STM32H7xx_HAL_Driver/Src/stm32h7xx_hal_pcd_ex.c ****   {
 205:Drivers/STM32H7xx_HAL_Driver/Src/stm32h7xx_hal_pcd_ex.c ****     /* Case of Standard Downstream Port */
 206:Drivers/STM32H7xx_HAL_Driver/Src/stm32h7xx_hal_pcd_ex.c **** #if (USE_HAL_PCD_REGISTER_CALLBACKS == 1U)
 207:Drivers/STM32H7xx_HAL_Driver/Src/stm32h7xx_hal_pcd_ex.c ****     hpcd->BCDCallback(hpcd, PCD_BCD_STD_DOWNSTREAM_PORT);
 208:Drivers/STM32H7xx_HAL_Driver/Src/stm32h7xx_hal_pcd_ex.c **** #else
 209:Drivers/STM32H7xx_HAL_Driver/Src/stm32h7xx_hal_pcd_ex.c ****     HAL_PCDEx_BCD_Callback(hpcd, PCD_BCD_STD_DOWNSTREAM_PORT);
 210:Drivers/STM32H7xx_HAL_Driver/Src/stm32h7xx_hal_pcd_ex.c **** #endif /* USE_HAL_PCD_REGISTER_CALLBACKS */
 211:Drivers/STM32H7xx_HAL_Driver/Src/stm32h7xx_hal_pcd_ex.c ****   }
 212:Drivers/STM32H7xx_HAL_Driver/Src/stm32h7xx_hal_pcd_ex.c ****   else
 213:Drivers/STM32H7xx_HAL_Driver/Src/stm32h7xx_hal_pcd_ex.c ****   {
 214:Drivers/STM32H7xx_HAL_Driver/Src/stm32h7xx_hal_pcd_ex.c ****     /* start secondary detection to check connection to Charging Downstream
 215:Drivers/STM32H7xx_HAL_Driver/Src/stm32h7xx_hal_pcd_ex.c ****     Port or Dedicated Charging Port */
 216:Drivers/STM32H7xx_HAL_Driver/Src/stm32h7xx_hal_pcd_ex.c ****     USBx->GCCFG &= ~ USB_OTG_GCCFG_PDEN;
 217:Drivers/STM32H7xx_HAL_Driver/Src/stm32h7xx_hal_pcd_ex.c ****     HAL_Delay(50U);
 218:Drivers/STM32H7xx_HAL_Driver/Src/stm32h7xx_hal_pcd_ex.c ****     USBx->GCCFG |=  USB_OTG_GCCFG_SDEN;
 219:Drivers/STM32H7xx_HAL_Driver/Src/stm32h7xx_hal_pcd_ex.c ****     HAL_Delay(50U);
 220:Drivers/STM32H7xx_HAL_Driver/Src/stm32h7xx_hal_pcd_ex.c **** 
 221:Drivers/STM32H7xx_HAL_Driver/Src/stm32h7xx_hal_pcd_ex.c ****     if ((USBx->GCCFG & USB_OTG_GCCFG_SDET) == USB_OTG_GCCFG_SDET)
 222:Drivers/STM32H7xx_HAL_Driver/Src/stm32h7xx_hal_pcd_ex.c ****     {
 223:Drivers/STM32H7xx_HAL_Driver/Src/stm32h7xx_hal_pcd_ex.c ****       /* case Dedicated Charging Port  */
 224:Drivers/STM32H7xx_HAL_Driver/Src/stm32h7xx_hal_pcd_ex.c **** #if (USE_HAL_PCD_REGISTER_CALLBACKS == 1U)
 225:Drivers/STM32H7xx_HAL_Driver/Src/stm32h7xx_hal_pcd_ex.c ****       hpcd->BCDCallback(hpcd, PCD_BCD_DEDICATED_CHARGING_PORT);
 226:Drivers/STM32H7xx_HAL_Driver/Src/stm32h7xx_hal_pcd_ex.c **** #else
 227:Drivers/STM32H7xx_HAL_Driver/Src/stm32h7xx_hal_pcd_ex.c ****       HAL_PCDEx_BCD_Callback(hpcd, PCD_BCD_DEDICATED_CHARGING_PORT);
 228:Drivers/STM32H7xx_HAL_Driver/Src/stm32h7xx_hal_pcd_ex.c **** #endif /* USE_HAL_PCD_REGISTER_CALLBACKS */
 229:Drivers/STM32H7xx_HAL_Driver/Src/stm32h7xx_hal_pcd_ex.c ****     }
 230:Drivers/STM32H7xx_HAL_Driver/Src/stm32h7xx_hal_pcd_ex.c ****     else
 231:Drivers/STM32H7xx_HAL_Driver/Src/stm32h7xx_hal_pcd_ex.c ****     {
 232:Drivers/STM32H7xx_HAL_Driver/Src/stm32h7xx_hal_pcd_ex.c ****       /* case Charging Downstream Port  */
 233:Drivers/STM32H7xx_HAL_Driver/Src/stm32h7xx_hal_pcd_ex.c **** #if (USE_HAL_PCD_REGISTER_CALLBACKS == 1U)
 234:Drivers/STM32H7xx_HAL_Driver/Src/stm32h7xx_hal_pcd_ex.c ****       hpcd->BCDCallback(hpcd, PCD_BCD_CHARGING_DOWNSTREAM_PORT);
 235:Drivers/STM32H7xx_HAL_Driver/Src/stm32h7xx_hal_pcd_ex.c **** #else
 236:Drivers/STM32H7xx_HAL_Driver/Src/stm32h7xx_hal_pcd_ex.c ****       HAL_PCDEx_BCD_Callback(hpcd, PCD_BCD_CHARGING_DOWNSTREAM_PORT);
 237:Drivers/STM32H7xx_HAL_Driver/Src/stm32h7xx_hal_pcd_ex.c **** #endif /* USE_HAL_PCD_REGISTER_CALLBACKS */
 238:Drivers/STM32H7xx_HAL_Driver/Src/stm32h7xx_hal_pcd_ex.c ****     }
 239:Drivers/STM32H7xx_HAL_Driver/Src/stm32h7xx_hal_pcd_ex.c ****   }
 240:Drivers/STM32H7xx_HAL_Driver/Src/stm32h7xx_hal_pcd_ex.c **** 
 241:Drivers/STM32H7xx_HAL_Driver/Src/stm32h7xx_hal_pcd_ex.c ****   /* Battery Charging capability discovery finished */
 242:Drivers/STM32H7xx_HAL_Driver/Src/stm32h7xx_hal_pcd_ex.c ****   (void)HAL_PCDEx_DeActivateBCD(hpcd);
 243:Drivers/STM32H7xx_HAL_Driver/Src/stm32h7xx_hal_pcd_ex.c **** 
 244:Drivers/STM32H7xx_HAL_Driver/Src/stm32h7xx_hal_pcd_ex.c **** #if (USE_HAL_PCD_REGISTER_CALLBACKS == 1U)
 245:Drivers/STM32H7xx_HAL_Driver/Src/stm32h7xx_hal_pcd_ex.c ****   hpcd->BCDCallback(hpcd, PCD_BCD_DISCOVERY_COMPLETED);
 246:Drivers/STM32H7xx_HAL_Driver/Src/stm32h7xx_hal_pcd_ex.c **** #else
 247:Drivers/STM32H7xx_HAL_Driver/Src/stm32h7xx_hal_pcd_ex.c ****   HAL_PCDEx_BCD_Callback(hpcd, PCD_BCD_DISCOVERY_COMPLETED);
 248:Drivers/STM32H7xx_HAL_Driver/Src/stm32h7xx_hal_pcd_ex.c **** #endif /* USE_HAL_PCD_REGISTER_CALLBACKS */
 249:Drivers/STM32H7xx_HAL_Driver/Src/stm32h7xx_hal_pcd_ex.c **** }
ARM GAS  C:\Users\xiaofei\AppData\Local\Temp\cciKE2ad.s 			page 9


 250:Drivers/STM32H7xx_HAL_Driver/Src/stm32h7xx_hal_pcd_ex.c **** 
 251:Drivers/STM32H7xx_HAL_Driver/Src/stm32h7xx_hal_pcd_ex.c **** /**
 252:Drivers/STM32H7xx_HAL_Driver/Src/stm32h7xx_hal_pcd_ex.c ****   * @brief  Activate BatteryCharging feature.
 253:Drivers/STM32H7xx_HAL_Driver/Src/stm32h7xx_hal_pcd_ex.c ****   * @param  hpcd PCD handle
 254:Drivers/STM32H7xx_HAL_Driver/Src/stm32h7xx_hal_pcd_ex.c ****   * @retval HAL status
 255:Drivers/STM32H7xx_HAL_Driver/Src/stm32h7xx_hal_pcd_ex.c ****   */
 256:Drivers/STM32H7xx_HAL_Driver/Src/stm32h7xx_hal_pcd_ex.c **** HAL_StatusTypeDef HAL_PCDEx_ActivateBCD(PCD_HandleTypeDef *hpcd)
 257:Drivers/STM32H7xx_HAL_Driver/Src/stm32h7xx_hal_pcd_ex.c **** {
 215              		.loc 1 257 0
 216              		.cfi_startproc
 217              		@ args = 0, pretend = 0, frame = 0
 218              		@ frame_needed = 0, uses_anonymous_args = 0
 219              		@ link register save eliminated.
 220              	.LVL21:
 258:Drivers/STM32H7xx_HAL_Driver/Src/stm32h7xx_hal_pcd_ex.c ****   USB_OTG_GlobalTypeDef *USBx = hpcd->Instance;
 221              		.loc 1 258 0
 222 0000 0368     		ldr	r3, [r0]
 223              	.LVL22:
 259:Drivers/STM32H7xx_HAL_Driver/Src/stm32h7xx_hal_pcd_ex.c **** 
 260:Drivers/STM32H7xx_HAL_Driver/Src/stm32h7xx_hal_pcd_ex.c ****   USBx->GCCFG &= ~(USB_OTG_GCCFG_PDEN);
 224              		.loc 1 260 0
 225 0002 9A6B     		ldr	r2, [r3, #56]
 226 0004 22F40022 		bic	r2, r2, #524288
 227 0008 9A63     		str	r2, [r3, #56]
 261:Drivers/STM32H7xx_HAL_Driver/Src/stm32h7xx_hal_pcd_ex.c ****   USBx->GCCFG &= ~(USB_OTG_GCCFG_SDEN);
 228              		.loc 1 261 0
 229 000a 9A6B     		ldr	r2, [r3, #56]
 230 000c 22F48012 		bic	r2, r2, #1048576
 231 0010 9A63     		str	r2, [r3, #56]
 262:Drivers/STM32H7xx_HAL_Driver/Src/stm32h7xx_hal_pcd_ex.c **** 
 263:Drivers/STM32H7xx_HAL_Driver/Src/stm32h7xx_hal_pcd_ex.c ****   /* Power Down USB tranceiver  */
 264:Drivers/STM32H7xx_HAL_Driver/Src/stm32h7xx_hal_pcd_ex.c ****   USBx->GCCFG &= ~(USB_OTG_GCCFG_PWRDWN);
 232              		.loc 1 264 0
 233 0012 9A6B     		ldr	r2, [r3, #56]
 234 0014 22F48032 		bic	r2, r2, #65536
 235 0018 9A63     		str	r2, [r3, #56]
 265:Drivers/STM32H7xx_HAL_Driver/Src/stm32h7xx_hal_pcd_ex.c **** 
 266:Drivers/STM32H7xx_HAL_Driver/Src/stm32h7xx_hal_pcd_ex.c ****   /* Enable Battery charging */
 267:Drivers/STM32H7xx_HAL_Driver/Src/stm32h7xx_hal_pcd_ex.c ****   USBx->GCCFG |= USB_OTG_GCCFG_BCDEN;
 236              		.loc 1 267 0
 237 001a 9A6B     		ldr	r2, [r3, #56]
 238 001c 42F40032 		orr	r2, r2, #131072
 239 0020 9A63     		str	r2, [r3, #56]
 268:Drivers/STM32H7xx_HAL_Driver/Src/stm32h7xx_hal_pcd_ex.c **** 
 269:Drivers/STM32H7xx_HAL_Driver/Src/stm32h7xx_hal_pcd_ex.c ****   hpcd->battery_charging_active = 1U;
 240              		.loc 1 269 0
 241 0022 0123     		movs	r3, #1
 242              	.LVL23:
 243 0024 C0F80034 		str	r3, [r0, #1024]
 270:Drivers/STM32H7xx_HAL_Driver/Src/stm32h7xx_hal_pcd_ex.c **** 
 271:Drivers/STM32H7xx_HAL_Driver/Src/stm32h7xx_hal_pcd_ex.c ****   return HAL_OK;
 272:Drivers/STM32H7xx_HAL_Driver/Src/stm32h7xx_hal_pcd_ex.c **** }
 244              		.loc 1 272 0
 245 0028 0020     		movs	r0, #0
 246              	.LVL24:
 247 002a 7047     		bx	lr
 248              		.cfi_endproc
ARM GAS  C:\Users\xiaofei\AppData\Local\Temp\cciKE2ad.s 			page 10


 249              	.LFE146:
 251              		.section	.text.HAL_PCDEx_DeActivateBCD,"ax",%progbits
 252              		.align	2
 253              		.global	HAL_PCDEx_DeActivateBCD
 254              		.thumb
 255              		.thumb_func
 257              	HAL_PCDEx_DeActivateBCD:
 258              	.LFB147:
 273:Drivers/STM32H7xx_HAL_Driver/Src/stm32h7xx_hal_pcd_ex.c **** 
 274:Drivers/STM32H7xx_HAL_Driver/Src/stm32h7xx_hal_pcd_ex.c **** /**
 275:Drivers/STM32H7xx_HAL_Driver/Src/stm32h7xx_hal_pcd_ex.c ****   * @brief  Deactivate BatteryCharging feature.
 276:Drivers/STM32H7xx_HAL_Driver/Src/stm32h7xx_hal_pcd_ex.c ****   * @param  hpcd PCD handle
 277:Drivers/STM32H7xx_HAL_Driver/Src/stm32h7xx_hal_pcd_ex.c ****   * @retval HAL status
 278:Drivers/STM32H7xx_HAL_Driver/Src/stm32h7xx_hal_pcd_ex.c ****   */
 279:Drivers/STM32H7xx_HAL_Driver/Src/stm32h7xx_hal_pcd_ex.c **** HAL_StatusTypeDef HAL_PCDEx_DeActivateBCD(PCD_HandleTypeDef *hpcd)
 280:Drivers/STM32H7xx_HAL_Driver/Src/stm32h7xx_hal_pcd_ex.c **** {
 259              		.loc 1 280 0
 260              		.cfi_startproc
 261              		@ args = 0, pretend = 0, frame = 0
 262              		@ frame_needed = 0, uses_anonymous_args = 0
 263              		@ link register save eliminated.
 264              	.LVL25:
 281:Drivers/STM32H7xx_HAL_Driver/Src/stm32h7xx_hal_pcd_ex.c ****   USB_OTG_GlobalTypeDef *USBx = hpcd->Instance;
 265              		.loc 1 281 0
 266 0000 0368     		ldr	r3, [r0]
 267              	.LVL26:
 282:Drivers/STM32H7xx_HAL_Driver/Src/stm32h7xx_hal_pcd_ex.c **** 
 283:Drivers/STM32H7xx_HAL_Driver/Src/stm32h7xx_hal_pcd_ex.c ****   USBx->GCCFG &= ~(USB_OTG_GCCFG_SDEN);
 268              		.loc 1 283 0
 269 0002 9A6B     		ldr	r2, [r3, #56]
 270 0004 22F48012 		bic	r2, r2, #1048576
 271 0008 9A63     		str	r2, [r3, #56]
 284:Drivers/STM32H7xx_HAL_Driver/Src/stm32h7xx_hal_pcd_ex.c ****   USBx->GCCFG &= ~(USB_OTG_GCCFG_PDEN);
 272              		.loc 1 284 0
 273 000a 9A6B     		ldr	r2, [r3, #56]
 274 000c 22F40022 		bic	r2, r2, #524288
 275 0010 9A63     		str	r2, [r3, #56]
 285:Drivers/STM32H7xx_HAL_Driver/Src/stm32h7xx_hal_pcd_ex.c **** 
 286:Drivers/STM32H7xx_HAL_Driver/Src/stm32h7xx_hal_pcd_ex.c ****   /* Disable Battery charging */
 287:Drivers/STM32H7xx_HAL_Driver/Src/stm32h7xx_hal_pcd_ex.c ****   USBx->GCCFG &= ~(USB_OTG_GCCFG_BCDEN);
 276              		.loc 1 287 0
 277 0012 9A6B     		ldr	r2, [r3, #56]
 278 0014 22F40032 		bic	r2, r2, #131072
 279 0018 9A63     		str	r2, [r3, #56]
 288:Drivers/STM32H7xx_HAL_Driver/Src/stm32h7xx_hal_pcd_ex.c **** 
 289:Drivers/STM32H7xx_HAL_Driver/Src/stm32h7xx_hal_pcd_ex.c ****   hpcd->battery_charging_active = 0U;
 280              		.loc 1 289 0
 281 001a 0023     		movs	r3, #0
 282              	.LVL27:
 283 001c C0F80034 		str	r3, [r0, #1024]
 290:Drivers/STM32H7xx_HAL_Driver/Src/stm32h7xx_hal_pcd_ex.c **** 
 291:Drivers/STM32H7xx_HAL_Driver/Src/stm32h7xx_hal_pcd_ex.c ****   return HAL_OK;
 292:Drivers/STM32H7xx_HAL_Driver/Src/stm32h7xx_hal_pcd_ex.c **** }
 284              		.loc 1 292 0
 285 0020 1846     		mov	r0, r3
 286              	.LVL28:
 287 0022 7047     		bx	lr
ARM GAS  C:\Users\xiaofei\AppData\Local\Temp\cciKE2ad.s 			page 11


 288              		.cfi_endproc
 289              	.LFE147:
 291              		.section	.text.HAL_PCDEx_LPM_Callback,"ax",%progbits
 292              		.align	2
 293              		.weak	HAL_PCDEx_LPM_Callback
 294              		.thumb
 295              		.thumb_func
 297              	HAL_PCDEx_LPM_Callback:
 298              	.LFB148:
 293:Drivers/STM32H7xx_HAL_Driver/Src/stm32h7xx_hal_pcd_ex.c **** 
 294:Drivers/STM32H7xx_HAL_Driver/Src/stm32h7xx_hal_pcd_ex.c **** #endif /* defined (USB_OTG_FS) || defined (USB_OTG_HS) */
 295:Drivers/STM32H7xx_HAL_Driver/Src/stm32h7xx_hal_pcd_ex.c **** 
 296:Drivers/STM32H7xx_HAL_Driver/Src/stm32h7xx_hal_pcd_ex.c **** /**
 297:Drivers/STM32H7xx_HAL_Driver/Src/stm32h7xx_hal_pcd_ex.c ****   * @brief  Send LPM message to user layer callback.
 298:Drivers/STM32H7xx_HAL_Driver/Src/stm32h7xx_hal_pcd_ex.c ****   * @param  hpcd PCD handle
 299:Drivers/STM32H7xx_HAL_Driver/Src/stm32h7xx_hal_pcd_ex.c ****   * @param  msg LPM message
 300:Drivers/STM32H7xx_HAL_Driver/Src/stm32h7xx_hal_pcd_ex.c ****   * @retval HAL status
 301:Drivers/STM32H7xx_HAL_Driver/Src/stm32h7xx_hal_pcd_ex.c ****   */
 302:Drivers/STM32H7xx_HAL_Driver/Src/stm32h7xx_hal_pcd_ex.c **** __weak void HAL_PCDEx_LPM_Callback(PCD_HandleTypeDef *hpcd, PCD_LPM_MsgTypeDef msg)
 303:Drivers/STM32H7xx_HAL_Driver/Src/stm32h7xx_hal_pcd_ex.c **** {
 299              		.loc 1 303 0
 300              		.cfi_startproc
 301              		@ args = 0, pretend = 0, frame = 0
 302              		@ frame_needed = 0, uses_anonymous_args = 0
 303              		@ link register save eliminated.
 304              	.LVL29:
 305 0000 7047     		bx	lr
 306              		.cfi_endproc
 307              	.LFE148:
 309 0002 00BF     		.section	.text.HAL_PCDEx_BCD_Callback,"ax",%progbits
 310              		.align	2
 311              		.weak	HAL_PCDEx_BCD_Callback
 312              		.thumb
 313              		.thumb_func
 315              	HAL_PCDEx_BCD_Callback:
 316              	.LFB149:
 304:Drivers/STM32H7xx_HAL_Driver/Src/stm32h7xx_hal_pcd_ex.c ****   /* Prevent unused argument(s) compilation warning */
 305:Drivers/STM32H7xx_HAL_Driver/Src/stm32h7xx_hal_pcd_ex.c ****   UNUSED(hpcd);
 306:Drivers/STM32H7xx_HAL_Driver/Src/stm32h7xx_hal_pcd_ex.c ****   UNUSED(msg);
 307:Drivers/STM32H7xx_HAL_Driver/Src/stm32h7xx_hal_pcd_ex.c **** 
 308:Drivers/STM32H7xx_HAL_Driver/Src/stm32h7xx_hal_pcd_ex.c ****   /* NOTE : This function should not be modified, when the callback is needed,
 309:Drivers/STM32H7xx_HAL_Driver/Src/stm32h7xx_hal_pcd_ex.c ****             the HAL_PCDEx_LPM_Callback could be implemented in the user file
 310:Drivers/STM32H7xx_HAL_Driver/Src/stm32h7xx_hal_pcd_ex.c ****    */
 311:Drivers/STM32H7xx_HAL_Driver/Src/stm32h7xx_hal_pcd_ex.c **** }
 312:Drivers/STM32H7xx_HAL_Driver/Src/stm32h7xx_hal_pcd_ex.c **** 
 313:Drivers/STM32H7xx_HAL_Driver/Src/stm32h7xx_hal_pcd_ex.c **** /**
 314:Drivers/STM32H7xx_HAL_Driver/Src/stm32h7xx_hal_pcd_ex.c ****   * @brief  Send BatteryCharging message to user layer callback.
 315:Drivers/STM32H7xx_HAL_Driver/Src/stm32h7xx_hal_pcd_ex.c ****   * @param  hpcd PCD handle
 316:Drivers/STM32H7xx_HAL_Driver/Src/stm32h7xx_hal_pcd_ex.c ****   * @param  msg LPM message
 317:Drivers/STM32H7xx_HAL_Driver/Src/stm32h7xx_hal_pcd_ex.c ****   * @retval HAL status
 318:Drivers/STM32H7xx_HAL_Driver/Src/stm32h7xx_hal_pcd_ex.c ****   */
 319:Drivers/STM32H7xx_HAL_Driver/Src/stm32h7xx_hal_pcd_ex.c **** __weak void HAL_PCDEx_BCD_Callback(PCD_HandleTypeDef *hpcd, PCD_BCD_MsgTypeDef msg)
 320:Drivers/STM32H7xx_HAL_Driver/Src/stm32h7xx_hal_pcd_ex.c **** {
 317              		.loc 1 320 0
 318              		.cfi_startproc
 319              		@ args = 0, pretend = 0, frame = 0
 320              		@ frame_needed = 0, uses_anonymous_args = 0
ARM GAS  C:\Users\xiaofei\AppData\Local\Temp\cciKE2ad.s 			page 12


 321              		@ link register save eliminated.
 322              	.LVL30:
 323 0000 7047     		bx	lr
 324              		.cfi_endproc
 325              	.LFE149:
 327 0002 00BF     		.section	.text.HAL_PCDEx_BCD_VBUSDetect,"ax",%progbits
 328              		.align	2
 329              		.global	HAL_PCDEx_BCD_VBUSDetect
 330              		.thumb
 331              		.thumb_func
 333              	HAL_PCDEx_BCD_VBUSDetect:
 334              	.LFB145:
 160:Drivers/STM32H7xx_HAL_Driver/Src/stm32h7xx_hal_pcd_ex.c ****   USB_OTG_GlobalTypeDef *USBx = hpcd->Instance;
 335              		.loc 1 160 0
 336              		.cfi_startproc
 337              		@ args = 0, pretend = 0, frame = 0
 338              		@ frame_needed = 0, uses_anonymous_args = 0
 339              	.LVL31:
 160:Drivers/STM32H7xx_HAL_Driver/Src/stm32h7xx_hal_pcd_ex.c ****   USB_OTG_GlobalTypeDef *USBx = hpcd->Instance;
 340              		.loc 1 160 0
 341 0000 70B5     		push	{r4, r5, r6, lr}
 342              	.LCFI2:
 343              		.cfi_def_cfa_offset 16
 344              		.cfi_offset 4, -16
 345              		.cfi_offset 5, -12
 346              		.cfi_offset 6, -8
 347              		.cfi_offset 14, -4
 348 0002 0646     		mov	r6, r0
 161:Drivers/STM32H7xx_HAL_Driver/Src/stm32h7xx_hal_pcd_ex.c ****   uint32_t tickstart = HAL_GetTick();
 349              		.loc 1 161 0
 350 0004 0468     		ldr	r4, [r0]
 351              	.LVL32:
 162:Drivers/STM32H7xx_HAL_Driver/Src/stm32h7xx_hal_pcd_ex.c **** 
 352              		.loc 1 162 0
 353 0006 FFF7FEFF 		bl	HAL_GetTick
 354              	.LVL33:
 355 000a 0546     		mov	r5, r0
 356              	.LVL34:
 165:Drivers/STM32H7xx_HAL_Driver/Src/stm32h7xx_hal_pcd_ex.c **** 
 357              		.loc 1 165 0
 358 000c A36B     		ldr	r3, [r4, #56]
 359 000e 43F48023 		orr	r3, r3, #262144
 360 0012 A363     		str	r3, [r4, #56]
 168:Drivers/STM32H7xx_HAL_Driver/Src/stm32h7xx_hal_pcd_ex.c ****   {
 361              		.loc 1 168 0
 362 0014 0AE0     		b	.L19
 363              	.LVL35:
 364              	.L21:
 171:Drivers/STM32H7xx_HAL_Driver/Src/stm32h7xx_hal_pcd_ex.c ****     {
 365              		.loc 1 171 0
 366 0016 FFF7FEFF 		bl	HAL_GetTick
 367              	.LVL36:
 368 001a 401B     		subs	r0, r0, r5
 369 001c B0F57A7F 		cmp	r0, #1000
 370 0020 04D9     		bls	.L19
 176:Drivers/STM32H7xx_HAL_Driver/Src/stm32h7xx_hal_pcd_ex.c **** #endif /* USE_HAL_PCD_REGISTER_CALLBACKS */
 371              		.loc 1 176 0
ARM GAS  C:\Users\xiaofei\AppData\Local\Temp\cciKE2ad.s 			page 13


 372 0022 FF21     		movs	r1, #255
 373 0024 3046     		mov	r0, r6
 374 0026 FFF7FEFF 		bl	HAL_PCDEx_BCD_Callback
 375              	.LVL37:
 179:Drivers/STM32H7xx_HAL_Driver/Src/stm32h7xx_hal_pcd_ex.c ****     }
 376              		.loc 1 179 0
 377 002a 70BD     		pop	{r4, r5, r6, pc}
 378              	.LVL38:
 379              	.L19:
 168:Drivers/STM32H7xx_HAL_Driver/Src/stm32h7xx_hal_pcd_ex.c ****   {
 380              		.loc 1 168 0
 381 002c A36B     		ldr	r3, [r4, #56]
 382 002e 13F0010F 		tst	r3, #1
 383 0032 F0D0     		beq	.L21
 184:Drivers/STM32H7xx_HAL_Driver/Src/stm32h7xx_hal_pcd_ex.c **** 
 384              		.loc 1 184 0
 385 0034 C820     		movs	r0, #200
 386 0036 FFF7FEFF 		bl	HAL_Delay
 387              	.LVL39:
 187:Drivers/STM32H7xx_HAL_Driver/Src/stm32h7xx_hal_pcd_ex.c ****   {
 388              		.loc 1 187 0
 389 003a A36B     		ldr	r3, [r4, #56]
 390 003c 13F0010F 		tst	r3, #1
 391 0040 03D0     		beq	.L22
 192:Drivers/STM32H7xx_HAL_Driver/Src/stm32h7xx_hal_pcd_ex.c **** #endif /* USE_HAL_PCD_REGISTER_CALLBACKS */
 392              		.loc 1 192 0
 393 0042 FE21     		movs	r1, #254
 394 0044 3046     		mov	r0, r6
 395 0046 FFF7FEFF 		bl	HAL_PCDEx_BCD_Callback
 396              	.LVL40:
 397              	.L22:
 198:Drivers/STM32H7xx_HAL_Driver/Src/stm32h7xx_hal_pcd_ex.c ****   HAL_Delay(50U);
 398              		.loc 1 198 0
 399 004a A36B     		ldr	r3, [r4, #56]
 400 004c 23F48023 		bic	r3, r3, #262144
 401 0050 A363     		str	r3, [r4, #56]
 199:Drivers/STM32H7xx_HAL_Driver/Src/stm32h7xx_hal_pcd_ex.c ****   USBx->GCCFG |=  USB_OTG_GCCFG_PDEN;
 402              		.loc 1 199 0
 403 0052 3220     		movs	r0, #50
 404 0054 FFF7FEFF 		bl	HAL_Delay
 405              	.LVL41:
 200:Drivers/STM32H7xx_HAL_Driver/Src/stm32h7xx_hal_pcd_ex.c ****   HAL_Delay(50U);
 406              		.loc 1 200 0
 407 0058 A36B     		ldr	r3, [r4, #56]
 408 005a 43F40023 		orr	r3, r3, #524288
 409 005e A363     		str	r3, [r4, #56]
 201:Drivers/STM32H7xx_HAL_Driver/Src/stm32h7xx_hal_pcd_ex.c **** 
 410              		.loc 1 201 0
 411 0060 3220     		movs	r0, #50
 412 0062 FFF7FEFF 		bl	HAL_Delay
 413              	.LVL42:
 203:Drivers/STM32H7xx_HAL_Driver/Src/stm32h7xx_hal_pcd_ex.c ****   {
 414              		.loc 1 203 0
 415 0066 A36B     		ldr	r3, [r4, #56]
 416 0068 13F0020F 		tst	r3, #2
 417 006c 04D1     		bne	.L23
 209:Drivers/STM32H7xx_HAL_Driver/Src/stm32h7xx_hal_pcd_ex.c **** #endif /* USE_HAL_PCD_REGISTER_CALLBACKS */
ARM GAS  C:\Users\xiaofei\AppData\Local\Temp\cciKE2ad.s 			page 14


 418              		.loc 1 209 0
 419 006e FD21     		movs	r1, #253
 420 0070 3046     		mov	r0, r6
 421 0072 FFF7FEFF 		bl	HAL_PCDEx_BCD_Callback
 422              	.LVL43:
 423 0076 1AE0     		b	.L24
 424              	.L23:
 216:Drivers/STM32H7xx_HAL_Driver/Src/stm32h7xx_hal_pcd_ex.c ****     HAL_Delay(50U);
 425              		.loc 1 216 0
 426 0078 A36B     		ldr	r3, [r4, #56]
 427 007a 23F40023 		bic	r3, r3, #524288
 428 007e A363     		str	r3, [r4, #56]
 217:Drivers/STM32H7xx_HAL_Driver/Src/stm32h7xx_hal_pcd_ex.c ****     USBx->GCCFG |=  USB_OTG_GCCFG_SDEN;
 429              		.loc 1 217 0
 430 0080 3220     		movs	r0, #50
 431 0082 FFF7FEFF 		bl	HAL_Delay
 432              	.LVL44:
 218:Drivers/STM32H7xx_HAL_Driver/Src/stm32h7xx_hal_pcd_ex.c ****     HAL_Delay(50U);
 433              		.loc 1 218 0
 434 0086 A36B     		ldr	r3, [r4, #56]
 435 0088 43F48013 		orr	r3, r3, #1048576
 436 008c A363     		str	r3, [r4, #56]
 219:Drivers/STM32H7xx_HAL_Driver/Src/stm32h7xx_hal_pcd_ex.c **** 
 437              		.loc 1 219 0
 438 008e 3220     		movs	r0, #50
 439 0090 FFF7FEFF 		bl	HAL_Delay
 440              	.LVL45:
 221:Drivers/STM32H7xx_HAL_Driver/Src/stm32h7xx_hal_pcd_ex.c ****     {
 441              		.loc 1 221 0
 442 0094 A36B     		ldr	r3, [r4, #56]
 443 0096 13F0040F 		tst	r3, #4
 444 009a 04D0     		beq	.L25
 227:Drivers/STM32H7xx_HAL_Driver/Src/stm32h7xx_hal_pcd_ex.c **** #endif /* USE_HAL_PCD_REGISTER_CALLBACKS */
 445              		.loc 1 227 0
 446 009c FB21     		movs	r1, #251
 447 009e 3046     		mov	r0, r6
 448 00a0 FFF7FEFF 		bl	HAL_PCDEx_BCD_Callback
 449              	.LVL46:
 450 00a4 03E0     		b	.L24
 451              	.L25:
 236:Drivers/STM32H7xx_HAL_Driver/Src/stm32h7xx_hal_pcd_ex.c **** #endif /* USE_HAL_PCD_REGISTER_CALLBACKS */
 452              		.loc 1 236 0
 453 00a6 FC21     		movs	r1, #252
 454 00a8 3046     		mov	r0, r6
 455 00aa FFF7FEFF 		bl	HAL_PCDEx_BCD_Callback
 456              	.LVL47:
 457              	.L24:
 242:Drivers/STM32H7xx_HAL_Driver/Src/stm32h7xx_hal_pcd_ex.c **** 
 458              		.loc 1 242 0
 459 00ae 3046     		mov	r0, r6
 460 00b0 FFF7FEFF 		bl	HAL_PCDEx_DeActivateBCD
 461              	.LVL48:
 247:Drivers/STM32H7xx_HAL_Driver/Src/stm32h7xx_hal_pcd_ex.c **** #endif /* USE_HAL_PCD_REGISTER_CALLBACKS */
 462              		.loc 1 247 0
 463 00b4 0021     		movs	r1, #0
 464 00b6 3046     		mov	r0, r6
 465 00b8 FFF7FEFF 		bl	HAL_PCDEx_BCD_Callback
ARM GAS  C:\Users\xiaofei\AppData\Local\Temp\cciKE2ad.s 			page 15


 466              	.LVL49:
 467 00bc 70BD     		pop	{r4, r5, r6, pc}
 468              		.cfi_endproc
 469              	.LFE145:
 471 00be 00BF     		.text
 472              	.Letext0:
 473              		.file 2 "d:\\program files (x86)\\gnu tools arm embedded\\5.4 2016q3\\arm-none-eabi\\include\\mach
 474              		.file 3 "d:\\program files (x86)\\gnu tools arm embedded\\5.4 2016q3\\arm-none-eabi\\include\\sys\
 475              		.file 4 "Drivers/CMSIS/Device/ST/STM32H7xx/Include/stm32h750xx.h"
 476              		.file 5 "Drivers/STM32H7xx_HAL_Driver/Inc/stm32h7xx_hal_def.h"
 477              		.file 6 "Drivers/STM32H7xx_HAL_Driver/Inc/stm32h7xx_ll_usb.h"
 478              		.file 7 "Drivers/STM32H7xx_HAL_Driver/Inc/stm32h7xx_hal_pcd.h"
 479              		.file 8 "Drivers/STM32H7xx_HAL_Driver/Inc/stm32h7xx_hal.h"
 480              		.file 9 "Drivers/CMSIS/Include/core_cm7.h"
ARM GAS  C:\Users\xiaofei\AppData\Local\Temp\cciKE2ad.s 			page 16


DEFINED SYMBOLS
                            *ABS*:00000000 stm32h7xx_hal_pcd_ex.c
C:\Users\xiaofei\AppData\Local\Temp\cciKE2ad.s:21     .text.HAL_PCDEx_SetTxFiFo:00000000 $t
C:\Users\xiaofei\AppData\Local\Temp\cciKE2ad.s:26     .text.HAL_PCDEx_SetTxFiFo:00000000 HAL_PCDEx_SetTxFiFo
C:\Users\xiaofei\AppData\Local\Temp\cciKE2ad.s:100    .text.HAL_PCDEx_SetRxFiFo:00000000 $t
C:\Users\xiaofei\AppData\Local\Temp\cciKE2ad.s:105    .text.HAL_PCDEx_SetRxFiFo:00000000 HAL_PCDEx_SetRxFiFo
C:\Users\xiaofei\AppData\Local\Temp\cciKE2ad.s:124    .text.HAL_PCDEx_ActivateLPM:00000000 $t
C:\Users\xiaofei\AppData\Local\Temp\cciKE2ad.s:129    .text.HAL_PCDEx_ActivateLPM:00000000 HAL_PCDEx_ActivateLPM
C:\Users\xiaofei\AppData\Local\Temp\cciKE2ad.s:163    .text.HAL_PCDEx_ActivateLPM:00000024 $d
C:\Users\xiaofei\AppData\Local\Temp\cciKE2ad.s:168    .text.HAL_PCDEx_DeActivateLPM:00000000 $t
C:\Users\xiaofei\AppData\Local\Temp\cciKE2ad.s:173    .text.HAL_PCDEx_DeActivateLPM:00000000 HAL_PCDEx_DeActivateLPM
C:\Users\xiaofei\AppData\Local\Temp\cciKE2ad.s:203    .text.HAL_PCDEx_DeActivateLPM:0000001c $d
C:\Users\xiaofei\AppData\Local\Temp\cciKE2ad.s:208    .text.HAL_PCDEx_ActivateBCD:00000000 $t
C:\Users\xiaofei\AppData\Local\Temp\cciKE2ad.s:213    .text.HAL_PCDEx_ActivateBCD:00000000 HAL_PCDEx_ActivateBCD
C:\Users\xiaofei\AppData\Local\Temp\cciKE2ad.s:252    .text.HAL_PCDEx_DeActivateBCD:00000000 $t
C:\Users\xiaofei\AppData\Local\Temp\cciKE2ad.s:257    .text.HAL_PCDEx_DeActivateBCD:00000000 HAL_PCDEx_DeActivateBCD
C:\Users\xiaofei\AppData\Local\Temp\cciKE2ad.s:292    .text.HAL_PCDEx_LPM_Callback:00000000 $t
C:\Users\xiaofei\AppData\Local\Temp\cciKE2ad.s:297    .text.HAL_PCDEx_LPM_Callback:00000000 HAL_PCDEx_LPM_Callback
C:\Users\xiaofei\AppData\Local\Temp\cciKE2ad.s:310    .text.HAL_PCDEx_BCD_Callback:00000000 $t
C:\Users\xiaofei\AppData\Local\Temp\cciKE2ad.s:315    .text.HAL_PCDEx_BCD_Callback:00000000 HAL_PCDEx_BCD_Callback
C:\Users\xiaofei\AppData\Local\Temp\cciKE2ad.s:328    .text.HAL_PCDEx_BCD_VBUSDetect:00000000 $t
C:\Users\xiaofei\AppData\Local\Temp\cciKE2ad.s:333    .text.HAL_PCDEx_BCD_VBUSDetect:00000000 HAL_PCDEx_BCD_VBUSDetect
                     .debug_frame:00000010 $d

UNDEFINED SYMBOLS
HAL_GetTick
HAL_Delay
