ARM GAS  C:\Users\xiaofei\AppData\Local\Temp\cc90d3Wc.s 			page 1


   1              		.syntax unified
   2              		.cpu cortex-m7
   3              		.eabi_attribute 28, 1
   4              		.fpu fpv5-d16
   5              		.eabi_attribute 20, 1
   6              		.eabi_attribute 21, 1
   7              		.eabi_attribute 23, 3
   8              		.eabi_attribute 24, 1
   9              		.eabi_attribute 25, 1
  10              		.eabi_attribute 26, 1
  11              		.eabi_attribute 30, 1
  12              		.eabi_attribute 34, 1
  13              		.eabi_attribute 18, 4
  14              		.thumb
  15              		.syntax unified
  16              		.file	"timers.c"
  17              		.ident	"GCC: (GNU Tools for ARM Embedded Processors) 5.4.1 20160919 (release) [ARM/embedded-5-bran
ARM GAS  C:\Users\xiaofei\AppData\Local\Temp\cc90d3Wc.s 			page 2


DEFINED SYMBOLS
                            *ABS*:00000000 timers.c

NO UNDEFINED SYMBOLS
