ARM GAS  C:\Users\xiaofei\AppData\Local\Temp\ccwNGLvy.s 			page 1


   1              		.syntax unified
   2              		.cpu cortex-m7
   3              		.eabi_attribute 28, 1
   4              		.fpu fpv5-d16
   5              		.eabi_attribute 20, 1
   6              		.eabi_attribute 21, 1
   7              		.eabi_attribute 23, 3
   8              		.eabi_attribute 24, 1
   9              		.eabi_attribute 25, 1
  10              		.eabi_attribute 26, 1
  11              		.eabi_attribute 30, 1
  12              		.eabi_attribute 34, 1
  13              		.eabi_attribute 18, 4
  14              		.thumb
  15              		.syntax unified
  16              		.file	"usb_device.c"
  17              		.text
  18              	.Ltext0:
  19              		.cfi_sections	.debug_frame
  20              		.section	.text.VCP_Status,"ax",%progbits
  21              		.align	2
  22              		.global	VCP_Status
  23              		.thumb
  24              		.thumb_func
  26              	VCP_Status:
  27              	.LFB143:
  28              		.file 1 "USB_DEVICE/App/usb_device.c"
   1:USB_DEVICE/App/usb_device.c **** /* USER CODE BEGIN Header */
   2:USB_DEVICE/App/usb_device.c **** /**
   3:USB_DEVICE/App/usb_device.c ****   ******************************************************************************
   4:USB_DEVICE/App/usb_device.c ****   * @file           : usb_device.c
   5:USB_DEVICE/App/usb_device.c ****   * @version        : v1.0_Cube
   6:USB_DEVICE/App/usb_device.c ****   * @brief          : This file implements the USB Device
   7:USB_DEVICE/App/usb_device.c ****   ******************************************************************************
   8:USB_DEVICE/App/usb_device.c ****   * @attention
   9:USB_DEVICE/App/usb_device.c ****   *
  10:USB_DEVICE/App/usb_device.c ****   * <h2><center>&copy; Copyright (c) 2021 STMicroelectronics.
  11:USB_DEVICE/App/usb_device.c ****   * All rights reserved.</center></h2>
  12:USB_DEVICE/App/usb_device.c ****   *
  13:USB_DEVICE/App/usb_device.c ****   * This software component is licensed by ST under Ultimate Liberty license
  14:USB_DEVICE/App/usb_device.c ****   * SLA0044, the "License"; You may not use this file except in compliance with
  15:USB_DEVICE/App/usb_device.c ****   * the License. You may obtain a copy of the License at:
  16:USB_DEVICE/App/usb_device.c ****   *                             www.st.com/SLA0044
  17:USB_DEVICE/App/usb_device.c ****   *
  18:USB_DEVICE/App/usb_device.c ****   ******************************************************************************
  19:USB_DEVICE/App/usb_device.c ****   */
  20:USB_DEVICE/App/usb_device.c **** /* USER CODE END Header */
  21:USB_DEVICE/App/usb_device.c **** 
  22:USB_DEVICE/App/usb_device.c **** /* Includes ------------------------------------------------------------------*/
  23:USB_DEVICE/App/usb_device.c **** 
  24:USB_DEVICE/App/usb_device.c **** #include "usb_device.h"
  25:USB_DEVICE/App/usb_device.c **** #include "usbd_core.h"
  26:USB_DEVICE/App/usb_device.c **** #include "usbd_desc.h"
  27:USB_DEVICE/App/usb_device.c **** #include "usbd_cdc.h"
  28:USB_DEVICE/App/usb_device.c **** #include "usbd_cdc_if.h"
  29:USB_DEVICE/App/usb_device.c **** 
  30:USB_DEVICE/App/usb_device.c **** /* USER CODE BEGIN Includes */
ARM GAS  C:\Users\xiaofei\AppData\Local\Temp\ccwNGLvy.s 			page 2


  31:USB_DEVICE/App/usb_device.c **** 
  32:USB_DEVICE/App/usb_device.c **** /* USER CODE END Includes */
  33:USB_DEVICE/App/usb_device.c **** 
  34:USB_DEVICE/App/usb_device.c **** /* USER CODE BEGIN PV */
  35:USB_DEVICE/App/usb_device.c **** /* Private variables ---------------------------------------------------------*/
  36:USB_DEVICE/App/usb_device.c **** 
  37:USB_DEVICE/App/usb_device.c **** /* USER CODE END PV */
  38:USB_DEVICE/App/usb_device.c **** 
  39:USB_DEVICE/App/usb_device.c **** /* USER CODE BEGIN PFP */
  40:USB_DEVICE/App/usb_device.c **** /* Private function prototypes -----------------------------------------------*/
  41:USB_DEVICE/App/usb_device.c **** 
  42:USB_DEVICE/App/usb_device.c **** /* USER CODE END PFP */
  43:USB_DEVICE/App/usb_device.c **** 
  44:USB_DEVICE/App/usb_device.c **** /* USB Device Core handle declaration. */
  45:USB_DEVICE/App/usb_device.c **** USBD_HandleTypeDef hUsbDeviceFS;
  46:USB_DEVICE/App/usb_device.c **** 
  47:USB_DEVICE/App/usb_device.c **** /*
  48:USB_DEVICE/App/usb_device.c ****  * -- Insert your variables declaration here --
  49:USB_DEVICE/App/usb_device.c ****  */
  50:USB_DEVICE/App/usb_device.c **** /* USER CODE BEGIN 0 */
  51:USB_DEVICE/App/usb_device.c **** 
  52:USB_DEVICE/App/usb_device.c **** /* USER CODE END 0 */
  53:USB_DEVICE/App/usb_device.c **** 
  54:USB_DEVICE/App/usb_device.c **** /*
  55:USB_DEVICE/App/usb_device.c ****  * -- Insert your external function declaration here --
  56:USB_DEVICE/App/usb_device.c ****  */
  57:USB_DEVICE/App/usb_device.c **** /* USER CODE BEGIN 1 */
  58:USB_DEVICE/App/usb_device.c **** void VCP_Status(void)
  59:USB_DEVICE/App/usb_device.c **** {
  29              		.loc 1 59 0
  30              		.cfi_startproc
  31              		@ args = 0, pretend = 0, frame = 0
  32              		@ frame_needed = 0, uses_anonymous_args = 0
  33 0000 08B5     		push	{r3, lr}
  34              	.LCFI0:
  35              		.cfi_def_cfa_offset 8
  36              		.cfi_offset 3, -8
  37              		.cfi_offset 14, -4
  60:USB_DEVICE/App/usb_device.c ****     static uint8_t old_status = 0;
  61:USB_DEVICE/App/usb_device.c ****  
  62:USB_DEVICE/App/usb_device.c ****     if(hUsbDeviceFS.dev_state != old_status)
  38              		.loc 1 62 0
  39 0002 0C4B     		ldr	r3, .L6
  40 0004 93F89C32 		ldrb	r3, [r3, #668]	@ zero_extendqisi2
  41 0008 0B4A     		ldr	r2, .L6+4
  42 000a 1278     		ldrb	r2, [r2]	@ zero_extendqisi2
  43 000c 9342     		cmp	r3, r2
  44 000e 0FD0     		beq	.L1
  63:USB_DEVICE/App/usb_device.c ****     {
  64:USB_DEVICE/App/usb_device.c ****         if(hUsbDeviceFS.dev_state == USBD_STATE_CONFIGURED)
  45              		.loc 1 64 0
  46 0010 032B     		cmp	r3, #3
  47 0012 03D1     		bne	.L3
  65:USB_DEVICE/App/usb_device.c ****             printf("连接成功\r\n");
  48              		.loc 1 65 0
  49 0014 0948     		ldr	r0, .L6+8
  50 0016 FFF7FEFF 		bl	puts
ARM GAS  C:\Users\xiaofei\AppData\Local\Temp\ccwNGLvy.s 			page 3


  51              	.LVL0:
  52 001a 04E0     		b	.L4
  53              	.L3:
  66:USB_DEVICE/App/usb_device.c ****         else if (hUsbDeviceFS.dev_state == USBD_STATE_SUSPENDED)
  54              		.loc 1 66 0
  55 001c 042B     		cmp	r3, #4
  56 001e 02D1     		bne	.L4
  67:USB_DEVICE/App/usb_device.c ****             printf("断开成功\r\n");
  57              		.loc 1 67 0
  58 0020 0748     		ldr	r0, .L6+12
  59 0022 FFF7FEFF 		bl	puts
  60              	.LVL1:
  61              	.L4:
  68:USB_DEVICE/App/usb_device.c ****         old_status = hUsbDeviceFS.dev_state;
  62              		.loc 1 68 0
  63 0026 034B     		ldr	r3, .L6
  64 0028 93F89C22 		ldrb	r2, [r3, #668]	@ zero_extendqisi2
  65 002c 024B     		ldr	r3, .L6+4
  66 002e 1A70     		strb	r2, [r3]
  67              	.L1:
  68 0030 08BD     		pop	{r3, pc}
  69              	.L7:
  70 0032 00BF     		.align	2
  71              	.L6:
  72 0034 00000000 		.word	hUsbDeviceFS
  73 0038 00000000 		.word	.LANCHOR0
  74 003c 00000000 		.word	.LC0
  75 0040 10000000 		.word	.LC1
  76              		.cfi_endproc
  77              	.LFE143:
  79              		.section	.text.MX_USB_DEVICE_Init,"ax",%progbits
  80              		.align	2
  81              		.global	MX_USB_DEVICE_Init
  82              		.thumb
  83              		.thumb_func
  85              	MX_USB_DEVICE_Init:
  86              	.LFB144:
  69:USB_DEVICE/App/usb_device.c ****     }    
  70:USB_DEVICE/App/usb_device.c **** }
  71:USB_DEVICE/App/usb_device.c **** 
  72:USB_DEVICE/App/usb_device.c **** /* USER CODE END 1 */
  73:USB_DEVICE/App/usb_device.c **** 
  74:USB_DEVICE/App/usb_device.c **** /**
  75:USB_DEVICE/App/usb_device.c ****   * Init USB device Library, add supported class and start the library
  76:USB_DEVICE/App/usb_device.c ****   * @retval None
  77:USB_DEVICE/App/usb_device.c ****   */
  78:USB_DEVICE/App/usb_device.c **** void MX_USB_DEVICE_Init(void)
  79:USB_DEVICE/App/usb_device.c **** {
  87              		.loc 1 79 0
  88              		.cfi_startproc
  89              		@ args = 0, pretend = 0, frame = 0
  90              		@ frame_needed = 0, uses_anonymous_args = 0
  91 0000 08B5     		push	{r3, lr}
  92              	.LCFI1:
  93              		.cfi_def_cfa_offset 8
  94              		.cfi_offset 3, -8
  95              		.cfi_offset 14, -4
ARM GAS  C:\Users\xiaofei\AppData\Local\Temp\ccwNGLvy.s 			page 4


  80:USB_DEVICE/App/usb_device.c ****   /* USER CODE BEGIN USB_DEVICE_Init_PreTreatment */
  81:USB_DEVICE/App/usb_device.c **** 
  82:USB_DEVICE/App/usb_device.c ****   /* USER CODE END USB_DEVICE_Init_PreTreatment */
  83:USB_DEVICE/App/usb_device.c **** 
  84:USB_DEVICE/App/usb_device.c ****   /* Init Device Library, add supported class and start the library. */
  85:USB_DEVICE/App/usb_device.c ****   if (USBD_Init(&hUsbDeviceFS, &FS_Desc, DEVICE_FS) != USBD_OK)
  96              		.loc 1 85 0
  97 0002 0022     		movs	r2, #0
  98 0004 0E49     		ldr	r1, .L14
  99 0006 0F48     		ldr	r0, .L14+4
 100 0008 FFF7FEFF 		bl	USBD_Init
 101              	.LVL2:
 102 000c 08B1     		cbz	r0, .L9
  86:USB_DEVICE/App/usb_device.c ****   {
  87:USB_DEVICE/App/usb_device.c ****     Error_Handler();
 103              		.loc 1 87 0
 104 000e FFF7FEFF 		bl	Error_Handler
 105              	.LVL3:
 106              	.L9:
  88:USB_DEVICE/App/usb_device.c ****   }
  89:USB_DEVICE/App/usb_device.c ****   if (USBD_RegisterClass(&hUsbDeviceFS, &USBD_CDC) != USBD_OK)
 107              		.loc 1 89 0
 108 0012 0D49     		ldr	r1, .L14+8
 109 0014 0B48     		ldr	r0, .L14+4
 110 0016 FFF7FEFF 		bl	USBD_RegisterClass
 111              	.LVL4:
 112 001a 08B1     		cbz	r0, .L10
  90:USB_DEVICE/App/usb_device.c ****   {
  91:USB_DEVICE/App/usb_device.c ****     Error_Handler();
 113              		.loc 1 91 0
 114 001c FFF7FEFF 		bl	Error_Handler
 115              	.LVL5:
 116              	.L10:
  92:USB_DEVICE/App/usb_device.c ****   }
  93:USB_DEVICE/App/usb_device.c ****   if (USBD_CDC_RegisterInterface(&hUsbDeviceFS, &USBD_Interface_fops_FS) != USBD_OK)
 117              		.loc 1 93 0
 118 0020 0A49     		ldr	r1, .L14+12
 119 0022 0848     		ldr	r0, .L14+4
 120 0024 FFF7FEFF 		bl	USBD_CDC_RegisterInterface
 121              	.LVL6:
 122 0028 08B1     		cbz	r0, .L11
  94:USB_DEVICE/App/usb_device.c ****   {
  95:USB_DEVICE/App/usb_device.c ****     Error_Handler();
 123              		.loc 1 95 0
 124 002a FFF7FEFF 		bl	Error_Handler
 125              	.LVL7:
 126              	.L11:
  96:USB_DEVICE/App/usb_device.c ****   }
  97:USB_DEVICE/App/usb_device.c ****   if (USBD_Start(&hUsbDeviceFS) != USBD_OK)
 127              		.loc 1 97 0
 128 002e 0548     		ldr	r0, .L14+4
 129 0030 FFF7FEFF 		bl	USBD_Start
 130              	.LVL8:
 131 0034 08B1     		cbz	r0, .L12
  98:USB_DEVICE/App/usb_device.c ****   {
  99:USB_DEVICE/App/usb_device.c ****     Error_Handler();
 132              		.loc 1 99 0
ARM GAS  C:\Users\xiaofei\AppData\Local\Temp\ccwNGLvy.s 			page 5


 133 0036 FFF7FEFF 		bl	Error_Handler
 134              	.LVL9:
 135              	.L12:
 100:USB_DEVICE/App/usb_device.c ****   }
 101:USB_DEVICE/App/usb_device.c **** 
 102:USB_DEVICE/App/usb_device.c ****   /* USER CODE BEGIN USB_DEVICE_Init_PostTreatment */
 103:USB_DEVICE/App/usb_device.c ****   HAL_PWREx_EnableUSBVoltageDetector();
 136              		.loc 1 103 0
 137 003a FFF7FEFF 		bl	HAL_PWREx_EnableUSBVoltageDetector
 138              	.LVL10:
 139 003e 08BD     		pop	{r3, pc}
 140              	.L15:
 141              		.align	2
 142              	.L14:
 143 0040 00000000 		.word	FS_Desc
 144 0044 00000000 		.word	hUsbDeviceFS
 145 0048 00000000 		.word	USBD_CDC
 146 004c 00000000 		.word	USBD_Interface_fops_FS
 147              		.cfi_endproc
 148              	.LFE144:
 150              		.comm	hUsbDeviceFS,720,4
 151              		.section	.bss.old_status.11506,"aw",%nobits
 152              		.set	.LANCHOR0,. + 0
 155              	old_status.11506:
 156 0000 00       		.space	1
 157              		.section	.rodata.str1.4,"aMS",%progbits,1
 158              		.align	2
 159              	.LC0:
 160 0000 E8BF9EE6 		.ascii	"\350\277\236\346\216\245\346\210\220\345\212\237\015"
 160      8EA5E688 
 160      90E58A9F 
 160      0D
 161 000d 00       		.ascii	"\000"
 162 000e 0000     		.space	2
 163              	.LC1:
 164 0010 E696ADE5 		.ascii	"\346\226\255\345\274\200\346\210\220\345\212\237\015"
 164      BC80E688 
 164      90E58A9F 
 164      0D
 165 001d 00       		.ascii	"\000"
 166              		.text
 167              	.Letext0:
 168              		.file 2 "d:\\program files (x86)\\gnu tools arm embedded\\5.4 2016q3\\arm-none-eabi\\include\\mach
 169              		.file 3 "d:\\program files (x86)\\gnu tools arm embedded\\5.4 2016q3\\arm-none-eabi\\include\\sys\
 170              		.file 4 "Middlewares/ST/STM32_USB_Device_Library/Core/Inc/usbd_def.h"
 171              		.file 5 "Middlewares/ST/STM32_USB_Device_Library/Class/CDC/Inc/usbd_cdc.h"
 172              		.file 6 "Drivers/CMSIS/Include/core_cm7.h"
 173              		.file 7 "USB_DEVICE/App/usbd_desc.h"
 174              		.file 8 "USB_DEVICE/App/usbd_cdc_if.h"
 175              		.file 9 "Middlewares/ST/STM32_USB_Device_Library/Core/Inc/usbd_core.h"
 176              		.file 10 "Core/Inc/main.h"
 177              		.file 11 "Drivers/STM32H7xx_HAL_Driver/Inc/stm32h7xx_hal_pwr_ex.h"
 178              		.file 12 "<built-in>"
ARM GAS  C:\Users\xiaofei\AppData\Local\Temp\ccwNGLvy.s 			page 6


DEFINED SYMBOLS
                            *ABS*:00000000 usb_device.c
C:\Users\xiaofei\AppData\Local\Temp\ccwNGLvy.s:21     .text.VCP_Status:00000000 $t
C:\Users\xiaofei\AppData\Local\Temp\ccwNGLvy.s:26     .text.VCP_Status:00000000 VCP_Status
C:\Users\xiaofei\AppData\Local\Temp\ccwNGLvy.s:72     .text.VCP_Status:00000034 $d
                            *COM*:000002d0 hUsbDeviceFS
C:\Users\xiaofei\AppData\Local\Temp\ccwNGLvy.s:80     .text.MX_USB_DEVICE_Init:00000000 $t
C:\Users\xiaofei\AppData\Local\Temp\ccwNGLvy.s:85     .text.MX_USB_DEVICE_Init:00000000 MX_USB_DEVICE_Init
C:\Users\xiaofei\AppData\Local\Temp\ccwNGLvy.s:143    .text.MX_USB_DEVICE_Init:00000040 $d
C:\Users\xiaofei\AppData\Local\Temp\ccwNGLvy.s:155    .bss.old_status.11506:00000000 old_status.11506
C:\Users\xiaofei\AppData\Local\Temp\ccwNGLvy.s:156    .bss.old_status.11506:00000000 $d
C:\Users\xiaofei\AppData\Local\Temp\ccwNGLvy.s:158    .rodata.str1.4:00000000 $d
                     .debug_frame:00000010 $d

UNDEFINED SYMBOLS
puts
USBD_Init
Error_Handler
USBD_RegisterClass
USBD_CDC_RegisterInterface
USBD_Start
HAL_PWREx_EnableUSBVoltageDetector
FS_Desc
USBD_CDC
USBD_Interface_fops_FS
