ARM GAS  C:\Users\xiaofei\AppData\Local\Temp\ccniZNol.s 			page 1


   1              		.syntax unified
   2              		.cpu cortex-m7
   3              		.eabi_attribute 28, 1
   4              		.fpu fpv5-d16
   5              		.eabi_attribute 20, 1
   6              		.eabi_attribute 21, 1
   7              		.eabi_attribute 23, 3
   8              		.eabi_attribute 24, 1
   9              		.eabi_attribute 25, 1
  10              		.eabi_attribute 26, 1
  11              		.eabi_attribute 30, 1
  12              		.eabi_attribute 34, 1
  13              		.eabi_attribute 18, 4
  14              		.thumb
  15              		.syntax unified
  16              		.file	"usbd_conf.c"
  17              		.text
  18              	.Ltext0:
  19              		.cfi_sections	.debug_frame
  20              		.section	.text.HAL_PCD_MspInit,"ax",%progbits
  21              		.align	2
  22              		.global	HAL_PCD_MspInit
  23              		.thumb
  24              		.thumb_func
  26              	HAL_PCD_MspInit:
  27              	.LFB143:
  28              		.file 1 "USB_DEVICE/Target/usbd_conf.c"
   1:USB_DEVICE/Target/usbd_conf.c **** /* USER CODE BEGIN Header */
   2:USB_DEVICE/Target/usbd_conf.c **** /**
   3:USB_DEVICE/Target/usbd_conf.c ****   ******************************************************************************
   4:USB_DEVICE/Target/usbd_conf.c ****   * @file           : Target/usbd_conf.c
   5:USB_DEVICE/Target/usbd_conf.c ****   * @version        : v1.0_Cube
   6:USB_DEVICE/Target/usbd_conf.c ****   * @brief          : This file implements the board support package for the USB device library
   7:USB_DEVICE/Target/usbd_conf.c ****   ******************************************************************************
   8:USB_DEVICE/Target/usbd_conf.c ****   * @attention
   9:USB_DEVICE/Target/usbd_conf.c ****   *
  10:USB_DEVICE/Target/usbd_conf.c ****   * <h2><center>&copy; Copyright (c) 2021 STMicroelectronics.
  11:USB_DEVICE/Target/usbd_conf.c ****   * All rights reserved.</center></h2>
  12:USB_DEVICE/Target/usbd_conf.c ****   *
  13:USB_DEVICE/Target/usbd_conf.c ****   * This software component is licensed by ST under Ultimate Liberty license
  14:USB_DEVICE/Target/usbd_conf.c ****   * SLA0044, the "License"; You may not use this file except in compliance with
  15:USB_DEVICE/Target/usbd_conf.c ****   * the License. You may obtain a copy of the License at:
  16:USB_DEVICE/Target/usbd_conf.c ****   *                             www.st.com/SLA0044
  17:USB_DEVICE/Target/usbd_conf.c ****   *
  18:USB_DEVICE/Target/usbd_conf.c ****   ******************************************************************************
  19:USB_DEVICE/Target/usbd_conf.c ****   */
  20:USB_DEVICE/Target/usbd_conf.c **** /* USER CODE END Header */
  21:USB_DEVICE/Target/usbd_conf.c **** 
  22:USB_DEVICE/Target/usbd_conf.c **** /* Includes ------------------------------------------------------------------*/
  23:USB_DEVICE/Target/usbd_conf.c **** #include "stm32h7xx.h"
  24:USB_DEVICE/Target/usbd_conf.c **** #include "stm32h7xx_hal.h"
  25:USB_DEVICE/Target/usbd_conf.c **** #include "usbd_def.h"
  26:USB_DEVICE/Target/usbd_conf.c **** #include "usbd_core.h"
  27:USB_DEVICE/Target/usbd_conf.c **** 
  28:USB_DEVICE/Target/usbd_conf.c **** /* USER CODE BEGIN Includes */
  29:USB_DEVICE/Target/usbd_conf.c **** 
  30:USB_DEVICE/Target/usbd_conf.c **** /* USER CODE END Includes */
ARM GAS  C:\Users\xiaofei\AppData\Local\Temp\ccniZNol.s 			page 2


  31:USB_DEVICE/Target/usbd_conf.c **** 
  32:USB_DEVICE/Target/usbd_conf.c **** /* Private typedef -----------------------------------------------------------*/
  33:USB_DEVICE/Target/usbd_conf.c **** /* Private define ------------------------------------------------------------*/
  34:USB_DEVICE/Target/usbd_conf.c **** /* Private macro -------------------------------------------------------------*/
  35:USB_DEVICE/Target/usbd_conf.c **** 
  36:USB_DEVICE/Target/usbd_conf.c **** /* USER CODE BEGIN PV */
  37:USB_DEVICE/Target/usbd_conf.c **** /* Private variables ---------------------------------------------------------*/
  38:USB_DEVICE/Target/usbd_conf.c **** 
  39:USB_DEVICE/Target/usbd_conf.c **** /* USER CODE END PV */
  40:USB_DEVICE/Target/usbd_conf.c **** 
  41:USB_DEVICE/Target/usbd_conf.c **** PCD_HandleTypeDef hpcd_USB_OTG_FS;
  42:USB_DEVICE/Target/usbd_conf.c **** void Error_Handler(void);
  43:USB_DEVICE/Target/usbd_conf.c **** 
  44:USB_DEVICE/Target/usbd_conf.c **** /* External functions --------------------------------------------------------*/
  45:USB_DEVICE/Target/usbd_conf.c **** 
  46:USB_DEVICE/Target/usbd_conf.c **** /* USER CODE BEGIN 0 */
  47:USB_DEVICE/Target/usbd_conf.c **** 
  48:USB_DEVICE/Target/usbd_conf.c **** /* USER CODE END 0 */
  49:USB_DEVICE/Target/usbd_conf.c **** 
  50:USB_DEVICE/Target/usbd_conf.c **** /* USER CODE BEGIN PFP */
  51:USB_DEVICE/Target/usbd_conf.c **** /* Private function prototypes -----------------------------------------------*/
  52:USB_DEVICE/Target/usbd_conf.c **** USBD_StatusTypeDef USBD_Get_USB_Status(HAL_StatusTypeDef hal_status);
  53:USB_DEVICE/Target/usbd_conf.c **** 
  54:USB_DEVICE/Target/usbd_conf.c **** /* USER CODE END PFP */
  55:USB_DEVICE/Target/usbd_conf.c **** 
  56:USB_DEVICE/Target/usbd_conf.c **** /* Private functions ---------------------------------------------------------*/
  57:USB_DEVICE/Target/usbd_conf.c **** 
  58:USB_DEVICE/Target/usbd_conf.c **** /* USER CODE BEGIN 1 */
  59:USB_DEVICE/Target/usbd_conf.c **** /* USER CODE END 1 */
  60:USB_DEVICE/Target/usbd_conf.c **** 
  61:USB_DEVICE/Target/usbd_conf.c **** /*******************************************************************************
  62:USB_DEVICE/Target/usbd_conf.c ****                        LL Driver Callbacks (PCD -> USB Device Library)
  63:USB_DEVICE/Target/usbd_conf.c **** *******************************************************************************/
  64:USB_DEVICE/Target/usbd_conf.c **** /* MSP Init */
  65:USB_DEVICE/Target/usbd_conf.c **** 
  66:USB_DEVICE/Target/usbd_conf.c **** void HAL_PCD_MspInit(PCD_HandleTypeDef* pcdHandle)
  67:USB_DEVICE/Target/usbd_conf.c **** {
  29              		.loc 1 67 0
  30              		.cfi_startproc
  31              		@ args = 0, pretend = 0, frame = 32
  32              		@ frame_needed = 0, uses_anonymous_args = 0
  33              	.LVL0:
  34 0000 10B5     		push	{r4, lr}
  35              	.LCFI0:
  36              		.cfi_def_cfa_offset 8
  37              		.cfi_offset 4, -8
  38              		.cfi_offset 14, -4
  39 0002 88B0     		sub	sp, sp, #32
  40              	.LCFI1:
  41              		.cfi_def_cfa_offset 40
  68:USB_DEVICE/Target/usbd_conf.c ****   GPIO_InitTypeDef GPIO_InitStruct = {0};
  42              		.loc 1 68 0
  43 0004 0023     		movs	r3, #0
  44 0006 0393     		str	r3, [sp, #12]
  45 0008 0493     		str	r3, [sp, #16]
  46 000a 0593     		str	r3, [sp, #20]
  47 000c 0693     		str	r3, [sp, #24]
ARM GAS  C:\Users\xiaofei\AppData\Local\Temp\ccniZNol.s 			page 3


  48 000e 0793     		str	r3, [sp, #28]
  69:USB_DEVICE/Target/usbd_conf.c ****   if(pcdHandle->Instance==USB_OTG_FS)
  49              		.loc 1 69 0
  50 0010 0268     		ldr	r2, [r0]
  51 0012 184B     		ldr	r3, .L4
  52 0014 9A42     		cmp	r2, r3
  53 0016 2BD1     		bne	.L1
  54              	.LBB2:
  70:USB_DEVICE/Target/usbd_conf.c ****   {
  71:USB_DEVICE/Target/usbd_conf.c ****   /* USER CODE BEGIN USB_OTG_FS_MspInit 0 */
  72:USB_DEVICE/Target/usbd_conf.c **** 
  73:USB_DEVICE/Target/usbd_conf.c ****   /* USER CODE END USB_OTG_FS_MspInit 0 */
  74:USB_DEVICE/Target/usbd_conf.c **** 
  75:USB_DEVICE/Target/usbd_conf.c ****     __HAL_RCC_GPIOA_CLK_ENABLE();
  55              		.loc 1 75 0
  56 0018 174C     		ldr	r4, .L4+4
  57 001a D4F8E030 		ldr	r3, [r4, #224]
  58 001e 43F00103 		orr	r3, r3, #1
  59 0022 C4F8E030 		str	r3, [r4, #224]
  60 0026 D4F8E030 		ldr	r3, [r4, #224]
  61 002a 03F00103 		and	r3, r3, #1
  62 002e 0193     		str	r3, [sp, #4]
  63 0030 019B     		ldr	r3, [sp, #4]
  64              	.LBE2:
  76:USB_DEVICE/Target/usbd_conf.c ****     /**USB_OTG_FS GPIO Configuration
  77:USB_DEVICE/Target/usbd_conf.c ****     PA11     ------> USB_OTG_FS_DM
  78:USB_DEVICE/Target/usbd_conf.c ****     PA12     ------> USB_OTG_FS_DP
  79:USB_DEVICE/Target/usbd_conf.c ****     */
  80:USB_DEVICE/Target/usbd_conf.c ****     GPIO_InitStruct.Pin = GPIO_PIN_11|GPIO_PIN_12;
  65              		.loc 1 80 0
  66 0032 4FF4C053 		mov	r3, #6144
  67 0036 0393     		str	r3, [sp, #12]
  81:USB_DEVICE/Target/usbd_conf.c ****     GPIO_InitStruct.Mode = GPIO_MODE_AF_PP;
  68              		.loc 1 81 0
  69 0038 0223     		movs	r3, #2
  70 003a 0493     		str	r3, [sp, #16]
  82:USB_DEVICE/Target/usbd_conf.c ****     GPIO_InitStruct.Pull = GPIO_NOPULL;
  83:USB_DEVICE/Target/usbd_conf.c ****     GPIO_InitStruct.Speed = GPIO_SPEED_FREQ_LOW;
  84:USB_DEVICE/Target/usbd_conf.c ****     GPIO_InitStruct.Alternate = GPIO_AF10_OTG1_FS;
  71              		.loc 1 84 0
  72 003c 0A23     		movs	r3, #10
  73 003e 0793     		str	r3, [sp, #28]
  85:USB_DEVICE/Target/usbd_conf.c ****     HAL_GPIO_Init(GPIOA, &GPIO_InitStruct);
  74              		.loc 1 85 0
  75 0040 03A9     		add	r1, sp, #12
  76 0042 0E48     		ldr	r0, .L4+8
  77              	.LVL1:
  78 0044 FFF7FEFF 		bl	HAL_GPIO_Init
  79              	.LVL2:
  80              	.LBB3:
  86:USB_DEVICE/Target/usbd_conf.c **** 
  87:USB_DEVICE/Target/usbd_conf.c ****     /* Peripheral clock enable */
  88:USB_DEVICE/Target/usbd_conf.c ****     __HAL_RCC_USB_OTG_FS_CLK_ENABLE();
  81              		.loc 1 88 0
  82 0048 D4F8D830 		ldr	r3, [r4, #216]
  83 004c 43F00063 		orr	r3, r3, #134217728
  84 0050 C4F8D830 		str	r3, [r4, #216]
ARM GAS  C:\Users\xiaofei\AppData\Local\Temp\ccniZNol.s 			page 4


  85 0054 D4F8D830 		ldr	r3, [r4, #216]
  86 0058 03F00063 		and	r3, r3, #134217728
  87 005c 0293     		str	r3, [sp, #8]
  88 005e 029B     		ldr	r3, [sp, #8]
  89              	.LBE3:
  89:USB_DEVICE/Target/usbd_conf.c **** 
  90:USB_DEVICE/Target/usbd_conf.c ****     /* Peripheral interrupt init */
  91:USB_DEVICE/Target/usbd_conf.c ****     HAL_NVIC_SetPriority(OTG_FS_IRQn, 5, 0);
  90              		.loc 1 91 0
  91 0060 0022     		movs	r2, #0
  92 0062 0521     		movs	r1, #5
  93 0064 6520     		movs	r0, #101
  94 0066 FFF7FEFF 		bl	HAL_NVIC_SetPriority
  95              	.LVL3:
  92:USB_DEVICE/Target/usbd_conf.c ****     HAL_NVIC_EnableIRQ(OTG_FS_IRQn);
  96              		.loc 1 92 0
  97 006a 6520     		movs	r0, #101
  98 006c FFF7FEFF 		bl	HAL_NVIC_EnableIRQ
  99              	.LVL4:
 100              	.L1:
  93:USB_DEVICE/Target/usbd_conf.c ****   /* USER CODE BEGIN USB_OTG_FS_MspInit 1 */
  94:USB_DEVICE/Target/usbd_conf.c **** 
  95:USB_DEVICE/Target/usbd_conf.c ****   /* USER CODE END USB_OTG_FS_MspInit 1 */
  96:USB_DEVICE/Target/usbd_conf.c ****   }
  97:USB_DEVICE/Target/usbd_conf.c **** }
 101              		.loc 1 97 0
 102 0070 08B0     		add	sp, sp, #32
 103              	.LCFI2:
 104              		.cfi_def_cfa_offset 8
 105              		@ sp needed
 106 0072 10BD     		pop	{r4, pc}
 107              	.L5:
 108              		.align	2
 109              	.L4:
 110 0074 00000840 		.word	1074266112
 111 0078 00440258 		.word	1476543488
 112 007c 00000258 		.word	1476526080
 113              		.cfi_endproc
 114              	.LFE143:
 116              		.section	.text.HAL_PCD_MspDeInit,"ax",%progbits
 117              		.align	2
 118              		.global	HAL_PCD_MspDeInit
 119              		.thumb
 120              		.thumb_func
 122              	HAL_PCD_MspDeInit:
 123              	.LFB144:
  98:USB_DEVICE/Target/usbd_conf.c **** 
  99:USB_DEVICE/Target/usbd_conf.c **** void HAL_PCD_MspDeInit(PCD_HandleTypeDef* pcdHandle)
 100:USB_DEVICE/Target/usbd_conf.c **** {
 124              		.loc 1 100 0
 125              		.cfi_startproc
 126              		@ args = 0, pretend = 0, frame = 0
 127              		@ frame_needed = 0, uses_anonymous_args = 0
 128              	.LVL5:
 129 0000 08B5     		push	{r3, lr}
 130              	.LCFI3:
 131              		.cfi_def_cfa_offset 8
ARM GAS  C:\Users\xiaofei\AppData\Local\Temp\ccniZNol.s 			page 5


 132              		.cfi_offset 3, -8
 133              		.cfi_offset 14, -4
 101:USB_DEVICE/Target/usbd_conf.c ****   if(pcdHandle->Instance==USB_OTG_FS)
 134              		.loc 1 101 0
 135 0002 0268     		ldr	r2, [r0]
 136 0004 094B     		ldr	r3, .L9
 137 0006 9A42     		cmp	r2, r3
 138 0008 0ED1     		bne	.L6
 102:USB_DEVICE/Target/usbd_conf.c ****   {
 103:USB_DEVICE/Target/usbd_conf.c ****   /* USER CODE BEGIN USB_OTG_FS_MspDeInit 0 */
 104:USB_DEVICE/Target/usbd_conf.c **** 
 105:USB_DEVICE/Target/usbd_conf.c ****   /* USER CODE END USB_OTG_FS_MspDeInit 0 */
 106:USB_DEVICE/Target/usbd_conf.c ****     /* Peripheral clock disable */
 107:USB_DEVICE/Target/usbd_conf.c ****     __HAL_RCC_USB_OTG_FS_CLK_DISABLE();
 139              		.loc 1 107 0
 140 000a 094A     		ldr	r2, .L9+4
 141 000c D2F8D830 		ldr	r3, [r2, #216]
 142 0010 23F00063 		bic	r3, r3, #134217728
 143 0014 C2F8D830 		str	r3, [r2, #216]
 108:USB_DEVICE/Target/usbd_conf.c **** 
 109:USB_DEVICE/Target/usbd_conf.c ****     /**USB_OTG_FS GPIO Configuration
 110:USB_DEVICE/Target/usbd_conf.c ****     PA11     ------> USB_OTG_FS_DM
 111:USB_DEVICE/Target/usbd_conf.c ****     PA12     ------> USB_OTG_FS_DP
 112:USB_DEVICE/Target/usbd_conf.c ****     */
 113:USB_DEVICE/Target/usbd_conf.c ****     HAL_GPIO_DeInit(GPIOA, GPIO_PIN_11|GPIO_PIN_12);
 144              		.loc 1 113 0
 145 0018 4FF4C051 		mov	r1, #6144
 146 001c 0548     		ldr	r0, .L9+8
 147              	.LVL6:
 148 001e FFF7FEFF 		bl	HAL_GPIO_DeInit
 149              	.LVL7:
 114:USB_DEVICE/Target/usbd_conf.c **** 
 115:USB_DEVICE/Target/usbd_conf.c ****     /* Peripheral interrupt Deinit*/
 116:USB_DEVICE/Target/usbd_conf.c ****     HAL_NVIC_DisableIRQ(OTG_FS_IRQn);
 150              		.loc 1 116 0
 151 0022 6520     		movs	r0, #101
 152 0024 FFF7FEFF 		bl	HAL_NVIC_DisableIRQ
 153              	.LVL8:
 154              	.L6:
 155 0028 08BD     		pop	{r3, pc}
 156              	.L10:
 157 002a 00BF     		.align	2
 158              	.L9:
 159 002c 00000840 		.word	1074266112
 160 0030 00440258 		.word	1476543488
 161 0034 00000258 		.word	1476526080
 162              		.cfi_endproc
 163              	.LFE144:
 165              		.section	.text.HAL_PCD_SetupStageCallback,"ax",%progbits
 166              		.align	2
 167              		.global	HAL_PCD_SetupStageCallback
 168              		.thumb
 169              		.thumb_func
 171              	HAL_PCD_SetupStageCallback:
 172              	.LFB145:
 117:USB_DEVICE/Target/usbd_conf.c **** 
 118:USB_DEVICE/Target/usbd_conf.c ****   /* USER CODE BEGIN USB_OTG_FS_MspDeInit 1 */
ARM GAS  C:\Users\xiaofei\AppData\Local\Temp\ccniZNol.s 			page 6


 119:USB_DEVICE/Target/usbd_conf.c **** 
 120:USB_DEVICE/Target/usbd_conf.c ****   /* USER CODE END USB_OTG_FS_MspDeInit 1 */
 121:USB_DEVICE/Target/usbd_conf.c ****   }
 122:USB_DEVICE/Target/usbd_conf.c **** }
 123:USB_DEVICE/Target/usbd_conf.c **** 
 124:USB_DEVICE/Target/usbd_conf.c **** /**
 125:USB_DEVICE/Target/usbd_conf.c ****   * @brief  Setup stage callback
 126:USB_DEVICE/Target/usbd_conf.c ****   * @param  hpcd: PCD handle
 127:USB_DEVICE/Target/usbd_conf.c ****   * @retval None
 128:USB_DEVICE/Target/usbd_conf.c ****   */
 129:USB_DEVICE/Target/usbd_conf.c **** #if (USE_HAL_PCD_REGISTER_CALLBACKS == 1U)
 130:USB_DEVICE/Target/usbd_conf.c **** static void PCD_SetupStageCallback(PCD_HandleTypeDef *hpcd)
 131:USB_DEVICE/Target/usbd_conf.c **** #else
 132:USB_DEVICE/Target/usbd_conf.c **** void HAL_PCD_SetupStageCallback(PCD_HandleTypeDef *hpcd)
 133:USB_DEVICE/Target/usbd_conf.c **** #endif /* USE_HAL_PCD_REGISTER_CALLBACKS */
 134:USB_DEVICE/Target/usbd_conf.c **** {
 173              		.loc 1 134 0
 174              		.cfi_startproc
 175              		@ args = 0, pretend = 0, frame = 0
 176              		@ frame_needed = 0, uses_anonymous_args = 0
 177              	.LVL9:
 178 0000 08B5     		push	{r3, lr}
 179              	.LCFI4:
 180              		.cfi_def_cfa_offset 8
 181              		.cfi_offset 3, -8
 182              		.cfi_offset 14, -4
 135:USB_DEVICE/Target/usbd_conf.c ****   USBD_LL_SetupStage((USBD_HandleTypeDef*)hpcd->pData, (uint8_t *)hpcd->Setup);
 183              		.loc 1 135 0
 184 0002 00F57171 		add	r1, r0, #964
 185 0006 D0F80404 		ldr	r0, [r0, #1028]
 186              	.LVL10:
 187 000a FFF7FEFF 		bl	USBD_LL_SetupStage
 188              	.LVL11:
 189 000e 08BD     		pop	{r3, pc}
 190              		.cfi_endproc
 191              	.LFE145:
 193              		.section	.text.HAL_PCD_DataOutStageCallback,"ax",%progbits
 194              		.align	2
 195              		.global	HAL_PCD_DataOutStageCallback
 196              		.thumb
 197              		.thumb_func
 199              	HAL_PCD_DataOutStageCallback:
 200              	.LFB146:
 136:USB_DEVICE/Target/usbd_conf.c **** }
 137:USB_DEVICE/Target/usbd_conf.c **** 
 138:USB_DEVICE/Target/usbd_conf.c **** /**
 139:USB_DEVICE/Target/usbd_conf.c ****   * @brief  Data Out stage callback.
 140:USB_DEVICE/Target/usbd_conf.c ****   * @param  hpcd: PCD handle
 141:USB_DEVICE/Target/usbd_conf.c ****   * @param  epnum: Endpoint number
 142:USB_DEVICE/Target/usbd_conf.c ****   * @retval None
 143:USB_DEVICE/Target/usbd_conf.c ****   */
 144:USB_DEVICE/Target/usbd_conf.c **** #if (USE_HAL_PCD_REGISTER_CALLBACKS == 1U)
 145:USB_DEVICE/Target/usbd_conf.c **** static void PCD_DataOutStageCallback(PCD_HandleTypeDef *hpcd, uint8_t epnum)
 146:USB_DEVICE/Target/usbd_conf.c **** #else
 147:USB_DEVICE/Target/usbd_conf.c **** void HAL_PCD_DataOutStageCallback(PCD_HandleTypeDef *hpcd, uint8_t epnum)
 148:USB_DEVICE/Target/usbd_conf.c **** #endif /* USE_HAL_PCD_REGISTER_CALLBACKS */
 149:USB_DEVICE/Target/usbd_conf.c **** {
ARM GAS  C:\Users\xiaofei\AppData\Local\Temp\ccniZNol.s 			page 7


 201              		.loc 1 149 0
 202              		.cfi_startproc
 203              		@ args = 0, pretend = 0, frame = 0
 204              		@ frame_needed = 0, uses_anonymous_args = 0
 205              	.LVL12:
 206 0000 08B5     		push	{r3, lr}
 207              	.LCFI5:
 208              		.cfi_def_cfa_offset 8
 209              		.cfi_offset 3, -8
 210              		.cfi_offset 14, -4
 150:USB_DEVICE/Target/usbd_conf.c ****   USBD_LL_DataOutStage((USBD_HandleTypeDef*)hpcd->pData, epnum, hpcd->OUT_ep[epnum].xfer_buff);
 211              		.loc 1 150 0
 212 0002 C1EBC102 		rsb	r2, r1, r1, lsl #3
 213 0006 9300     		lsls	r3, r2, #2
 214 0008 0344     		add	r3, r3, r0
 215 000a D3F80822 		ldr	r2, [r3, #520]
 216 000e D0F80404 		ldr	r0, [r0, #1028]
 217              	.LVL13:
 218 0012 FFF7FEFF 		bl	USBD_LL_DataOutStage
 219              	.LVL14:
 220 0016 08BD     		pop	{r3, pc}
 221              		.cfi_endproc
 222              	.LFE146:
 224              		.section	.text.HAL_PCD_DataInStageCallback,"ax",%progbits
 225              		.align	2
 226              		.global	HAL_PCD_DataInStageCallback
 227              		.thumb
 228              		.thumb_func
 230              	HAL_PCD_DataInStageCallback:
 231              	.LFB147:
 151:USB_DEVICE/Target/usbd_conf.c **** }
 152:USB_DEVICE/Target/usbd_conf.c **** 
 153:USB_DEVICE/Target/usbd_conf.c **** /**
 154:USB_DEVICE/Target/usbd_conf.c ****   * @brief  Data In stage callback.
 155:USB_DEVICE/Target/usbd_conf.c ****   * @param  hpcd: PCD handle
 156:USB_DEVICE/Target/usbd_conf.c ****   * @param  epnum: Endpoint number
 157:USB_DEVICE/Target/usbd_conf.c ****   * @retval None
 158:USB_DEVICE/Target/usbd_conf.c ****   */
 159:USB_DEVICE/Target/usbd_conf.c **** #if (USE_HAL_PCD_REGISTER_CALLBACKS == 1U)
 160:USB_DEVICE/Target/usbd_conf.c **** static void PCD_DataInStageCallback(PCD_HandleTypeDef *hpcd, uint8_t epnum)
 161:USB_DEVICE/Target/usbd_conf.c **** #else
 162:USB_DEVICE/Target/usbd_conf.c **** void HAL_PCD_DataInStageCallback(PCD_HandleTypeDef *hpcd, uint8_t epnum)
 163:USB_DEVICE/Target/usbd_conf.c **** #endif /* USE_HAL_PCD_REGISTER_CALLBACKS */
 164:USB_DEVICE/Target/usbd_conf.c **** {
 232              		.loc 1 164 0
 233              		.cfi_startproc
 234              		@ args = 0, pretend = 0, frame = 0
 235              		@ frame_needed = 0, uses_anonymous_args = 0
 236              	.LVL15:
 237 0000 08B5     		push	{r3, lr}
 238              	.LCFI6:
 239              		.cfi_def_cfa_offset 8
 240              		.cfi_offset 3, -8
 241              		.cfi_offset 14, -4
 165:USB_DEVICE/Target/usbd_conf.c ****   USBD_LL_DataInStage((USBD_HandleTypeDef*)hpcd->pData, epnum, hpcd->IN_ep[epnum].xfer_buff);
 242              		.loc 1 165 0
 243 0002 C1EBC102 		rsb	r2, r1, r1, lsl #3
ARM GAS  C:\Users\xiaofei\AppData\Local\Temp\ccniZNol.s 			page 8


 244 0006 9300     		lsls	r3, r2, #2
 245 0008 0344     		add	r3, r3, r0
 246 000a 9A6C     		ldr	r2, [r3, #72]
 247 000c D0F80404 		ldr	r0, [r0, #1028]
 248              	.LVL16:
 249 0010 FFF7FEFF 		bl	USBD_LL_DataInStage
 250              	.LVL17:
 251 0014 08BD     		pop	{r3, pc}
 252              		.cfi_endproc
 253              	.LFE147:
 255 0016 00BF     		.section	.text.HAL_PCD_SOFCallback,"ax",%progbits
 256              		.align	2
 257              		.global	HAL_PCD_SOFCallback
 258              		.thumb
 259              		.thumb_func
 261              	HAL_PCD_SOFCallback:
 262              	.LFB148:
 166:USB_DEVICE/Target/usbd_conf.c **** }
 167:USB_DEVICE/Target/usbd_conf.c **** 
 168:USB_DEVICE/Target/usbd_conf.c **** /**
 169:USB_DEVICE/Target/usbd_conf.c ****   * @brief  SOF callback.
 170:USB_DEVICE/Target/usbd_conf.c ****   * @param  hpcd: PCD handle
 171:USB_DEVICE/Target/usbd_conf.c ****   * @retval None
 172:USB_DEVICE/Target/usbd_conf.c ****   */
 173:USB_DEVICE/Target/usbd_conf.c **** #if (USE_HAL_PCD_REGISTER_CALLBACKS == 1U)
 174:USB_DEVICE/Target/usbd_conf.c **** static void PCD_SOFCallback(PCD_HandleTypeDef *hpcd)
 175:USB_DEVICE/Target/usbd_conf.c **** #else
 176:USB_DEVICE/Target/usbd_conf.c **** void HAL_PCD_SOFCallback(PCD_HandleTypeDef *hpcd)
 177:USB_DEVICE/Target/usbd_conf.c **** #endif /* USE_HAL_PCD_REGISTER_CALLBACKS */
 178:USB_DEVICE/Target/usbd_conf.c **** {
 263              		.loc 1 178 0
 264              		.cfi_startproc
 265              		@ args = 0, pretend = 0, frame = 0
 266              		@ frame_needed = 0, uses_anonymous_args = 0
 267              	.LVL18:
 268 0000 08B5     		push	{r3, lr}
 269              	.LCFI7:
 270              		.cfi_def_cfa_offset 8
 271              		.cfi_offset 3, -8
 272              		.cfi_offset 14, -4
 179:USB_DEVICE/Target/usbd_conf.c ****   USBD_LL_SOF((USBD_HandleTypeDef*)hpcd->pData);
 273              		.loc 1 179 0
 274 0002 D0F80404 		ldr	r0, [r0, #1028]
 275              	.LVL19:
 276 0006 FFF7FEFF 		bl	USBD_LL_SOF
 277              	.LVL20:
 278 000a 08BD     		pop	{r3, pc}
 279              		.cfi_endproc
 280              	.LFE148:
 282              		.section	.text.HAL_PCD_ResetCallback,"ax",%progbits
 283              		.align	2
 284              		.global	HAL_PCD_ResetCallback
 285              		.thumb
 286              		.thumb_func
 288              	HAL_PCD_ResetCallback:
 289              	.LFB149:
 180:USB_DEVICE/Target/usbd_conf.c **** }
ARM GAS  C:\Users\xiaofei\AppData\Local\Temp\ccniZNol.s 			page 9


 181:USB_DEVICE/Target/usbd_conf.c **** 
 182:USB_DEVICE/Target/usbd_conf.c **** /**
 183:USB_DEVICE/Target/usbd_conf.c ****   * @brief  Reset callback.
 184:USB_DEVICE/Target/usbd_conf.c ****   * @param  hpcd: PCD handle
 185:USB_DEVICE/Target/usbd_conf.c ****   * @retval None
 186:USB_DEVICE/Target/usbd_conf.c ****   */
 187:USB_DEVICE/Target/usbd_conf.c **** #if (USE_HAL_PCD_REGISTER_CALLBACKS == 1U)
 188:USB_DEVICE/Target/usbd_conf.c **** static void PCD_ResetCallback(PCD_HandleTypeDef *hpcd)
 189:USB_DEVICE/Target/usbd_conf.c **** #else
 190:USB_DEVICE/Target/usbd_conf.c **** void HAL_PCD_ResetCallback(PCD_HandleTypeDef *hpcd)
 191:USB_DEVICE/Target/usbd_conf.c **** #endif /* USE_HAL_PCD_REGISTER_CALLBACKS */
 192:USB_DEVICE/Target/usbd_conf.c **** {
 290              		.loc 1 192 0
 291              		.cfi_startproc
 292              		@ args = 0, pretend = 0, frame = 0
 293              		@ frame_needed = 0, uses_anonymous_args = 0
 294              	.LVL21:
 295 0000 10B5     		push	{r4, lr}
 296              	.LCFI8:
 297              		.cfi_def_cfa_offset 8
 298              		.cfi_offset 4, -8
 299              		.cfi_offset 14, -4
 300 0002 0446     		mov	r4, r0
 301              	.LVL22:
 193:USB_DEVICE/Target/usbd_conf.c ****   USBD_SpeedTypeDef speed = USBD_SPEED_FULL;
 194:USB_DEVICE/Target/usbd_conf.c **** 
 195:USB_DEVICE/Target/usbd_conf.c ****   if ( hpcd->Init.speed == PCD_SPEED_HIGH)
 302              		.loc 1 195 0
 303 0004 C368     		ldr	r3, [r0, #12]
 304 0006 2BB1     		cbz	r3, .L21
 196:USB_DEVICE/Target/usbd_conf.c ****   {
 197:USB_DEVICE/Target/usbd_conf.c ****     speed = USBD_SPEED_HIGH;
 198:USB_DEVICE/Target/usbd_conf.c ****   }
 199:USB_DEVICE/Target/usbd_conf.c ****   else if ( hpcd->Init.speed == PCD_SPEED_FULL)
 305              		.loc 1 199 0
 306 0008 022B     		cmp	r3, #2
 307 000a 05D0     		beq	.L22
 200:USB_DEVICE/Target/usbd_conf.c ****   {
 201:USB_DEVICE/Target/usbd_conf.c ****     speed = USBD_SPEED_FULL;
 202:USB_DEVICE/Target/usbd_conf.c ****   }
 203:USB_DEVICE/Target/usbd_conf.c ****   else
 204:USB_DEVICE/Target/usbd_conf.c ****   {
 205:USB_DEVICE/Target/usbd_conf.c ****     Error_Handler();
 308              		.loc 1 205 0
 309 000c FFF7FEFF 		bl	Error_Handler
 310              	.LVL23:
 193:USB_DEVICE/Target/usbd_conf.c **** 
 311              		.loc 1 193 0
 312 0010 0121     		movs	r1, #1
 313 0012 02E0     		b	.L20
 314              	.LVL24:
 315              	.L21:
 197:USB_DEVICE/Target/usbd_conf.c ****   }
 316              		.loc 1 197 0
 317 0014 0021     		movs	r1, #0
 318 0016 00E0     		b	.L20
 319              	.L22:
ARM GAS  C:\Users\xiaofei\AppData\Local\Temp\ccniZNol.s 			page 10


 201:USB_DEVICE/Target/usbd_conf.c ****   }
 320              		.loc 1 201 0
 321 0018 0121     		movs	r1, #1
 322              	.LVL25:
 323              	.L20:
 206:USB_DEVICE/Target/usbd_conf.c ****   }
 207:USB_DEVICE/Target/usbd_conf.c ****     /* Set Speed. */
 208:USB_DEVICE/Target/usbd_conf.c ****   USBD_LL_SetSpeed((USBD_HandleTypeDef*)hpcd->pData, speed);
 324              		.loc 1 208 0
 325 001a D4F80404 		ldr	r0, [r4, #1028]
 326 001e FFF7FEFF 		bl	USBD_LL_SetSpeed
 327              	.LVL26:
 209:USB_DEVICE/Target/usbd_conf.c **** 
 210:USB_DEVICE/Target/usbd_conf.c ****   /* Reset Device. */
 211:USB_DEVICE/Target/usbd_conf.c ****   USBD_LL_Reset((USBD_HandleTypeDef*)hpcd->pData);
 328              		.loc 1 211 0
 329 0022 D4F80404 		ldr	r0, [r4, #1028]
 330 0026 FFF7FEFF 		bl	USBD_LL_Reset
 331              	.LVL27:
 332 002a 10BD     		pop	{r4, pc}
 333              		.cfi_endproc
 334              	.LFE149:
 336              		.section	.text.HAL_PCD_SuspendCallback,"ax",%progbits
 337              		.align	2
 338              		.global	HAL_PCD_SuspendCallback
 339              		.thumb
 340              		.thumb_func
 342              	HAL_PCD_SuspendCallback:
 343              	.LFB150:
 212:USB_DEVICE/Target/usbd_conf.c **** }
 213:USB_DEVICE/Target/usbd_conf.c **** 
 214:USB_DEVICE/Target/usbd_conf.c **** /**
 215:USB_DEVICE/Target/usbd_conf.c ****   * @brief  Suspend callback.
 216:USB_DEVICE/Target/usbd_conf.c ****   * When Low power mode is enabled the debug cannot be used (IAR, Keil doesn't support it)
 217:USB_DEVICE/Target/usbd_conf.c ****   * @param  hpcd: PCD handle
 218:USB_DEVICE/Target/usbd_conf.c ****   * @retval None
 219:USB_DEVICE/Target/usbd_conf.c ****   */
 220:USB_DEVICE/Target/usbd_conf.c **** #if (USE_HAL_PCD_REGISTER_CALLBACKS == 1U)
 221:USB_DEVICE/Target/usbd_conf.c **** static void PCD_SuspendCallback(PCD_HandleTypeDef *hpcd)
 222:USB_DEVICE/Target/usbd_conf.c **** #else
 223:USB_DEVICE/Target/usbd_conf.c **** void HAL_PCD_SuspendCallback(PCD_HandleTypeDef *hpcd)
 224:USB_DEVICE/Target/usbd_conf.c **** #endif /* USE_HAL_PCD_REGISTER_CALLBACKS */
 225:USB_DEVICE/Target/usbd_conf.c **** {
 344              		.loc 1 225 0
 345              		.cfi_startproc
 346              		@ args = 0, pretend = 0, frame = 0
 347              		@ frame_needed = 0, uses_anonymous_args = 0
 348              	.LVL28:
 349 0000 10B5     		push	{r4, lr}
 350              	.LCFI9:
 351              		.cfi_def_cfa_offset 8
 352              		.cfi_offset 4, -8
 353              		.cfi_offset 14, -4
 354 0002 0446     		mov	r4, r0
 226:USB_DEVICE/Target/usbd_conf.c ****   /* Inform USB library that core enters in suspend Mode. */
 227:USB_DEVICE/Target/usbd_conf.c ****   USBD_LL_Suspend((USBD_HandleTypeDef*)hpcd->pData);
 355              		.loc 1 227 0
ARM GAS  C:\Users\xiaofei\AppData\Local\Temp\ccniZNol.s 			page 11


 356 0004 D0F80404 		ldr	r0, [r0, #1028]
 357              	.LVL29:
 358 0008 FFF7FEFF 		bl	USBD_LL_Suspend
 359              	.LVL30:
 228:USB_DEVICE/Target/usbd_conf.c ****   __HAL_PCD_GATE_PHYCLOCK(hpcd);
 360              		.loc 1 228 0
 361 000c 2268     		ldr	r2, [r4]
 362 000e D2F8003E 		ldr	r3, [r2, #3584]
 363 0012 43F00103 		orr	r3, r3, #1
 364 0016 C2F8003E 		str	r3, [r2, #3584]
 229:USB_DEVICE/Target/usbd_conf.c ****   /* Enter in STOP mode. */
 230:USB_DEVICE/Target/usbd_conf.c ****   /* USER CODE BEGIN 2 */
 231:USB_DEVICE/Target/usbd_conf.c ****   if (hpcd->Init.low_power_enable)
 365              		.loc 1 231 0
 366 001a 236A     		ldr	r3, [r4, #32]
 367 001c 23B1     		cbz	r3, .L24
 232:USB_DEVICE/Target/usbd_conf.c ****   {
 233:USB_DEVICE/Target/usbd_conf.c ****     /* Set SLEEPDEEP bit and SleepOnExit of Cortex System Control Register. */
 234:USB_DEVICE/Target/usbd_conf.c ****     SCB->SCR |= (uint32_t)((uint32_t)(SCB_SCR_SLEEPDEEP_Msk | SCB_SCR_SLEEPONEXIT_Msk));
 368              		.loc 1 234 0
 369 001e 034A     		ldr	r2, .L27
 370 0020 1369     		ldr	r3, [r2, #16]
 371 0022 43F00603 		orr	r3, r3, #6
 372 0026 1361     		str	r3, [r2, #16]
 373              	.L24:
 374 0028 10BD     		pop	{r4, pc}
 375              	.LVL31:
 376              	.L28:
 377 002a 00BF     		.align	2
 378              	.L27:
 379 002c 00ED00E0 		.word	-536810240
 380              		.cfi_endproc
 381              	.LFE150:
 383              		.section	.text.HAL_PCD_ResumeCallback,"ax",%progbits
 384              		.align	2
 385              		.global	HAL_PCD_ResumeCallback
 386              		.thumb
 387              		.thumb_func
 389              	HAL_PCD_ResumeCallback:
 390              	.LFB151:
 235:USB_DEVICE/Target/usbd_conf.c ****   }
 236:USB_DEVICE/Target/usbd_conf.c ****   /* USER CODE END 2 */
 237:USB_DEVICE/Target/usbd_conf.c **** }
 238:USB_DEVICE/Target/usbd_conf.c **** 
 239:USB_DEVICE/Target/usbd_conf.c **** /**
 240:USB_DEVICE/Target/usbd_conf.c ****   * @brief  Resume callback.
 241:USB_DEVICE/Target/usbd_conf.c ****   * When Low power mode is enabled the debug cannot be used (IAR, Keil doesn't support it)
 242:USB_DEVICE/Target/usbd_conf.c ****   * @param  hpcd: PCD handle
 243:USB_DEVICE/Target/usbd_conf.c ****   * @retval None
 244:USB_DEVICE/Target/usbd_conf.c ****   */
 245:USB_DEVICE/Target/usbd_conf.c **** #if (USE_HAL_PCD_REGISTER_CALLBACKS == 1U)
 246:USB_DEVICE/Target/usbd_conf.c **** static void PCD_ResumeCallback(PCD_HandleTypeDef *hpcd)
 247:USB_DEVICE/Target/usbd_conf.c **** #else
 248:USB_DEVICE/Target/usbd_conf.c **** void HAL_PCD_ResumeCallback(PCD_HandleTypeDef *hpcd)
 249:USB_DEVICE/Target/usbd_conf.c **** #endif /* USE_HAL_PCD_REGISTER_CALLBACKS */
 250:USB_DEVICE/Target/usbd_conf.c **** {
 391              		.loc 1 250 0
ARM GAS  C:\Users\xiaofei\AppData\Local\Temp\ccniZNol.s 			page 12


 392              		.cfi_startproc
 393              		@ args = 0, pretend = 0, frame = 0
 394              		@ frame_needed = 0, uses_anonymous_args = 0
 395              	.LVL32:
 396 0000 08B5     		push	{r3, lr}
 397              	.LCFI10:
 398              		.cfi_def_cfa_offset 8
 399              		.cfi_offset 3, -8
 400              		.cfi_offset 14, -4
 251:USB_DEVICE/Target/usbd_conf.c ****   /* USER CODE BEGIN 3 */
 252:USB_DEVICE/Target/usbd_conf.c **** 
 253:USB_DEVICE/Target/usbd_conf.c ****   /* USER CODE END 3 */
 254:USB_DEVICE/Target/usbd_conf.c ****   USBD_LL_Resume((USBD_HandleTypeDef*)hpcd->pData);
 401              		.loc 1 254 0
 402 0002 D0F80404 		ldr	r0, [r0, #1028]
 403              	.LVL33:
 404 0006 FFF7FEFF 		bl	USBD_LL_Resume
 405              	.LVL34:
 406 000a 08BD     		pop	{r3, pc}
 407              		.cfi_endproc
 408              	.LFE151:
 410              		.section	.text.HAL_PCD_ISOOUTIncompleteCallback,"ax",%progbits
 411              		.align	2
 412              		.global	HAL_PCD_ISOOUTIncompleteCallback
 413              		.thumb
 414              		.thumb_func
 416              	HAL_PCD_ISOOUTIncompleteCallback:
 417              	.LFB152:
 255:USB_DEVICE/Target/usbd_conf.c **** }
 256:USB_DEVICE/Target/usbd_conf.c **** 
 257:USB_DEVICE/Target/usbd_conf.c **** /**
 258:USB_DEVICE/Target/usbd_conf.c ****   * @brief  ISOOUTIncomplete callback.
 259:USB_DEVICE/Target/usbd_conf.c ****   * @param  hpcd: PCD handle
 260:USB_DEVICE/Target/usbd_conf.c ****   * @param  epnum: Endpoint number
 261:USB_DEVICE/Target/usbd_conf.c ****   * @retval None
 262:USB_DEVICE/Target/usbd_conf.c ****   */
 263:USB_DEVICE/Target/usbd_conf.c **** #if (USE_HAL_PCD_REGISTER_CALLBACKS == 1U)
 264:USB_DEVICE/Target/usbd_conf.c **** static void PCD_ISOOUTIncompleteCallback(PCD_HandleTypeDef *hpcd, uint8_t epnum)
 265:USB_DEVICE/Target/usbd_conf.c **** #else
 266:USB_DEVICE/Target/usbd_conf.c **** void HAL_PCD_ISOOUTIncompleteCallback(PCD_HandleTypeDef *hpcd, uint8_t epnum)
 267:USB_DEVICE/Target/usbd_conf.c **** #endif /* USE_HAL_PCD_REGISTER_CALLBACKS */
 268:USB_DEVICE/Target/usbd_conf.c **** {
 418              		.loc 1 268 0
 419              		.cfi_startproc
 420              		@ args = 0, pretend = 0, frame = 0
 421              		@ frame_needed = 0, uses_anonymous_args = 0
 422              	.LVL35:
 423 0000 08B5     		push	{r3, lr}
 424              	.LCFI11:
 425              		.cfi_def_cfa_offset 8
 426              		.cfi_offset 3, -8
 427              		.cfi_offset 14, -4
 269:USB_DEVICE/Target/usbd_conf.c ****   USBD_LL_IsoOUTIncomplete((USBD_HandleTypeDef*)hpcd->pData, epnum);
 428              		.loc 1 269 0
 429 0002 D0F80404 		ldr	r0, [r0, #1028]
 430              	.LVL36:
 431 0006 FFF7FEFF 		bl	USBD_LL_IsoOUTIncomplete
ARM GAS  C:\Users\xiaofei\AppData\Local\Temp\ccniZNol.s 			page 13


 432              	.LVL37:
 433 000a 08BD     		pop	{r3, pc}
 434              		.cfi_endproc
 435              	.LFE152:
 437              		.section	.text.HAL_PCD_ISOINIncompleteCallback,"ax",%progbits
 438              		.align	2
 439              		.global	HAL_PCD_ISOINIncompleteCallback
 440              		.thumb
 441              		.thumb_func
 443              	HAL_PCD_ISOINIncompleteCallback:
 444              	.LFB153:
 270:USB_DEVICE/Target/usbd_conf.c **** }
 271:USB_DEVICE/Target/usbd_conf.c **** 
 272:USB_DEVICE/Target/usbd_conf.c **** /**
 273:USB_DEVICE/Target/usbd_conf.c ****   * @brief  ISOINIncomplete callback.
 274:USB_DEVICE/Target/usbd_conf.c ****   * @param  hpcd: PCD handle
 275:USB_DEVICE/Target/usbd_conf.c ****   * @param  epnum: Endpoint number
 276:USB_DEVICE/Target/usbd_conf.c ****   * @retval None
 277:USB_DEVICE/Target/usbd_conf.c ****   */
 278:USB_DEVICE/Target/usbd_conf.c **** #if (USE_HAL_PCD_REGISTER_CALLBACKS == 1U)
 279:USB_DEVICE/Target/usbd_conf.c **** static void PCD_ISOINIncompleteCallback(PCD_HandleTypeDef *hpcd, uint8_t epnum)
 280:USB_DEVICE/Target/usbd_conf.c **** #else
 281:USB_DEVICE/Target/usbd_conf.c **** void HAL_PCD_ISOINIncompleteCallback(PCD_HandleTypeDef *hpcd, uint8_t epnum)
 282:USB_DEVICE/Target/usbd_conf.c **** #endif /* USE_HAL_PCD_REGISTER_CALLBACKS */
 283:USB_DEVICE/Target/usbd_conf.c **** {
 445              		.loc 1 283 0
 446              		.cfi_startproc
 447              		@ args = 0, pretend = 0, frame = 0
 448              		@ frame_needed = 0, uses_anonymous_args = 0
 449              	.LVL38:
 450 0000 08B5     		push	{r3, lr}
 451              	.LCFI12:
 452              		.cfi_def_cfa_offset 8
 453              		.cfi_offset 3, -8
 454              		.cfi_offset 14, -4
 284:USB_DEVICE/Target/usbd_conf.c ****   USBD_LL_IsoINIncomplete((USBD_HandleTypeDef*)hpcd->pData, epnum);
 455              		.loc 1 284 0
 456 0002 D0F80404 		ldr	r0, [r0, #1028]
 457              	.LVL39:
 458 0006 FFF7FEFF 		bl	USBD_LL_IsoINIncomplete
 459              	.LVL40:
 460 000a 08BD     		pop	{r3, pc}
 461              		.cfi_endproc
 462              	.LFE153:
 464              		.section	.text.HAL_PCD_ConnectCallback,"ax",%progbits
 465              		.align	2
 466              		.global	HAL_PCD_ConnectCallback
 467              		.thumb
 468              		.thumb_func
 470              	HAL_PCD_ConnectCallback:
 471              	.LFB154:
 285:USB_DEVICE/Target/usbd_conf.c **** }
 286:USB_DEVICE/Target/usbd_conf.c **** 
 287:USB_DEVICE/Target/usbd_conf.c **** /**
 288:USB_DEVICE/Target/usbd_conf.c ****   * @brief  Connect callback.
 289:USB_DEVICE/Target/usbd_conf.c ****   * @param  hpcd: PCD handle
 290:USB_DEVICE/Target/usbd_conf.c ****   * @retval None
ARM GAS  C:\Users\xiaofei\AppData\Local\Temp\ccniZNol.s 			page 14


 291:USB_DEVICE/Target/usbd_conf.c ****   */
 292:USB_DEVICE/Target/usbd_conf.c **** #if (USE_HAL_PCD_REGISTER_CALLBACKS == 1U)
 293:USB_DEVICE/Target/usbd_conf.c **** static void PCD_ConnectCallback(PCD_HandleTypeDef *hpcd)
 294:USB_DEVICE/Target/usbd_conf.c **** #else
 295:USB_DEVICE/Target/usbd_conf.c **** void HAL_PCD_ConnectCallback(PCD_HandleTypeDef *hpcd)
 296:USB_DEVICE/Target/usbd_conf.c **** #endif /* USE_HAL_PCD_REGISTER_CALLBACKS */
 297:USB_DEVICE/Target/usbd_conf.c **** {
 472              		.loc 1 297 0
 473              		.cfi_startproc
 474              		@ args = 0, pretend = 0, frame = 0
 475              		@ frame_needed = 0, uses_anonymous_args = 0
 476              	.LVL41:
 477 0000 08B5     		push	{r3, lr}
 478              	.LCFI13:
 479              		.cfi_def_cfa_offset 8
 480              		.cfi_offset 3, -8
 481              		.cfi_offset 14, -4
 298:USB_DEVICE/Target/usbd_conf.c ****   USBD_LL_DevConnected((USBD_HandleTypeDef*)hpcd->pData);
 482              		.loc 1 298 0
 483 0002 D0F80404 		ldr	r0, [r0, #1028]
 484              	.LVL42:
 485 0006 FFF7FEFF 		bl	USBD_LL_DevConnected
 486              	.LVL43:
 487 000a 08BD     		pop	{r3, pc}
 488              		.cfi_endproc
 489              	.LFE154:
 491              		.section	.text.HAL_PCD_DisconnectCallback,"ax",%progbits
 492              		.align	2
 493              		.global	HAL_PCD_DisconnectCallback
 494              		.thumb
 495              		.thumb_func
 497              	HAL_PCD_DisconnectCallback:
 498              	.LFB155:
 299:USB_DEVICE/Target/usbd_conf.c **** }
 300:USB_DEVICE/Target/usbd_conf.c **** 
 301:USB_DEVICE/Target/usbd_conf.c **** /**
 302:USB_DEVICE/Target/usbd_conf.c ****   * @brief  Disconnect callback.
 303:USB_DEVICE/Target/usbd_conf.c ****   * @param  hpcd: PCD handle
 304:USB_DEVICE/Target/usbd_conf.c ****   * @retval None
 305:USB_DEVICE/Target/usbd_conf.c ****   */
 306:USB_DEVICE/Target/usbd_conf.c **** #if (USE_HAL_PCD_REGISTER_CALLBACKS == 1U)
 307:USB_DEVICE/Target/usbd_conf.c **** static void PCD_DisconnectCallback(PCD_HandleTypeDef *hpcd)
 308:USB_DEVICE/Target/usbd_conf.c **** #else
 309:USB_DEVICE/Target/usbd_conf.c **** void HAL_PCD_DisconnectCallback(PCD_HandleTypeDef *hpcd)
 310:USB_DEVICE/Target/usbd_conf.c **** #endif /* USE_HAL_PCD_REGISTER_CALLBACKS */
 311:USB_DEVICE/Target/usbd_conf.c **** {
 499              		.loc 1 311 0
 500              		.cfi_startproc
 501              		@ args = 0, pretend = 0, frame = 0
 502              		@ frame_needed = 0, uses_anonymous_args = 0
 503              	.LVL44:
 504 0000 08B5     		push	{r3, lr}
 505              	.LCFI14:
 506              		.cfi_def_cfa_offset 8
 507              		.cfi_offset 3, -8
 508              		.cfi_offset 14, -4
 312:USB_DEVICE/Target/usbd_conf.c ****   USBD_LL_DevDisconnected((USBD_HandleTypeDef*)hpcd->pData);
ARM GAS  C:\Users\xiaofei\AppData\Local\Temp\ccniZNol.s 			page 15


 509              		.loc 1 312 0
 510 0002 D0F80404 		ldr	r0, [r0, #1028]
 511              	.LVL45:
 512 0006 FFF7FEFF 		bl	USBD_LL_DevDisconnected
 513              	.LVL46:
 514 000a 08BD     		pop	{r3, pc}
 515              		.cfi_endproc
 516              	.LFE155:
 518              		.section	.text.USBD_LL_Init,"ax",%progbits
 519              		.align	2
 520              		.global	USBD_LL_Init
 521              		.thumb
 522              		.thumb_func
 524              	USBD_LL_Init:
 525              	.LFB156:
 313:USB_DEVICE/Target/usbd_conf.c **** }
 314:USB_DEVICE/Target/usbd_conf.c **** 
 315:USB_DEVICE/Target/usbd_conf.c **** /*******************************************************************************
 316:USB_DEVICE/Target/usbd_conf.c ****                        LL Driver Interface (USB Device Library --> PCD)
 317:USB_DEVICE/Target/usbd_conf.c **** *******************************************************************************/
 318:USB_DEVICE/Target/usbd_conf.c **** 
 319:USB_DEVICE/Target/usbd_conf.c **** /**
 320:USB_DEVICE/Target/usbd_conf.c ****   * @brief  Initializes the low level portion of the device driver.
 321:USB_DEVICE/Target/usbd_conf.c ****   * @param  pdev: Device handle
 322:USB_DEVICE/Target/usbd_conf.c ****   * @retval USBD status
 323:USB_DEVICE/Target/usbd_conf.c ****   */
 324:USB_DEVICE/Target/usbd_conf.c **** USBD_StatusTypeDef USBD_LL_Init(USBD_HandleTypeDef *pdev)
 325:USB_DEVICE/Target/usbd_conf.c **** {
 526              		.loc 1 325 0
 527              		.cfi_startproc
 528              		@ args = 0, pretend = 0, frame = 0
 529              		@ frame_needed = 0, uses_anonymous_args = 0
 530              	.LVL47:
 326:USB_DEVICE/Target/usbd_conf.c ****   /* Init USB Ip. */
 327:USB_DEVICE/Target/usbd_conf.c ****   if (pdev->id == DEVICE_FS) {
 531              		.loc 1 327 0
 532 0000 0378     		ldrb	r3, [r0]	@ zero_extendqisi2
 533 0002 5BBB     		cbnz	r3, .L43
 325:USB_DEVICE/Target/usbd_conf.c ****   /* Init USB Ip. */
 534              		.loc 1 325 0
 535 0004 10B5     		push	{r4, lr}
 536              	.LCFI15:
 537              		.cfi_def_cfa_offset 8
 538              		.cfi_offset 4, -8
 539              		.cfi_offset 14, -4
 540 0006 0346     		mov	r3, r0
 328:USB_DEVICE/Target/usbd_conf.c ****   /* Link the driver to the stack. */
 329:USB_DEVICE/Target/usbd_conf.c ****   hpcd_USB_OTG_FS.pData = pdev;
 541              		.loc 1 329 0
 542 0008 1548     		ldr	r0, .L44
 543              	.LVL48:
 544 000a C0F80434 		str	r3, [r0, #1028]
 330:USB_DEVICE/Target/usbd_conf.c ****   pdev->pData = &hpcd_USB_OTG_FS;
 545              		.loc 1 330 0
 546 000e C3F8C402 		str	r0, [r3, #708]
 331:USB_DEVICE/Target/usbd_conf.c **** 
 332:USB_DEVICE/Target/usbd_conf.c ****   hpcd_USB_OTG_FS.Instance = USB_OTG_FS;
ARM GAS  C:\Users\xiaofei\AppData\Local\Temp\ccniZNol.s 			page 16


 547              		.loc 1 332 0
 548 0012 144B     		ldr	r3, .L44+4
 549              	.LVL49:
 550 0014 0360     		str	r3, [r0]
 333:USB_DEVICE/Target/usbd_conf.c ****   hpcd_USB_OTG_FS.Init.dev_endpoints = 9;
 551              		.loc 1 333 0
 552 0016 0923     		movs	r3, #9
 553 0018 4360     		str	r3, [r0, #4]
 334:USB_DEVICE/Target/usbd_conf.c ****   hpcd_USB_OTG_FS.Init.speed = PCD_SPEED_FULL;
 554              		.loc 1 334 0
 555 001a 0222     		movs	r2, #2
 556 001c C260     		str	r2, [r0, #12]
 335:USB_DEVICE/Target/usbd_conf.c ****   hpcd_USB_OTG_FS.Init.dma_enable = DISABLE;
 557              		.loc 1 335 0
 558 001e 0023     		movs	r3, #0
 559 0020 0361     		str	r3, [r0, #16]
 336:USB_DEVICE/Target/usbd_conf.c ****   hpcd_USB_OTG_FS.Init.phy_itface = PCD_PHY_EMBEDDED;
 560              		.loc 1 336 0
 561 0022 8261     		str	r2, [r0, #24]
 337:USB_DEVICE/Target/usbd_conf.c ****   hpcd_USB_OTG_FS.Init.Sof_enable = DISABLE;
 562              		.loc 1 337 0
 563 0024 C361     		str	r3, [r0, #28]
 338:USB_DEVICE/Target/usbd_conf.c ****   hpcd_USB_OTG_FS.Init.low_power_enable = DISABLE;
 564              		.loc 1 338 0
 565 0026 0362     		str	r3, [r0, #32]
 339:USB_DEVICE/Target/usbd_conf.c ****   hpcd_USB_OTG_FS.Init.lpm_enable = DISABLE;
 566              		.loc 1 339 0
 567 0028 4362     		str	r3, [r0, #36]
 340:USB_DEVICE/Target/usbd_conf.c ****   hpcd_USB_OTG_FS.Init.battery_charging_enable = DISABLE;
 568              		.loc 1 340 0
 569 002a 8362     		str	r3, [r0, #40]
 341:USB_DEVICE/Target/usbd_conf.c ****   hpcd_USB_OTG_FS.Init.vbus_sensing_enable = DISABLE;
 570              		.loc 1 341 0
 571 002c C362     		str	r3, [r0, #44]
 342:USB_DEVICE/Target/usbd_conf.c ****   hpcd_USB_OTG_FS.Init.use_dedicated_ep1 = DISABLE;
 572              		.loc 1 342 0
 573 002e 0363     		str	r3, [r0, #48]
 343:USB_DEVICE/Target/usbd_conf.c ****   if (HAL_PCD_Init(&hpcd_USB_OTG_FS) != HAL_OK)
 574              		.loc 1 343 0
 575 0030 FFF7FEFF 		bl	HAL_PCD_Init
 576              	.LVL50:
 577 0034 08B1     		cbz	r0, .L41
 344:USB_DEVICE/Target/usbd_conf.c ****   {
 345:USB_DEVICE/Target/usbd_conf.c ****     Error_Handler( );
 578              		.loc 1 345 0
 579 0036 FFF7FEFF 		bl	Error_Handler
 580              	.LVL51:
 581              	.L41:
 346:USB_DEVICE/Target/usbd_conf.c ****   }
 347:USB_DEVICE/Target/usbd_conf.c **** 
 348:USB_DEVICE/Target/usbd_conf.c **** #if (USE_HAL_PCD_REGISTER_CALLBACKS == 1U)
 349:USB_DEVICE/Target/usbd_conf.c ****   /* Register USB PCD CallBacks */
 350:USB_DEVICE/Target/usbd_conf.c ****   HAL_PCD_RegisterCallback(&hpcd_USB_OTG_FS, HAL_PCD_SOF_CB_ID, PCD_SOFCallback);
 351:USB_DEVICE/Target/usbd_conf.c ****   HAL_PCD_RegisterCallback(&hpcd_USB_OTG_FS, HAL_PCD_SETUPSTAGE_CB_ID, PCD_SetupStageCallback);
 352:USB_DEVICE/Target/usbd_conf.c ****   HAL_PCD_RegisterCallback(&hpcd_USB_OTG_FS, HAL_PCD_RESET_CB_ID, PCD_ResetCallback);
 353:USB_DEVICE/Target/usbd_conf.c ****   HAL_PCD_RegisterCallback(&hpcd_USB_OTG_FS, HAL_PCD_SUSPEND_CB_ID, PCD_SuspendCallback);
 354:USB_DEVICE/Target/usbd_conf.c ****   HAL_PCD_RegisterCallback(&hpcd_USB_OTG_FS, HAL_PCD_RESUME_CB_ID, PCD_ResumeCallback);
ARM GAS  C:\Users\xiaofei\AppData\Local\Temp\ccniZNol.s 			page 17


 355:USB_DEVICE/Target/usbd_conf.c ****   HAL_PCD_RegisterCallback(&hpcd_USB_OTG_FS, HAL_PCD_CONNECT_CB_ID, PCD_ConnectCallback);
 356:USB_DEVICE/Target/usbd_conf.c ****   HAL_PCD_RegisterCallback(&hpcd_USB_OTG_FS, HAL_PCD_DISCONNECT_CB_ID, PCD_DisconnectCallback);
 357:USB_DEVICE/Target/usbd_conf.c **** 
 358:USB_DEVICE/Target/usbd_conf.c ****   HAL_PCD_RegisterDataOutStageCallback(&hpcd_USB_OTG_FS, PCD_DataOutStageCallback);
 359:USB_DEVICE/Target/usbd_conf.c ****   HAL_PCD_RegisterDataInStageCallback(&hpcd_USB_OTG_FS, PCD_DataInStageCallback);
 360:USB_DEVICE/Target/usbd_conf.c ****   HAL_PCD_RegisterIsoOutIncpltCallback(&hpcd_USB_OTG_FS, PCD_ISOOUTIncompleteCallback);
 361:USB_DEVICE/Target/usbd_conf.c ****   HAL_PCD_RegisterIsoInIncpltCallback(&hpcd_USB_OTG_FS, PCD_ISOINIncompleteCallback);
 362:USB_DEVICE/Target/usbd_conf.c **** #endif /* USE_HAL_PCD_REGISTER_CALLBACKS */
 363:USB_DEVICE/Target/usbd_conf.c ****   HAL_PCDEx_SetRxFiFo(&hpcd_USB_OTG_FS, 0x80);
 582              		.loc 1 363 0
 583 003a 094C     		ldr	r4, .L44
 584 003c 8021     		movs	r1, #128
 585 003e 2046     		mov	r0, r4
 586 0040 FFF7FEFF 		bl	HAL_PCDEx_SetRxFiFo
 587              	.LVL52:
 364:USB_DEVICE/Target/usbd_conf.c ****   HAL_PCDEx_SetTxFiFo(&hpcd_USB_OTG_FS, 0, 0x40);
 588              		.loc 1 364 0
 589 0044 4022     		movs	r2, #64
 590 0046 0021     		movs	r1, #0
 591 0048 2046     		mov	r0, r4
 592 004a FFF7FEFF 		bl	HAL_PCDEx_SetTxFiFo
 593              	.LVL53:
 365:USB_DEVICE/Target/usbd_conf.c ****   HAL_PCDEx_SetTxFiFo(&hpcd_USB_OTG_FS, 1, 0x80);
 594              		.loc 1 365 0
 595 004e 8022     		movs	r2, #128
 596 0050 0121     		movs	r1, #1
 597 0052 2046     		mov	r0, r4
 598 0054 FFF7FEFF 		bl	HAL_PCDEx_SetTxFiFo
 599              	.LVL54:
 366:USB_DEVICE/Target/usbd_conf.c ****   }
 367:USB_DEVICE/Target/usbd_conf.c ****   return USBD_OK;
 368:USB_DEVICE/Target/usbd_conf.c **** }
 600              		.loc 1 368 0
 601 0058 0020     		movs	r0, #0
 602 005a 10BD     		pop	{r4, pc}
 603              	.LVL55:
 604              	.L43:
 605              	.LCFI16:
 606              		.cfi_def_cfa_offset 0
 607              		.cfi_restore 4
 608              		.cfi_restore 14
 609 005c 0020     		movs	r0, #0
 610              	.LVL56:
 611 005e 7047     		bx	lr
 612              	.L45:
 613              		.align	2
 614              	.L44:
 615 0060 00000000 		.word	hpcd_USB_OTG_FS
 616 0064 00000840 		.word	1074266112
 617              		.cfi_endproc
 618              	.LFE156:
 620              		.section	.text.USBD_LL_IsStallEP,"ax",%progbits
 621              		.align	2
 622              		.global	USBD_LL_IsStallEP
 623              		.thumb
 624              		.thumb_func
 626              	USBD_LL_IsStallEP:
ARM GAS  C:\Users\xiaofei\AppData\Local\Temp\ccniZNol.s 			page 18


 627              	.LFB165:
 369:USB_DEVICE/Target/usbd_conf.c **** 
 370:USB_DEVICE/Target/usbd_conf.c **** /**
 371:USB_DEVICE/Target/usbd_conf.c ****   * @brief  De-Initializes the low level portion of the device driver.
 372:USB_DEVICE/Target/usbd_conf.c ****   * @param  pdev: Device handle
 373:USB_DEVICE/Target/usbd_conf.c ****   * @retval USBD status
 374:USB_DEVICE/Target/usbd_conf.c ****   */
 375:USB_DEVICE/Target/usbd_conf.c **** USBD_StatusTypeDef USBD_LL_DeInit(USBD_HandleTypeDef *pdev)
 376:USB_DEVICE/Target/usbd_conf.c **** {
 377:USB_DEVICE/Target/usbd_conf.c ****   HAL_StatusTypeDef hal_status = HAL_OK;
 378:USB_DEVICE/Target/usbd_conf.c ****   USBD_StatusTypeDef usb_status = USBD_OK;
 379:USB_DEVICE/Target/usbd_conf.c **** 
 380:USB_DEVICE/Target/usbd_conf.c ****   hal_status = HAL_PCD_DeInit(pdev->pData);
 381:USB_DEVICE/Target/usbd_conf.c **** 
 382:USB_DEVICE/Target/usbd_conf.c ****   usb_status =  USBD_Get_USB_Status(hal_status);
 383:USB_DEVICE/Target/usbd_conf.c **** 
 384:USB_DEVICE/Target/usbd_conf.c ****   return usb_status;
 385:USB_DEVICE/Target/usbd_conf.c **** }
 386:USB_DEVICE/Target/usbd_conf.c **** 
 387:USB_DEVICE/Target/usbd_conf.c **** /**
 388:USB_DEVICE/Target/usbd_conf.c ****   * @brief  Starts the low level portion of the device driver.
 389:USB_DEVICE/Target/usbd_conf.c ****   * @param  pdev: Device handle
 390:USB_DEVICE/Target/usbd_conf.c ****   * @retval USBD status
 391:USB_DEVICE/Target/usbd_conf.c ****   */
 392:USB_DEVICE/Target/usbd_conf.c **** USBD_StatusTypeDef USBD_LL_Start(USBD_HandleTypeDef *pdev)
 393:USB_DEVICE/Target/usbd_conf.c **** {
 394:USB_DEVICE/Target/usbd_conf.c ****   HAL_StatusTypeDef hal_status = HAL_OK;
 395:USB_DEVICE/Target/usbd_conf.c ****   USBD_StatusTypeDef usb_status = USBD_OK;
 396:USB_DEVICE/Target/usbd_conf.c **** 
 397:USB_DEVICE/Target/usbd_conf.c ****   hal_status = HAL_PCD_Start(pdev->pData);
 398:USB_DEVICE/Target/usbd_conf.c **** 
 399:USB_DEVICE/Target/usbd_conf.c ****   usb_status =  USBD_Get_USB_Status(hal_status);
 400:USB_DEVICE/Target/usbd_conf.c **** 
 401:USB_DEVICE/Target/usbd_conf.c ****   return usb_status;
 402:USB_DEVICE/Target/usbd_conf.c **** }
 403:USB_DEVICE/Target/usbd_conf.c **** 
 404:USB_DEVICE/Target/usbd_conf.c **** /**
 405:USB_DEVICE/Target/usbd_conf.c ****   * @brief  Stops the low level portion of the device driver.
 406:USB_DEVICE/Target/usbd_conf.c ****   * @param  pdev: Device handle
 407:USB_DEVICE/Target/usbd_conf.c ****   * @retval USBD status
 408:USB_DEVICE/Target/usbd_conf.c ****   */
 409:USB_DEVICE/Target/usbd_conf.c **** USBD_StatusTypeDef USBD_LL_Stop(USBD_HandleTypeDef *pdev)
 410:USB_DEVICE/Target/usbd_conf.c **** {
 411:USB_DEVICE/Target/usbd_conf.c ****   HAL_StatusTypeDef hal_status = HAL_OK;
 412:USB_DEVICE/Target/usbd_conf.c ****   USBD_StatusTypeDef usb_status = USBD_OK;
 413:USB_DEVICE/Target/usbd_conf.c **** 
 414:USB_DEVICE/Target/usbd_conf.c ****   hal_status = HAL_PCD_Stop(pdev->pData);
 415:USB_DEVICE/Target/usbd_conf.c **** 
 416:USB_DEVICE/Target/usbd_conf.c ****   usb_status =  USBD_Get_USB_Status(hal_status);
 417:USB_DEVICE/Target/usbd_conf.c **** 
 418:USB_DEVICE/Target/usbd_conf.c ****   return usb_status;
 419:USB_DEVICE/Target/usbd_conf.c **** }
 420:USB_DEVICE/Target/usbd_conf.c **** 
 421:USB_DEVICE/Target/usbd_conf.c **** /**
 422:USB_DEVICE/Target/usbd_conf.c ****   * @brief  Opens an endpoint of the low level driver.
 423:USB_DEVICE/Target/usbd_conf.c ****   * @param  pdev: Device handle
 424:USB_DEVICE/Target/usbd_conf.c ****   * @param  ep_addr: Endpoint number
ARM GAS  C:\Users\xiaofei\AppData\Local\Temp\ccniZNol.s 			page 19


 425:USB_DEVICE/Target/usbd_conf.c ****   * @param  ep_type: Endpoint type
 426:USB_DEVICE/Target/usbd_conf.c ****   * @param  ep_mps: Endpoint max packet size
 427:USB_DEVICE/Target/usbd_conf.c ****   * @retval USBD status
 428:USB_DEVICE/Target/usbd_conf.c ****   */
 429:USB_DEVICE/Target/usbd_conf.c **** USBD_StatusTypeDef USBD_LL_OpenEP(USBD_HandleTypeDef *pdev, uint8_t ep_addr, uint8_t ep_type, uint1
 430:USB_DEVICE/Target/usbd_conf.c **** {
 431:USB_DEVICE/Target/usbd_conf.c ****   HAL_StatusTypeDef hal_status = HAL_OK;
 432:USB_DEVICE/Target/usbd_conf.c ****   USBD_StatusTypeDef usb_status = USBD_OK;
 433:USB_DEVICE/Target/usbd_conf.c **** 
 434:USB_DEVICE/Target/usbd_conf.c ****   hal_status = HAL_PCD_EP_Open(pdev->pData, ep_addr, ep_mps, ep_type);
 435:USB_DEVICE/Target/usbd_conf.c **** 
 436:USB_DEVICE/Target/usbd_conf.c ****   usb_status =  USBD_Get_USB_Status(hal_status);
 437:USB_DEVICE/Target/usbd_conf.c **** 
 438:USB_DEVICE/Target/usbd_conf.c ****   return usb_status;
 439:USB_DEVICE/Target/usbd_conf.c **** }
 440:USB_DEVICE/Target/usbd_conf.c **** 
 441:USB_DEVICE/Target/usbd_conf.c **** /**
 442:USB_DEVICE/Target/usbd_conf.c ****   * @brief  Closes an endpoint of the low level driver.
 443:USB_DEVICE/Target/usbd_conf.c ****   * @param  pdev: Device handle
 444:USB_DEVICE/Target/usbd_conf.c ****   * @param  ep_addr: Endpoint number
 445:USB_DEVICE/Target/usbd_conf.c ****   * @retval USBD status
 446:USB_DEVICE/Target/usbd_conf.c ****   */
 447:USB_DEVICE/Target/usbd_conf.c **** USBD_StatusTypeDef USBD_LL_CloseEP(USBD_HandleTypeDef *pdev, uint8_t ep_addr)
 448:USB_DEVICE/Target/usbd_conf.c **** {
 449:USB_DEVICE/Target/usbd_conf.c ****   HAL_StatusTypeDef hal_status = HAL_OK;
 450:USB_DEVICE/Target/usbd_conf.c ****   USBD_StatusTypeDef usb_status = USBD_OK;
 451:USB_DEVICE/Target/usbd_conf.c **** 
 452:USB_DEVICE/Target/usbd_conf.c ****   hal_status = HAL_PCD_EP_Close(pdev->pData, ep_addr);
 453:USB_DEVICE/Target/usbd_conf.c **** 
 454:USB_DEVICE/Target/usbd_conf.c ****   usb_status =  USBD_Get_USB_Status(hal_status);
 455:USB_DEVICE/Target/usbd_conf.c **** 
 456:USB_DEVICE/Target/usbd_conf.c ****   return usb_status;
 457:USB_DEVICE/Target/usbd_conf.c **** }
 458:USB_DEVICE/Target/usbd_conf.c **** 
 459:USB_DEVICE/Target/usbd_conf.c **** /**
 460:USB_DEVICE/Target/usbd_conf.c ****   * @brief  Flushes an endpoint of the Low Level Driver.
 461:USB_DEVICE/Target/usbd_conf.c ****   * @param  pdev: Device handle
 462:USB_DEVICE/Target/usbd_conf.c ****   * @param  ep_addr: Endpoint number
 463:USB_DEVICE/Target/usbd_conf.c ****   * @retval USBD status
 464:USB_DEVICE/Target/usbd_conf.c ****   */
 465:USB_DEVICE/Target/usbd_conf.c **** USBD_StatusTypeDef USBD_LL_FlushEP(USBD_HandleTypeDef *pdev, uint8_t ep_addr)
 466:USB_DEVICE/Target/usbd_conf.c **** {
 467:USB_DEVICE/Target/usbd_conf.c ****   HAL_StatusTypeDef hal_status = HAL_OK;
 468:USB_DEVICE/Target/usbd_conf.c ****   USBD_StatusTypeDef usb_status = USBD_OK;
 469:USB_DEVICE/Target/usbd_conf.c **** 
 470:USB_DEVICE/Target/usbd_conf.c ****   hal_status = HAL_PCD_EP_Flush(pdev->pData, ep_addr);
 471:USB_DEVICE/Target/usbd_conf.c **** 
 472:USB_DEVICE/Target/usbd_conf.c ****   usb_status =  USBD_Get_USB_Status(hal_status);
 473:USB_DEVICE/Target/usbd_conf.c **** 
 474:USB_DEVICE/Target/usbd_conf.c ****   return usb_status;
 475:USB_DEVICE/Target/usbd_conf.c **** }
 476:USB_DEVICE/Target/usbd_conf.c **** 
 477:USB_DEVICE/Target/usbd_conf.c **** /**
 478:USB_DEVICE/Target/usbd_conf.c ****   * @brief  Sets a Stall condition on an endpoint of the Low Level Driver.
 479:USB_DEVICE/Target/usbd_conf.c ****   * @param  pdev: Device handle
 480:USB_DEVICE/Target/usbd_conf.c ****   * @param  ep_addr: Endpoint number
 481:USB_DEVICE/Target/usbd_conf.c ****   * @retval USBD status
ARM GAS  C:\Users\xiaofei\AppData\Local\Temp\ccniZNol.s 			page 20


 482:USB_DEVICE/Target/usbd_conf.c ****   */
 483:USB_DEVICE/Target/usbd_conf.c **** USBD_StatusTypeDef USBD_LL_StallEP(USBD_HandleTypeDef *pdev, uint8_t ep_addr)
 484:USB_DEVICE/Target/usbd_conf.c **** {
 485:USB_DEVICE/Target/usbd_conf.c ****   HAL_StatusTypeDef hal_status = HAL_OK;
 486:USB_DEVICE/Target/usbd_conf.c ****   USBD_StatusTypeDef usb_status = USBD_OK;
 487:USB_DEVICE/Target/usbd_conf.c **** 
 488:USB_DEVICE/Target/usbd_conf.c ****   hal_status = HAL_PCD_EP_SetStall(pdev->pData, ep_addr);
 489:USB_DEVICE/Target/usbd_conf.c **** 
 490:USB_DEVICE/Target/usbd_conf.c ****   usb_status =  USBD_Get_USB_Status(hal_status);
 491:USB_DEVICE/Target/usbd_conf.c **** 
 492:USB_DEVICE/Target/usbd_conf.c ****   return usb_status;
 493:USB_DEVICE/Target/usbd_conf.c **** }
 494:USB_DEVICE/Target/usbd_conf.c **** 
 495:USB_DEVICE/Target/usbd_conf.c **** /**
 496:USB_DEVICE/Target/usbd_conf.c ****   * @brief  Clears a Stall condition on an endpoint of the Low Level Driver.
 497:USB_DEVICE/Target/usbd_conf.c ****   * @param  pdev: Device handle
 498:USB_DEVICE/Target/usbd_conf.c ****   * @param  ep_addr: Endpoint number
 499:USB_DEVICE/Target/usbd_conf.c ****   * @retval USBD status
 500:USB_DEVICE/Target/usbd_conf.c ****   */
 501:USB_DEVICE/Target/usbd_conf.c **** USBD_StatusTypeDef USBD_LL_ClearStallEP(USBD_HandleTypeDef *pdev, uint8_t ep_addr)
 502:USB_DEVICE/Target/usbd_conf.c **** {
 503:USB_DEVICE/Target/usbd_conf.c ****   HAL_StatusTypeDef hal_status = HAL_OK;
 504:USB_DEVICE/Target/usbd_conf.c ****   USBD_StatusTypeDef usb_status = USBD_OK;
 505:USB_DEVICE/Target/usbd_conf.c **** 
 506:USB_DEVICE/Target/usbd_conf.c ****   hal_status = HAL_PCD_EP_ClrStall(pdev->pData, ep_addr);
 507:USB_DEVICE/Target/usbd_conf.c **** 
 508:USB_DEVICE/Target/usbd_conf.c ****   usb_status =  USBD_Get_USB_Status(hal_status);
 509:USB_DEVICE/Target/usbd_conf.c **** 
 510:USB_DEVICE/Target/usbd_conf.c ****   return usb_status;
 511:USB_DEVICE/Target/usbd_conf.c **** }
 512:USB_DEVICE/Target/usbd_conf.c **** 
 513:USB_DEVICE/Target/usbd_conf.c **** /**
 514:USB_DEVICE/Target/usbd_conf.c ****   * @brief  Returns Stall condition.
 515:USB_DEVICE/Target/usbd_conf.c ****   * @param  pdev: Device handle
 516:USB_DEVICE/Target/usbd_conf.c ****   * @param  ep_addr: Endpoint number
 517:USB_DEVICE/Target/usbd_conf.c ****   * @retval Stall (1: Yes, 0: No)
 518:USB_DEVICE/Target/usbd_conf.c ****   */
 519:USB_DEVICE/Target/usbd_conf.c **** uint8_t USBD_LL_IsStallEP(USBD_HandleTypeDef *pdev, uint8_t ep_addr)
 520:USB_DEVICE/Target/usbd_conf.c **** {
 628              		.loc 1 520 0
 629              		.cfi_startproc
 630              		@ args = 0, pretend = 0, frame = 0
 631              		@ frame_needed = 0, uses_anonymous_args = 0
 632              		@ link register save eliminated.
 633              	.LVL57:
 521:USB_DEVICE/Target/usbd_conf.c ****   PCD_HandleTypeDef *hpcd = (PCD_HandleTypeDef*) pdev->pData;
 634              		.loc 1 521 0
 635 0000 D0F8C422 		ldr	r2, [r0, #708]
 636              	.LVL58:
 522:USB_DEVICE/Target/usbd_conf.c **** 
 523:USB_DEVICE/Target/usbd_conf.c ****   if((ep_addr & 0x80) == 0x80)
 637              		.loc 1 523 0
 638 0004 11F0800F 		tst	r1, #128
 639 0008 08D0     		beq	.L47
 524:USB_DEVICE/Target/usbd_conf.c ****   {
 525:USB_DEVICE/Target/usbd_conf.c ****     return hpcd->IN_ep[ep_addr & 0x7F].is_stall;
 640              		.loc 1 525 0
ARM GAS  C:\Users\xiaofei\AppData\Local\Temp\ccniZNol.s 			page 21


 641 000a 01F07F01 		and	r1, r1, #127
 642              	.LVL59:
 643 000e C1EBC101 		rsb	r1, r1, r1, lsl #3
 644 0012 8B00     		lsls	r3, r1, #2
 645 0014 1344     		add	r3, r3, r2
 646 0016 93F83E00 		ldrb	r0, [r3, #62]	@ zero_extendqisi2
 647              	.LVL60:
 648 001a 7047     		bx	lr
 649              	.LVL61:
 650              	.L47:
 526:USB_DEVICE/Target/usbd_conf.c ****   }
 527:USB_DEVICE/Target/usbd_conf.c ****   else
 528:USB_DEVICE/Target/usbd_conf.c ****   {
 529:USB_DEVICE/Target/usbd_conf.c ****     return hpcd->OUT_ep[ep_addr & 0x7F].is_stall;
 651              		.loc 1 529 0
 652 001c 01F07F01 		and	r1, r1, #127
 653              	.LVL62:
 654 0020 C1EBC101 		rsb	r1, r1, r1, lsl #3
 655 0024 8B00     		lsls	r3, r1, #2
 656 0026 1344     		add	r3, r3, r2
 657 0028 93F8FE01 		ldrb	r0, [r3, #510]	@ zero_extendqisi2
 658              	.LVL63:
 530:USB_DEVICE/Target/usbd_conf.c ****   }
 531:USB_DEVICE/Target/usbd_conf.c **** }
 659              		.loc 1 531 0
 660 002c 7047     		bx	lr
 661              		.cfi_endproc
 662              	.LFE165:
 664 002e 00BF     		.section	.text.USBD_LL_GetRxDataSize,"ax",%progbits
 665              		.align	2
 666              		.global	USBD_LL_GetRxDataSize
 667              		.thumb
 668              		.thumb_func
 670              	USBD_LL_GetRxDataSize:
 671              	.LFB169:
 532:USB_DEVICE/Target/usbd_conf.c **** 
 533:USB_DEVICE/Target/usbd_conf.c **** /**
 534:USB_DEVICE/Target/usbd_conf.c ****   * @brief  Assigns a USB address to the device.
 535:USB_DEVICE/Target/usbd_conf.c ****   * @param  pdev: Device handle
 536:USB_DEVICE/Target/usbd_conf.c ****   * @param  dev_addr: Device address
 537:USB_DEVICE/Target/usbd_conf.c ****   * @retval USBD status
 538:USB_DEVICE/Target/usbd_conf.c ****   */
 539:USB_DEVICE/Target/usbd_conf.c **** USBD_StatusTypeDef USBD_LL_SetUSBAddress(USBD_HandleTypeDef *pdev, uint8_t dev_addr)
 540:USB_DEVICE/Target/usbd_conf.c **** {
 541:USB_DEVICE/Target/usbd_conf.c ****   HAL_StatusTypeDef hal_status = HAL_OK;
 542:USB_DEVICE/Target/usbd_conf.c ****   USBD_StatusTypeDef usb_status = USBD_OK;
 543:USB_DEVICE/Target/usbd_conf.c **** 
 544:USB_DEVICE/Target/usbd_conf.c ****   hal_status = HAL_PCD_SetAddress(pdev->pData, dev_addr);
 545:USB_DEVICE/Target/usbd_conf.c **** 
 546:USB_DEVICE/Target/usbd_conf.c ****   usb_status =  USBD_Get_USB_Status(hal_status);
 547:USB_DEVICE/Target/usbd_conf.c **** 
 548:USB_DEVICE/Target/usbd_conf.c ****   return usb_status;
 549:USB_DEVICE/Target/usbd_conf.c **** }
 550:USB_DEVICE/Target/usbd_conf.c **** 
 551:USB_DEVICE/Target/usbd_conf.c **** /**
 552:USB_DEVICE/Target/usbd_conf.c ****   * @brief  Transmits data over an endpoint.
 553:USB_DEVICE/Target/usbd_conf.c ****   * @param  pdev: Device handle
ARM GAS  C:\Users\xiaofei\AppData\Local\Temp\ccniZNol.s 			page 22


 554:USB_DEVICE/Target/usbd_conf.c ****   * @param  ep_addr: Endpoint number
 555:USB_DEVICE/Target/usbd_conf.c ****   * @param  pbuf: Pointer to data to be sent
 556:USB_DEVICE/Target/usbd_conf.c ****   * @param  size: Data size
 557:USB_DEVICE/Target/usbd_conf.c ****   * @retval USBD status
 558:USB_DEVICE/Target/usbd_conf.c ****   */
 559:USB_DEVICE/Target/usbd_conf.c **** USBD_StatusTypeDef USBD_LL_Transmit(USBD_HandleTypeDef *pdev, uint8_t ep_addr, uint8_t *pbuf, uint3
 560:USB_DEVICE/Target/usbd_conf.c **** {
 561:USB_DEVICE/Target/usbd_conf.c ****   HAL_StatusTypeDef hal_status = HAL_OK;
 562:USB_DEVICE/Target/usbd_conf.c ****   USBD_StatusTypeDef usb_status = USBD_OK;
 563:USB_DEVICE/Target/usbd_conf.c **** 
 564:USB_DEVICE/Target/usbd_conf.c ****   hal_status = HAL_PCD_EP_Transmit(pdev->pData, ep_addr, pbuf, size);
 565:USB_DEVICE/Target/usbd_conf.c **** 
 566:USB_DEVICE/Target/usbd_conf.c ****   usb_status =  USBD_Get_USB_Status(hal_status);
 567:USB_DEVICE/Target/usbd_conf.c **** 
 568:USB_DEVICE/Target/usbd_conf.c ****   return usb_status;
 569:USB_DEVICE/Target/usbd_conf.c **** }
 570:USB_DEVICE/Target/usbd_conf.c **** 
 571:USB_DEVICE/Target/usbd_conf.c **** /**
 572:USB_DEVICE/Target/usbd_conf.c ****   * @brief  Prepares an endpoint for reception.
 573:USB_DEVICE/Target/usbd_conf.c ****   * @param  pdev: Device handle
 574:USB_DEVICE/Target/usbd_conf.c ****   * @param  ep_addr: Endpoint number
 575:USB_DEVICE/Target/usbd_conf.c ****   * @param  pbuf: Pointer to data to be received
 576:USB_DEVICE/Target/usbd_conf.c ****   * @param  size: Data size
 577:USB_DEVICE/Target/usbd_conf.c ****   * @retval USBD status
 578:USB_DEVICE/Target/usbd_conf.c ****   */
 579:USB_DEVICE/Target/usbd_conf.c **** USBD_StatusTypeDef USBD_LL_PrepareReceive(USBD_HandleTypeDef *pdev, uint8_t ep_addr, uint8_t *pbuf,
 580:USB_DEVICE/Target/usbd_conf.c **** {
 581:USB_DEVICE/Target/usbd_conf.c ****   HAL_StatusTypeDef hal_status = HAL_OK;
 582:USB_DEVICE/Target/usbd_conf.c ****   USBD_StatusTypeDef usb_status = USBD_OK;
 583:USB_DEVICE/Target/usbd_conf.c **** 
 584:USB_DEVICE/Target/usbd_conf.c ****   hal_status = HAL_PCD_EP_Receive(pdev->pData, ep_addr, pbuf, size);
 585:USB_DEVICE/Target/usbd_conf.c **** 
 586:USB_DEVICE/Target/usbd_conf.c ****   usb_status =  USBD_Get_USB_Status(hal_status);
 587:USB_DEVICE/Target/usbd_conf.c **** 
 588:USB_DEVICE/Target/usbd_conf.c ****   return usb_status;
 589:USB_DEVICE/Target/usbd_conf.c **** }
 590:USB_DEVICE/Target/usbd_conf.c **** 
 591:USB_DEVICE/Target/usbd_conf.c **** /**
 592:USB_DEVICE/Target/usbd_conf.c ****   * @brief  Returns the last transfered packet size.
 593:USB_DEVICE/Target/usbd_conf.c ****   * @param  pdev: Device handle
 594:USB_DEVICE/Target/usbd_conf.c ****   * @param  ep_addr: Endpoint number
 595:USB_DEVICE/Target/usbd_conf.c ****   * @retval Recived Data Size
 596:USB_DEVICE/Target/usbd_conf.c ****   */
 597:USB_DEVICE/Target/usbd_conf.c **** uint32_t USBD_LL_GetRxDataSize(USBD_HandleTypeDef *pdev, uint8_t ep_addr)
 598:USB_DEVICE/Target/usbd_conf.c **** {
 672              		.loc 1 598 0
 673              		.cfi_startproc
 674              		@ args = 0, pretend = 0, frame = 0
 675              		@ frame_needed = 0, uses_anonymous_args = 0
 676              	.LVL64:
 677 0000 08B5     		push	{r3, lr}
 678              	.LCFI17:
 679              		.cfi_def_cfa_offset 8
 680              		.cfi_offset 3, -8
 681              		.cfi_offset 14, -4
 599:USB_DEVICE/Target/usbd_conf.c ****   return HAL_PCD_EP_GetRxCount((PCD_HandleTypeDef*) pdev->pData, ep_addr);
 682              		.loc 1 599 0
ARM GAS  C:\Users\xiaofei\AppData\Local\Temp\ccniZNol.s 			page 23


 683 0002 D0F8C402 		ldr	r0, [r0, #708]
 684              	.LVL65:
 685 0006 FFF7FEFF 		bl	HAL_PCD_EP_GetRxCount
 686              	.LVL66:
 600:USB_DEVICE/Target/usbd_conf.c **** }
 687              		.loc 1 600 0
 688 000a 08BD     		pop	{r3, pc}
 689              		.cfi_endproc
 690              	.LFE169:
 692              		.section	.text.USBD_LL_Delay,"ax",%progbits
 693              		.align	2
 694              		.global	USBD_LL_Delay
 695              		.thumb
 696              		.thumb_func
 698              	USBD_LL_Delay:
 699              	.LFB170:
 601:USB_DEVICE/Target/usbd_conf.c **** 
 602:USB_DEVICE/Target/usbd_conf.c **** /**
 603:USB_DEVICE/Target/usbd_conf.c ****   * @brief  Delays routine for the USB device library.
 604:USB_DEVICE/Target/usbd_conf.c ****   * @param  Delay: Delay in ms
 605:USB_DEVICE/Target/usbd_conf.c ****   * @retval None
 606:USB_DEVICE/Target/usbd_conf.c ****   */
 607:USB_DEVICE/Target/usbd_conf.c **** void USBD_LL_Delay(uint32_t Delay)
 608:USB_DEVICE/Target/usbd_conf.c **** {
 700              		.loc 1 608 0
 701              		.cfi_startproc
 702              		@ args = 0, pretend = 0, frame = 0
 703              		@ frame_needed = 0, uses_anonymous_args = 0
 704              	.LVL67:
 705 0000 08B5     		push	{r3, lr}
 706              	.LCFI18:
 707              		.cfi_def_cfa_offset 8
 708              		.cfi_offset 3, -8
 709              		.cfi_offset 14, -4
 609:USB_DEVICE/Target/usbd_conf.c ****   HAL_Delay(Delay);
 710              		.loc 1 609 0
 711 0002 FFF7FEFF 		bl	HAL_Delay
 712              	.LVL68:
 713 0006 08BD     		pop	{r3, pc}
 714              		.cfi_endproc
 715              	.LFE170:
 717              		.section	.text.USBD_Get_USB_Status,"ax",%progbits
 718              		.align	2
 719              		.global	USBD_Get_USB_Status
 720              		.thumb
 721              		.thumb_func
 723              	USBD_Get_USB_Status:
 724              	.LFB171:
 610:USB_DEVICE/Target/usbd_conf.c **** }
 611:USB_DEVICE/Target/usbd_conf.c **** 
 612:USB_DEVICE/Target/usbd_conf.c **** /**
 613:USB_DEVICE/Target/usbd_conf.c ****   * @brief  Retuns the USB status depending on the HAL status:
 614:USB_DEVICE/Target/usbd_conf.c ****   * @param  hal_status: HAL status
 615:USB_DEVICE/Target/usbd_conf.c ****   * @retval USB status
 616:USB_DEVICE/Target/usbd_conf.c ****   */
 617:USB_DEVICE/Target/usbd_conf.c **** USBD_StatusTypeDef USBD_Get_USB_Status(HAL_StatusTypeDef hal_status)
 618:USB_DEVICE/Target/usbd_conf.c **** {
ARM GAS  C:\Users\xiaofei\AppData\Local\Temp\ccniZNol.s 			page 24


 725              		.loc 1 618 0
 726              		.cfi_startproc
 727              		@ args = 0, pretend = 0, frame = 0
 728              		@ frame_needed = 0, uses_anonymous_args = 0
 729              		@ link register save eliminated.
 730              	.LVL69:
 619:USB_DEVICE/Target/usbd_conf.c ****   USBD_StatusTypeDef usb_status = USBD_OK;
 620:USB_DEVICE/Target/usbd_conf.c **** 
 621:USB_DEVICE/Target/usbd_conf.c ****   switch (hal_status)
 731              		.loc 1 621 0
 732 0000 10B1     		cbz	r0, .L55
 733 0002 0228     		cmp	r0, #2
 734 0004 02D0     		beq	.L56
 735 0006 03E0     		b	.L58
 736              	.L55:
 622:USB_DEVICE/Target/usbd_conf.c ****   {
 623:USB_DEVICE/Target/usbd_conf.c ****     case HAL_OK :
 624:USB_DEVICE/Target/usbd_conf.c ****       usb_status = USBD_OK;
 737              		.loc 1 624 0
 738 0008 0020     		movs	r0, #0
 739              	.LVL70:
 740 000a 7047     		bx	lr
 741              	.LVL71:
 742              	.L56:
 625:USB_DEVICE/Target/usbd_conf.c ****     break;
 626:USB_DEVICE/Target/usbd_conf.c ****     case HAL_ERROR :
 627:USB_DEVICE/Target/usbd_conf.c ****       usb_status = USBD_FAIL;
 628:USB_DEVICE/Target/usbd_conf.c ****     break;
 629:USB_DEVICE/Target/usbd_conf.c ****     case HAL_BUSY :
 630:USB_DEVICE/Target/usbd_conf.c ****       usb_status = USBD_BUSY;
 743              		.loc 1 630 0
 744 000c 0120     		movs	r0, #1
 745              	.LVL72:
 631:USB_DEVICE/Target/usbd_conf.c ****     break;
 746              		.loc 1 631 0
 747 000e 7047     		bx	lr
 748              	.LVL73:
 749              	.L58:
 627:USB_DEVICE/Target/usbd_conf.c ****     break;
 750              		.loc 1 627 0
 751 0010 0320     		movs	r0, #3
 752              	.LVL74:
 632:USB_DEVICE/Target/usbd_conf.c ****     case HAL_TIMEOUT :
 633:USB_DEVICE/Target/usbd_conf.c ****       usb_status = USBD_FAIL;
 634:USB_DEVICE/Target/usbd_conf.c ****     break;
 635:USB_DEVICE/Target/usbd_conf.c ****     default :
 636:USB_DEVICE/Target/usbd_conf.c ****       usb_status = USBD_FAIL;
 637:USB_DEVICE/Target/usbd_conf.c ****     break;
 638:USB_DEVICE/Target/usbd_conf.c ****   }
 639:USB_DEVICE/Target/usbd_conf.c ****   return usb_status;
 640:USB_DEVICE/Target/usbd_conf.c **** }
 753              		.loc 1 640 0
 754 0012 7047     		bx	lr
 755              		.cfi_endproc
 756              	.LFE171:
 758              		.section	.text.USBD_LL_DeInit,"ax",%progbits
 759              		.align	2
ARM GAS  C:\Users\xiaofei\AppData\Local\Temp\ccniZNol.s 			page 25


 760              		.global	USBD_LL_DeInit
 761              		.thumb
 762              		.thumb_func
 764              	USBD_LL_DeInit:
 765              	.LFB157:
 376:USB_DEVICE/Target/usbd_conf.c ****   HAL_StatusTypeDef hal_status = HAL_OK;
 766              		.loc 1 376 0
 767              		.cfi_startproc
 768              		@ args = 0, pretend = 0, frame = 0
 769              		@ frame_needed = 0, uses_anonymous_args = 0
 770              	.LVL75:
 771 0000 08B5     		push	{r3, lr}
 772              	.LCFI19:
 773              		.cfi_def_cfa_offset 8
 774              		.cfi_offset 3, -8
 775              		.cfi_offset 14, -4
 776              	.LVL76:
 380:USB_DEVICE/Target/usbd_conf.c **** 
 777              		.loc 1 380 0
 778 0002 D0F8C402 		ldr	r0, [r0, #708]
 779              	.LVL77:
 780 0006 FFF7FEFF 		bl	HAL_PCD_DeInit
 781              	.LVL78:
 382:USB_DEVICE/Target/usbd_conf.c **** 
 782              		.loc 1 382 0
 783 000a FFF7FEFF 		bl	USBD_Get_USB_Status
 784              	.LVL79:
 385:USB_DEVICE/Target/usbd_conf.c **** 
 785              		.loc 1 385 0
 786 000e 08BD     		pop	{r3, pc}
 787              		.cfi_endproc
 788              	.LFE157:
 790              		.section	.text.USBD_LL_Start,"ax",%progbits
 791              		.align	2
 792              		.global	USBD_LL_Start
 793              		.thumb
 794              		.thumb_func
 796              	USBD_LL_Start:
 797              	.LFB158:
 393:USB_DEVICE/Target/usbd_conf.c ****   HAL_StatusTypeDef hal_status = HAL_OK;
 798              		.loc 1 393 0
 799              		.cfi_startproc
 800              		@ args = 0, pretend = 0, frame = 0
 801              		@ frame_needed = 0, uses_anonymous_args = 0
 802              	.LVL80:
 803 0000 08B5     		push	{r3, lr}
 804              	.LCFI20:
 805              		.cfi_def_cfa_offset 8
 806              		.cfi_offset 3, -8
 807              		.cfi_offset 14, -4
 808              	.LVL81:
 397:USB_DEVICE/Target/usbd_conf.c **** 
 809              		.loc 1 397 0
 810 0002 D0F8C402 		ldr	r0, [r0, #708]
 811              	.LVL82:
 812 0006 FFF7FEFF 		bl	HAL_PCD_Start
 813              	.LVL83:
ARM GAS  C:\Users\xiaofei\AppData\Local\Temp\ccniZNol.s 			page 26


 399:USB_DEVICE/Target/usbd_conf.c **** 
 814              		.loc 1 399 0
 815 000a FFF7FEFF 		bl	USBD_Get_USB_Status
 816              	.LVL84:
 402:USB_DEVICE/Target/usbd_conf.c **** 
 817              		.loc 1 402 0
 818 000e 08BD     		pop	{r3, pc}
 819              		.cfi_endproc
 820              	.LFE158:
 822              		.section	.text.USBD_LL_Stop,"ax",%progbits
 823              		.align	2
 824              		.global	USBD_LL_Stop
 825              		.thumb
 826              		.thumb_func
 828              	USBD_LL_Stop:
 829              	.LFB159:
 410:USB_DEVICE/Target/usbd_conf.c ****   HAL_StatusTypeDef hal_status = HAL_OK;
 830              		.loc 1 410 0
 831              		.cfi_startproc
 832              		@ args = 0, pretend = 0, frame = 0
 833              		@ frame_needed = 0, uses_anonymous_args = 0
 834              	.LVL85:
 835 0000 08B5     		push	{r3, lr}
 836              	.LCFI21:
 837              		.cfi_def_cfa_offset 8
 838              		.cfi_offset 3, -8
 839              		.cfi_offset 14, -4
 840              	.LVL86:
 414:USB_DEVICE/Target/usbd_conf.c **** 
 841              		.loc 1 414 0
 842 0002 D0F8C402 		ldr	r0, [r0, #708]
 843              	.LVL87:
 844 0006 FFF7FEFF 		bl	HAL_PCD_Stop
 845              	.LVL88:
 416:USB_DEVICE/Target/usbd_conf.c **** 
 846              		.loc 1 416 0
 847 000a FFF7FEFF 		bl	USBD_Get_USB_Status
 848              	.LVL89:
 419:USB_DEVICE/Target/usbd_conf.c **** 
 849              		.loc 1 419 0
 850 000e 08BD     		pop	{r3, pc}
 851              		.cfi_endproc
 852              	.LFE159:
 854              		.section	.text.USBD_LL_OpenEP,"ax",%progbits
 855              		.align	2
 856              		.global	USBD_LL_OpenEP
 857              		.thumb
 858              		.thumb_func
 860              	USBD_LL_OpenEP:
 861              	.LFB160:
 430:USB_DEVICE/Target/usbd_conf.c ****   HAL_StatusTypeDef hal_status = HAL_OK;
 862              		.loc 1 430 0
 863              		.cfi_startproc
 864              		@ args = 0, pretend = 0, frame = 0
 865              		@ frame_needed = 0, uses_anonymous_args = 0
 866              	.LVL90:
 867 0000 10B5     		push	{r4, lr}
ARM GAS  C:\Users\xiaofei\AppData\Local\Temp\ccniZNol.s 			page 27


 868              	.LCFI22:
 869              		.cfi_def_cfa_offset 8
 870              		.cfi_offset 4, -8
 871              		.cfi_offset 14, -4
 872 0002 1C46     		mov	r4, r3
 873              	.LVL91:
 434:USB_DEVICE/Target/usbd_conf.c **** 
 874              		.loc 1 434 0
 875 0004 1346     		mov	r3, r2
 876              	.LVL92:
 877 0006 2246     		mov	r2, r4
 878              	.LVL93:
 879 0008 D0F8C402 		ldr	r0, [r0, #708]
 880              	.LVL94:
 881 000c FFF7FEFF 		bl	HAL_PCD_EP_Open
 882              	.LVL95:
 436:USB_DEVICE/Target/usbd_conf.c **** 
 883              		.loc 1 436 0
 884 0010 FFF7FEFF 		bl	USBD_Get_USB_Status
 885              	.LVL96:
 439:USB_DEVICE/Target/usbd_conf.c **** 
 886              		.loc 1 439 0
 887 0014 10BD     		pop	{r4, pc}
 888              		.cfi_endproc
 889              	.LFE160:
 891 0016 00BF     		.section	.text.USBD_LL_CloseEP,"ax",%progbits
 892              		.align	2
 893              		.global	USBD_LL_CloseEP
 894              		.thumb
 895              		.thumb_func
 897              	USBD_LL_CloseEP:
 898              	.LFB161:
 448:USB_DEVICE/Target/usbd_conf.c ****   HAL_StatusTypeDef hal_status = HAL_OK;
 899              		.loc 1 448 0
 900              		.cfi_startproc
 901              		@ args = 0, pretend = 0, frame = 0
 902              		@ frame_needed = 0, uses_anonymous_args = 0
 903              	.LVL97:
 904 0000 08B5     		push	{r3, lr}
 905              	.LCFI23:
 906              		.cfi_def_cfa_offset 8
 907              		.cfi_offset 3, -8
 908              		.cfi_offset 14, -4
 909              	.LVL98:
 452:USB_DEVICE/Target/usbd_conf.c **** 
 910              		.loc 1 452 0
 911 0002 D0F8C402 		ldr	r0, [r0, #708]
 912              	.LVL99:
 913 0006 FFF7FEFF 		bl	HAL_PCD_EP_Close
 914              	.LVL100:
 454:USB_DEVICE/Target/usbd_conf.c **** 
 915              		.loc 1 454 0
 916 000a FFF7FEFF 		bl	USBD_Get_USB_Status
 917              	.LVL101:
 457:USB_DEVICE/Target/usbd_conf.c **** 
 918              		.loc 1 457 0
 919 000e 08BD     		pop	{r3, pc}
ARM GAS  C:\Users\xiaofei\AppData\Local\Temp\ccniZNol.s 			page 28


 920              		.cfi_endproc
 921              	.LFE161:
 923              		.section	.text.USBD_LL_FlushEP,"ax",%progbits
 924              		.align	2
 925              		.global	USBD_LL_FlushEP
 926              		.thumb
 927              		.thumb_func
 929              	USBD_LL_FlushEP:
 930              	.LFB162:
 466:USB_DEVICE/Target/usbd_conf.c ****   HAL_StatusTypeDef hal_status = HAL_OK;
 931              		.loc 1 466 0
 932              		.cfi_startproc
 933              		@ args = 0, pretend = 0, frame = 0
 934              		@ frame_needed = 0, uses_anonymous_args = 0
 935              	.LVL102:
 936 0000 08B5     		push	{r3, lr}
 937              	.LCFI24:
 938              		.cfi_def_cfa_offset 8
 939              		.cfi_offset 3, -8
 940              		.cfi_offset 14, -4
 941              	.LVL103:
 470:USB_DEVICE/Target/usbd_conf.c **** 
 942              		.loc 1 470 0
 943 0002 D0F8C402 		ldr	r0, [r0, #708]
 944              	.LVL104:
 945 0006 FFF7FEFF 		bl	HAL_PCD_EP_Flush
 946              	.LVL105:
 472:USB_DEVICE/Target/usbd_conf.c **** 
 947              		.loc 1 472 0
 948 000a FFF7FEFF 		bl	USBD_Get_USB_Status
 949              	.LVL106:
 475:USB_DEVICE/Target/usbd_conf.c **** 
 950              		.loc 1 475 0
 951 000e 08BD     		pop	{r3, pc}
 952              		.cfi_endproc
 953              	.LFE162:
 955              		.section	.text.USBD_LL_StallEP,"ax",%progbits
 956              		.align	2
 957              		.global	USBD_LL_StallEP
 958              		.thumb
 959              		.thumb_func
 961              	USBD_LL_StallEP:
 962              	.LFB163:
 484:USB_DEVICE/Target/usbd_conf.c ****   HAL_StatusTypeDef hal_status = HAL_OK;
 963              		.loc 1 484 0
 964              		.cfi_startproc
 965              		@ args = 0, pretend = 0, frame = 0
 966              		@ frame_needed = 0, uses_anonymous_args = 0
 967              	.LVL107:
 968 0000 08B5     		push	{r3, lr}
 969              	.LCFI25:
 970              		.cfi_def_cfa_offset 8
 971              		.cfi_offset 3, -8
 972              		.cfi_offset 14, -4
 973              	.LVL108:
 488:USB_DEVICE/Target/usbd_conf.c **** 
 974              		.loc 1 488 0
ARM GAS  C:\Users\xiaofei\AppData\Local\Temp\ccniZNol.s 			page 29


 975 0002 D0F8C402 		ldr	r0, [r0, #708]
 976              	.LVL109:
 977 0006 FFF7FEFF 		bl	HAL_PCD_EP_SetStall
 978              	.LVL110:
 490:USB_DEVICE/Target/usbd_conf.c **** 
 979              		.loc 1 490 0
 980 000a FFF7FEFF 		bl	USBD_Get_USB_Status
 981              	.LVL111:
 493:USB_DEVICE/Target/usbd_conf.c **** 
 982              		.loc 1 493 0
 983 000e 08BD     		pop	{r3, pc}
 984              		.cfi_endproc
 985              	.LFE163:
 987              		.section	.text.USBD_LL_ClearStallEP,"ax",%progbits
 988              		.align	2
 989              		.global	USBD_LL_ClearStallEP
 990              		.thumb
 991              		.thumb_func
 993              	USBD_LL_ClearStallEP:
 994              	.LFB164:
 502:USB_DEVICE/Target/usbd_conf.c ****   HAL_StatusTypeDef hal_status = HAL_OK;
 995              		.loc 1 502 0
 996              		.cfi_startproc
 997              		@ args = 0, pretend = 0, frame = 0
 998              		@ frame_needed = 0, uses_anonymous_args = 0
 999              	.LVL112:
 1000 0000 08B5     		push	{r3, lr}
 1001              	.LCFI26:
 1002              		.cfi_def_cfa_offset 8
 1003              		.cfi_offset 3, -8
 1004              		.cfi_offset 14, -4
 1005              	.LVL113:
 506:USB_DEVICE/Target/usbd_conf.c **** 
 1006              		.loc 1 506 0
 1007 0002 D0F8C402 		ldr	r0, [r0, #708]
 1008              	.LVL114:
 1009 0006 FFF7FEFF 		bl	HAL_PCD_EP_ClrStall
 1010              	.LVL115:
 508:USB_DEVICE/Target/usbd_conf.c **** 
 1011              		.loc 1 508 0
 1012 000a FFF7FEFF 		bl	USBD_Get_USB_Status
 1013              	.LVL116:
 511:USB_DEVICE/Target/usbd_conf.c **** 
 1014              		.loc 1 511 0
 1015 000e 08BD     		pop	{r3, pc}
 1016              		.cfi_endproc
 1017              	.LFE164:
 1019              		.section	.text.USBD_LL_SetUSBAddress,"ax",%progbits
 1020              		.align	2
 1021              		.global	USBD_LL_SetUSBAddress
 1022              		.thumb
 1023              		.thumb_func
 1025              	USBD_LL_SetUSBAddress:
 1026              	.LFB166:
 540:USB_DEVICE/Target/usbd_conf.c ****   HAL_StatusTypeDef hal_status = HAL_OK;
 1027              		.loc 1 540 0
 1028              		.cfi_startproc
ARM GAS  C:\Users\xiaofei\AppData\Local\Temp\ccniZNol.s 			page 30


 1029              		@ args = 0, pretend = 0, frame = 0
 1030              		@ frame_needed = 0, uses_anonymous_args = 0
 1031              	.LVL117:
 1032 0000 08B5     		push	{r3, lr}
 1033              	.LCFI27:
 1034              		.cfi_def_cfa_offset 8
 1035              		.cfi_offset 3, -8
 1036              		.cfi_offset 14, -4
 1037              	.LVL118:
 544:USB_DEVICE/Target/usbd_conf.c **** 
 1038              		.loc 1 544 0
 1039 0002 D0F8C402 		ldr	r0, [r0, #708]
 1040              	.LVL119:
 1041 0006 FFF7FEFF 		bl	HAL_PCD_SetAddress
 1042              	.LVL120:
 546:USB_DEVICE/Target/usbd_conf.c **** 
 1043              		.loc 1 546 0
 1044 000a FFF7FEFF 		bl	USBD_Get_USB_Status
 1045              	.LVL121:
 549:USB_DEVICE/Target/usbd_conf.c **** 
 1046              		.loc 1 549 0
 1047 000e 08BD     		pop	{r3, pc}
 1048              		.cfi_endproc
 1049              	.LFE166:
 1051              		.section	.text.USBD_LL_Transmit,"ax",%progbits
 1052              		.align	2
 1053              		.global	USBD_LL_Transmit
 1054              		.thumb
 1055              		.thumb_func
 1057              	USBD_LL_Transmit:
 1058              	.LFB167:
 560:USB_DEVICE/Target/usbd_conf.c ****   HAL_StatusTypeDef hal_status = HAL_OK;
 1059              		.loc 1 560 0
 1060              		.cfi_startproc
 1061              		@ args = 0, pretend = 0, frame = 0
 1062              		@ frame_needed = 0, uses_anonymous_args = 0
 1063              	.LVL122:
 1064 0000 08B5     		push	{r3, lr}
 1065              	.LCFI28:
 1066              		.cfi_def_cfa_offset 8
 1067              		.cfi_offset 3, -8
 1068              		.cfi_offset 14, -4
 1069              	.LVL123:
 564:USB_DEVICE/Target/usbd_conf.c **** 
 1070              		.loc 1 564 0
 1071 0002 D0F8C402 		ldr	r0, [r0, #708]
 1072              	.LVL124:
 1073 0006 FFF7FEFF 		bl	HAL_PCD_EP_Transmit
 1074              	.LVL125:
 566:USB_DEVICE/Target/usbd_conf.c **** 
 1075              		.loc 1 566 0
 1076 000a FFF7FEFF 		bl	USBD_Get_USB_Status
 1077              	.LVL126:
 569:USB_DEVICE/Target/usbd_conf.c **** 
 1078              		.loc 1 569 0
 1079 000e 08BD     		pop	{r3, pc}
 1080              		.cfi_endproc
ARM GAS  C:\Users\xiaofei\AppData\Local\Temp\ccniZNol.s 			page 31


 1081              	.LFE167:
 1083              		.section	.text.USBD_LL_PrepareReceive,"ax",%progbits
 1084              		.align	2
 1085              		.global	USBD_LL_PrepareReceive
 1086              		.thumb
 1087              		.thumb_func
 1089              	USBD_LL_PrepareReceive:
 1090              	.LFB168:
 580:USB_DEVICE/Target/usbd_conf.c ****   HAL_StatusTypeDef hal_status = HAL_OK;
 1091              		.loc 1 580 0
 1092              		.cfi_startproc
 1093              		@ args = 0, pretend = 0, frame = 0
 1094              		@ frame_needed = 0, uses_anonymous_args = 0
 1095              	.LVL127:
 1096 0000 08B5     		push	{r3, lr}
 1097              	.LCFI29:
 1098              		.cfi_def_cfa_offset 8
 1099              		.cfi_offset 3, -8
 1100              		.cfi_offset 14, -4
 1101              	.LVL128:
 584:USB_DEVICE/Target/usbd_conf.c **** 
 1102              		.loc 1 584 0
 1103 0002 D0F8C402 		ldr	r0, [r0, #708]
 1104              	.LVL129:
 1105 0006 FFF7FEFF 		bl	HAL_PCD_EP_Receive
 1106              	.LVL130:
 586:USB_DEVICE/Target/usbd_conf.c **** 
 1107              		.loc 1 586 0
 1108 000a FFF7FEFF 		bl	USBD_Get_USB_Status
 1109              	.LVL131:
 589:USB_DEVICE/Target/usbd_conf.c **** 
 1110              		.loc 1 589 0
 1111 000e 08BD     		pop	{r3, pc}
 1112              		.cfi_endproc
 1113              	.LFE168:
 1115              		.comm	hpcd_USB_OTG_FS,1032,4
 1116              		.text
 1117              	.Letext0:
 1118              		.file 2 "d:\\program files (x86)\\gnu tools arm embedded\\5.4 2016q3\\arm-none-eabi\\include\\mach
 1119              		.file 3 "d:\\program files (x86)\\gnu tools arm embedded\\5.4 2016q3\\arm-none-eabi\\include\\sys\
 1120              		.file 4 "Drivers/CMSIS/Include/core_cm7.h"
 1121              		.file 5 "Drivers/CMSIS/Device/ST/STM32H7xx/Include/stm32h750xx.h"
 1122              		.file 6 "Drivers/CMSIS/Device/ST/STM32H7xx/Include/stm32h7xx.h"
 1123              		.file 7 "Drivers/STM32H7xx_HAL_Driver/Inc/stm32h7xx_hal_def.h"
 1124              		.file 8 "Drivers/STM32H7xx_HAL_Driver/Inc/stm32h7xx_hal_gpio.h"
 1125              		.file 9 "Drivers/STM32H7xx_HAL_Driver/Inc/stm32h7xx_ll_usb.h"
 1126              		.file 10 "Drivers/STM32H7xx_HAL_Driver/Inc/stm32h7xx_hal_pcd.h"
 1127              		.file 11 "Middlewares/ST/STM32_USB_Device_Library/Core/Inc/usbd_def.h"
 1128              		.file 12 "Drivers/STM32H7xx_HAL_Driver/Inc/stm32h7xx_hal_cortex.h"
 1129              		.file 13 "Middlewares/ST/STM32_USB_Device_Library/Core/Inc/usbd_core.h"
 1130              		.file 14 "Drivers/STM32H7xx_HAL_Driver/Inc/stm32h7xx_hal_pcd_ex.h"
 1131              		.file 15 "Drivers/STM32H7xx_HAL_Driver/Inc/stm32h7xx_hal.h"
ARM GAS  C:\Users\xiaofei\AppData\Local\Temp\ccniZNol.s 			page 32


DEFINED SYMBOLS
                            *ABS*:00000000 usbd_conf.c
C:\Users\xiaofei\AppData\Local\Temp\ccniZNol.s:21     .text.HAL_PCD_MspInit:00000000 $t
C:\Users\xiaofei\AppData\Local\Temp\ccniZNol.s:26     .text.HAL_PCD_MspInit:00000000 HAL_PCD_MspInit
C:\Users\xiaofei\AppData\Local\Temp\ccniZNol.s:110    .text.HAL_PCD_MspInit:00000074 $d
C:\Users\xiaofei\AppData\Local\Temp\ccniZNol.s:117    .text.HAL_PCD_MspDeInit:00000000 $t
C:\Users\xiaofei\AppData\Local\Temp\ccniZNol.s:122    .text.HAL_PCD_MspDeInit:00000000 HAL_PCD_MspDeInit
C:\Users\xiaofei\AppData\Local\Temp\ccniZNol.s:159    .text.HAL_PCD_MspDeInit:0000002c $d
C:\Users\xiaofei\AppData\Local\Temp\ccniZNol.s:166    .text.HAL_PCD_SetupStageCallback:00000000 $t
C:\Users\xiaofei\AppData\Local\Temp\ccniZNol.s:171    .text.HAL_PCD_SetupStageCallback:00000000 HAL_PCD_SetupStageCallback
C:\Users\xiaofei\AppData\Local\Temp\ccniZNol.s:194    .text.HAL_PCD_DataOutStageCallback:00000000 $t
C:\Users\xiaofei\AppData\Local\Temp\ccniZNol.s:199    .text.HAL_PCD_DataOutStageCallback:00000000 HAL_PCD_DataOutStageCallback
C:\Users\xiaofei\AppData\Local\Temp\ccniZNol.s:225    .text.HAL_PCD_DataInStageCallback:00000000 $t
C:\Users\xiaofei\AppData\Local\Temp\ccniZNol.s:230    .text.HAL_PCD_DataInStageCallback:00000000 HAL_PCD_DataInStageCallback
C:\Users\xiaofei\AppData\Local\Temp\ccniZNol.s:256    .text.HAL_PCD_SOFCallback:00000000 $t
C:\Users\xiaofei\AppData\Local\Temp\ccniZNol.s:261    .text.HAL_PCD_SOFCallback:00000000 HAL_PCD_SOFCallback
C:\Users\xiaofei\AppData\Local\Temp\ccniZNol.s:283    .text.HAL_PCD_ResetCallback:00000000 $t
C:\Users\xiaofei\AppData\Local\Temp\ccniZNol.s:288    .text.HAL_PCD_ResetCallback:00000000 HAL_PCD_ResetCallback
C:\Users\xiaofei\AppData\Local\Temp\ccniZNol.s:337    .text.HAL_PCD_SuspendCallback:00000000 $t
C:\Users\xiaofei\AppData\Local\Temp\ccniZNol.s:342    .text.HAL_PCD_SuspendCallback:00000000 HAL_PCD_SuspendCallback
C:\Users\xiaofei\AppData\Local\Temp\ccniZNol.s:379    .text.HAL_PCD_SuspendCallback:0000002c $d
C:\Users\xiaofei\AppData\Local\Temp\ccniZNol.s:384    .text.HAL_PCD_ResumeCallback:00000000 $t
C:\Users\xiaofei\AppData\Local\Temp\ccniZNol.s:389    .text.HAL_PCD_ResumeCallback:00000000 HAL_PCD_ResumeCallback
C:\Users\xiaofei\AppData\Local\Temp\ccniZNol.s:411    .text.HAL_PCD_ISOOUTIncompleteCallback:00000000 $t
C:\Users\xiaofei\AppData\Local\Temp\ccniZNol.s:416    .text.HAL_PCD_ISOOUTIncompleteCallback:00000000 HAL_PCD_ISOOUTIncompleteCallback
C:\Users\xiaofei\AppData\Local\Temp\ccniZNol.s:438    .text.HAL_PCD_ISOINIncompleteCallback:00000000 $t
C:\Users\xiaofei\AppData\Local\Temp\ccniZNol.s:443    .text.HAL_PCD_ISOINIncompleteCallback:00000000 HAL_PCD_ISOINIncompleteCallback
C:\Users\xiaofei\AppData\Local\Temp\ccniZNol.s:465    .text.HAL_PCD_ConnectCallback:00000000 $t
C:\Users\xiaofei\AppData\Local\Temp\ccniZNol.s:470    .text.HAL_PCD_ConnectCallback:00000000 HAL_PCD_ConnectCallback
C:\Users\xiaofei\AppData\Local\Temp\ccniZNol.s:492    .text.HAL_PCD_DisconnectCallback:00000000 $t
C:\Users\xiaofei\AppData\Local\Temp\ccniZNol.s:497    .text.HAL_PCD_DisconnectCallback:00000000 HAL_PCD_DisconnectCallback
C:\Users\xiaofei\AppData\Local\Temp\ccniZNol.s:519    .text.USBD_LL_Init:00000000 $t
C:\Users\xiaofei\AppData\Local\Temp\ccniZNol.s:524    .text.USBD_LL_Init:00000000 USBD_LL_Init
C:\Users\xiaofei\AppData\Local\Temp\ccniZNol.s:615    .text.USBD_LL_Init:00000060 $d
                            *COM*:00000408 hpcd_USB_OTG_FS
C:\Users\xiaofei\AppData\Local\Temp\ccniZNol.s:621    .text.USBD_LL_IsStallEP:00000000 $t
C:\Users\xiaofei\AppData\Local\Temp\ccniZNol.s:626    .text.USBD_LL_IsStallEP:00000000 USBD_LL_IsStallEP
C:\Users\xiaofei\AppData\Local\Temp\ccniZNol.s:665    .text.USBD_LL_GetRxDataSize:00000000 $t
C:\Users\xiaofei\AppData\Local\Temp\ccniZNol.s:670    .text.USBD_LL_GetRxDataSize:00000000 USBD_LL_GetRxDataSize
C:\Users\xiaofei\AppData\Local\Temp\ccniZNol.s:693    .text.USBD_LL_Delay:00000000 $t
C:\Users\xiaofei\AppData\Local\Temp\ccniZNol.s:698    .text.USBD_LL_Delay:00000000 USBD_LL_Delay
C:\Users\xiaofei\AppData\Local\Temp\ccniZNol.s:718    .text.USBD_Get_USB_Status:00000000 $t
C:\Users\xiaofei\AppData\Local\Temp\ccniZNol.s:723    .text.USBD_Get_USB_Status:00000000 USBD_Get_USB_Status
C:\Users\xiaofei\AppData\Local\Temp\ccniZNol.s:759    .text.USBD_LL_DeInit:00000000 $t
C:\Users\xiaofei\AppData\Local\Temp\ccniZNol.s:764    .text.USBD_LL_DeInit:00000000 USBD_LL_DeInit
C:\Users\xiaofei\AppData\Local\Temp\ccniZNol.s:791    .text.USBD_LL_Start:00000000 $t
C:\Users\xiaofei\AppData\Local\Temp\ccniZNol.s:796    .text.USBD_LL_Start:00000000 USBD_LL_Start
C:\Users\xiaofei\AppData\Local\Temp\ccniZNol.s:823    .text.USBD_LL_Stop:00000000 $t
C:\Users\xiaofei\AppData\Local\Temp\ccniZNol.s:828    .text.USBD_LL_Stop:00000000 USBD_LL_Stop
C:\Users\xiaofei\AppData\Local\Temp\ccniZNol.s:855    .text.USBD_LL_OpenEP:00000000 $t
C:\Users\xiaofei\AppData\Local\Temp\ccniZNol.s:860    .text.USBD_LL_OpenEP:00000000 USBD_LL_OpenEP
C:\Users\xiaofei\AppData\Local\Temp\ccniZNol.s:892    .text.USBD_LL_CloseEP:00000000 $t
C:\Users\xiaofei\AppData\Local\Temp\ccniZNol.s:897    .text.USBD_LL_CloseEP:00000000 USBD_LL_CloseEP
C:\Users\xiaofei\AppData\Local\Temp\ccniZNol.s:924    .text.USBD_LL_FlushEP:00000000 $t
C:\Users\xiaofei\AppData\Local\Temp\ccniZNol.s:929    .text.USBD_LL_FlushEP:00000000 USBD_LL_FlushEP
C:\Users\xiaofei\AppData\Local\Temp\ccniZNol.s:956    .text.USBD_LL_StallEP:00000000 $t
C:\Users\xiaofei\AppData\Local\Temp\ccniZNol.s:961    .text.USBD_LL_StallEP:00000000 USBD_LL_StallEP
ARM GAS  C:\Users\xiaofei\AppData\Local\Temp\ccniZNol.s 			page 33


C:\Users\xiaofei\AppData\Local\Temp\ccniZNol.s:988    .text.USBD_LL_ClearStallEP:00000000 $t
C:\Users\xiaofei\AppData\Local\Temp\ccniZNol.s:993    .text.USBD_LL_ClearStallEP:00000000 USBD_LL_ClearStallEP
C:\Users\xiaofei\AppData\Local\Temp\ccniZNol.s:1020   .text.USBD_LL_SetUSBAddress:00000000 $t
C:\Users\xiaofei\AppData\Local\Temp\ccniZNol.s:1025   .text.USBD_LL_SetUSBAddress:00000000 USBD_LL_SetUSBAddress
C:\Users\xiaofei\AppData\Local\Temp\ccniZNol.s:1052   .text.USBD_LL_Transmit:00000000 $t
C:\Users\xiaofei\AppData\Local\Temp\ccniZNol.s:1057   .text.USBD_LL_Transmit:00000000 USBD_LL_Transmit
C:\Users\xiaofei\AppData\Local\Temp\ccniZNol.s:1084   .text.USBD_LL_PrepareReceive:00000000 $t
C:\Users\xiaofei\AppData\Local\Temp\ccniZNol.s:1089   .text.USBD_LL_PrepareReceive:00000000 USBD_LL_PrepareReceive
                     .debug_frame:00000010 $d

UNDEFINED SYMBOLS
HAL_GPIO_Init
HAL_NVIC_SetPriority
HAL_NVIC_EnableIRQ
HAL_GPIO_DeInit
HAL_NVIC_DisableIRQ
USBD_LL_SetupStage
USBD_LL_DataOutStage
USBD_LL_DataInStage
USBD_LL_SOF
Error_Handler
USBD_LL_SetSpeed
USBD_LL_Reset
USBD_LL_Suspend
USBD_LL_Resume
USBD_LL_IsoOUTIncomplete
USBD_LL_IsoINIncomplete
USBD_LL_DevConnected
USBD_LL_DevDisconnected
HAL_PCD_Init
HAL_PCDEx_SetRxFiFo
HAL_PCDEx_SetTxFiFo
HAL_PCD_EP_GetRxCount
HAL_Delay
HAL_PCD_DeInit
HAL_PCD_Start
HAL_PCD_Stop
HAL_PCD_EP_Open
HAL_PCD_EP_Close
HAL_PCD_EP_Flush
HAL_PCD_EP_SetStall
HAL_PCD_EP_ClrStall
HAL_PCD_SetAddress
HAL_PCD_EP_Transmit
HAL_PCD_EP_Receive
