ARM GAS  C:\Users\xiaofei\AppData\Local\Temp\cc9tL2Sc.s 			page 1


   1              		.syntax unified
   2              		.cpu cortex-m7
   3              		.eabi_attribute 28, 1
   4              		.fpu fpv5-d16
   5              		.eabi_attribute 20, 1
   6              		.eabi_attribute 21, 1
   7              		.eabi_attribute 23, 3
   8              		.eabi_attribute 24, 1
   9              		.eabi_attribute 25, 1
  10              		.eabi_attribute 26, 1
  11              		.eabi_attribute 30, 1
  12              		.eabi_attribute 34, 1
  13              		.eabi_attribute 18, 4
  14              		.thumb
  15              		.syntax unified
  16              		.file	"usbd_ioreq.c"
  17              		.text
  18              	.Ltext0:
  19              		.cfi_sections	.debug_frame
  20              		.section	.text.USBD_CtlSendData,"ax",%progbits
  21              		.align	2
  22              		.global	USBD_CtlSendData
  23              		.thumb
  24              		.thumb_func
  26              	USBD_CtlSendData:
  27              	.LFB143:
  28              		.file 1 "Middlewares/ST/STM32_USB_Device_Library/Core/Src/usbd_ioreq.c"
   1:Middlewares/ST/STM32_USB_Device_Library/Core/Src/usbd_ioreq.c **** /**
   2:Middlewares/ST/STM32_USB_Device_Library/Core/Src/usbd_ioreq.c ****   ******************************************************************************
   3:Middlewares/ST/STM32_USB_Device_Library/Core/Src/usbd_ioreq.c ****   * @file    usbd_ioreq.c
   4:Middlewares/ST/STM32_USB_Device_Library/Core/Src/usbd_ioreq.c ****   * @author  MCD Application Team
   5:Middlewares/ST/STM32_USB_Device_Library/Core/Src/usbd_ioreq.c ****   * @brief   This file provides the IO requests APIs for control endpoints.
   6:Middlewares/ST/STM32_USB_Device_Library/Core/Src/usbd_ioreq.c ****   ******************************************************************************
   7:Middlewares/ST/STM32_USB_Device_Library/Core/Src/usbd_ioreq.c ****   * @attention
   8:Middlewares/ST/STM32_USB_Device_Library/Core/Src/usbd_ioreq.c ****   *
   9:Middlewares/ST/STM32_USB_Device_Library/Core/Src/usbd_ioreq.c ****   * <h2><center>&copy; Copyright (c) 2015 STMicroelectronics.
  10:Middlewares/ST/STM32_USB_Device_Library/Core/Src/usbd_ioreq.c ****   * All rights reserved.</center></h2>
  11:Middlewares/ST/STM32_USB_Device_Library/Core/Src/usbd_ioreq.c ****   *
  12:Middlewares/ST/STM32_USB_Device_Library/Core/Src/usbd_ioreq.c ****   * This software component is licensed by ST under Ultimate Liberty license
  13:Middlewares/ST/STM32_USB_Device_Library/Core/Src/usbd_ioreq.c ****   * SLA0044, the "License"; You may not use this file except in compliance with
  14:Middlewares/ST/STM32_USB_Device_Library/Core/Src/usbd_ioreq.c ****   * the License. You may obtain a copy of the License at:
  15:Middlewares/ST/STM32_USB_Device_Library/Core/Src/usbd_ioreq.c ****   *                      www.st.com/SLA0044
  16:Middlewares/ST/STM32_USB_Device_Library/Core/Src/usbd_ioreq.c ****   *
  17:Middlewares/ST/STM32_USB_Device_Library/Core/Src/usbd_ioreq.c ****   ******************************************************************************
  18:Middlewares/ST/STM32_USB_Device_Library/Core/Src/usbd_ioreq.c ****   */
  19:Middlewares/ST/STM32_USB_Device_Library/Core/Src/usbd_ioreq.c **** 
  20:Middlewares/ST/STM32_USB_Device_Library/Core/Src/usbd_ioreq.c **** /* Includes ------------------------------------------------------------------*/
  21:Middlewares/ST/STM32_USB_Device_Library/Core/Src/usbd_ioreq.c **** #include "usbd_ioreq.h"
  22:Middlewares/ST/STM32_USB_Device_Library/Core/Src/usbd_ioreq.c **** 
  23:Middlewares/ST/STM32_USB_Device_Library/Core/Src/usbd_ioreq.c **** /** @addtogroup STM32_USB_DEVICE_LIBRARY
  24:Middlewares/ST/STM32_USB_Device_Library/Core/Src/usbd_ioreq.c ****   * @{
  25:Middlewares/ST/STM32_USB_Device_Library/Core/Src/usbd_ioreq.c ****   */
  26:Middlewares/ST/STM32_USB_Device_Library/Core/Src/usbd_ioreq.c **** 
  27:Middlewares/ST/STM32_USB_Device_Library/Core/Src/usbd_ioreq.c **** 
  28:Middlewares/ST/STM32_USB_Device_Library/Core/Src/usbd_ioreq.c **** /** @defgroup USBD_IOREQ
  29:Middlewares/ST/STM32_USB_Device_Library/Core/Src/usbd_ioreq.c ****   * @brief control I/O requests module
  30:Middlewares/ST/STM32_USB_Device_Library/Core/Src/usbd_ioreq.c ****   * @{
ARM GAS  C:\Users\xiaofei\AppData\Local\Temp\cc9tL2Sc.s 			page 2


  31:Middlewares/ST/STM32_USB_Device_Library/Core/Src/usbd_ioreq.c ****   */
  32:Middlewares/ST/STM32_USB_Device_Library/Core/Src/usbd_ioreq.c **** 
  33:Middlewares/ST/STM32_USB_Device_Library/Core/Src/usbd_ioreq.c **** /** @defgroup USBD_IOREQ_Private_TypesDefinitions
  34:Middlewares/ST/STM32_USB_Device_Library/Core/Src/usbd_ioreq.c ****   * @{
  35:Middlewares/ST/STM32_USB_Device_Library/Core/Src/usbd_ioreq.c ****   */
  36:Middlewares/ST/STM32_USB_Device_Library/Core/Src/usbd_ioreq.c **** /**
  37:Middlewares/ST/STM32_USB_Device_Library/Core/Src/usbd_ioreq.c ****   * @}
  38:Middlewares/ST/STM32_USB_Device_Library/Core/Src/usbd_ioreq.c ****   */
  39:Middlewares/ST/STM32_USB_Device_Library/Core/Src/usbd_ioreq.c **** 
  40:Middlewares/ST/STM32_USB_Device_Library/Core/Src/usbd_ioreq.c **** 
  41:Middlewares/ST/STM32_USB_Device_Library/Core/Src/usbd_ioreq.c **** /** @defgroup USBD_IOREQ_Private_Defines
  42:Middlewares/ST/STM32_USB_Device_Library/Core/Src/usbd_ioreq.c ****   * @{
  43:Middlewares/ST/STM32_USB_Device_Library/Core/Src/usbd_ioreq.c ****   */
  44:Middlewares/ST/STM32_USB_Device_Library/Core/Src/usbd_ioreq.c **** 
  45:Middlewares/ST/STM32_USB_Device_Library/Core/Src/usbd_ioreq.c **** /**
  46:Middlewares/ST/STM32_USB_Device_Library/Core/Src/usbd_ioreq.c ****   * @}
  47:Middlewares/ST/STM32_USB_Device_Library/Core/Src/usbd_ioreq.c ****   */
  48:Middlewares/ST/STM32_USB_Device_Library/Core/Src/usbd_ioreq.c **** 
  49:Middlewares/ST/STM32_USB_Device_Library/Core/Src/usbd_ioreq.c **** 
  50:Middlewares/ST/STM32_USB_Device_Library/Core/Src/usbd_ioreq.c **** /** @defgroup USBD_IOREQ_Private_Macros
  51:Middlewares/ST/STM32_USB_Device_Library/Core/Src/usbd_ioreq.c ****   * @{
  52:Middlewares/ST/STM32_USB_Device_Library/Core/Src/usbd_ioreq.c ****   */
  53:Middlewares/ST/STM32_USB_Device_Library/Core/Src/usbd_ioreq.c **** /**
  54:Middlewares/ST/STM32_USB_Device_Library/Core/Src/usbd_ioreq.c ****   * @}
  55:Middlewares/ST/STM32_USB_Device_Library/Core/Src/usbd_ioreq.c ****   */
  56:Middlewares/ST/STM32_USB_Device_Library/Core/Src/usbd_ioreq.c **** 
  57:Middlewares/ST/STM32_USB_Device_Library/Core/Src/usbd_ioreq.c **** 
  58:Middlewares/ST/STM32_USB_Device_Library/Core/Src/usbd_ioreq.c **** /** @defgroup USBD_IOREQ_Private_Variables
  59:Middlewares/ST/STM32_USB_Device_Library/Core/Src/usbd_ioreq.c ****   * @{
  60:Middlewares/ST/STM32_USB_Device_Library/Core/Src/usbd_ioreq.c ****   */
  61:Middlewares/ST/STM32_USB_Device_Library/Core/Src/usbd_ioreq.c **** 
  62:Middlewares/ST/STM32_USB_Device_Library/Core/Src/usbd_ioreq.c **** /**
  63:Middlewares/ST/STM32_USB_Device_Library/Core/Src/usbd_ioreq.c ****   * @}
  64:Middlewares/ST/STM32_USB_Device_Library/Core/Src/usbd_ioreq.c ****   */
  65:Middlewares/ST/STM32_USB_Device_Library/Core/Src/usbd_ioreq.c **** 
  66:Middlewares/ST/STM32_USB_Device_Library/Core/Src/usbd_ioreq.c **** 
  67:Middlewares/ST/STM32_USB_Device_Library/Core/Src/usbd_ioreq.c **** /** @defgroup USBD_IOREQ_Private_FunctionPrototypes
  68:Middlewares/ST/STM32_USB_Device_Library/Core/Src/usbd_ioreq.c ****   * @{
  69:Middlewares/ST/STM32_USB_Device_Library/Core/Src/usbd_ioreq.c ****   */
  70:Middlewares/ST/STM32_USB_Device_Library/Core/Src/usbd_ioreq.c **** /**
  71:Middlewares/ST/STM32_USB_Device_Library/Core/Src/usbd_ioreq.c ****   * @}
  72:Middlewares/ST/STM32_USB_Device_Library/Core/Src/usbd_ioreq.c ****   */
  73:Middlewares/ST/STM32_USB_Device_Library/Core/Src/usbd_ioreq.c **** 
  74:Middlewares/ST/STM32_USB_Device_Library/Core/Src/usbd_ioreq.c **** 
  75:Middlewares/ST/STM32_USB_Device_Library/Core/Src/usbd_ioreq.c **** /** @defgroup USBD_IOREQ_Private_Functions
  76:Middlewares/ST/STM32_USB_Device_Library/Core/Src/usbd_ioreq.c ****   * @{
  77:Middlewares/ST/STM32_USB_Device_Library/Core/Src/usbd_ioreq.c ****   */
  78:Middlewares/ST/STM32_USB_Device_Library/Core/Src/usbd_ioreq.c **** 
  79:Middlewares/ST/STM32_USB_Device_Library/Core/Src/usbd_ioreq.c **** /**
  80:Middlewares/ST/STM32_USB_Device_Library/Core/Src/usbd_ioreq.c **** * @brief  USBD_CtlSendData
  81:Middlewares/ST/STM32_USB_Device_Library/Core/Src/usbd_ioreq.c **** *         send data on the ctl pipe
  82:Middlewares/ST/STM32_USB_Device_Library/Core/Src/usbd_ioreq.c **** * @param  pdev: device instance
  83:Middlewares/ST/STM32_USB_Device_Library/Core/Src/usbd_ioreq.c **** * @param  buff: pointer to data buffer
  84:Middlewares/ST/STM32_USB_Device_Library/Core/Src/usbd_ioreq.c **** * @param  len: length of data to be sent
  85:Middlewares/ST/STM32_USB_Device_Library/Core/Src/usbd_ioreq.c **** * @retval status
  86:Middlewares/ST/STM32_USB_Device_Library/Core/Src/usbd_ioreq.c **** */
  87:Middlewares/ST/STM32_USB_Device_Library/Core/Src/usbd_ioreq.c **** USBD_StatusTypeDef USBD_CtlSendData(USBD_HandleTypeDef *pdev,
ARM GAS  C:\Users\xiaofei\AppData\Local\Temp\cc9tL2Sc.s 			page 3


  88:Middlewares/ST/STM32_USB_Device_Library/Core/Src/usbd_ioreq.c ****                                     uint8_t *pbuf, uint32_t len)
  89:Middlewares/ST/STM32_USB_Device_Library/Core/Src/usbd_ioreq.c **** {
  29              		.loc 1 89 0
  30              		.cfi_startproc
  31              		@ args = 0, pretend = 0, frame = 0
  32              		@ frame_needed = 0, uses_anonymous_args = 0
  33              	.LVL0:
  34 0000 10B5     		push	{r4, lr}
  35              	.LCFI0:
  36              		.cfi_def_cfa_offset 8
  37              		.cfi_offset 4, -8
  38              		.cfi_offset 14, -4
  39 0002 1346     		mov	r3, r2
  90:Middlewares/ST/STM32_USB_Device_Library/Core/Src/usbd_ioreq.c ****   /* Set EP0 State */
  91:Middlewares/ST/STM32_USB_Device_Library/Core/Src/usbd_ioreq.c ****   pdev->ep0_state = USBD_EP0_DATA_IN;
  40              		.loc 1 91 0
  41 0004 0222     		movs	r2, #2
  42              	.LVL1:
  43 0006 C0F89422 		str	r2, [r0, #660]
  92:Middlewares/ST/STM32_USB_Device_Library/Core/Src/usbd_ioreq.c ****   pdev->ep_in[0].total_length = len;
  44              		.loc 1 92 0
  45 000a 8361     		str	r3, [r0, #24]
  93:Middlewares/ST/STM32_USB_Device_Library/Core/Src/usbd_ioreq.c ****   pdev->ep_in[0].rem_length = len;
  46              		.loc 1 93 0
  47 000c C361     		str	r3, [r0, #28]
  94:Middlewares/ST/STM32_USB_Device_Library/Core/Src/usbd_ioreq.c **** 
  95:Middlewares/ST/STM32_USB_Device_Library/Core/Src/usbd_ioreq.c ****   /* Start the transfer */
  96:Middlewares/ST/STM32_USB_Device_Library/Core/Src/usbd_ioreq.c ****   (void)USBD_LL_Transmit(pdev, 0x00U, pbuf, len);
  48              		.loc 1 96 0
  49 000e 0A46     		mov	r2, r1
  50 0010 0021     		movs	r1, #0
  51              	.LVL2:
  52 0012 FFF7FEFF 		bl	USBD_LL_Transmit
  53              	.LVL3:
  97:Middlewares/ST/STM32_USB_Device_Library/Core/Src/usbd_ioreq.c **** 
  98:Middlewares/ST/STM32_USB_Device_Library/Core/Src/usbd_ioreq.c ****   return USBD_OK;
  99:Middlewares/ST/STM32_USB_Device_Library/Core/Src/usbd_ioreq.c **** }
  54              		.loc 1 99 0
  55 0016 0020     		movs	r0, #0
  56 0018 10BD     		pop	{r4, pc}
  57              		.cfi_endproc
  58              	.LFE143:
  60 001a 00BF     		.section	.text.USBD_CtlContinueSendData,"ax",%progbits
  61              		.align	2
  62              		.global	USBD_CtlContinueSendData
  63              		.thumb
  64              		.thumb_func
  66              	USBD_CtlContinueSendData:
  67              	.LFB144:
 100:Middlewares/ST/STM32_USB_Device_Library/Core/Src/usbd_ioreq.c **** 
 101:Middlewares/ST/STM32_USB_Device_Library/Core/Src/usbd_ioreq.c **** /**
 102:Middlewares/ST/STM32_USB_Device_Library/Core/Src/usbd_ioreq.c **** * @brief  USBD_CtlContinueSendData
 103:Middlewares/ST/STM32_USB_Device_Library/Core/Src/usbd_ioreq.c **** *         continue sending data on the ctl pipe
 104:Middlewares/ST/STM32_USB_Device_Library/Core/Src/usbd_ioreq.c **** * @param  pdev: device instance
 105:Middlewares/ST/STM32_USB_Device_Library/Core/Src/usbd_ioreq.c **** * @param  buff: pointer to data buffer
 106:Middlewares/ST/STM32_USB_Device_Library/Core/Src/usbd_ioreq.c **** * @param  len: length of data to be sent
 107:Middlewares/ST/STM32_USB_Device_Library/Core/Src/usbd_ioreq.c **** * @retval status
ARM GAS  C:\Users\xiaofei\AppData\Local\Temp\cc9tL2Sc.s 			page 4


 108:Middlewares/ST/STM32_USB_Device_Library/Core/Src/usbd_ioreq.c **** */
 109:Middlewares/ST/STM32_USB_Device_Library/Core/Src/usbd_ioreq.c **** USBD_StatusTypeDef USBD_CtlContinueSendData(USBD_HandleTypeDef *pdev,
 110:Middlewares/ST/STM32_USB_Device_Library/Core/Src/usbd_ioreq.c ****                                             uint8_t *pbuf, uint32_t len)
 111:Middlewares/ST/STM32_USB_Device_Library/Core/Src/usbd_ioreq.c **** {
  68              		.loc 1 111 0
  69              		.cfi_startproc
  70              		@ args = 0, pretend = 0, frame = 0
  71              		@ frame_needed = 0, uses_anonymous_args = 0
  72              	.LVL4:
  73 0000 08B5     		push	{r3, lr}
  74              	.LCFI1:
  75              		.cfi_def_cfa_offset 8
  76              		.cfi_offset 3, -8
  77              		.cfi_offset 14, -4
 112:Middlewares/ST/STM32_USB_Device_Library/Core/Src/usbd_ioreq.c ****   /* Start the next transfer */
 113:Middlewares/ST/STM32_USB_Device_Library/Core/Src/usbd_ioreq.c ****   (void)USBD_LL_Transmit(pdev, 0x00U, pbuf, len);
  78              		.loc 1 113 0
  79 0002 1346     		mov	r3, r2
  80 0004 0A46     		mov	r2, r1
  81              	.LVL5:
  82 0006 0021     		movs	r1, #0
  83              	.LVL6:
  84 0008 FFF7FEFF 		bl	USBD_LL_Transmit
  85              	.LVL7:
 114:Middlewares/ST/STM32_USB_Device_Library/Core/Src/usbd_ioreq.c **** 
 115:Middlewares/ST/STM32_USB_Device_Library/Core/Src/usbd_ioreq.c ****   return USBD_OK;
 116:Middlewares/ST/STM32_USB_Device_Library/Core/Src/usbd_ioreq.c **** }
  86              		.loc 1 116 0
  87 000c 0020     		movs	r0, #0
  88 000e 08BD     		pop	{r3, pc}
  89              		.cfi_endproc
  90              	.LFE144:
  92              		.section	.text.USBD_CtlPrepareRx,"ax",%progbits
  93              		.align	2
  94              		.global	USBD_CtlPrepareRx
  95              		.thumb
  96              		.thumb_func
  98              	USBD_CtlPrepareRx:
  99              	.LFB145:
 117:Middlewares/ST/STM32_USB_Device_Library/Core/Src/usbd_ioreq.c **** 
 118:Middlewares/ST/STM32_USB_Device_Library/Core/Src/usbd_ioreq.c **** /**
 119:Middlewares/ST/STM32_USB_Device_Library/Core/Src/usbd_ioreq.c **** * @brief  USBD_CtlPrepareRx
 120:Middlewares/ST/STM32_USB_Device_Library/Core/Src/usbd_ioreq.c **** *         receive data on the ctl pipe
 121:Middlewares/ST/STM32_USB_Device_Library/Core/Src/usbd_ioreq.c **** * @param  pdev: device instance
 122:Middlewares/ST/STM32_USB_Device_Library/Core/Src/usbd_ioreq.c **** * @param  buff: pointer to data buffer
 123:Middlewares/ST/STM32_USB_Device_Library/Core/Src/usbd_ioreq.c **** * @param  len: length of data to be received
 124:Middlewares/ST/STM32_USB_Device_Library/Core/Src/usbd_ioreq.c **** * @retval status
 125:Middlewares/ST/STM32_USB_Device_Library/Core/Src/usbd_ioreq.c **** */
 126:Middlewares/ST/STM32_USB_Device_Library/Core/Src/usbd_ioreq.c **** USBD_StatusTypeDef USBD_CtlPrepareRx(USBD_HandleTypeDef *pdev,
 127:Middlewares/ST/STM32_USB_Device_Library/Core/Src/usbd_ioreq.c ****                                      uint8_t *pbuf, uint32_t len)
 128:Middlewares/ST/STM32_USB_Device_Library/Core/Src/usbd_ioreq.c **** {
 100              		.loc 1 128 0
 101              		.cfi_startproc
 102              		@ args = 0, pretend = 0, frame = 0
 103              		@ frame_needed = 0, uses_anonymous_args = 0
 104              	.LVL8:
 105 0000 10B5     		push	{r4, lr}
ARM GAS  C:\Users\xiaofei\AppData\Local\Temp\cc9tL2Sc.s 			page 5


 106              	.LCFI2:
 107              		.cfi_def_cfa_offset 8
 108              		.cfi_offset 4, -8
 109              		.cfi_offset 14, -4
 110 0002 1346     		mov	r3, r2
 129:Middlewares/ST/STM32_USB_Device_Library/Core/Src/usbd_ioreq.c ****   /* Set EP0 State */
 130:Middlewares/ST/STM32_USB_Device_Library/Core/Src/usbd_ioreq.c ****   pdev->ep0_state = USBD_EP0_DATA_OUT;
 111              		.loc 1 130 0
 112 0004 0322     		movs	r2, #3
 113              	.LVL9:
 114 0006 C0F89422 		str	r2, [r0, #660]
 131:Middlewares/ST/STM32_USB_Device_Library/Core/Src/usbd_ioreq.c ****   pdev->ep_out[0].total_length = len;
 115              		.loc 1 131 0
 116 000a C0F85831 		str	r3, [r0, #344]
 132:Middlewares/ST/STM32_USB_Device_Library/Core/Src/usbd_ioreq.c ****   pdev->ep_out[0].rem_length = len;
 117              		.loc 1 132 0
 118 000e C0F85C31 		str	r3, [r0, #348]
 133:Middlewares/ST/STM32_USB_Device_Library/Core/Src/usbd_ioreq.c **** 
 134:Middlewares/ST/STM32_USB_Device_Library/Core/Src/usbd_ioreq.c ****   /* Start the transfer */
 135:Middlewares/ST/STM32_USB_Device_Library/Core/Src/usbd_ioreq.c ****   (void)USBD_LL_PrepareReceive(pdev, 0U, pbuf, len);
 119              		.loc 1 135 0
 120 0012 0A46     		mov	r2, r1
 121 0014 0021     		movs	r1, #0
 122              	.LVL10:
 123 0016 FFF7FEFF 		bl	USBD_LL_PrepareReceive
 124              	.LVL11:
 136:Middlewares/ST/STM32_USB_Device_Library/Core/Src/usbd_ioreq.c **** 
 137:Middlewares/ST/STM32_USB_Device_Library/Core/Src/usbd_ioreq.c ****   return USBD_OK;
 138:Middlewares/ST/STM32_USB_Device_Library/Core/Src/usbd_ioreq.c **** }
 125              		.loc 1 138 0
 126 001a 0020     		movs	r0, #0
 127 001c 10BD     		pop	{r4, pc}
 128              		.cfi_endproc
 129              	.LFE145:
 131 001e 00BF     		.section	.text.USBD_CtlContinueRx,"ax",%progbits
 132              		.align	2
 133              		.global	USBD_CtlContinueRx
 134              		.thumb
 135              		.thumb_func
 137              	USBD_CtlContinueRx:
 138              	.LFB146:
 139:Middlewares/ST/STM32_USB_Device_Library/Core/Src/usbd_ioreq.c **** 
 140:Middlewares/ST/STM32_USB_Device_Library/Core/Src/usbd_ioreq.c **** /**
 141:Middlewares/ST/STM32_USB_Device_Library/Core/Src/usbd_ioreq.c **** * @brief  USBD_CtlContinueRx
 142:Middlewares/ST/STM32_USB_Device_Library/Core/Src/usbd_ioreq.c **** *         continue receive data on the ctl pipe
 143:Middlewares/ST/STM32_USB_Device_Library/Core/Src/usbd_ioreq.c **** * @param  pdev: device instance
 144:Middlewares/ST/STM32_USB_Device_Library/Core/Src/usbd_ioreq.c **** * @param  buff: pointer to data buffer
 145:Middlewares/ST/STM32_USB_Device_Library/Core/Src/usbd_ioreq.c **** * @param  len: length of data to be received
 146:Middlewares/ST/STM32_USB_Device_Library/Core/Src/usbd_ioreq.c **** * @retval status
 147:Middlewares/ST/STM32_USB_Device_Library/Core/Src/usbd_ioreq.c **** */
 148:Middlewares/ST/STM32_USB_Device_Library/Core/Src/usbd_ioreq.c **** USBD_StatusTypeDef USBD_CtlContinueRx(USBD_HandleTypeDef *pdev,
 149:Middlewares/ST/STM32_USB_Device_Library/Core/Src/usbd_ioreq.c ****                                       uint8_t *pbuf, uint32_t len)
 150:Middlewares/ST/STM32_USB_Device_Library/Core/Src/usbd_ioreq.c **** {
 139              		.loc 1 150 0
 140              		.cfi_startproc
 141              		@ args = 0, pretend = 0, frame = 0
 142              		@ frame_needed = 0, uses_anonymous_args = 0
ARM GAS  C:\Users\xiaofei\AppData\Local\Temp\cc9tL2Sc.s 			page 6


 143              	.LVL12:
 144 0000 08B5     		push	{r3, lr}
 145              	.LCFI3:
 146              		.cfi_def_cfa_offset 8
 147              		.cfi_offset 3, -8
 148              		.cfi_offset 14, -4
 151:Middlewares/ST/STM32_USB_Device_Library/Core/Src/usbd_ioreq.c ****   (void)USBD_LL_PrepareReceive(pdev, 0U, pbuf, len);
 149              		.loc 1 151 0
 150 0002 1346     		mov	r3, r2
 151 0004 0A46     		mov	r2, r1
 152              	.LVL13:
 153 0006 0021     		movs	r1, #0
 154              	.LVL14:
 155 0008 FFF7FEFF 		bl	USBD_LL_PrepareReceive
 156              	.LVL15:
 152:Middlewares/ST/STM32_USB_Device_Library/Core/Src/usbd_ioreq.c **** 
 153:Middlewares/ST/STM32_USB_Device_Library/Core/Src/usbd_ioreq.c ****   return USBD_OK;
 154:Middlewares/ST/STM32_USB_Device_Library/Core/Src/usbd_ioreq.c **** }
 157              		.loc 1 154 0
 158 000c 0020     		movs	r0, #0
 159 000e 08BD     		pop	{r3, pc}
 160              		.cfi_endproc
 161              	.LFE146:
 163              		.section	.text.USBD_CtlSendStatus,"ax",%progbits
 164              		.align	2
 165              		.global	USBD_CtlSendStatus
 166              		.thumb
 167              		.thumb_func
 169              	USBD_CtlSendStatus:
 170              	.LFB147:
 155:Middlewares/ST/STM32_USB_Device_Library/Core/Src/usbd_ioreq.c **** 
 156:Middlewares/ST/STM32_USB_Device_Library/Core/Src/usbd_ioreq.c **** /**
 157:Middlewares/ST/STM32_USB_Device_Library/Core/Src/usbd_ioreq.c **** * @brief  USBD_CtlSendStatus
 158:Middlewares/ST/STM32_USB_Device_Library/Core/Src/usbd_ioreq.c **** *         send zero lzngth packet on the ctl pipe
 159:Middlewares/ST/STM32_USB_Device_Library/Core/Src/usbd_ioreq.c **** * @param  pdev: device instance
 160:Middlewares/ST/STM32_USB_Device_Library/Core/Src/usbd_ioreq.c **** * @retval status
 161:Middlewares/ST/STM32_USB_Device_Library/Core/Src/usbd_ioreq.c **** */
 162:Middlewares/ST/STM32_USB_Device_Library/Core/Src/usbd_ioreq.c **** USBD_StatusTypeDef USBD_CtlSendStatus(USBD_HandleTypeDef *pdev)
 163:Middlewares/ST/STM32_USB_Device_Library/Core/Src/usbd_ioreq.c **** {
 171              		.loc 1 163 0
 172              		.cfi_startproc
 173              		@ args = 0, pretend = 0, frame = 0
 174              		@ frame_needed = 0, uses_anonymous_args = 0
 175              	.LVL16:
 176 0000 08B5     		push	{r3, lr}
 177              	.LCFI4:
 178              		.cfi_def_cfa_offset 8
 179              		.cfi_offset 3, -8
 180              		.cfi_offset 14, -4
 164:Middlewares/ST/STM32_USB_Device_Library/Core/Src/usbd_ioreq.c ****   /* Set EP0 State */
 165:Middlewares/ST/STM32_USB_Device_Library/Core/Src/usbd_ioreq.c ****   pdev->ep0_state = USBD_EP0_STATUS_IN;
 181              		.loc 1 165 0
 182 0002 0423     		movs	r3, #4
 183 0004 C0F89432 		str	r3, [r0, #660]
 166:Middlewares/ST/STM32_USB_Device_Library/Core/Src/usbd_ioreq.c **** 
 167:Middlewares/ST/STM32_USB_Device_Library/Core/Src/usbd_ioreq.c ****   /* Start the transfer */
 168:Middlewares/ST/STM32_USB_Device_Library/Core/Src/usbd_ioreq.c ****   (void)USBD_LL_Transmit(pdev, 0x00U, NULL, 0U);
ARM GAS  C:\Users\xiaofei\AppData\Local\Temp\cc9tL2Sc.s 			page 7


 184              		.loc 1 168 0
 185 0008 0023     		movs	r3, #0
 186 000a 1A46     		mov	r2, r3
 187 000c 1946     		mov	r1, r3
 188 000e FFF7FEFF 		bl	USBD_LL_Transmit
 189              	.LVL17:
 169:Middlewares/ST/STM32_USB_Device_Library/Core/Src/usbd_ioreq.c **** 
 170:Middlewares/ST/STM32_USB_Device_Library/Core/Src/usbd_ioreq.c ****   return USBD_OK;
 171:Middlewares/ST/STM32_USB_Device_Library/Core/Src/usbd_ioreq.c **** }
 190              		.loc 1 171 0
 191 0012 0020     		movs	r0, #0
 192 0014 08BD     		pop	{r3, pc}
 193              		.cfi_endproc
 194              	.LFE147:
 196 0016 00BF     		.section	.text.USBD_CtlReceiveStatus,"ax",%progbits
 197              		.align	2
 198              		.global	USBD_CtlReceiveStatus
 199              		.thumb
 200              		.thumb_func
 202              	USBD_CtlReceiveStatus:
 203              	.LFB148:
 172:Middlewares/ST/STM32_USB_Device_Library/Core/Src/usbd_ioreq.c **** 
 173:Middlewares/ST/STM32_USB_Device_Library/Core/Src/usbd_ioreq.c **** /**
 174:Middlewares/ST/STM32_USB_Device_Library/Core/Src/usbd_ioreq.c **** * @brief  USBD_CtlReceiveStatus
 175:Middlewares/ST/STM32_USB_Device_Library/Core/Src/usbd_ioreq.c **** *         receive zero lzngth packet on the ctl pipe
 176:Middlewares/ST/STM32_USB_Device_Library/Core/Src/usbd_ioreq.c **** * @param  pdev: device instance
 177:Middlewares/ST/STM32_USB_Device_Library/Core/Src/usbd_ioreq.c **** * @retval status
 178:Middlewares/ST/STM32_USB_Device_Library/Core/Src/usbd_ioreq.c **** */
 179:Middlewares/ST/STM32_USB_Device_Library/Core/Src/usbd_ioreq.c **** USBD_StatusTypeDef USBD_CtlReceiveStatus(USBD_HandleTypeDef *pdev)
 180:Middlewares/ST/STM32_USB_Device_Library/Core/Src/usbd_ioreq.c **** {
 204              		.loc 1 180 0
 205              		.cfi_startproc
 206              		@ args = 0, pretend = 0, frame = 0
 207              		@ frame_needed = 0, uses_anonymous_args = 0
 208              	.LVL18:
 209 0000 08B5     		push	{r3, lr}
 210              	.LCFI5:
 211              		.cfi_def_cfa_offset 8
 212              		.cfi_offset 3, -8
 213              		.cfi_offset 14, -4
 181:Middlewares/ST/STM32_USB_Device_Library/Core/Src/usbd_ioreq.c ****   /* Set EP0 State */
 182:Middlewares/ST/STM32_USB_Device_Library/Core/Src/usbd_ioreq.c ****   pdev->ep0_state = USBD_EP0_STATUS_OUT;
 214              		.loc 1 182 0
 215 0002 0523     		movs	r3, #5
 216 0004 C0F89432 		str	r3, [r0, #660]
 183:Middlewares/ST/STM32_USB_Device_Library/Core/Src/usbd_ioreq.c **** 
 184:Middlewares/ST/STM32_USB_Device_Library/Core/Src/usbd_ioreq.c ****   /* Start the transfer */
 185:Middlewares/ST/STM32_USB_Device_Library/Core/Src/usbd_ioreq.c ****   (void)USBD_LL_PrepareReceive(pdev, 0U, NULL, 0U);
 217              		.loc 1 185 0
 218 0008 0023     		movs	r3, #0
 219 000a 1A46     		mov	r2, r3
 220 000c 1946     		mov	r1, r3
 221 000e FFF7FEFF 		bl	USBD_LL_PrepareReceive
 222              	.LVL19:
 186:Middlewares/ST/STM32_USB_Device_Library/Core/Src/usbd_ioreq.c **** 
 187:Middlewares/ST/STM32_USB_Device_Library/Core/Src/usbd_ioreq.c ****   return USBD_OK;
 188:Middlewares/ST/STM32_USB_Device_Library/Core/Src/usbd_ioreq.c **** }
ARM GAS  C:\Users\xiaofei\AppData\Local\Temp\cc9tL2Sc.s 			page 8


 223              		.loc 1 188 0
 224 0012 0020     		movs	r0, #0
 225 0014 08BD     		pop	{r3, pc}
 226              		.cfi_endproc
 227              	.LFE148:
 229 0016 00BF     		.section	.text.USBD_GetRxCount,"ax",%progbits
 230              		.align	2
 231              		.global	USBD_GetRxCount
 232              		.thumb
 233              		.thumb_func
 235              	USBD_GetRxCount:
 236              	.LFB149:
 189:Middlewares/ST/STM32_USB_Device_Library/Core/Src/usbd_ioreq.c **** 
 190:Middlewares/ST/STM32_USB_Device_Library/Core/Src/usbd_ioreq.c **** /**
 191:Middlewares/ST/STM32_USB_Device_Library/Core/Src/usbd_ioreq.c **** * @brief  USBD_GetRxCount
 192:Middlewares/ST/STM32_USB_Device_Library/Core/Src/usbd_ioreq.c **** *         returns the received data length
 193:Middlewares/ST/STM32_USB_Device_Library/Core/Src/usbd_ioreq.c **** * @param  pdev: device instance
 194:Middlewares/ST/STM32_USB_Device_Library/Core/Src/usbd_ioreq.c **** * @param  ep_addr: endpoint address
 195:Middlewares/ST/STM32_USB_Device_Library/Core/Src/usbd_ioreq.c **** * @retval Rx Data blength
 196:Middlewares/ST/STM32_USB_Device_Library/Core/Src/usbd_ioreq.c **** */
 197:Middlewares/ST/STM32_USB_Device_Library/Core/Src/usbd_ioreq.c **** uint32_t USBD_GetRxCount(USBD_HandleTypeDef *pdev, uint8_t ep_addr)
 198:Middlewares/ST/STM32_USB_Device_Library/Core/Src/usbd_ioreq.c **** {
 237              		.loc 1 198 0
 238              		.cfi_startproc
 239              		@ args = 0, pretend = 0, frame = 0
 240              		@ frame_needed = 0, uses_anonymous_args = 0
 241              	.LVL20:
 242 0000 08B5     		push	{r3, lr}
 243              	.LCFI6:
 244              		.cfi_def_cfa_offset 8
 245              		.cfi_offset 3, -8
 246              		.cfi_offset 14, -4
 199:Middlewares/ST/STM32_USB_Device_Library/Core/Src/usbd_ioreq.c ****   return USBD_LL_GetRxDataSize(pdev, ep_addr);
 247              		.loc 1 199 0
 248 0002 FFF7FEFF 		bl	USBD_LL_GetRxDataSize
 249              	.LVL21:
 200:Middlewares/ST/STM32_USB_Device_Library/Core/Src/usbd_ioreq.c **** }
 250              		.loc 1 200 0
 251 0006 08BD     		pop	{r3, pc}
 252              		.cfi_endproc
 253              	.LFE149:
 255              		.text
 256              	.Letext0:
 257              		.file 2 "d:\\program files (x86)\\gnu tools arm embedded\\5.4 2016q3\\arm-none-eabi\\include\\mach
 258              		.file 3 "d:\\program files (x86)\\gnu tools arm embedded\\5.4 2016q3\\arm-none-eabi\\include\\sys\
 259              		.file 4 "Middlewares/ST/STM32_USB_Device_Library/Core/Inc/usbd_def.h"
 260              		.file 5 "Middlewares/ST/STM32_USB_Device_Library/Core/Inc/usbd_core.h"
 261              		.file 6 "Drivers/CMSIS/Include/core_cm7.h"
ARM GAS  C:\Users\xiaofei\AppData\Local\Temp\cc9tL2Sc.s 			page 9


DEFINED SYMBOLS
                            *ABS*:00000000 usbd_ioreq.c
C:\Users\xiaofei\AppData\Local\Temp\cc9tL2Sc.s:21     .text.USBD_CtlSendData:00000000 $t
C:\Users\xiaofei\AppData\Local\Temp\cc9tL2Sc.s:26     .text.USBD_CtlSendData:00000000 USBD_CtlSendData
C:\Users\xiaofei\AppData\Local\Temp\cc9tL2Sc.s:61     .text.USBD_CtlContinueSendData:00000000 $t
C:\Users\xiaofei\AppData\Local\Temp\cc9tL2Sc.s:66     .text.USBD_CtlContinueSendData:00000000 USBD_CtlContinueSendData
C:\Users\xiaofei\AppData\Local\Temp\cc9tL2Sc.s:93     .text.USBD_CtlPrepareRx:00000000 $t
C:\Users\xiaofei\AppData\Local\Temp\cc9tL2Sc.s:98     .text.USBD_CtlPrepareRx:00000000 USBD_CtlPrepareRx
C:\Users\xiaofei\AppData\Local\Temp\cc9tL2Sc.s:132    .text.USBD_CtlContinueRx:00000000 $t
C:\Users\xiaofei\AppData\Local\Temp\cc9tL2Sc.s:137    .text.USBD_CtlContinueRx:00000000 USBD_CtlContinueRx
C:\Users\xiaofei\AppData\Local\Temp\cc9tL2Sc.s:164    .text.USBD_CtlSendStatus:00000000 $t
C:\Users\xiaofei\AppData\Local\Temp\cc9tL2Sc.s:169    .text.USBD_CtlSendStatus:00000000 USBD_CtlSendStatus
C:\Users\xiaofei\AppData\Local\Temp\cc9tL2Sc.s:197    .text.USBD_CtlReceiveStatus:00000000 $t
C:\Users\xiaofei\AppData\Local\Temp\cc9tL2Sc.s:202    .text.USBD_CtlReceiveStatus:00000000 USBD_CtlReceiveStatus
C:\Users\xiaofei\AppData\Local\Temp\cc9tL2Sc.s:230    .text.USBD_GetRxCount:00000000 $t
C:\Users\xiaofei\AppData\Local\Temp\cc9tL2Sc.s:235    .text.USBD_GetRxCount:00000000 USBD_GetRxCount
                     .debug_frame:00000010 $d

UNDEFINED SYMBOLS
USBD_LL_Transmit
USBD_LL_PrepareReceive
USBD_LL_GetRxDataSize
