ARM GAS  C:\Users\xiaofei\AppData\Local\Temp\ccQLJyN6.s 			page 1


   1              		.syntax unified
   2              		.cpu cortex-m7
   3              		.eabi_attribute 28, 1
   4              		.fpu fpv5-d16
   5              		.eabi_attribute 20, 1
   6              		.eabi_attribute 21, 1
   7              		.eabi_attribute 23, 3
   8              		.eabi_attribute 24, 1
   9              		.eabi_attribute 25, 1
  10              		.eabi_attribute 26, 1
  11              		.eabi_attribute 30, 1
  12              		.eabi_attribute 34, 1
  13              		.eabi_attribute 18, 4
  14              		.thumb
  15              		.syntax unified
  16              		.file	"usbd_desc.c"
  17              		.text
  18              	.Ltext0:
  19              		.cfi_sections	.debug_frame
  20              		.section	.text.USBD_FS_DeviceDescriptor,"ax",%progbits
  21              		.align	2
  22              		.global	USBD_FS_DeviceDescriptor
  23              		.thumb
  24              		.thumb_func
  26              	USBD_FS_DeviceDescriptor:
  27              	.LFB143:
  28              		.file 1 "USB_DEVICE/App/usbd_desc.c"
   1:USB_DEVICE/App/usbd_desc.c **** /* USER CODE BEGIN Header */
   2:USB_DEVICE/App/usbd_desc.c **** /**
   3:USB_DEVICE/App/usbd_desc.c ****   ******************************************************************************
   4:USB_DEVICE/App/usbd_desc.c ****   * @file           : App/usbd_desc.c
   5:USB_DEVICE/App/usbd_desc.c ****   * @version        : v1.0_Cube
   6:USB_DEVICE/App/usbd_desc.c ****   * @brief          : This file implements the USB device descriptors.
   7:USB_DEVICE/App/usbd_desc.c ****   ******************************************************************************
   8:USB_DEVICE/App/usbd_desc.c ****   * @attention
   9:USB_DEVICE/App/usbd_desc.c ****   *
  10:USB_DEVICE/App/usbd_desc.c ****   * <h2><center>&copy; Copyright (c) 2021 STMicroelectronics.
  11:USB_DEVICE/App/usbd_desc.c ****   * All rights reserved.</center></h2>
  12:USB_DEVICE/App/usbd_desc.c ****   *
  13:USB_DEVICE/App/usbd_desc.c ****   * This software component is licensed by ST under Ultimate Liberty license
  14:USB_DEVICE/App/usbd_desc.c ****   * SLA0044, the "License"; You may not use this file except in compliance with
  15:USB_DEVICE/App/usbd_desc.c ****   * the License. You may obtain a copy of the License at:
  16:USB_DEVICE/App/usbd_desc.c ****   *                             www.st.com/SLA0044
  17:USB_DEVICE/App/usbd_desc.c ****   *
  18:USB_DEVICE/App/usbd_desc.c ****   ******************************************************************************
  19:USB_DEVICE/App/usbd_desc.c ****   */
  20:USB_DEVICE/App/usbd_desc.c **** /* USER CODE END Header */
  21:USB_DEVICE/App/usbd_desc.c **** 
  22:USB_DEVICE/App/usbd_desc.c **** /* Includes ------------------------------------------------------------------*/
  23:USB_DEVICE/App/usbd_desc.c **** #include "usbd_core.h"
  24:USB_DEVICE/App/usbd_desc.c **** #include "usbd_desc.h"
  25:USB_DEVICE/App/usbd_desc.c **** #include "usbd_conf.h"
  26:USB_DEVICE/App/usbd_desc.c **** 
  27:USB_DEVICE/App/usbd_desc.c **** /* USER CODE BEGIN INCLUDE */
  28:USB_DEVICE/App/usbd_desc.c **** 
  29:USB_DEVICE/App/usbd_desc.c **** /* USER CODE END INCLUDE */
  30:USB_DEVICE/App/usbd_desc.c **** 
ARM GAS  C:\Users\xiaofei\AppData\Local\Temp\ccQLJyN6.s 			page 2


  31:USB_DEVICE/App/usbd_desc.c **** /* Private typedef -----------------------------------------------------------*/
  32:USB_DEVICE/App/usbd_desc.c **** /* Private define ------------------------------------------------------------*/
  33:USB_DEVICE/App/usbd_desc.c **** /* Private macro -------------------------------------------------------------*/
  34:USB_DEVICE/App/usbd_desc.c **** 
  35:USB_DEVICE/App/usbd_desc.c **** /* USER CODE BEGIN PV */
  36:USB_DEVICE/App/usbd_desc.c **** /* Private variables ---------------------------------------------------------*/
  37:USB_DEVICE/App/usbd_desc.c **** 
  38:USB_DEVICE/App/usbd_desc.c **** /* USER CODE END PV */
  39:USB_DEVICE/App/usbd_desc.c **** 
  40:USB_DEVICE/App/usbd_desc.c **** /** @addtogroup STM32_USB_OTG_DEVICE_LIBRARY
  41:USB_DEVICE/App/usbd_desc.c ****   * @{
  42:USB_DEVICE/App/usbd_desc.c ****   */
  43:USB_DEVICE/App/usbd_desc.c **** 
  44:USB_DEVICE/App/usbd_desc.c **** /** @addtogroup USBD_DESC
  45:USB_DEVICE/App/usbd_desc.c ****   * @{
  46:USB_DEVICE/App/usbd_desc.c ****   */
  47:USB_DEVICE/App/usbd_desc.c **** 
  48:USB_DEVICE/App/usbd_desc.c **** /** @defgroup USBD_DESC_Private_TypesDefinitions USBD_DESC_Private_TypesDefinitions
  49:USB_DEVICE/App/usbd_desc.c ****   * @brief Private types.
  50:USB_DEVICE/App/usbd_desc.c ****   * @{
  51:USB_DEVICE/App/usbd_desc.c ****   */
  52:USB_DEVICE/App/usbd_desc.c **** 
  53:USB_DEVICE/App/usbd_desc.c **** /* USER CODE BEGIN PRIVATE_TYPES */
  54:USB_DEVICE/App/usbd_desc.c **** 
  55:USB_DEVICE/App/usbd_desc.c **** /* USER CODE END PRIVATE_TYPES */
  56:USB_DEVICE/App/usbd_desc.c **** 
  57:USB_DEVICE/App/usbd_desc.c **** /**
  58:USB_DEVICE/App/usbd_desc.c ****   * @}
  59:USB_DEVICE/App/usbd_desc.c ****   */
  60:USB_DEVICE/App/usbd_desc.c **** 
  61:USB_DEVICE/App/usbd_desc.c **** /** @defgroup USBD_DESC_Private_Defines USBD_DESC_Private_Defines
  62:USB_DEVICE/App/usbd_desc.c ****   * @brief Private defines.
  63:USB_DEVICE/App/usbd_desc.c ****   * @{
  64:USB_DEVICE/App/usbd_desc.c ****   */
  65:USB_DEVICE/App/usbd_desc.c **** 
  66:USB_DEVICE/App/usbd_desc.c **** #define USBD_VID     1155
  67:USB_DEVICE/App/usbd_desc.c **** #define USBD_LANGID_STRING     1033
  68:USB_DEVICE/App/usbd_desc.c **** #define USBD_MANUFACTURER_STRING     "STMicroelectronics"
  69:USB_DEVICE/App/usbd_desc.c **** #define USBD_PID_FS     22336
  70:USB_DEVICE/App/usbd_desc.c **** #define USBD_PRODUCT_STRING_FS     "STM32 Virtual ComPort"
  71:USB_DEVICE/App/usbd_desc.c **** #define USBD_CONFIGURATION_STRING_FS     "CDC Config"
  72:USB_DEVICE/App/usbd_desc.c **** #define USBD_INTERFACE_STRING_FS     "CDC Interface"
  73:USB_DEVICE/App/usbd_desc.c **** 
  74:USB_DEVICE/App/usbd_desc.c **** /* USER CODE BEGIN PRIVATE_DEFINES */
  75:USB_DEVICE/App/usbd_desc.c **** 
  76:USB_DEVICE/App/usbd_desc.c **** /* USER CODE END PRIVATE_DEFINES */
  77:USB_DEVICE/App/usbd_desc.c **** 
  78:USB_DEVICE/App/usbd_desc.c **** /**
  79:USB_DEVICE/App/usbd_desc.c ****   * @}
  80:USB_DEVICE/App/usbd_desc.c ****   */
  81:USB_DEVICE/App/usbd_desc.c **** 
  82:USB_DEVICE/App/usbd_desc.c **** /* USER CODE BEGIN 0 */
  83:USB_DEVICE/App/usbd_desc.c **** 
  84:USB_DEVICE/App/usbd_desc.c **** /* USER CODE END 0 */
  85:USB_DEVICE/App/usbd_desc.c **** 
  86:USB_DEVICE/App/usbd_desc.c **** /** @defgroup USBD_DESC_Private_Macros USBD_DESC_Private_Macros
  87:USB_DEVICE/App/usbd_desc.c ****   * @brief Private macros.
ARM GAS  C:\Users\xiaofei\AppData\Local\Temp\ccQLJyN6.s 			page 3


  88:USB_DEVICE/App/usbd_desc.c ****   * @{
  89:USB_DEVICE/App/usbd_desc.c ****   */
  90:USB_DEVICE/App/usbd_desc.c **** 
  91:USB_DEVICE/App/usbd_desc.c **** /* USER CODE BEGIN PRIVATE_MACRO */
  92:USB_DEVICE/App/usbd_desc.c **** 
  93:USB_DEVICE/App/usbd_desc.c **** /* USER CODE END PRIVATE_MACRO */
  94:USB_DEVICE/App/usbd_desc.c **** 
  95:USB_DEVICE/App/usbd_desc.c **** /**
  96:USB_DEVICE/App/usbd_desc.c ****   * @}
  97:USB_DEVICE/App/usbd_desc.c ****   */
  98:USB_DEVICE/App/usbd_desc.c **** 
  99:USB_DEVICE/App/usbd_desc.c **** /** @defgroup USBD_DESC_Private_FunctionPrototypes USBD_DESC_Private_FunctionPrototypes
 100:USB_DEVICE/App/usbd_desc.c ****   * @brief Private functions declaration.
 101:USB_DEVICE/App/usbd_desc.c ****   * @{
 102:USB_DEVICE/App/usbd_desc.c ****   */
 103:USB_DEVICE/App/usbd_desc.c **** 
 104:USB_DEVICE/App/usbd_desc.c **** static void Get_SerialNum(void);
 105:USB_DEVICE/App/usbd_desc.c **** static void IntToUnicode(uint32_t value, uint8_t * pbuf, uint8_t len);
 106:USB_DEVICE/App/usbd_desc.c **** 
 107:USB_DEVICE/App/usbd_desc.c **** /**
 108:USB_DEVICE/App/usbd_desc.c ****   * @}
 109:USB_DEVICE/App/usbd_desc.c ****   */
 110:USB_DEVICE/App/usbd_desc.c **** 
 111:USB_DEVICE/App/usbd_desc.c **** /** @defgroup USBD_DESC_Private_FunctionPrototypes USBD_DESC_Private_FunctionPrototypes
 112:USB_DEVICE/App/usbd_desc.c ****   * @brief Private functions declaration for FS.
 113:USB_DEVICE/App/usbd_desc.c ****   * @{
 114:USB_DEVICE/App/usbd_desc.c ****   */
 115:USB_DEVICE/App/usbd_desc.c **** 
 116:USB_DEVICE/App/usbd_desc.c **** uint8_t * USBD_FS_DeviceDescriptor(USBD_SpeedTypeDef speed, uint16_t *length);
 117:USB_DEVICE/App/usbd_desc.c **** uint8_t * USBD_FS_LangIDStrDescriptor(USBD_SpeedTypeDef speed, uint16_t *length);
 118:USB_DEVICE/App/usbd_desc.c **** uint8_t * USBD_FS_ManufacturerStrDescriptor(USBD_SpeedTypeDef speed, uint16_t *length);
 119:USB_DEVICE/App/usbd_desc.c **** uint8_t * USBD_FS_ProductStrDescriptor(USBD_SpeedTypeDef speed, uint16_t *length);
 120:USB_DEVICE/App/usbd_desc.c **** uint8_t * USBD_FS_SerialStrDescriptor(USBD_SpeedTypeDef speed, uint16_t *length);
 121:USB_DEVICE/App/usbd_desc.c **** uint8_t * USBD_FS_ConfigStrDescriptor(USBD_SpeedTypeDef speed, uint16_t *length);
 122:USB_DEVICE/App/usbd_desc.c **** uint8_t * USBD_FS_InterfaceStrDescriptor(USBD_SpeedTypeDef speed, uint16_t *length);
 123:USB_DEVICE/App/usbd_desc.c **** 
 124:USB_DEVICE/App/usbd_desc.c **** /**
 125:USB_DEVICE/App/usbd_desc.c ****   * @}
 126:USB_DEVICE/App/usbd_desc.c ****   */
 127:USB_DEVICE/App/usbd_desc.c **** 
 128:USB_DEVICE/App/usbd_desc.c **** /** @defgroup USBD_DESC_Private_Variables USBD_DESC_Private_Variables
 129:USB_DEVICE/App/usbd_desc.c ****   * @brief Private variables.
 130:USB_DEVICE/App/usbd_desc.c ****   * @{
 131:USB_DEVICE/App/usbd_desc.c ****   */
 132:USB_DEVICE/App/usbd_desc.c **** 
 133:USB_DEVICE/App/usbd_desc.c **** USBD_DescriptorsTypeDef FS_Desc =
 134:USB_DEVICE/App/usbd_desc.c **** {
 135:USB_DEVICE/App/usbd_desc.c ****   USBD_FS_DeviceDescriptor
 136:USB_DEVICE/App/usbd_desc.c **** , USBD_FS_LangIDStrDescriptor
 137:USB_DEVICE/App/usbd_desc.c **** , USBD_FS_ManufacturerStrDescriptor
 138:USB_DEVICE/App/usbd_desc.c **** , USBD_FS_ProductStrDescriptor
 139:USB_DEVICE/App/usbd_desc.c **** , USBD_FS_SerialStrDescriptor
 140:USB_DEVICE/App/usbd_desc.c **** , USBD_FS_ConfigStrDescriptor
 141:USB_DEVICE/App/usbd_desc.c **** , USBD_FS_InterfaceStrDescriptor
 142:USB_DEVICE/App/usbd_desc.c **** };
 143:USB_DEVICE/App/usbd_desc.c **** 
 144:USB_DEVICE/App/usbd_desc.c **** #if defined ( __ICCARM__ ) /* IAR Compiler */
ARM GAS  C:\Users\xiaofei\AppData\Local\Temp\ccQLJyN6.s 			page 4


 145:USB_DEVICE/App/usbd_desc.c ****   #pragma data_alignment=4
 146:USB_DEVICE/App/usbd_desc.c **** #endif /* defined ( __ICCARM__ ) */
 147:USB_DEVICE/App/usbd_desc.c **** /** USB standard device descriptor. */
 148:USB_DEVICE/App/usbd_desc.c **** __ALIGN_BEGIN uint8_t USBD_FS_DeviceDesc[USB_LEN_DEV_DESC] __ALIGN_END =
 149:USB_DEVICE/App/usbd_desc.c **** {
 150:USB_DEVICE/App/usbd_desc.c ****   0x12,                       /*bLength */
 151:USB_DEVICE/App/usbd_desc.c ****   USB_DESC_TYPE_DEVICE,       /*bDescriptorType*/
 152:USB_DEVICE/App/usbd_desc.c ****   0x00,                       /*bcdUSB */
 153:USB_DEVICE/App/usbd_desc.c ****   0x02,
 154:USB_DEVICE/App/usbd_desc.c ****   0x02,                       /*bDeviceClass*/
 155:USB_DEVICE/App/usbd_desc.c ****   0x02,                       /*bDeviceSubClass*/
 156:USB_DEVICE/App/usbd_desc.c ****   0x00,                       /*bDeviceProtocol*/
 157:USB_DEVICE/App/usbd_desc.c ****   USB_MAX_EP0_SIZE,           /*bMaxPacketSize*/
 158:USB_DEVICE/App/usbd_desc.c ****   LOBYTE(USBD_VID),           /*idVendor*/
 159:USB_DEVICE/App/usbd_desc.c ****   HIBYTE(USBD_VID),           /*idVendor*/
 160:USB_DEVICE/App/usbd_desc.c ****   LOBYTE(USBD_PID_FS),        /*idProduct*/
 161:USB_DEVICE/App/usbd_desc.c ****   HIBYTE(USBD_PID_FS),        /*idProduct*/
 162:USB_DEVICE/App/usbd_desc.c ****   0x00,                       /*bcdDevice rel. 2.00*/
 163:USB_DEVICE/App/usbd_desc.c ****   0x02,
 164:USB_DEVICE/App/usbd_desc.c ****   USBD_IDX_MFC_STR,           /*Index of manufacturer  string*/
 165:USB_DEVICE/App/usbd_desc.c ****   USBD_IDX_PRODUCT_STR,       /*Index of product string*/
 166:USB_DEVICE/App/usbd_desc.c ****   USBD_IDX_SERIAL_STR,        /*Index of serial number string*/
 167:USB_DEVICE/App/usbd_desc.c ****   USBD_MAX_NUM_CONFIGURATION  /*bNumConfigurations*/
 168:USB_DEVICE/App/usbd_desc.c **** };
 169:USB_DEVICE/App/usbd_desc.c **** 
 170:USB_DEVICE/App/usbd_desc.c **** /* USB_DeviceDescriptor */
 171:USB_DEVICE/App/usbd_desc.c **** 
 172:USB_DEVICE/App/usbd_desc.c **** /**
 173:USB_DEVICE/App/usbd_desc.c ****   * @}
 174:USB_DEVICE/App/usbd_desc.c ****   */
 175:USB_DEVICE/App/usbd_desc.c **** 
 176:USB_DEVICE/App/usbd_desc.c **** /** @defgroup USBD_DESC_Private_Variables USBD_DESC_Private_Variables
 177:USB_DEVICE/App/usbd_desc.c ****   * @brief Private variables.
 178:USB_DEVICE/App/usbd_desc.c ****   * @{
 179:USB_DEVICE/App/usbd_desc.c ****   */
 180:USB_DEVICE/App/usbd_desc.c **** 
 181:USB_DEVICE/App/usbd_desc.c **** #if defined ( __ICCARM__ ) /* IAR Compiler */
 182:USB_DEVICE/App/usbd_desc.c ****   #pragma data_alignment=4
 183:USB_DEVICE/App/usbd_desc.c **** #endif /* defined ( __ICCARM__ ) */
 184:USB_DEVICE/App/usbd_desc.c **** 
 185:USB_DEVICE/App/usbd_desc.c **** /** USB lang indentifier descriptor. */
 186:USB_DEVICE/App/usbd_desc.c **** __ALIGN_BEGIN uint8_t USBD_LangIDDesc[USB_LEN_LANGID_STR_DESC] __ALIGN_END =
 187:USB_DEVICE/App/usbd_desc.c **** {
 188:USB_DEVICE/App/usbd_desc.c ****      USB_LEN_LANGID_STR_DESC,
 189:USB_DEVICE/App/usbd_desc.c ****      USB_DESC_TYPE_STRING,
 190:USB_DEVICE/App/usbd_desc.c ****      LOBYTE(USBD_LANGID_STRING),
 191:USB_DEVICE/App/usbd_desc.c ****      HIBYTE(USBD_LANGID_STRING)
 192:USB_DEVICE/App/usbd_desc.c **** };
 193:USB_DEVICE/App/usbd_desc.c **** 
 194:USB_DEVICE/App/usbd_desc.c **** #if defined ( __ICCARM__ ) /* IAR Compiler */
 195:USB_DEVICE/App/usbd_desc.c ****   #pragma data_alignment=4
 196:USB_DEVICE/App/usbd_desc.c **** #endif /* defined ( __ICCARM__ ) */
 197:USB_DEVICE/App/usbd_desc.c **** /* Internal string descriptor. */
 198:USB_DEVICE/App/usbd_desc.c **** __ALIGN_BEGIN uint8_t USBD_StrDesc[USBD_MAX_STR_DESC_SIZ] __ALIGN_END;
 199:USB_DEVICE/App/usbd_desc.c **** 
 200:USB_DEVICE/App/usbd_desc.c **** #if defined ( __ICCARM__ ) /*!< IAR Compiler */
 201:USB_DEVICE/App/usbd_desc.c ****   #pragma data_alignment=4
ARM GAS  C:\Users\xiaofei\AppData\Local\Temp\ccQLJyN6.s 			page 5


 202:USB_DEVICE/App/usbd_desc.c **** #endif
 203:USB_DEVICE/App/usbd_desc.c **** __ALIGN_BEGIN uint8_t USBD_StringSerial[USB_SIZ_STRING_SERIAL] __ALIGN_END = {
 204:USB_DEVICE/App/usbd_desc.c ****   USB_SIZ_STRING_SERIAL,
 205:USB_DEVICE/App/usbd_desc.c ****   USB_DESC_TYPE_STRING,
 206:USB_DEVICE/App/usbd_desc.c **** };
 207:USB_DEVICE/App/usbd_desc.c **** 
 208:USB_DEVICE/App/usbd_desc.c **** /**
 209:USB_DEVICE/App/usbd_desc.c ****   * @}
 210:USB_DEVICE/App/usbd_desc.c ****   */
 211:USB_DEVICE/App/usbd_desc.c **** 
 212:USB_DEVICE/App/usbd_desc.c **** /** @defgroup USBD_DESC_Private_Functions USBD_DESC_Private_Functions
 213:USB_DEVICE/App/usbd_desc.c ****   * @brief Private functions.
 214:USB_DEVICE/App/usbd_desc.c ****   * @{
 215:USB_DEVICE/App/usbd_desc.c ****   */
 216:USB_DEVICE/App/usbd_desc.c **** 
 217:USB_DEVICE/App/usbd_desc.c **** /**
 218:USB_DEVICE/App/usbd_desc.c ****   * @brief  Return the device descriptor
 219:USB_DEVICE/App/usbd_desc.c ****   * @param  speed : Current device speed
 220:USB_DEVICE/App/usbd_desc.c ****   * @param  length : Pointer to data length variable
 221:USB_DEVICE/App/usbd_desc.c ****   * @retval Pointer to descriptor buffer
 222:USB_DEVICE/App/usbd_desc.c ****   */
 223:USB_DEVICE/App/usbd_desc.c **** uint8_t * USBD_FS_DeviceDescriptor(USBD_SpeedTypeDef speed, uint16_t *length)
 224:USB_DEVICE/App/usbd_desc.c **** {
  29              		.loc 1 224 0
  30              		.cfi_startproc
  31              		@ args = 0, pretend = 0, frame = 0
  32              		@ frame_needed = 0, uses_anonymous_args = 0
  33              		@ link register save eliminated.
  34              	.LVL0:
 225:USB_DEVICE/App/usbd_desc.c ****   UNUSED(speed);
 226:USB_DEVICE/App/usbd_desc.c ****   *length = sizeof(USBD_FS_DeviceDesc);
  35              		.loc 1 226 0
  36 0000 1223     		movs	r3, #18
  37 0002 0B80     		strh	r3, [r1]	@ movhi
 227:USB_DEVICE/App/usbd_desc.c ****   return USBD_FS_DeviceDesc;
 228:USB_DEVICE/App/usbd_desc.c **** }
  38              		.loc 1 228 0
  39 0004 0048     		ldr	r0, .L2
  40              	.LVL1:
  41 0006 7047     		bx	lr
  42              	.L3:
  43              		.align	2
  44              	.L2:
  45 0008 00000000 		.word	.LANCHOR0
  46              		.cfi_endproc
  47              	.LFE143:
  49              		.section	.text.USBD_FS_LangIDStrDescriptor,"ax",%progbits
  50              		.align	2
  51              		.global	USBD_FS_LangIDStrDescriptor
  52              		.thumb
  53              		.thumb_func
  55              	USBD_FS_LangIDStrDescriptor:
  56              	.LFB144:
 229:USB_DEVICE/App/usbd_desc.c **** 
 230:USB_DEVICE/App/usbd_desc.c **** /**
 231:USB_DEVICE/App/usbd_desc.c ****   * @brief  Return the LangID string descriptor
 232:USB_DEVICE/App/usbd_desc.c ****   * @param  speed : Current device speed
ARM GAS  C:\Users\xiaofei\AppData\Local\Temp\ccQLJyN6.s 			page 6


 233:USB_DEVICE/App/usbd_desc.c ****   * @param  length : Pointer to data length variable
 234:USB_DEVICE/App/usbd_desc.c ****   * @retval Pointer to descriptor buffer
 235:USB_DEVICE/App/usbd_desc.c ****   */
 236:USB_DEVICE/App/usbd_desc.c **** uint8_t * USBD_FS_LangIDStrDescriptor(USBD_SpeedTypeDef speed, uint16_t *length)
 237:USB_DEVICE/App/usbd_desc.c **** {
  57              		.loc 1 237 0
  58              		.cfi_startproc
  59              		@ args = 0, pretend = 0, frame = 0
  60              		@ frame_needed = 0, uses_anonymous_args = 0
  61              		@ link register save eliminated.
  62              	.LVL2:
 238:USB_DEVICE/App/usbd_desc.c ****   UNUSED(speed);
 239:USB_DEVICE/App/usbd_desc.c ****   *length = sizeof(USBD_LangIDDesc);
  63              		.loc 1 239 0
  64 0000 0423     		movs	r3, #4
  65 0002 0B80     		strh	r3, [r1]	@ movhi
 240:USB_DEVICE/App/usbd_desc.c ****   return USBD_LangIDDesc;
 241:USB_DEVICE/App/usbd_desc.c **** }
  66              		.loc 1 241 0
  67 0004 0048     		ldr	r0, .L5
  68              	.LVL3:
  69 0006 7047     		bx	lr
  70              	.L6:
  71              		.align	2
  72              	.L5:
  73 0008 00000000 		.word	.LANCHOR1
  74              		.cfi_endproc
  75              	.LFE144:
  77              		.section	.text.IntToUnicode,"ax",%progbits
  78              		.align	2
  79              		.thumb
  80              		.thumb_func
  82              	IntToUnicode:
  83              	.LFB151:
 242:USB_DEVICE/App/usbd_desc.c **** 
 243:USB_DEVICE/App/usbd_desc.c **** /**
 244:USB_DEVICE/App/usbd_desc.c ****   * @brief  Return the product string descriptor
 245:USB_DEVICE/App/usbd_desc.c ****   * @param  speed : Current device speed
 246:USB_DEVICE/App/usbd_desc.c ****   * @param  length : Pointer to data length variable
 247:USB_DEVICE/App/usbd_desc.c ****   * @retval Pointer to descriptor buffer
 248:USB_DEVICE/App/usbd_desc.c ****   */
 249:USB_DEVICE/App/usbd_desc.c **** uint8_t * USBD_FS_ProductStrDescriptor(USBD_SpeedTypeDef speed, uint16_t *length)
 250:USB_DEVICE/App/usbd_desc.c **** {
 251:USB_DEVICE/App/usbd_desc.c ****   if(speed == 0)
 252:USB_DEVICE/App/usbd_desc.c ****   {
 253:USB_DEVICE/App/usbd_desc.c ****     USBD_GetString((uint8_t *)USBD_PRODUCT_STRING_FS, USBD_StrDesc, length);
 254:USB_DEVICE/App/usbd_desc.c ****   }
 255:USB_DEVICE/App/usbd_desc.c ****   else
 256:USB_DEVICE/App/usbd_desc.c ****   {
 257:USB_DEVICE/App/usbd_desc.c ****     USBD_GetString((uint8_t *)USBD_PRODUCT_STRING_FS, USBD_StrDesc, length);
 258:USB_DEVICE/App/usbd_desc.c ****   }
 259:USB_DEVICE/App/usbd_desc.c ****   return USBD_StrDesc;
 260:USB_DEVICE/App/usbd_desc.c **** }
 261:USB_DEVICE/App/usbd_desc.c **** 
 262:USB_DEVICE/App/usbd_desc.c **** /**
 263:USB_DEVICE/App/usbd_desc.c ****   * @brief  Return the manufacturer string descriptor
 264:USB_DEVICE/App/usbd_desc.c ****   * @param  speed : Current device speed
ARM GAS  C:\Users\xiaofei\AppData\Local\Temp\ccQLJyN6.s 			page 7


 265:USB_DEVICE/App/usbd_desc.c ****   * @param  length : Pointer to data length variable
 266:USB_DEVICE/App/usbd_desc.c ****   * @retval Pointer to descriptor buffer
 267:USB_DEVICE/App/usbd_desc.c ****   */
 268:USB_DEVICE/App/usbd_desc.c **** uint8_t * USBD_FS_ManufacturerStrDescriptor(USBD_SpeedTypeDef speed, uint16_t *length)
 269:USB_DEVICE/App/usbd_desc.c **** {
 270:USB_DEVICE/App/usbd_desc.c ****   UNUSED(speed);
 271:USB_DEVICE/App/usbd_desc.c ****   USBD_GetString((uint8_t *)USBD_MANUFACTURER_STRING, USBD_StrDesc, length);
 272:USB_DEVICE/App/usbd_desc.c ****   return USBD_StrDesc;
 273:USB_DEVICE/App/usbd_desc.c **** }
 274:USB_DEVICE/App/usbd_desc.c **** 
 275:USB_DEVICE/App/usbd_desc.c **** /**
 276:USB_DEVICE/App/usbd_desc.c ****   * @brief  Return the serial number string descriptor
 277:USB_DEVICE/App/usbd_desc.c ****   * @param  speed : Current device speed
 278:USB_DEVICE/App/usbd_desc.c ****   * @param  length : Pointer to data length variable
 279:USB_DEVICE/App/usbd_desc.c ****   * @retval Pointer to descriptor buffer
 280:USB_DEVICE/App/usbd_desc.c ****   */
 281:USB_DEVICE/App/usbd_desc.c **** uint8_t * USBD_FS_SerialStrDescriptor(USBD_SpeedTypeDef speed, uint16_t *length)
 282:USB_DEVICE/App/usbd_desc.c **** {
 283:USB_DEVICE/App/usbd_desc.c ****   UNUSED(speed);
 284:USB_DEVICE/App/usbd_desc.c ****   *length = USB_SIZ_STRING_SERIAL;
 285:USB_DEVICE/App/usbd_desc.c **** 
 286:USB_DEVICE/App/usbd_desc.c ****   /* Update the serial number string descriptor with the data from the unique
 287:USB_DEVICE/App/usbd_desc.c ****    * ID */
 288:USB_DEVICE/App/usbd_desc.c ****   Get_SerialNum();
 289:USB_DEVICE/App/usbd_desc.c ****   /* USER CODE BEGIN USBD_FS_SerialStrDescriptor */
 290:USB_DEVICE/App/usbd_desc.c **** 
 291:USB_DEVICE/App/usbd_desc.c ****   /* USER CODE END USBD_FS_SerialStrDescriptor */
 292:USB_DEVICE/App/usbd_desc.c ****   return (uint8_t *) USBD_StringSerial;
 293:USB_DEVICE/App/usbd_desc.c **** }
 294:USB_DEVICE/App/usbd_desc.c **** 
 295:USB_DEVICE/App/usbd_desc.c **** /**
 296:USB_DEVICE/App/usbd_desc.c ****   * @brief  Return the configuration string descriptor
 297:USB_DEVICE/App/usbd_desc.c ****   * @param  speed : Current device speed
 298:USB_DEVICE/App/usbd_desc.c ****   * @param  length : Pointer to data length variable
 299:USB_DEVICE/App/usbd_desc.c ****   * @retval Pointer to descriptor buffer
 300:USB_DEVICE/App/usbd_desc.c ****   */
 301:USB_DEVICE/App/usbd_desc.c **** uint8_t * USBD_FS_ConfigStrDescriptor(USBD_SpeedTypeDef speed, uint16_t *length)
 302:USB_DEVICE/App/usbd_desc.c **** {
 303:USB_DEVICE/App/usbd_desc.c ****   if(speed == USBD_SPEED_HIGH)
 304:USB_DEVICE/App/usbd_desc.c ****   {
 305:USB_DEVICE/App/usbd_desc.c ****     USBD_GetString((uint8_t *)USBD_CONFIGURATION_STRING_FS, USBD_StrDesc, length);
 306:USB_DEVICE/App/usbd_desc.c ****   }
 307:USB_DEVICE/App/usbd_desc.c ****   else
 308:USB_DEVICE/App/usbd_desc.c ****   {
 309:USB_DEVICE/App/usbd_desc.c ****     USBD_GetString((uint8_t *)USBD_CONFIGURATION_STRING_FS, USBD_StrDesc, length);
 310:USB_DEVICE/App/usbd_desc.c ****   }
 311:USB_DEVICE/App/usbd_desc.c ****   return USBD_StrDesc;
 312:USB_DEVICE/App/usbd_desc.c **** }
 313:USB_DEVICE/App/usbd_desc.c **** 
 314:USB_DEVICE/App/usbd_desc.c **** /**
 315:USB_DEVICE/App/usbd_desc.c ****   * @brief  Return the interface string descriptor
 316:USB_DEVICE/App/usbd_desc.c ****   * @param  speed : Current device speed
 317:USB_DEVICE/App/usbd_desc.c ****   * @param  length : Pointer to data length variable
 318:USB_DEVICE/App/usbd_desc.c ****   * @retval Pointer to descriptor buffer
 319:USB_DEVICE/App/usbd_desc.c ****   */
 320:USB_DEVICE/App/usbd_desc.c **** uint8_t * USBD_FS_InterfaceStrDescriptor(USBD_SpeedTypeDef speed, uint16_t *length)
 321:USB_DEVICE/App/usbd_desc.c **** {
ARM GAS  C:\Users\xiaofei\AppData\Local\Temp\ccQLJyN6.s 			page 8


 322:USB_DEVICE/App/usbd_desc.c ****   if(speed == 0)
 323:USB_DEVICE/App/usbd_desc.c ****   {
 324:USB_DEVICE/App/usbd_desc.c ****     USBD_GetString((uint8_t *)USBD_INTERFACE_STRING_FS, USBD_StrDesc, length);
 325:USB_DEVICE/App/usbd_desc.c ****   }
 326:USB_DEVICE/App/usbd_desc.c ****   else
 327:USB_DEVICE/App/usbd_desc.c ****   {
 328:USB_DEVICE/App/usbd_desc.c ****     USBD_GetString((uint8_t *)USBD_INTERFACE_STRING_FS, USBD_StrDesc, length);
 329:USB_DEVICE/App/usbd_desc.c ****   }
 330:USB_DEVICE/App/usbd_desc.c ****   return USBD_StrDesc;
 331:USB_DEVICE/App/usbd_desc.c **** }
 332:USB_DEVICE/App/usbd_desc.c **** 
 333:USB_DEVICE/App/usbd_desc.c **** /**
 334:USB_DEVICE/App/usbd_desc.c ****   * @brief  Create the serial number string descriptor
 335:USB_DEVICE/App/usbd_desc.c ****   * @param  None
 336:USB_DEVICE/App/usbd_desc.c ****   * @retval None
 337:USB_DEVICE/App/usbd_desc.c ****   */
 338:USB_DEVICE/App/usbd_desc.c **** static void Get_SerialNum(void)
 339:USB_DEVICE/App/usbd_desc.c **** {
 340:USB_DEVICE/App/usbd_desc.c ****   uint32_t deviceserial0, deviceserial1, deviceserial2;
 341:USB_DEVICE/App/usbd_desc.c **** 
 342:USB_DEVICE/App/usbd_desc.c ****   deviceserial0 = *(uint32_t *) DEVICE_ID1;
 343:USB_DEVICE/App/usbd_desc.c ****   deviceserial1 = *(uint32_t *) DEVICE_ID2;
 344:USB_DEVICE/App/usbd_desc.c ****   deviceserial2 = *(uint32_t *) DEVICE_ID3;
 345:USB_DEVICE/App/usbd_desc.c **** 
 346:USB_DEVICE/App/usbd_desc.c ****   deviceserial0 += deviceserial2;
 347:USB_DEVICE/App/usbd_desc.c **** 
 348:USB_DEVICE/App/usbd_desc.c ****   if (deviceserial0 != 0)
 349:USB_DEVICE/App/usbd_desc.c ****   {
 350:USB_DEVICE/App/usbd_desc.c ****     IntToUnicode(deviceserial0, &USBD_StringSerial[2], 8);
 351:USB_DEVICE/App/usbd_desc.c ****     IntToUnicode(deviceserial1, &USBD_StringSerial[18], 4);
 352:USB_DEVICE/App/usbd_desc.c ****   }
 353:USB_DEVICE/App/usbd_desc.c **** }
 354:USB_DEVICE/App/usbd_desc.c **** 
 355:USB_DEVICE/App/usbd_desc.c **** /**
 356:USB_DEVICE/App/usbd_desc.c ****   * @brief  Convert Hex 32Bits value into char
 357:USB_DEVICE/App/usbd_desc.c ****   * @param  value: value to convert
 358:USB_DEVICE/App/usbd_desc.c ****   * @param  pbuf: pointer to the buffer
 359:USB_DEVICE/App/usbd_desc.c ****   * @param  len: buffer length
 360:USB_DEVICE/App/usbd_desc.c ****   * @retval None
 361:USB_DEVICE/App/usbd_desc.c ****   */
 362:USB_DEVICE/App/usbd_desc.c **** static void IntToUnicode(uint32_t value, uint8_t * pbuf, uint8_t len)
 363:USB_DEVICE/App/usbd_desc.c **** {
  84              		.loc 1 363 0
  85              		.cfi_startproc
  86              		@ args = 0, pretend = 0, frame = 0
  87              		@ frame_needed = 0, uses_anonymous_args = 0
  88              		@ link register save eliminated.
  89              	.LVL4:
  90 0000 30B4     		push	{r4, r5}
  91              	.LCFI0:
  92              		.cfi_def_cfa_offset 8
  93              		.cfi_offset 4, -8
  94              		.cfi_offset 5, -4
  95              	.LVL5:
 364:USB_DEVICE/App/usbd_desc.c ****   uint8_t idx = 0;
 365:USB_DEVICE/App/usbd_desc.c **** 
 366:USB_DEVICE/App/usbd_desc.c ****   for (idx = 0; idx < len; idx++)
ARM GAS  C:\Users\xiaofei\AppData\Local\Temp\ccQLJyN6.s 			page 9


  96              		.loc 1 366 0
  97 0002 0023     		movs	r3, #0
  98 0004 10E0     		b	.L8
  99              	.LVL6:
 100              	.L11:
 367:USB_DEVICE/App/usbd_desc.c ****   {
 368:USB_DEVICE/App/usbd_desc.c ****     if (((value >> 28)) < 0xA)
 101              		.loc 1 368 0
 102 0006 040F     		lsrs	r4, r0, #28
 103 0008 092C     		cmp	r4, #9
 104 000a 03D8     		bhi	.L9
 369:USB_DEVICE/App/usbd_desc.c ****     {
 370:USB_DEVICE/App/usbd_desc.c ****       pbuf[2 * idx] = (value >> 28) + '0';
 105              		.loc 1 370 0
 106 000c 3034     		adds	r4, r4, #48
 107 000e 01F81340 		strb	r4, [r1, r3, lsl #1]
 108 0012 02E0     		b	.L10
 109              	.L9:
 371:USB_DEVICE/App/usbd_desc.c ****     }
 372:USB_DEVICE/App/usbd_desc.c ****     else
 373:USB_DEVICE/App/usbd_desc.c ****     {
 374:USB_DEVICE/App/usbd_desc.c ****       pbuf[2 * idx] = (value >> 28) + 'A' - 10;
 110              		.loc 1 374 0
 111 0014 3734     		adds	r4, r4, #55
 112 0016 01F81340 		strb	r4, [r1, r3, lsl #1]
 113              	.L10:
 375:USB_DEVICE/App/usbd_desc.c ****     }
 376:USB_DEVICE/App/usbd_desc.c **** 
 377:USB_DEVICE/App/usbd_desc.c ****     value = value << 4;
 114              		.loc 1 377 0 discriminator 2
 115 001a 0001     		lsls	r0, r0, #4
 116              	.LVL7:
 378:USB_DEVICE/App/usbd_desc.c **** 
 379:USB_DEVICE/App/usbd_desc.c ****     pbuf[2 * idx + 1] = 0;
 117              		.loc 1 379 0 discriminator 2
 118 001c 5C00     		lsls	r4, r3, #1
 119 001e 0134     		adds	r4, r4, #1
 120 0020 0025     		movs	r5, #0
 121 0022 0D55     		strb	r5, [r1, r4]
 366:USB_DEVICE/App/usbd_desc.c ****   {
 122              		.loc 1 366 0 discriminator 2
 123 0024 0133     		adds	r3, r3, #1
 124              	.LVL8:
 125 0026 DBB2     		uxtb	r3, r3
 126              	.LVL9:
 127              	.L8:
 366:USB_DEVICE/App/usbd_desc.c ****   {
 128              		.loc 1 366 0 is_stmt 0 discriminator 1
 129 0028 9342     		cmp	r3, r2
 130 002a ECD3     		bcc	.L11
 380:USB_DEVICE/App/usbd_desc.c ****   }
 381:USB_DEVICE/App/usbd_desc.c **** }
 131              		.loc 1 381 0 is_stmt 1
 132 002c 30BC     		pop	{r4, r5}
 133              	.LCFI1:
 134              		.cfi_restore 5
 135              		.cfi_restore 4
ARM GAS  C:\Users\xiaofei\AppData\Local\Temp\ccQLJyN6.s 			page 10


 136              		.cfi_def_cfa_offset 0
 137 002e 7047     		bx	lr
 138              		.cfi_endproc
 139              	.LFE151:
 141              		.section	.text.Get_SerialNum,"ax",%progbits
 142              		.align	2
 143              		.thumb
 144              		.thumb_func
 146              	Get_SerialNum:
 147              	.LFB150:
 339:USB_DEVICE/App/usbd_desc.c ****   uint32_t deviceserial0, deviceserial1, deviceserial2;
 148              		.loc 1 339 0
 149              		.cfi_startproc
 150              		@ args = 0, pretend = 0, frame = 0
 151              		@ frame_needed = 0, uses_anonymous_args = 0
 152 0000 38B5     		push	{r3, r4, r5, lr}
 153              	.LCFI2:
 154              		.cfi_def_cfa_offset 16
 155              		.cfi_offset 3, -16
 156              		.cfi_offset 4, -12
 157              		.cfi_offset 5, -8
 158              		.cfi_offset 14, -4
 342:USB_DEVICE/App/usbd_desc.c ****   deviceserial1 = *(uint32_t *) DEVICE_ID2;
 159              		.loc 1 342 0
 160 0002 0A4B     		ldr	r3, .L16
 161 0004 1B68     		ldr	r3, [r3]
 162              	.LVL10:
 343:USB_DEVICE/App/usbd_desc.c ****   deviceserial2 = *(uint32_t *) DEVICE_ID3;
 163              		.loc 1 343 0
 164 0006 0A4A     		ldr	r2, .L16+4
 165 0008 1468     		ldr	r4, [r2]
 166              	.LVL11:
 344:USB_DEVICE/App/usbd_desc.c **** 
 167              		.loc 1 344 0
 168 000a 0432     		adds	r2, r2, #4
 169 000c 1068     		ldr	r0, [r2]
 170              	.LVL12:
 348:USB_DEVICE/App/usbd_desc.c ****   {
 171              		.loc 1 348 0
 172 000e 1818     		adds	r0, r3, r0
 173              	.LVL13:
 174 0010 0AD0     		beq	.L13
 350:USB_DEVICE/App/usbd_desc.c ****     IntToUnicode(deviceserial1, &USBD_StringSerial[18], 4);
 175              		.loc 1 350 0
 176 0012 084D     		ldr	r5, .L16+8
 177 0014 0822     		movs	r2, #8
 178              	.LVL14:
 179 0016 A91C     		adds	r1, r5, #2
 180 0018 FFF7FEFF 		bl	IntToUnicode
 181              	.LVL15:
 351:USB_DEVICE/App/usbd_desc.c ****   }
 182              		.loc 1 351 0
 183 001c 0422     		movs	r2, #4
 184 001e 05F11201 		add	r1, r5, #18
 185 0022 2046     		mov	r0, r4
 186 0024 FFF7FEFF 		bl	IntToUnicode
 187              	.LVL16:
ARM GAS  C:\Users\xiaofei\AppData\Local\Temp\ccQLJyN6.s 			page 11


 188              	.L13:
 189 0028 38BD     		pop	{r3, r4, r5, pc}
 190              	.LVL17:
 191              	.L17:
 192 002a 00BF     		.align	2
 193              	.L16:
 194 002c 00E8F11F 		.word	535947264
 195 0030 04E8F11F 		.word	535947268
 196 0034 00000000 		.word	.LANCHOR2
 197              		.cfi_endproc
 198              	.LFE150:
 200              		.section	.text.USBD_FS_SerialStrDescriptor,"ax",%progbits
 201              		.align	2
 202              		.global	USBD_FS_SerialStrDescriptor
 203              		.thumb
 204              		.thumb_func
 206              	USBD_FS_SerialStrDescriptor:
 207              	.LFB147:
 282:USB_DEVICE/App/usbd_desc.c ****   UNUSED(speed);
 208              		.loc 1 282 0
 209              		.cfi_startproc
 210              		@ args = 0, pretend = 0, frame = 0
 211              		@ frame_needed = 0, uses_anonymous_args = 0
 212              	.LVL18:
 213 0000 08B5     		push	{r3, lr}
 214              	.LCFI3:
 215              		.cfi_def_cfa_offset 8
 216              		.cfi_offset 3, -8
 217              		.cfi_offset 14, -4
 284:USB_DEVICE/App/usbd_desc.c **** 
 218              		.loc 1 284 0
 219 0002 1A23     		movs	r3, #26
 220 0004 0B80     		strh	r3, [r1]	@ movhi
 288:USB_DEVICE/App/usbd_desc.c ****   /* USER CODE BEGIN USBD_FS_SerialStrDescriptor */
 221              		.loc 1 288 0
 222 0006 FFF7FEFF 		bl	Get_SerialNum
 223              	.LVL19:
 293:USB_DEVICE/App/usbd_desc.c **** 
 224              		.loc 1 293 0
 225 000a 0148     		ldr	r0, .L20
 226 000c 08BD     		pop	{r3, pc}
 227              	.L21:
 228 000e 00BF     		.align	2
 229              	.L20:
 230 0010 00000000 		.word	.LANCHOR2
 231              		.cfi_endproc
 232              	.LFE147:
 234              		.section	.text.USBD_FS_ProductStrDescriptor,"ax",%progbits
 235              		.align	2
 236              		.global	USBD_FS_ProductStrDescriptor
 237              		.thumb
 238              		.thumb_func
 240              	USBD_FS_ProductStrDescriptor:
 241              	.LFB145:
 250:USB_DEVICE/App/usbd_desc.c ****   if(speed == 0)
 242              		.loc 1 250 0
 243              		.cfi_startproc
ARM GAS  C:\Users\xiaofei\AppData\Local\Temp\ccQLJyN6.s 			page 12


 244              		@ args = 0, pretend = 0, frame = 0
 245              		@ frame_needed = 0, uses_anonymous_args = 0
 246              	.LVL20:
 247 0000 08B5     		push	{r3, lr}
 248              	.LCFI4:
 249              		.cfi_def_cfa_offset 8
 250              		.cfi_offset 3, -8
 251              		.cfi_offset 14, -4
 252 0002 0A46     		mov	r2, r1
 251:USB_DEVICE/App/usbd_desc.c ****   {
 253              		.loc 1 251 0
 254 0004 20B9     		cbnz	r0, .L23
 253:USB_DEVICE/App/usbd_desc.c ****   }
 255              		.loc 1 253 0
 256 0006 0549     		ldr	r1, .L26
 257              	.LVL21:
 258 0008 0548     		ldr	r0, .L26+4
 259              	.LVL22:
 260 000a FFF7FEFF 		bl	USBD_GetString
 261              	.LVL23:
 262 000e 03E0     		b	.L24
 263              	.LVL24:
 264              	.L23:
 257:USB_DEVICE/App/usbd_desc.c ****   }
 265              		.loc 1 257 0
 266 0010 0249     		ldr	r1, .L26
 267              	.LVL25:
 268 0012 0348     		ldr	r0, .L26+4
 269              	.LVL26:
 270 0014 FFF7FEFF 		bl	USBD_GetString
 271              	.LVL27:
 272              	.L24:
 260:USB_DEVICE/App/usbd_desc.c **** 
 273              		.loc 1 260 0
 274 0018 0048     		ldr	r0, .L26
 275 001a 08BD     		pop	{r3, pc}
 276              	.L27:
 277              		.align	2
 278              	.L26:
 279 001c 00000000 		.word	USBD_StrDesc
 280 0020 00000000 		.word	.LC0
 281              		.cfi_endproc
 282              	.LFE145:
 284              		.section	.text.USBD_FS_ManufacturerStrDescriptor,"ax",%progbits
 285              		.align	2
 286              		.global	USBD_FS_ManufacturerStrDescriptor
 287              		.thumb
 288              		.thumb_func
 290              	USBD_FS_ManufacturerStrDescriptor:
 291              	.LFB146:
 269:USB_DEVICE/App/usbd_desc.c ****   UNUSED(speed);
 292              		.loc 1 269 0
 293              		.cfi_startproc
 294              		@ args = 0, pretend = 0, frame = 0
 295              		@ frame_needed = 0, uses_anonymous_args = 0
 296              	.LVL28:
 297 0000 10B5     		push	{r4, lr}
ARM GAS  C:\Users\xiaofei\AppData\Local\Temp\ccQLJyN6.s 			page 13


 298              	.LCFI5:
 299              		.cfi_def_cfa_offset 8
 300              		.cfi_offset 4, -8
 301              		.cfi_offset 14, -4
 271:USB_DEVICE/App/usbd_desc.c ****   return USBD_StrDesc;
 302              		.loc 1 271 0
 303 0002 044C     		ldr	r4, .L30
 304 0004 0A46     		mov	r2, r1
 305 0006 2146     		mov	r1, r4
 306              	.LVL29:
 307 0008 0348     		ldr	r0, .L30+4
 308              	.LVL30:
 309 000a FFF7FEFF 		bl	USBD_GetString
 310              	.LVL31:
 273:USB_DEVICE/App/usbd_desc.c **** 
 311              		.loc 1 273 0
 312 000e 2046     		mov	r0, r4
 313 0010 10BD     		pop	{r4, pc}
 314              	.L31:
 315 0012 00BF     		.align	2
 316              	.L30:
 317 0014 00000000 		.word	USBD_StrDesc
 318 0018 18000000 		.word	.LC1
 319              		.cfi_endproc
 320              	.LFE146:
 322              		.section	.text.USBD_FS_ConfigStrDescriptor,"ax",%progbits
 323              		.align	2
 324              		.global	USBD_FS_ConfigStrDescriptor
 325              		.thumb
 326              		.thumb_func
 328              	USBD_FS_ConfigStrDescriptor:
 329              	.LFB148:
 302:USB_DEVICE/App/usbd_desc.c ****   if(speed == USBD_SPEED_HIGH)
 330              		.loc 1 302 0
 331              		.cfi_startproc
 332              		@ args = 0, pretend = 0, frame = 0
 333              		@ frame_needed = 0, uses_anonymous_args = 0
 334              	.LVL32:
 335 0000 08B5     		push	{r3, lr}
 336              	.LCFI6:
 337              		.cfi_def_cfa_offset 8
 338              		.cfi_offset 3, -8
 339              		.cfi_offset 14, -4
 340 0002 0A46     		mov	r2, r1
 303:USB_DEVICE/App/usbd_desc.c ****   {
 341              		.loc 1 303 0
 342 0004 20B9     		cbnz	r0, .L33
 305:USB_DEVICE/App/usbd_desc.c ****   }
 343              		.loc 1 305 0
 344 0006 0549     		ldr	r1, .L36
 345              	.LVL33:
 346 0008 0548     		ldr	r0, .L36+4
 347              	.LVL34:
 348 000a FFF7FEFF 		bl	USBD_GetString
 349              	.LVL35:
 350 000e 03E0     		b	.L34
 351              	.LVL36:
ARM GAS  C:\Users\xiaofei\AppData\Local\Temp\ccQLJyN6.s 			page 14


 352              	.L33:
 309:USB_DEVICE/App/usbd_desc.c ****   }
 353              		.loc 1 309 0
 354 0010 0249     		ldr	r1, .L36
 355              	.LVL37:
 356 0012 0348     		ldr	r0, .L36+4
 357              	.LVL38:
 358 0014 FFF7FEFF 		bl	USBD_GetString
 359              	.LVL39:
 360              	.L34:
 312:USB_DEVICE/App/usbd_desc.c **** 
 361              		.loc 1 312 0
 362 0018 0048     		ldr	r0, .L36
 363 001a 08BD     		pop	{r3, pc}
 364              	.L37:
 365              		.align	2
 366              	.L36:
 367 001c 00000000 		.word	USBD_StrDesc
 368 0020 2C000000 		.word	.LC2
 369              		.cfi_endproc
 370              	.LFE148:
 372              		.section	.text.USBD_FS_InterfaceStrDescriptor,"ax",%progbits
 373              		.align	2
 374              		.global	USBD_FS_InterfaceStrDescriptor
 375              		.thumb
 376              		.thumb_func
 378              	USBD_FS_InterfaceStrDescriptor:
 379              	.LFB149:
 321:USB_DEVICE/App/usbd_desc.c ****   if(speed == 0)
 380              		.loc 1 321 0
 381              		.cfi_startproc
 382              		@ args = 0, pretend = 0, frame = 0
 383              		@ frame_needed = 0, uses_anonymous_args = 0
 384              	.LVL40:
 385 0000 08B5     		push	{r3, lr}
 386              	.LCFI7:
 387              		.cfi_def_cfa_offset 8
 388              		.cfi_offset 3, -8
 389              		.cfi_offset 14, -4
 390 0002 0A46     		mov	r2, r1
 322:USB_DEVICE/App/usbd_desc.c ****   {
 391              		.loc 1 322 0
 392 0004 20B9     		cbnz	r0, .L39
 324:USB_DEVICE/App/usbd_desc.c ****   }
 393              		.loc 1 324 0
 394 0006 0549     		ldr	r1, .L42
 395              	.LVL41:
 396 0008 0548     		ldr	r0, .L42+4
 397              	.LVL42:
 398 000a FFF7FEFF 		bl	USBD_GetString
 399              	.LVL43:
 400 000e 03E0     		b	.L40
 401              	.LVL44:
 402              	.L39:
 328:USB_DEVICE/App/usbd_desc.c ****   }
 403              		.loc 1 328 0
 404 0010 0249     		ldr	r1, .L42
ARM GAS  C:\Users\xiaofei\AppData\Local\Temp\ccQLJyN6.s 			page 15


 405              	.LVL45:
 406 0012 0348     		ldr	r0, .L42+4
 407              	.LVL46:
 408 0014 FFF7FEFF 		bl	USBD_GetString
 409              	.LVL47:
 410              	.L40:
 331:USB_DEVICE/App/usbd_desc.c **** 
 411              		.loc 1 331 0
 412 0018 0048     		ldr	r0, .L42
 413 001a 08BD     		pop	{r3, pc}
 414              	.L43:
 415              		.align	2
 416              	.L42:
 417 001c 00000000 		.word	USBD_StrDesc
 418 0020 38000000 		.word	.LC3
 419              		.cfi_endproc
 420              	.LFE149:
 422              		.global	USBD_StringSerial
 423              		.comm	USBD_StrDesc,512,4
 424              		.global	USBD_LangIDDesc
 425              		.global	USBD_FS_DeviceDesc
 426              		.global	FS_Desc
 427              		.section	.data.FS_Desc,"aw",%progbits
 428              		.align	2
 431              	FS_Desc:
 432 0000 00000000 		.word	USBD_FS_DeviceDescriptor
 433 0004 00000000 		.word	USBD_FS_LangIDStrDescriptor
 434 0008 00000000 		.word	USBD_FS_ManufacturerStrDescriptor
 435 000c 00000000 		.word	USBD_FS_ProductStrDescriptor
 436 0010 00000000 		.word	USBD_FS_SerialStrDescriptor
 437 0014 00000000 		.word	USBD_FS_ConfigStrDescriptor
 438 0018 00000000 		.word	USBD_FS_InterfaceStrDescriptor
 439              		.section	.rodata.str1.4,"aMS",%progbits,1
 440              		.align	2
 441              	.LC0:
 442 0000 53544D33 		.ascii	"STM32 Virtual ComPort\000"
 442      32205669 
 442      72747561 
 442      6C20436F 
 442      6D506F72 
 443 0016 0000     		.space	2
 444              	.LC1:
 445 0018 53544D69 		.ascii	"STMicroelectronics\000"
 445      63726F65 
 445      6C656374 
 445      726F6E69 
 445      637300
 446 002b 00       		.space	1
 447              	.LC2:
 448 002c 43444320 		.ascii	"CDC Config\000"
 448      436F6E66 
 448      696700
 449 0037 00       		.space	1
 450              	.LC3:
 451 0038 43444320 		.ascii	"CDC Interface\000"
 451      496E7465 
 451      72666163 
ARM GAS  C:\Users\xiaofei\AppData\Local\Temp\ccQLJyN6.s 			page 16


 451      6500
 452              		.section	.data.USBD_LangIDDesc,"aw",%progbits
 453              		.align	2
 454              		.set	.LANCHOR1,. + 0
 457              	USBD_LangIDDesc:
 458 0000 04       		.byte	4
 459 0001 03       		.byte	3
 460 0002 09       		.byte	9
 461 0003 04       		.byte	4
 462              		.section	.data.USBD_StringSerial,"aw",%progbits
 463              		.align	2
 464              		.set	.LANCHOR2,. + 0
 467              	USBD_StringSerial:
 468 0000 1A       		.byte	26
 469 0001 03       		.byte	3
 470 0002 00000000 		.space	24
 470      00000000 
 470      00000000 
 470      00000000 
 470      00000000 
 471              		.section	.data.USBD_FS_DeviceDesc,"aw",%progbits
 472              		.align	2
 473              		.set	.LANCHOR0,. + 0
 476              	USBD_FS_DeviceDesc:
 477 0000 12       		.byte	18
 478 0001 01       		.byte	1
 479 0002 00       		.byte	0
 480 0003 02       		.byte	2
 481 0004 02       		.byte	2
 482 0005 02       		.byte	2
 483 0006 00       		.byte	0
 484 0007 40       		.byte	64
 485 0008 83       		.byte	-125
 486 0009 04       		.byte	4
 487 000a 40       		.byte	64
 488 000b 57       		.byte	87
 489 000c 00       		.byte	0
 490 000d 02       		.byte	2
 491 000e 01       		.byte	1
 492 000f 02       		.byte	2
 493 0010 03       		.byte	3
 494 0011 01       		.byte	1
 495              		.text
 496              	.Letext0:
 497              		.file 2 "d:\\program files (x86)\\gnu tools arm embedded\\5.4 2016q3\\arm-none-eabi\\include\\mach
 498              		.file 3 "d:\\program files (x86)\\gnu tools arm embedded\\5.4 2016q3\\arm-none-eabi\\include\\sys\
 499              		.file 4 "Middlewares/ST/STM32_USB_Device_Library/Core/Inc/usbd_def.h"
 500              		.file 5 "Drivers/CMSIS/Include/core_cm7.h"
 501              		.file 6 "Middlewares/ST/STM32_USB_Device_Library/Core/Inc/usbd_ctlreq.h"
ARM GAS  C:\Users\xiaofei\AppData\Local\Temp\ccQLJyN6.s 			page 17


DEFINED SYMBOLS
                            *ABS*:00000000 usbd_desc.c
C:\Users\xiaofei\AppData\Local\Temp\ccQLJyN6.s:21     .text.USBD_FS_DeviceDescriptor:00000000 $t
C:\Users\xiaofei\AppData\Local\Temp\ccQLJyN6.s:26     .text.USBD_FS_DeviceDescriptor:00000000 USBD_FS_DeviceDescriptor
C:\Users\xiaofei\AppData\Local\Temp\ccQLJyN6.s:45     .text.USBD_FS_DeviceDescriptor:00000008 $d
C:\Users\xiaofei\AppData\Local\Temp\ccQLJyN6.s:50     .text.USBD_FS_LangIDStrDescriptor:00000000 $t
C:\Users\xiaofei\AppData\Local\Temp\ccQLJyN6.s:55     .text.USBD_FS_LangIDStrDescriptor:00000000 USBD_FS_LangIDStrDescriptor
C:\Users\xiaofei\AppData\Local\Temp\ccQLJyN6.s:73     .text.USBD_FS_LangIDStrDescriptor:00000008 $d
C:\Users\xiaofei\AppData\Local\Temp\ccQLJyN6.s:78     .text.IntToUnicode:00000000 $t
C:\Users\xiaofei\AppData\Local\Temp\ccQLJyN6.s:82     .text.IntToUnicode:00000000 IntToUnicode
C:\Users\xiaofei\AppData\Local\Temp\ccQLJyN6.s:142    .text.Get_SerialNum:00000000 $t
C:\Users\xiaofei\AppData\Local\Temp\ccQLJyN6.s:146    .text.Get_SerialNum:00000000 Get_SerialNum
C:\Users\xiaofei\AppData\Local\Temp\ccQLJyN6.s:194    .text.Get_SerialNum:0000002c $d
C:\Users\xiaofei\AppData\Local\Temp\ccQLJyN6.s:201    .text.USBD_FS_SerialStrDescriptor:00000000 $t
C:\Users\xiaofei\AppData\Local\Temp\ccQLJyN6.s:206    .text.USBD_FS_SerialStrDescriptor:00000000 USBD_FS_SerialStrDescriptor
C:\Users\xiaofei\AppData\Local\Temp\ccQLJyN6.s:230    .text.USBD_FS_SerialStrDescriptor:00000010 $d
C:\Users\xiaofei\AppData\Local\Temp\ccQLJyN6.s:235    .text.USBD_FS_ProductStrDescriptor:00000000 $t
C:\Users\xiaofei\AppData\Local\Temp\ccQLJyN6.s:240    .text.USBD_FS_ProductStrDescriptor:00000000 USBD_FS_ProductStrDescriptor
C:\Users\xiaofei\AppData\Local\Temp\ccQLJyN6.s:279    .text.USBD_FS_ProductStrDescriptor:0000001c $d
                            *COM*:00000200 USBD_StrDesc
C:\Users\xiaofei\AppData\Local\Temp\ccQLJyN6.s:285    .text.USBD_FS_ManufacturerStrDescriptor:00000000 $t
C:\Users\xiaofei\AppData\Local\Temp\ccQLJyN6.s:290    .text.USBD_FS_ManufacturerStrDescriptor:00000000 USBD_FS_ManufacturerStrDescriptor
C:\Users\xiaofei\AppData\Local\Temp\ccQLJyN6.s:317    .text.USBD_FS_ManufacturerStrDescriptor:00000014 $d
C:\Users\xiaofei\AppData\Local\Temp\ccQLJyN6.s:323    .text.USBD_FS_ConfigStrDescriptor:00000000 $t
C:\Users\xiaofei\AppData\Local\Temp\ccQLJyN6.s:328    .text.USBD_FS_ConfigStrDescriptor:00000000 USBD_FS_ConfigStrDescriptor
C:\Users\xiaofei\AppData\Local\Temp\ccQLJyN6.s:367    .text.USBD_FS_ConfigStrDescriptor:0000001c $d
C:\Users\xiaofei\AppData\Local\Temp\ccQLJyN6.s:373    .text.USBD_FS_InterfaceStrDescriptor:00000000 $t
C:\Users\xiaofei\AppData\Local\Temp\ccQLJyN6.s:378    .text.USBD_FS_InterfaceStrDescriptor:00000000 USBD_FS_InterfaceStrDescriptor
C:\Users\xiaofei\AppData\Local\Temp\ccQLJyN6.s:417    .text.USBD_FS_InterfaceStrDescriptor:0000001c $d
C:\Users\xiaofei\AppData\Local\Temp\ccQLJyN6.s:467    .data.USBD_StringSerial:00000000 USBD_StringSerial
C:\Users\xiaofei\AppData\Local\Temp\ccQLJyN6.s:457    .data.USBD_LangIDDesc:00000000 USBD_LangIDDesc
C:\Users\xiaofei\AppData\Local\Temp\ccQLJyN6.s:476    .data.USBD_FS_DeviceDesc:00000000 USBD_FS_DeviceDesc
C:\Users\xiaofei\AppData\Local\Temp\ccQLJyN6.s:431    .data.FS_Desc:00000000 FS_Desc
C:\Users\xiaofei\AppData\Local\Temp\ccQLJyN6.s:428    .data.FS_Desc:00000000 $d
C:\Users\xiaofei\AppData\Local\Temp\ccQLJyN6.s:440    .rodata.str1.4:00000000 $d
C:\Users\xiaofei\AppData\Local\Temp\ccQLJyN6.s:453    .data.USBD_LangIDDesc:00000000 $d
C:\Users\xiaofei\AppData\Local\Temp\ccQLJyN6.s:463    .data.USBD_StringSerial:00000000 $d
C:\Users\xiaofei\AppData\Local\Temp\ccQLJyN6.s:472    .data.USBD_FS_DeviceDesc:00000000 $d
                     .debug_frame:00000010 $d

UNDEFINED SYMBOLS
USBD_GetString
